# JMH version: 1.37
# VM version: JDK 21.0.10, OpenJDK 64-Bit Server VM, 21.0.10+7-LTS
# VM invoker: /usr/lib/jvm/temurin-21-jdk-amd64/bin/java
# VM options: <none>
# Blackhole mode: compiler (auto-detected, use -Djmh.blackhole.autoDetect=false to disable)
# Warmup: 2 iterations, 2 s each
# Measurement: 5 iterations, 2 s each
# Timeout: 10 min per iteration
# Threads: 20 threads (1 group; 4x "getWorkload", 16x "putWorkload" in each group), will synchronize iterations
# Benchmark mode: Throughput, ops/time
# Benchmark: org.hestiastore.benchmark.segmentindex.SegmentIndexMixedDrainBenchmark.partitionedIngestMixed
# Parameters: (hotKeySpace = 256, workloadMode = splitHeavy)

# Run progress: 0.00% complete, ETA 00:00:14
# Fork: 1 of 1
# Warmup Iteration   1: SLF4J(W): No SLF4J providers were found.
SLF4J(W): Defaulting to no-operation (NOP) logger implementation
SLF4J(W): See https://www.slf4j.org/codes.html#noProviders for further details.
92949.120 ops/s
# Warmup Iteration   2: 214965.628 ops/s
Iteration   1: 247406.914 ops/s
                 getWorkload: 245859.816 ops/s
                 putWorkload: 1547.098 ops/s

Iteration   2: 260094.710 ops/s
                 getWorkload: 258494.542 ops/s
                 putWorkload: 1600.168 ops/s

Iteration   3: 270220.888 ops/s
                 getWorkload: 268977.932 ops/s
                 putWorkload: 1242.956 ops/s

Iteration   4: 274217.839 ops/s
                 getWorkload: 273086.975 ops/s
                 putWorkload: 1130.863 ops/s

Iteration   5: 277701.352 ops/s
                 getWorkload: 276627.045 ops/s
                 putWorkload: 1074.308 ops/s



Result "org.hestiastore.benchmark.segmentindex.SegmentIndexMixedDrainBenchmark.partitionedIngestMixed":
  265928.341 ±(99.9%) 47271.263 ops/s [Average]
  (min, avg, max) = (247406.914, 265928.341, 277701.352), stdev = 12276.197
  CI (99.9%): [218657.078, 313199.604] (assumes normal distribution)

Secondary result "org.hestiastore.benchmark.segmentindex.SegmentIndexMixedDrainBenchmark.partitionedIngestMixed:getWorkload":
  264609.262 ±(99.9%) 48106.685 ops/s [Average]
  (min, avg, max) = (245859.816, 264609.262, 276627.045), stdev = 12493.153
  CI (99.9%): [216502.577, 312715.947] (assumes normal distribution)

Secondary result "org.hestiastore.benchmark.segmentindex.SegmentIndexMixedDrainBenchmark.partitionedIngestMixed:putWorkload":
  1319.079 ±(99.9%) 927.631 ops/s [Average]
  (min, avg, max) = (1074.308, 1319.079, 1600.168), stdev = 240.903
  CI (99.9%): [391.448, 2246.710] (assumes normal distribution)


# Run complete. Total time: 00:00:30

REMEMBER: The numbers below are just data. To gain reusable insights, you need to follow up on
why the numbers are the way they are. Use profilers (see -prof, -lprof), design factorial
experiments, perform baseline and negative tests that provide experimental control, make sure
the benchmarking environment is safe on JVM/OS/HW level, ask for reviews from the domain experts.
Do not assume the numbers tell you what you want them to tell.

NOTE: Current JVM experimentally supports Compiler Blackholes, and they are in use. Please exercise
extra caution when trusting the results, look into the generated code to check the benchmark still
works, and factor in a small probability of new VM bugs. Additionally, while comparisons between
different JVMs are already problematic, the performance difference caused by different Blackhole
modes can be very significant. Please make sure you use the consistent Blackhole mode for comparisons.

Benchmark                                                           (hotKeySpace)  (workloadMode)   Mode  Cnt       Score       Error  Units
SegmentIndexMixedDrainBenchmark.partitionedIngestMixed                        256      splitHeavy  thrpt    5  265928.341 ± 47271.263  ops/s
SegmentIndexMixedDrainBenchmark.partitionedIngestMixed:getWorkload            256      splitHeavy  thrpt    5  264609.262 ± 48106.685  ops/s
SegmentIndexMixedDrainBenchmark.partitionedIngestMixed:putWorkload            256      splitHeavy  thrpt    5    1319.079 ±   927.631  ops/s

Benchmark result is saved to /home/runner/work/_temp/benchmark-results/candidate/raw/segment-index-mixed-split-heavy.json
