# JMH version: 1.37
# VM version: JDK 21.0.11, OpenJDK 64-Bit Server VM, 21.0.11+10-LTS
# VM invoker: /usr/lib/jvm/temurin-21-jdk-amd64/bin/java
# VM options: <none>
# Blackhole mode: compiler (auto-detected, use -Djmh.blackhole.autoDetect=false to disable)
# Warmup: 2 iterations, 2 s each
# Measurement: 5 iterations, 2 s each
# Timeout: 10 min per iteration
# Threads: 20 threads (1 group; 4x "getWorkload", 16x "putWorkload" in each group), will synchronize iterations
# Benchmark mode: Throughput, ops/time
# Benchmark: org.hestiastore.benchmark.segmentindex.SegmentIndexMixedDrainBenchmark.partitionedIngestMixed
# Parameters: (hotKeySpace = 256, workloadMode = drainOnly)

# Run progress: 0.00% complete, ETA 00:00:14
# Fork: 1 of 1
# Warmup Iteration   1: SLF4J(W): No SLF4J providers were found.
SLF4J(W): Defaulting to no-operation (NOP) logger implementation
SLF4J(W): See https://www.slf4j.org/codes.html#noProviders for further details.
391157.854 ops/s
# Warmup Iteration   2: 444117.288 ops/s
Iteration   1: 441554.214 ops/s
                 getWorkload: 217052.265 ops/s
                 putWorkload: 224501.948 ops/s

Iteration   2: 450341.205 ops/s
                 getWorkload: 205864.726 ops/s
                 putWorkload: 244476.479 ops/s

Iteration   3: 430909.630 ops/s
                 getWorkload: 190304.656 ops/s
                 putWorkload: 240604.975 ops/s

Iteration   4: 455048.605 ops/s
                 getWorkload: 208154.911 ops/s
                 putWorkload: 246893.695 ops/s

Iteration   5: 458885.134 ops/s
                 getWorkload: 213406.426 ops/s
                 putWorkload: 245478.708 ops/s



Result "org.hestiastore.benchmark.segmentindex.SegmentIndexMixedDrainBenchmark.partitionedIngestMixed":
  447347.758 ±(99.9%) 43272.742 ops/s [Average]
  (min, avg, max) = (430909.630, 447347.758, 458885.134), stdev = 11237.794
  CI (99.9%): [404075.016, 490620.500] (assumes normal distribution)

Secondary result "org.hestiastore.benchmark.segmentindex.SegmentIndexMixedDrainBenchmark.partitionedIngestMixed:getWorkload":
  206956.597 ±(99.9%) 39618.528 ops/s [Average]
  (min, avg, max) = (190304.656, 206956.597, 217052.265), stdev = 10288.806
  CI (99.9%): [167338.069, 246575.125] (assumes normal distribution)

Secondary result "org.hestiastore.benchmark.segmentindex.SegmentIndexMixedDrainBenchmark.partitionedIngestMixed:putWorkload":
  240391.161 ±(99.9%) 35363.542 ops/s [Average]
  (min, avg, max) = (224501.948, 240391.161, 246893.695), stdev = 9183.800
  CI (99.9%): [205027.619, 275754.703] (assumes normal distribution)


# Run complete. Total time: 00:00:15

REMEMBER: The numbers below are just data. To gain reusable insights, you need to follow up on
why the numbers are the way they are. Use profilers (see -prof, -lprof), design factorial
experiments, perform baseline and negative tests that provide experimental control, make sure
the benchmarking environment is safe on JVM/OS/HW level, ask for reviews from the domain experts.
Do not assume the numbers tell you what you want them to tell.

NOTE: Current JVM experimentally supports Compiler Blackholes, and they are in use. Please exercise
extra caution when trusting the results, look into the generated code to check the benchmark still
works, and factor in a small probability of new VM bugs. Additionally, while comparisons between
different JVMs are already problematic, the performance difference caused by different Blackhole
modes can be very significant. Please make sure you use the consistent Blackhole mode for comparisons.

Benchmark                                                           (hotKeySpace)  (workloadMode)   Mode  Cnt       Score       Error  Units
SegmentIndexMixedDrainBenchmark.partitionedIngestMixed                        256       drainOnly  thrpt    5  447347.758 ± 43272.742  ops/s
SegmentIndexMixedDrainBenchmark.partitionedIngestMixed:getWorkload            256       drainOnly  thrpt    5  206956.597 ± 39618.528  ops/s
SegmentIndexMixedDrainBenchmark.partitionedIngestMixed:putWorkload            256       drainOnly  thrpt    5  240391.161 ± 35363.542  ops/s

Benchmark result is saved to /home/runner/work/_temp/benchmark-results/candidate/raw/segment-index-mixed-drain.json
