# JMH version: 1.37
# VM version: JDK 21.0.10, OpenJDK 64-Bit Server VM, 21.0.10+7-LTS
# VM invoker: /usr/lib/jvm/temurin-21-jdk-amd64/bin/java
# VM options: <none>
# Blackhole mode: compiler (auto-detected, use -Djmh.blackhole.autoDetect=false to disable)
# Warmup: 2 iterations, 2 s each
# Measurement: 5 iterations, 2 s each
# Timeout: 10 min per iteration
# Threads: 20 threads (1 group; 4x "getWorkload", 16x "putWorkload" in each group), will synchronize iterations
# Benchmark mode: Throughput, ops/time
# Benchmark: org.hestiastore.benchmark.segmentindex.SegmentIndexMixedDrainBenchmark.partitionedIngestMixed
# Parameters: (hotKeySpace = 256, workloadMode = splitHeavy)

# Run progress: 0.00% complete, ETA 00:00:14
# Fork: 1 of 1
# Warmup Iteration   1: SLF4J: Failed to load class "org.slf4j.impl.StaticLoggerBinder".
SLF4J: Defaulting to no-operation (NOP) logger implementation
SLF4J: See http://www.slf4j.org/codes.html#StaticLoggerBinder for further details.
SLF4J: Failed to load class "org.slf4j.impl.StaticMDCBinder".
SLF4J: Defaulting to no-operation MDCAdapter implementation.
SLF4J: See http://www.slf4j.org/codes.html#no_static_mdc_binder for further details.
87111.365 ops/s
# Warmup Iteration   2: 211886.016 ops/s
Iteration   1: 253575.953 ops/s
                 getWorkload: 251491.805 ops/s
                 putWorkload: 2084.148 ops/s

Iteration   2: 262070.410 ops/s
                 getWorkload: 260328.103 ops/s
                 putWorkload: 1742.308 ops/s

Iteration   3: 271993.709 ops/s
                 getWorkload: 270369.382 ops/s
                 putWorkload: 1624.327 ops/s

Iteration   4: 278307.300 ops/s
                 getWorkload: 277052.332 ops/s
                 putWorkload: 1254.968 ops/s

Iteration   5: 285506.760 ops/s
                 getWorkload: 284315.002 ops/s
                 putWorkload: 1191.758 ops/s



Result "org.hestiastore.benchmark.segmentindex.SegmentIndexMixedDrainBenchmark.partitionedIngestMixed":
  270290.826 ±(99.9%) 48921.765 ops/s [Average]
  (min, avg, max) = (253575.953, 270290.826, 285506.760), stdev = 12704.827
  CI (99.9%): [221369.061, 319212.591] (assumes normal distribution)

Secondary result "org.hestiastore.benchmark.segmentindex.SegmentIndexMixedDrainBenchmark.partitionedIngestMixed:getWorkload":
  268711.325 ±(99.9%) 50301.651 ops/s [Average]
  (min, avg, max) = (251491.805, 268711.325, 284315.002), stdev = 13063.179
  CI (99.9%): [218409.674, 319012.975] (assumes normal distribution)

Secondary result "org.hestiastore.benchmark.segmentindex.SegmentIndexMixedDrainBenchmark.partitionedIngestMixed:putWorkload":
  1579.502 ±(99.9%) 1413.310 ops/s [Average]
  (min, avg, max) = (1191.758, 1579.502, 2084.148), stdev = 367.032
  CI (99.9%): [166.191, 2992.812] (assumes normal distribution)


# Run complete. Total time: 00:00:26

REMEMBER: The numbers below are just data. To gain reusable insights, you need to follow up on
why the numbers are the way they are. Use profilers (see -prof, -lprof), design factorial
experiments, perform baseline and negative tests that provide experimental control, make sure
the benchmarking environment is safe on JVM/OS/HW level, ask for reviews from the domain experts.
Do not assume the numbers tell you what you want them to tell.

NOTE: Current JVM experimentally supports Compiler Blackholes, and they are in use. Please exercise
extra caution when trusting the results, look into the generated code to check the benchmark still
works, and factor in a small probability of new VM bugs. Additionally, while comparisons between
different JVMs are already problematic, the performance difference caused by different Blackhole
modes can be very significant. Please make sure you use the consistent Blackhole mode for comparisons.

Benchmark                                                           (hotKeySpace)  (workloadMode)   Mode  Cnt       Score       Error  Units
SegmentIndexMixedDrainBenchmark.partitionedIngestMixed                        256      splitHeavy  thrpt    5  270290.826 ± 48921.765  ops/s
SegmentIndexMixedDrainBenchmark.partitionedIngestMixed:getWorkload            256      splitHeavy  thrpt    5  268711.325 ± 50301.651  ops/s
SegmentIndexMixedDrainBenchmark.partitionedIngestMixed:putWorkload            256      splitHeavy  thrpt    5    1579.502 ±  1413.310  ops/s

Benchmark result is saved to /home/runner/work/_temp/benchmark-results/candidate/raw/segment-index-mixed-split-heavy.json
