# JMH version: 1.37
# VM version: JDK 21.0.11, OpenJDK 64-Bit Server VM, 21.0.11+10-LTS
# VM invoker: /usr/lib/jvm/temurin-21-jdk-amd64/bin/java
# VM options: <none>
# Blackhole mode: compiler (auto-detected, use -Djmh.blackhole.autoDetect=false to disable)
# Warmup: 1 iterations, 1 s each
# Measurement: 3 iterations, 1 s each
# Timeout: 10 min per iteration
# Threads: 1 thread, will synchronize iterations
# Benchmark mode: Average time, time/op
# Benchmark: org.hestiastore.benchmark.segmentindex.SegmentIndexLifecycleBenchmark.openAndCheckAndRepairConsistency
# Parameters: (keyCount = 16384, snappy = true, valueLength = 64, walMode = sync)

# Run progress: 0.00% complete, ETA 00:00:12
# Fork: 1 of 1
# Warmup Iteration   1: SLF4J(W): No SLF4J providers were found.
SLF4J(W): Defaulting to no-operation (NOP) logger implementation
SLF4J(W): See https://www.slf4j.org/codes.html#noProviders for further details.
282.177 ms/op
Iteration   1: 257.565 ms/op
Iteration   2: 255.782 ms/op
Iteration   3: 255.864 ms/op


Result "org.hestiastore.benchmark.segmentindex.SegmentIndexLifecycleBenchmark.openAndCheckAndRepairConsistency":
  256.403 ±(99.9%) 18.370 ms/op [Average]
  (min, avg, max) = (255.782, 256.403, 257.565), stdev = 1.007
  CI (99.9%): [238.033, 274.774] (assumes normal distribution)


# JMH version: 1.37
# VM version: JDK 21.0.11, OpenJDK 64-Bit Server VM, 21.0.11+10-LTS
# VM invoker: /usr/lib/jvm/temurin-21-jdk-amd64/bin/java
# VM options: <none>
# Blackhole mode: compiler (auto-detected, use -Djmh.blackhole.autoDetect=false to disable)
# Warmup: 1 iterations, 1 s each
# Measurement: 3 iterations, 1 s each
# Timeout: 10 min per iteration
# Threads: 1 thread, will synchronize iterations
# Benchmark mode: Average time, time/op
# Benchmark: org.hestiastore.benchmark.segmentindex.SegmentIndexLifecycleBenchmark.openAndCompact
# Parameters: (keyCount = 16384, snappy = true, valueLength = 64, walMode = sync)

# Run progress: 33.33% complete, ETA 00:00:22
# Fork: 1 of 1
# Warmup Iteration   1: SLF4J(W): No SLF4J providers were found.
SLF4J(W): Defaulting to no-operation (NOP) logger implementation
SLF4J(W): See https://www.slf4j.org/codes.html#noProviders for further details.
308.820 ms/op
Iteration   1: 277.566 ms/op
Iteration   2: 276.698 ms/op
Iteration   3: 273.997 ms/op


Result "org.hestiastore.benchmark.segmentindex.SegmentIndexLifecycleBenchmark.openAndCompact":
  276.087 ±(99.9%) 33.950 ms/op [Average]
  (min, avg, max) = (273.997, 276.087, 277.566), stdev = 1.861
  CI (99.9%): [242.137, 310.037] (assumes normal distribution)


# JMH version: 1.37
# VM version: JDK 21.0.11, OpenJDK 64-Bit Server VM, 21.0.11+10-LTS
# VM invoker: /usr/lib/jvm/temurin-21-jdk-amd64/bin/java
# VM options: <none>
# Blackhole mode: compiler (auto-detected, use -Djmh.blackhole.autoDetect=false to disable)
# Warmup: 1 iterations, 1 s each
# Measurement: 3 iterations, 1 s each
# Timeout: 10 min per iteration
# Threads: 1 thread, will synchronize iterations
# Benchmark mode: Average time, time/op
# Benchmark: org.hestiastore.benchmark.segmentindex.SegmentIndexLifecycleBenchmark.openExisting
# Parameters: (keyCount = 16384, snappy = true, valueLength = 64, walMode = sync)

# Run progress: 66.67% complete, ETA 00:00:11
# Fork: 1 of 1
# Warmup Iteration   1: SLF4J(W): No SLF4J providers were found.
SLF4J(W): Defaulting to no-operation (NOP) logger implementation
SLF4J(W): See https://www.slf4j.org/codes.html#noProviders for further details.
278.136 ms/op
Iteration   1: 255.756 ms/op
Iteration   2: 252.776 ms/op
Iteration   3: 253.038 ms/op


Result "org.hestiastore.benchmark.segmentindex.SegmentIndexLifecycleBenchmark.openExisting":
  253.857 ±(99.9%) 30.104 ms/op [Average]
  (min, avg, max) = (252.776, 253.857, 255.756), stdev = 1.650
  CI (99.9%): [223.753, 283.961] (assumes normal distribution)


# Run complete. Total time: 00:00:33

REMEMBER: The numbers below are just data. To gain reusable insights, you need to follow up on
why the numbers are the way they are. Use profilers (see -prof, -lprof), design factorial
experiments, perform baseline and negative tests that provide experimental control, make sure
the benchmarking environment is safe on JVM/OS/HW level, ask for reviews from the domain experts.
Do not assume the numbers tell you what you want them to tell.

NOTE: Current JVM experimentally supports Compiler Blackholes, and they are in use. Please exercise
extra caution when trusting the results, look into the generated code to check the benchmark still
works, and factor in a small probability of new VM bugs. Additionally, while comparisons between
different JVMs are already problematic, the performance difference caused by different Blackhole
modes can be very significant. Please make sure you use the consistent Blackhole mode for comparisons.

Benchmark                                                        (keyCount)  (snappy)  (valueLength)  (walMode)  Mode  Cnt    Score    Error  Units
SegmentIndexLifecycleBenchmark.openAndCheckAndRepairConsistency       16384      true             64       sync  avgt    3  256.403 ± 18.370  ms/op
SegmentIndexLifecycleBenchmark.openAndCompact                         16384      true             64       sync  avgt    3  276.087 ± 33.950  ms/op
SegmentIndexLifecycleBenchmark.openExisting                           16384      true             64       sync  avgt    3  253.857 ± 30.104  ms/op

Benchmark result is saved to /home/runner/work/_temp/benchmark-results/candidate/raw/segment-index-lifecycle.json
