# JMH version: 1.37
# VM version: JDK 21.0.11, OpenJDK 64-Bit Server VM, 21.0.11+10-LTS
# VM invoker: /usr/lib/jvm/temurin-21-jdk-amd64/bin/java
# VM options: <none>
# Blackhole mode: compiler (auto-detected, use -Djmh.blackhole.autoDetect=false to disable)
# Warmup: 2 iterations, 2 s each
# Measurement: 5 iterations, 2 s each
# Timeout: 10 min per iteration
# Threads: 20 threads (1 group; 4x "getWorkload", 16x "putWorkload" in each group), will synchronize iterations
# Benchmark mode: Throughput, ops/time
# Benchmark: org.hestiastore.benchmark.segmentindex.SegmentIndexMixedDrainBenchmark.partitionedIngestMixed
# Parameters: (hotKeySpace = 256, workloadMode = drainOnly)

# Run progress: 0.00% complete, ETA 00:00:14
# Fork: 1 of 1
# Warmup Iteration   1: SLF4J(W): No SLF4J providers were found.
SLF4J(W): Defaulting to no-operation (NOP) logger implementation
SLF4J(W): See https://www.slf4j.org/codes.html#noProviders for further details.
386974.546 ops/s
# Warmup Iteration   2: 445257.378 ops/s
Iteration   1: 429823.261 ops/s
                 getWorkload: 196509.933 ops/s
                 putWorkload: 233313.328 ops/s

Iteration   2: 435834.525 ops/s
                 getWorkload: 189242.645 ops/s
                 putWorkload: 246591.881 ops/s

Iteration   3: 445528.173 ops/s
                 getWorkload: 201678.561 ops/s
                 putWorkload: 243849.612 ops/s

Iteration   4: 458616.392 ops/s
                 getWorkload: 201009.463 ops/s
                 putWorkload: 257606.929 ops/s

Iteration   5: 446101.727 ops/s
                 getWorkload: 193301.181 ops/s
                 putWorkload: 252800.546 ops/s



Result "org.hestiastore.benchmark.segmentindex.SegmentIndexMixedDrainBenchmark.partitionedIngestMixed":
  443180.815 ±(99.9%) 42387.312 ops/s [Average]
  (min, avg, max) = (429823.261, 443180.815, 458616.392), stdev = 11007.850
  CI (99.9%): [400793.504, 485568.127] (assumes normal distribution)

Secondary result "org.hestiastore.benchmark.segmentindex.SegmentIndexMixedDrainBenchmark.partitionedIngestMixed:getWorkload":
  196348.356 ±(99.9%) 20187.395 ops/s [Average]
  (min, avg, max) = (189242.645, 196348.356, 201678.561), stdev = 5242.602
  CI (99.9%): [176160.962, 216535.751] (assumes normal distribution)

Secondary result "org.hestiastore.benchmark.segmentindex.SegmentIndexMixedDrainBenchmark.partitionedIngestMixed:putWorkload":
  246832.459 ±(99.9%) 35679.775 ops/s [Average]
  (min, avg, max) = (233313.328, 246832.459, 257606.929), stdev = 9265.924
  CI (99.9%): [211152.684, 282512.234] (assumes normal distribution)


# Run complete. Total time: 00:00:15

REMEMBER: The numbers below are just data. To gain reusable insights, you need to follow up on
why the numbers are the way they are. Use profilers (see -prof, -lprof), design factorial
experiments, perform baseline and negative tests that provide experimental control, make sure
the benchmarking environment is safe on JVM/OS/HW level, ask for reviews from the domain experts.
Do not assume the numbers tell you what you want them to tell.

NOTE: Current JVM experimentally supports Compiler Blackholes, and they are in use. Please exercise
extra caution when trusting the results, look into the generated code to check the benchmark still
works, and factor in a small probability of new VM bugs. Additionally, while comparisons between
different JVMs are already problematic, the performance difference caused by different Blackhole
modes can be very significant. Please make sure you use the consistent Blackhole mode for comparisons.

Benchmark                                                           (hotKeySpace)  (workloadMode)   Mode  Cnt       Score       Error  Units
SegmentIndexMixedDrainBenchmark.partitionedIngestMixed                        256       drainOnly  thrpt    5  443180.815 ± 42387.312  ops/s
SegmentIndexMixedDrainBenchmark.partitionedIngestMixed:getWorkload            256       drainOnly  thrpt    5  196348.356 ± 20187.395  ops/s
SegmentIndexMixedDrainBenchmark.partitionedIngestMixed:putWorkload            256       drainOnly  thrpt    5  246832.459 ± 35679.775  ops/s

Benchmark result is saved to /home/runner/work/_temp/benchmark-results/candidate/raw/segment-index-mixed-drain.json
