# JMH version: 1.37
# VM version: JDK 21.0.10, OpenJDK 64-Bit Server VM, 21.0.10+7-LTS
# VM invoker: /usr/lib/jvm/temurin-21-jdk-amd64/bin/java
# VM options: <none>
# Blackhole mode: compiler (auto-detected, use -Djmh.blackhole.autoDetect=false to disable)
# Warmup: 2 iterations, 2 s each
# Measurement: 5 iterations, 2 s each
# Timeout: 10 min per iteration
# Threads: 20 threads (1 group; 4x "getWorkload", 16x "putWorkload" in each group), will synchronize iterations
# Benchmark mode: Throughput, ops/time
# Benchmark: org.hestiastore.benchmark.segmentindex.SegmentIndexMixedDrainBenchmark.partitionedIngestMixed
# Parameters: (hotKeySpace = 256, workloadMode = splitHeavy)

# Run progress: 0.00% complete, ETA 00:00:14
# Fork: 1 of 1
# Warmup Iteration   1: SLF4J(W): No SLF4J providers were found.
SLF4J(W): Defaulting to no-operation (NOP) logger implementation
SLF4J(W): See https://www.slf4j.org/codes.html#noProviders for further details.
82703.883 ops/s
# Warmup Iteration   2: 227852.943 ops/s
Iteration   1: 256009.740 ops/s
                 getWorkload: 254093.875 ops/s
                 putWorkload: 1915.866 ops/s

Iteration   2: 259649.126 ops/s
                 getWorkload: 258044.957 ops/s
                 putWorkload: 1604.169 ops/s

Iteration   3: 289658.855 ops/s
                 getWorkload: 288492.121 ops/s
                 putWorkload: 1166.734 ops/s

Iteration   4: 277146.498 ops/s
                 getWorkload: 276103.838 ops/s
                 putWorkload: 1042.660 ops/s

Iteration   5: 484338.778 ops/s
                 getWorkload: 289485.793 ops/s
                 putWorkload: 194852.985 ops/s



Result "org.hestiastore.benchmark.segmentindex.SegmentIndexMixedDrainBenchmark.partitionedIngestMixed":
  313360.599 ±(99.9%) 371745.794 ops/s [Average]
  (min, avg, max) = (256009.740, 313360.599, 484338.778), stdev = 96541.202
  CI (99.9%): [≈ 0, 685106.394] (assumes normal distribution)

Secondary result "org.hestiastore.benchmark.segmentindex.SegmentIndexMixedDrainBenchmark.partitionedIngestMixed:getWorkload":
  273244.117 ±(99.9%) 63920.049 ops/s [Average]
  (min, avg, max) = (254093.875, 273244.117, 289485.793), stdev = 16599.834
  CI (99.9%): [209324.067, 337164.166] (assumes normal distribution)

Secondary result "org.hestiastore.benchmark.segmentindex.SegmentIndexMixedDrainBenchmark.partitionedIngestMixed:putWorkload":
  40116.483 ±(99.9%) 333084.691 ops/s [Average]
  (min, avg, max) = (1042.660, 40116.483, 194852.985), stdev = 86501.036
  CI (99.9%): [≈ 0, 373201.174] (assumes normal distribution)


# Run complete. Total time: 00:00:29

REMEMBER: The numbers below are just data. To gain reusable insights, you need to follow up on
why the numbers are the way they are. Use profilers (see -prof, -lprof), design factorial
experiments, perform baseline and negative tests that provide experimental control, make sure
the benchmarking environment is safe on JVM/OS/HW level, ask for reviews from the domain experts.
Do not assume the numbers tell you what you want them to tell.

NOTE: Current JVM experimentally supports Compiler Blackholes, and they are in use. Please exercise
extra caution when trusting the results, look into the generated code to check the benchmark still
works, and factor in a small probability of new VM bugs. Additionally, while comparisons between
different JVMs are already problematic, the performance difference caused by different Blackhole
modes can be very significant. Please make sure you use the consistent Blackhole mode for comparisons.

Benchmark                                                           (hotKeySpace)  (workloadMode)   Mode  Cnt       Score        Error  Units
SegmentIndexMixedDrainBenchmark.partitionedIngestMixed                        256      splitHeavy  thrpt    5  313360.599 ± 371745.794  ops/s
SegmentIndexMixedDrainBenchmark.partitionedIngestMixed:getWorkload            256      splitHeavy  thrpt    5  273244.117 ±  63920.049  ops/s
SegmentIndexMixedDrainBenchmark.partitionedIngestMixed:putWorkload            256      splitHeavy  thrpt    5   40116.483 ± 333084.691  ops/s

Benchmark result is saved to /home/runner/work/_temp/benchmark-results/candidate/reruns/run-3/raw/segment-index-mixed-split-heavy.json
