# JMH version: 1.37
# VM version: JDK 21.0.10, OpenJDK 64-Bit Server VM, 21.0.10+7-LTS
# VM invoker: /usr/lib/jvm/temurin-21-jdk-amd64/bin/java
# VM options: <none>
# Blackhole mode: compiler (auto-detected, use -Djmh.blackhole.autoDetect=false to disable)
# Warmup: 1 iterations, 1 s each
# Measurement: 3 iterations, 1 s each
# Timeout: 10 min per iteration
# Threads: 4 threads, will synchronize iterations
# Benchmark mode: Throughput, ops/time
# Benchmark: org.hestiastore.benchmark.segmentindex.SegmentIndexMultiSegmentGetBenchmark.getHitAsyncJoin
# Parameters: (keyCount = 32768, maxKeysInSegment = 1024, maxSegmentsInCache = 3, snappy = true, valueLength = 64, workingSetMode = hot)

# Run progress: 0.00% complete, ETA 00:00:16
# Fork: 1 of 1
# Warmup Iteration   1: SLF4J: Failed to load class "org.slf4j.impl.StaticLoggerBinder".
SLF4J: Defaulting to no-operation (NOP) logger implementation
SLF4J: See http://www.slf4j.org/codes.html#StaticLoggerBinder for further details.
SLF4J: Failed to load class "org.slf4j.impl.StaticMDCBinder".
SLF4J: Defaulting to no-operation MDCAdapter implementation.
SLF4J: See http://www.slf4j.org/codes.html#no_static_mdc_binder for further details.
99.005 ops/s
Iteration   1: 92.361 ops/s
Iteration   2: 99.711 ops/s
Iteration   3: 100.002 ops/s


Result "org.hestiastore.benchmark.segmentindex.SegmentIndexMultiSegmentGetBenchmark.getHitAsyncJoin":
  97.358 ±(99.9%) 78.998 ops/s [Average]
  (min, avg, max) = (92.361, 97.358, 100.002), stdev = 4.330
  CI (99.9%): [18.360, 176.355] (assumes normal distribution)


# JMH version: 1.37
# VM version: JDK 21.0.10, OpenJDK 64-Bit Server VM, 21.0.10+7-LTS
# VM invoker: /usr/lib/jvm/temurin-21-jdk-amd64/bin/java
# VM options: <none>
# Blackhole mode: compiler (auto-detected, use -Djmh.blackhole.autoDetect=false to disable)
# Warmup: 1 iterations, 1 s each
# Measurement: 3 iterations, 1 s each
# Timeout: 10 min per iteration
# Threads: 4 threads, will synchronize iterations
# Benchmark mode: Throughput, ops/time
# Benchmark: org.hestiastore.benchmark.segmentindex.SegmentIndexMultiSegmentGetBenchmark.getHitSync
# Parameters: (keyCount = 32768, maxKeysInSegment = 1024, maxSegmentsInCache = 3, snappy = true, valueLength = 64, workingSetMode = hot)

# Run progress: 25.00% complete, ETA 00:02:00
# Fork: 1 of 1
# Warmup Iteration   1: SLF4J: Failed to load class "org.slf4j.impl.StaticLoggerBinder".
SLF4J: Defaulting to no-operation (NOP) logger implementation
SLF4J: See http://www.slf4j.org/codes.html#StaticLoggerBinder for further details.
SLF4J: Failed to load class "org.slf4j.impl.StaticMDCBinder".
SLF4J: Defaulting to no-operation MDCAdapter implementation.
SLF4J: See http://www.slf4j.org/codes.html#no_static_mdc_binder for further details.
97.478 ops/s
Iteration   1: 75.514 ops/s
Iteration   2: 117.003 ops/s
Iteration   3: 103.705 ops/s


Result "org.hestiastore.benchmark.segmentindex.SegmentIndexMultiSegmentGetBenchmark.getHitSync":
  98.740 ±(99.9%) 386.501 ops/s [Average]
  (min, avg, max) = (75.514, 98.740, 117.003), stdev = 21.185
  CI (99.9%): [≈ 0, 485.242] (assumes normal distribution)


# JMH version: 1.37
# VM version: JDK 21.0.10, OpenJDK 64-Bit Server VM, 21.0.10+7-LTS
# VM invoker: /usr/lib/jvm/temurin-21-jdk-amd64/bin/java
# VM options: <none>
# Blackhole mode: compiler (auto-detected, use -Djmh.blackhole.autoDetect=false to disable)
# Warmup: 1 iterations, 1 s each
# Measurement: 3 iterations, 1 s each
# Timeout: 10 min per iteration
# Threads: 4 threads, will synchronize iterations
# Benchmark mode: Throughput, ops/time
# Benchmark: org.hestiastore.benchmark.segmentindex.SegmentIndexMultiSegmentGetBenchmark.getMissAsyncJoin
# Parameters: (keyCount = 32768, maxKeysInSegment = 1024, maxSegmentsInCache = 3, snappy = true, valueLength = 64, workingSetMode = hot)

# Run progress: 50.00% complete, ETA 00:01:18
# Fork: 1 of 1
# Warmup Iteration   1: SLF4J: Failed to load class "org.slf4j.impl.StaticLoggerBinder".
SLF4J: Defaulting to no-operation (NOP) logger implementation
SLF4J: See http://www.slf4j.org/codes.html#StaticLoggerBinder for further details.
SLF4J: Failed to load class "org.slf4j.impl.StaticMDCBinder".
SLF4J: Defaulting to no-operation MDCAdapter implementation.
SLF4J: See http://www.slf4j.org/codes.html#no_static_mdc_binder for further details.
145973.959 ops/s
Iteration   1: 168167.377 ops/s
Iteration   2: 167950.704 ops/s
Iteration   3: 172245.950 ops/s


Result "org.hestiastore.benchmark.segmentindex.SegmentIndexMultiSegmentGetBenchmark.getMissAsyncJoin":
  169454.677 ±(99.9%) 44145.065 ops/s [Average]
  (min, avg, max) = (167950.704, 169454.677, 172245.950), stdev = 2419.740
  CI (99.9%): [125309.612, 213599.742] (assumes normal distribution)


# JMH version: 1.37
# VM version: JDK 21.0.10, OpenJDK 64-Bit Server VM, 21.0.10+7-LTS
# VM invoker: /usr/lib/jvm/temurin-21-jdk-amd64/bin/java
# VM options: <none>
# Blackhole mode: compiler (auto-detected, use -Djmh.blackhole.autoDetect=false to disable)
# Warmup: 1 iterations, 1 s each
# Measurement: 3 iterations, 1 s each
# Timeout: 10 min per iteration
# Threads: 4 threads, will synchronize iterations
# Benchmark mode: Throughput, ops/time
# Benchmark: org.hestiastore.benchmark.segmentindex.SegmentIndexMultiSegmentGetBenchmark.getMissSync
# Parameters: (keyCount = 32768, maxKeysInSegment = 1024, maxSegmentsInCache = 3, snappy = true, valueLength = 64, workingSetMode = hot)

# Run progress: 75.00% complete, ETA 00:00:39
# Fork: 1 of 1
# Warmup Iteration   1: SLF4J: Failed to load class "org.slf4j.impl.StaticLoggerBinder".
SLF4J: Defaulting to no-operation (NOP) logger implementation
SLF4J: See http://www.slf4j.org/codes.html#StaticLoggerBinder for further details.
SLF4J: Failed to load class "org.slf4j.impl.StaticMDCBinder".
SLF4J: Defaulting to no-operation MDCAdapter implementation.
SLF4J: See http://www.slf4j.org/codes.html#no_static_mdc_binder for further details.
4980301.638 ops/s
Iteration   1: 6743148.545 ops/s
Iteration   2: 6396401.554 ops/s
Iteration   3: 6010816.794 ops/s


Result "org.hestiastore.benchmark.segmentindex.SegmentIndexMultiSegmentGetBenchmark.getMissSync":
  6383455.631 ±(99.9%) 6683359.307 ops/s [Average]
  (min, avg, max) = (6010816.794, 6383455.631, 6743148.545), stdev = 366337.476
  CI (99.9%): [≈ 0, 13066814.938] (assumes normal distribution)


# Run complete. Total time: 00:02:38

REMEMBER: The numbers below are just data. To gain reusable insights, you need to follow up on
why the numbers are the way they are. Use profilers (see -prof, -lprof), design factorial
experiments, perform baseline and negative tests that provide experimental control, make sure
the benchmarking environment is safe on JVM/OS/HW level, ask for reviews from the domain experts.
Do not assume the numbers tell you what you want them to tell.

NOTE: Current JVM experimentally supports Compiler Blackholes, and they are in use. Please exercise
extra caution when trusting the results, look into the generated code to check the benchmark still
works, and factor in a small probability of new VM bugs. Additionally, while comparisons between
different JVMs are already problematic, the performance difference caused by different Blackhole
modes can be very significant. Please make sure you use the consistent Blackhole mode for comparisons.

Benchmark                                              (keyCount)  (maxKeysInSegment)  (maxSegmentsInCache)  (snappy)  (valueLength)  (workingSetMode)   Mode  Cnt        Score         Error  Units
SegmentIndexMultiSegmentGetBenchmark.getHitAsyncJoin        32768                1024                     3      true             64               hot  thrpt    3       97.358 ±      78.998  ops/s
SegmentIndexMultiSegmentGetBenchmark.getHitSync             32768                1024                     3      true             64               hot  thrpt    3       98.740 ±     386.501  ops/s
SegmentIndexMultiSegmentGetBenchmark.getMissAsyncJoin       32768                1024                     3      true             64               hot  thrpt    3   169454.677 ±   44145.065  ops/s
SegmentIndexMultiSegmentGetBenchmark.getMissSync            32768                1024                     3      true             64               hot  thrpt    3  6383455.631 ± 6683359.307  ops/s

Benchmark result is saved to /home/runner/work/_temp/benchmark-results/candidate/raw/segment-index-get-multisegment-hot.json
