# JMH version: 1.37
# VM version: JDK 21.0.11, OpenJDK 64-Bit Server VM, 21.0.11+10-LTS
# VM invoker: /usr/lib/jvm/temurin-21-jdk-amd64/bin/java
# VM options: <none>
# Blackhole mode: compiler (auto-detected, use -Djmh.blackhole.autoDetect=false to disable)
# Warmup: 2 iterations, 2 s each
# Measurement: 5 iterations, 2 s each
# Timeout: 10 min per iteration
# Threads: 20 threads (1 group; 4x "getWorkload", 16x "putWorkload" in each group), will synchronize iterations
# Benchmark mode: Throughput, ops/time
# Benchmark: org.hestiastore.benchmark.segmentindex.SegmentIndexMixedDrainBenchmark.partitionedIngestMixed
# Parameters: (hotKeySpace = 256, workloadMode = splitHeavy)

# Run progress: 0.00% complete, ETA 00:00:14
# Fork: 1 of 1
# Warmup Iteration   1: SLF4J(W): No SLF4J providers were found.
SLF4J(W): Defaulting to no-operation (NOP) logger implementation
SLF4J(W): See https://www.slf4j.org/codes.html#noProviders for further details.
86206.848 ops/s
# Warmup Iteration   2: 194652.382 ops/s
Iteration   1: 222725.641 ops/s
                 getWorkload: 220854.923 ops/s
                 putWorkload: 1870.718 ops/s

Iteration   2: 265332.063 ops/s
                 getWorkload: 263881.084 ops/s
                 putWorkload: 1450.979 ops/s

Iteration   3: 258379.448 ops/s
                 getWorkload: 256984.152 ops/s
                 putWorkload: 1395.296 ops/s

Iteration   4: 283508.323 ops/s
                 getWorkload: 282369.629 ops/s
                 putWorkload: 1138.694 ops/s

Iteration   5: 262132.839 ops/s
                 getWorkload: 260974.941 ops/s
                 putWorkload: 1157.898 ops/s



Result "org.hestiastore.benchmark.segmentindex.SegmentIndexMixedDrainBenchmark.partitionedIngestMixed":
  258415.663 ±(99.9%) 85347.908 ops/s [Average]
  (min, avg, max) = (222725.641, 258415.663, 283508.323), stdev = 22164.581
  CI (99.9%): [173067.755, 343763.571] (assumes normal distribution)

Secondary result "org.hestiastore.benchmark.segmentindex.SegmentIndexMixedDrainBenchmark.partitionedIngestMixed:getWorkload":
  257012.946 ±(99.9%) 86387.409 ops/s [Average]
  (min, avg, max) = (220854.923, 257012.946, 282369.629), stdev = 22434.536
  CI (99.9%): [170625.537, 343400.354] (assumes normal distribution)

Secondary result "org.hestiastore.benchmark.segmentindex.SegmentIndexMixedDrainBenchmark.partitionedIngestMixed:putWorkload":
  1402.717 ±(99.9%) 1140.750 ops/s [Average]
  (min, avg, max) = (1138.694, 1402.717, 1870.718), stdev = 296.249
  CI (99.9%): [261.967, 2543.467] (assumes normal distribution)


# Run complete. Total time: 00:00:30

REMEMBER: The numbers below are just data. To gain reusable insights, you need to follow up on
why the numbers are the way they are. Use profilers (see -prof, -lprof), design factorial
experiments, perform baseline and negative tests that provide experimental control, make sure
the benchmarking environment is safe on JVM/OS/HW level, ask for reviews from the domain experts.
Do not assume the numbers tell you what you want them to tell.

NOTE: Current JVM experimentally supports Compiler Blackholes, and they are in use. Please exercise
extra caution when trusting the results, look into the generated code to check the benchmark still
works, and factor in a small probability of new VM bugs. Additionally, while comparisons between
different JVMs are already problematic, the performance difference caused by different Blackhole
modes can be very significant. Please make sure you use the consistent Blackhole mode for comparisons.

Benchmark                                                           (hotKeySpace)  (workloadMode)   Mode  Cnt       Score       Error  Units
SegmentIndexMixedDrainBenchmark.partitionedIngestMixed                        256      splitHeavy  thrpt    5  258415.663 ± 85347.908  ops/s
SegmentIndexMixedDrainBenchmark.partitionedIngestMixed:getWorkload            256      splitHeavy  thrpt    5  257012.946 ± 86387.409  ops/s
SegmentIndexMixedDrainBenchmark.partitionedIngestMixed:putWorkload            256      splitHeavy  thrpt    5    1402.717 ±  1140.750  ops/s

Benchmark result is saved to /home/runner/work/_temp/benchmark-results/candidate/reruns/run-3/raw/segment-index-mixed-split-heavy.json
