# JMH version: 1.37
# VM version: JDK 21.0.11, OpenJDK 64-Bit Server VM, 21.0.11+10-LTS
# VM invoker: /usr/lib/jvm/temurin-21-jdk-amd64/bin/java
# VM options: <none>
# Blackhole mode: compiler (auto-detected, use -Djmh.blackhole.autoDetect=false to disable)
# Warmup: 2 iterations, 2 s each
# Measurement: 5 iterations, 2 s each
# Timeout: 10 min per iteration
# Threads: 20 threads (1 group; 4x "getWorkload", 16x "putWorkload" in each group), will synchronize iterations
# Benchmark mode: Throughput, ops/time
# Benchmark: org.hestiastore.benchmark.segmentindex.SegmentIndexMixedDrainBenchmark.partitionedIngestMixed
# Parameters: (hotKeySpace = 256, workloadMode = drainOnly)

# Run progress: 0.00% complete, ETA 00:00:14
# Fork: 1 of 1
# Warmup Iteration   1: SLF4J(W): No SLF4J providers were found.
SLF4J(W): Defaulting to no-operation (NOP) logger implementation
SLF4J(W): See https://www.slf4j.org/codes.html#noProviders for further details.
389761.205 ops/s
# Warmup Iteration   2: 417635.847 ops/s
Iteration   1: 440015.774 ops/s
                 getWorkload: 202587.070 ops/s
                 putWorkload: 237428.703 ops/s

Iteration   2: 446444.534 ops/s
                 getWorkload: 201374.546 ops/s
                 putWorkload: 245069.988 ops/s

Iteration   3: 457356.227 ops/s
                 getWorkload: 206267.480 ops/s
                 putWorkload: 251088.747 ops/s

Iteration   4: 463915.385 ops/s
                 getWorkload: 212403.737 ops/s
                 putWorkload: 251511.648 ops/s

Iteration   5: 453488.549 ops/s
                 getWorkload: 192743.819 ops/s
                 putWorkload: 260744.730 ops/s



Result "org.hestiastore.benchmark.segmentindex.SegmentIndexMixedDrainBenchmark.partitionedIngestMixed":
  452244.094 ±(99.9%) 35868.305 ops/s [Average]
  (min, avg, max) = (440015.774, 452244.094, 463915.385), stdev = 9314.885
  CI (99.9%): [416375.789, 488112.398] (assumes normal distribution)

Secondary result "org.hestiastore.benchmark.segmentindex.SegmentIndexMixedDrainBenchmark.partitionedIngestMixed:getWorkload":
  203075.331 ±(99.9%) 27705.924 ops/s [Average]
  (min, avg, max) = (192743.819, 203075.331, 212403.737), stdev = 7195.140
  CI (99.9%): [175369.407, 230781.254] (assumes normal distribution)

Secondary result "org.hestiastore.benchmark.segmentindex.SegmentIndexMixedDrainBenchmark.partitionedIngestMixed:putWorkload":
  249168.763 ±(99.9%) 33225.469 ops/s [Average]
  (min, avg, max) = (237428.703, 249168.763, 260744.730), stdev = 8628.549
  CI (99.9%): [215943.294, 282394.232] (assumes normal distribution)


# Run complete. Total time: 00:00:15

REMEMBER: The numbers below are just data. To gain reusable insights, you need to follow up on
why the numbers are the way they are. Use profilers (see -prof, -lprof), design factorial
experiments, perform baseline and negative tests that provide experimental control, make sure
the benchmarking environment is safe on JVM/OS/HW level, ask for reviews from the domain experts.
Do not assume the numbers tell you what you want them to tell.

NOTE: Current JVM experimentally supports Compiler Blackholes, and they are in use. Please exercise
extra caution when trusting the results, look into the generated code to check the benchmark still
works, and factor in a small probability of new VM bugs. Additionally, while comparisons between
different JVMs are already problematic, the performance difference caused by different Blackhole
modes can be very significant. Please make sure you use the consistent Blackhole mode for comparisons.

Benchmark                                                           (hotKeySpace)  (workloadMode)   Mode  Cnt       Score       Error  Units
SegmentIndexMixedDrainBenchmark.partitionedIngestMixed                        256       drainOnly  thrpt    5  452244.094 ± 35868.305  ops/s
SegmentIndexMixedDrainBenchmark.partitionedIngestMixed:getWorkload            256       drainOnly  thrpt    5  203075.331 ± 27705.924  ops/s
SegmentIndexMixedDrainBenchmark.partitionedIngestMixed:putWorkload            256       drainOnly  thrpt    5  249168.763 ± 33225.469  ops/s

Benchmark result is saved to /home/runner/work/_temp/benchmark-results/candidate/raw/segment-index-mixed-drain.json
