# JMH version: 1.37
# VM version: JDK 21.0.10, OpenJDK 64-Bit Server VM, 21.0.10+7-LTS
# VM invoker: /usr/lib/jvm/temurin-21-jdk-amd64/bin/java
# VM options: <none>
# Blackhole mode: compiler (auto-detected, use -Djmh.blackhole.autoDetect=false to disable)
# Warmup: 1 iterations, 1 s each
# Measurement: 3 iterations, 1 s each
# Timeout: 10 min per iteration
# Threads: 1 thread, will synchronize iterations
# Benchmark mode: Average time, time/op
# Benchmark: org.hestiastore.benchmark.segmentindex.SegmentIndexLifecycleBenchmark.openAndCheckAndRepairConsistency
# Parameters: (keyCount = 16384, snappy = true, valueLength = 64, walMode = sync)

# Run progress: 0.00% complete, ETA 00:00:12
# Fork: 1 of 1
# Warmup Iteration   1: SLF4J(W): No SLF4J providers were found.
SLF4J(W): Defaulting to no-operation (NOP) logger implementation
SLF4J(W): See https://www.slf4j.org/codes.html#noProviders for further details.
241.754 ms/op
Iteration   1: 220.382 ms/op
Iteration   2: 215.522 ms/op
Iteration   3: 216.450 ms/op


Result "org.hestiastore.benchmark.segmentindex.SegmentIndexLifecycleBenchmark.openAndCheckAndRepairConsistency":
  217.451 ±(99.9%) 47.074 ms/op [Average]
  (min, avg, max) = (215.522, 217.451, 220.382), stdev = 2.580
  CI (99.9%): [170.377, 264.525] (assumes normal distribution)


# JMH version: 1.37
# VM version: JDK 21.0.10, OpenJDK 64-Bit Server VM, 21.0.10+7-LTS
# VM invoker: /usr/lib/jvm/temurin-21-jdk-amd64/bin/java
# VM options: <none>
# Blackhole mode: compiler (auto-detected, use -Djmh.blackhole.autoDetect=false to disable)
# Warmup: 1 iterations, 1 s each
# Measurement: 3 iterations, 1 s each
# Timeout: 10 min per iteration
# Threads: 1 thread, will synchronize iterations
# Benchmark mode: Average time, time/op
# Benchmark: org.hestiastore.benchmark.segmentindex.SegmentIndexLifecycleBenchmark.openAndCompact
# Parameters: (keyCount = 16384, snappy = true, valueLength = 64, walMode = sync)

# Run progress: 33.33% complete, ETA 00:00:38
# Fork: 1 of 1
# Warmup Iteration   1: SLF4J(W): No SLF4J providers were found.
SLF4J(W): Defaulting to no-operation (NOP) logger implementation
SLF4J(W): See https://www.slf4j.org/codes.html#noProviders for further details.
261.106 ms/op
Iteration   1: 237.514 ms/op
Iteration   2: 232.155 ms/op
Iteration   3: 230.721 ms/op


Result "org.hestiastore.benchmark.segmentindex.SegmentIndexLifecycleBenchmark.openAndCompact":
  233.463 ±(99.9%) 65.323 ms/op [Average]
  (min, avg, max) = (230.721, 233.463, 237.514), stdev = 3.581
  CI (99.9%): [168.140, 298.786] (assumes normal distribution)


# JMH version: 1.37
# VM version: JDK 21.0.10, OpenJDK 64-Bit Server VM, 21.0.10+7-LTS
# VM invoker: /usr/lib/jvm/temurin-21-jdk-amd64/bin/java
# VM options: <none>
# Blackhole mode: compiler (auto-detected, use -Djmh.blackhole.autoDetect=false to disable)
# Warmup: 1 iterations, 1 s each
# Measurement: 3 iterations, 1 s each
# Timeout: 10 min per iteration
# Threads: 1 thread, will synchronize iterations
# Benchmark mode: Average time, time/op
# Benchmark: org.hestiastore.benchmark.segmentindex.SegmentIndexLifecycleBenchmark.openExisting
# Parameters: (keyCount = 16384, snappy = true, valueLength = 64, walMode = sync)

# Run progress: 66.67% complete, ETA 00:00:21
# Fork: 1 of 1
# Warmup Iteration   1: SLF4J(W): No SLF4J providers were found.
SLF4J(W): Defaulting to no-operation (NOP) logger implementation
SLF4J(W): See https://www.slf4j.org/codes.html#noProviders for further details.
233.114 ms/op
Iteration   1: 213.713 ms/op
Iteration   2: 213.975 ms/op
Iteration   3: 213.929 ms/op


Result "org.hestiastore.benchmark.segmentindex.SegmentIndexLifecycleBenchmark.openExisting":
  213.872 ±(99.9%) 2.557 ms/op [Average]
  (min, avg, max) = (213.713, 213.872, 213.975), stdev = 0.140
  CI (99.9%): [211.315, 216.429] (assumes normal distribution)


# Run complete. Total time: 00:01:12

REMEMBER: The numbers below are just data. To gain reusable insights, you need to follow up on
why the numbers are the way they are. Use profilers (see -prof, -lprof), design factorial
experiments, perform baseline and negative tests that provide experimental control, make sure
the benchmarking environment is safe on JVM/OS/HW level, ask for reviews from the domain experts.
Do not assume the numbers tell you what you want them to tell.

NOTE: Current JVM experimentally supports Compiler Blackholes, and they are in use. Please exercise
extra caution when trusting the results, look into the generated code to check the benchmark still
works, and factor in a small probability of new VM bugs. Additionally, while comparisons between
different JVMs are already problematic, the performance difference caused by different Blackhole
modes can be very significant. Please make sure you use the consistent Blackhole mode for comparisons.

Benchmark                                                        (keyCount)  (snappy)  (valueLength)  (walMode)  Mode  Cnt    Score    Error  Units
SegmentIndexLifecycleBenchmark.openAndCheckAndRepairConsistency       16384      true             64       sync  avgt    3  217.451 ± 47.074  ms/op
SegmentIndexLifecycleBenchmark.openAndCompact                         16384      true             64       sync  avgt    3  233.463 ± 65.323  ms/op
SegmentIndexLifecycleBenchmark.openExisting                           16384      true             64       sync  avgt    3  213.872 ±  2.557  ms/op

Benchmark result is saved to /home/runner/work/_temp/benchmark-results/candidate/raw/segment-index-lifecycle.json
