# JMH version: 1.37
# VM version: JDK 21.0.11, OpenJDK 64-Bit Server VM, 21.0.11+10-LTS
# VM invoker: /usr/lib/jvm/temurin-21-jdk-amd64/bin/java
# VM options: <none>
# Blackhole mode: compiler (auto-detected, use -Djmh.blackhole.autoDetect=false to disable)
# Warmup: 1 iterations, 1 s each
# Measurement: 3 iterations, 1 s each
# Timeout: 10 min per iteration
# Threads: 20 threads (1 group; 4x "getWorkload", 16x "putWorkload" in each group), will synchronize iterations
# Benchmark mode: Throughput, ops/time
# Benchmark: org.hestiastore.benchmark.segmentindex.SegmentIndexMixedDrainBenchmark.partitionedIngestMixed
# Parameters: (hotKeySpace = 256, workloadMode = splitHeavy)

# Run progress: 0.00% complete, ETA 00:00:04
# Fork: 1 of 1
# Warmup Iteration   1: SLF4J(W): No SLF4J providers were found.
SLF4J(W): Defaulting to no-operation (NOP) logger implementation
SLF4J(W): See https://www.slf4j.org/codes.html#noProviders for further details.
324059.092 ops/s
Iteration   1: 705899.385 ops/s
                 getWorkload: 690329.511 ops/s
                 putWorkload: 15569.874 ops/s

Iteration   2: 1068612.188 ops/s
                 getWorkload: 1050902.711 ops/s
                 putWorkload: 17709.477 ops/s

Iteration   3: 1192722.755 ops/s
                 getWorkload: 1172505.298 ops/s
                 putWorkload: 20217.457 ops/s



Result "org.hestiastore.benchmark.segmentindex.SegmentIndexMixedDrainBenchmark.partitionedIngestMixed":
  989078.109 ±(99.9%) 4615102.980 ops/s [Average]
  (min, avg, max) = (705899.385, 989078.109, 1192722.755), stdev = 252969.367
  CI (99.9%): [≈ 0, 5604181.090] (assumes normal distribution)

Secondary result "org.hestiastore.benchmark.segmentindex.SegmentIndexMixedDrainBenchmark.partitionedIngestMixed:getWorkload":
  971245.840 ±(99.9%) 4574858.015 ops/s [Average]
  (min, avg, max) = (690329.511, 971245.840, 1172505.298), stdev = 250763.405
  CI (99.9%): [≈ 0, 5546103.855] (assumes normal distribution)

Secondary result "org.hestiastore.benchmark.segmentindex.SegmentIndexMixedDrainBenchmark.partitionedIngestMixed:putWorkload":
  17832.270 ±(99.9%) 42438.979 ops/s [Average]
  (min, avg, max) = (15569.874, 17832.270, 20217.457), stdev = 2326.224
  CI (99.9%): [≈ 0, 60271.249] (assumes normal distribution)


# Run complete. Total time: 00:00:06

REMEMBER: The numbers below are just data. To gain reusable insights, you need to follow up on
why the numbers are the way they are. Use profilers (see -prof, -lprof), design factorial
experiments, perform baseline and negative tests that provide experimental control, make sure
the benchmarking environment is safe on JVM/OS/HW level, ask for reviews from the domain experts.
Do not assume the numbers tell you what you want them to tell.

NOTE: Current JVM experimentally supports Compiler Blackholes, and they are in use. Please exercise
extra caution when trusting the results, look into the generated code to check the benchmark still
works, and factor in a small probability of new VM bugs. Additionally, while comparisons between
different JVMs are already problematic, the performance difference caused by different Blackhole
modes can be very significant. Please make sure you use the consistent Blackhole mode for comparisons.

Benchmark                                                           (hotKeySpace)  (workloadMode)   Mode  Cnt       Score         Error  Units
SegmentIndexMixedDrainBenchmark.partitionedIngestMixed                        256      splitHeavy  thrpt    3  989078.109 ± 4615102.980  ops/s
SegmentIndexMixedDrainBenchmark.partitionedIngestMixed:getWorkload            256      splitHeavy  thrpt    3  971245.840 ± 4574858.015  ops/s
SegmentIndexMixedDrainBenchmark.partitionedIngestMixed:putWorkload            256      splitHeavy  thrpt    3   17832.270 ±   42438.979  ops/s

Benchmark result is saved to /home/runner/work/_temp/benchmark-results/candidate/raw/segment-index-mixed-split-heavy.json
