# JMH version: 1.37
# VM version: JDK 21.0.11, OpenJDK 64-Bit Server VM, 21.0.11+10-LTS
# VM invoker: /usr/lib/jvm/temurin-21-jdk-amd64/bin/java
# VM options: <none>
# Blackhole mode: compiler (auto-detected, use -Djmh.blackhole.autoDetect=false to disable)
# Warmup: 2 iterations, 2 s each
# Measurement: 5 iterations, 2 s each
# Timeout: 10 min per iteration
# Threads: 20 threads (1 group; 4x "getWorkload", 16x "putWorkload" in each group), will synchronize iterations
# Benchmark mode: Throughput, ops/time
# Benchmark: org.hestiastore.benchmark.segmentindex.SegmentIndexMixedDrainBenchmark.partitionedIngestMixed
# Parameters: (hotKeySpace = 256, workloadMode = splitHeavy)

# Run progress: 0.00% complete, ETA 00:00:14
# Fork: 1 of 1
# Warmup Iteration   1: SLF4J(W): No SLF4J providers were found.
SLF4J(W): Defaulting to no-operation (NOP) logger implementation
SLF4J(W): See https://www.slf4j.org/codes.html#noProviders for further details.
93271.563 ops/s
# Warmup Iteration   2: 195256.023 ops/s
Iteration   1: 242070.043 ops/s
                 getWorkload: 240089.899 ops/s
                 putWorkload: 1980.144 ops/s

Iteration   2: 254435.479 ops/s
                 getWorkload: 252855.102 ops/s
                 putWorkload: 1580.376 ops/s

Iteration   3: 269175.504 ops/s
                 getWorkload: 267806.347 ops/s
                 putWorkload: 1369.157 ops/s

Iteration   4: 287205.436 ops/s
                 getWorkload: 285983.955 ops/s
                 putWorkload: 1221.481 ops/s

Iteration   5: 278281.814 ops/s
                 getWorkload: 277094.750 ops/s
                 putWorkload: 1187.064 ops/s



Result "org.hestiastore.benchmark.segmentindex.SegmentIndexMixedDrainBenchmark.partitionedIngestMixed":
  266233.655 ±(99.9%) 69863.068 ops/s [Average]
  (min, avg, max) = (242070.043, 266233.655, 287205.436), stdev = 18143.217
  CI (99.9%): [196370.587, 336096.723] (assumes normal distribution)

Secondary result "org.hestiastore.benchmark.segmentindex.SegmentIndexMixedDrainBenchmark.partitionedIngestMixed:getWorkload":
  264766.011 ±(99.9%) 71060.366 ops/s [Average]
  (min, avg, max) = (240089.899, 264766.011, 285983.955), stdev = 18454.151
  CI (99.9%): [193705.645, 335826.377] (assumes normal distribution)

Secondary result "org.hestiastore.benchmark.segmentindex.SegmentIndexMixedDrainBenchmark.partitionedIngestMixed:putWorkload":
  1467.644 ±(99.9%) 1254.249 ops/s [Average]
  (min, avg, max) = (1187.064, 1467.644, 1980.144), stdev = 325.724
  CI (99.9%): [213.396, 2721.893] (assumes normal distribution)


# Run complete. Total time: 00:00:29

REMEMBER: The numbers below are just data. To gain reusable insights, you need to follow up on
why the numbers are the way they are. Use profilers (see -prof, -lprof), design factorial
experiments, perform baseline and negative tests that provide experimental control, make sure
the benchmarking environment is safe on JVM/OS/HW level, ask for reviews from the domain experts.
Do not assume the numbers tell you what you want them to tell.

NOTE: Current JVM experimentally supports Compiler Blackholes, and they are in use. Please exercise
extra caution when trusting the results, look into the generated code to check the benchmark still
works, and factor in a small probability of new VM bugs. Additionally, while comparisons between
different JVMs are already problematic, the performance difference caused by different Blackhole
modes can be very significant. Please make sure you use the consistent Blackhole mode for comparisons.

Benchmark                                                           (hotKeySpace)  (workloadMode)   Mode  Cnt       Score       Error  Units
SegmentIndexMixedDrainBenchmark.partitionedIngestMixed                        256      splitHeavy  thrpt    5  266233.655 ± 69863.068  ops/s
SegmentIndexMixedDrainBenchmark.partitionedIngestMixed:getWorkload            256      splitHeavy  thrpt    5  264766.011 ± 71060.366  ops/s
SegmentIndexMixedDrainBenchmark.partitionedIngestMixed:putWorkload            256      splitHeavy  thrpt    5    1467.644 ±  1254.249  ops/s

Benchmark result is saved to /home/runner/work/_temp/benchmark-results/candidate/raw/segment-index-mixed-split-heavy.json
