# JMH version: 1.37
# VM version: JDK 21.0.10, OpenJDK 64-Bit Server VM, 21.0.10+7-LTS
# VM invoker: /usr/lib/jvm/temurin-21-jdk-amd64/bin/java
# VM options: <none>
# Blackhole mode: compiler (auto-detected, use -Djmh.blackhole.autoDetect=false to disable)
# Warmup: 1 iterations, 1 s each
# Measurement: 3 iterations, 1 s each
# Timeout: 10 min per iteration
# Threads: 4 threads, will synchronize iterations
# Benchmark mode: Throughput, ops/time
# Benchmark: org.hestiastore.benchmark.segmentindex.SegmentIndexMultiSegmentGetBenchmark.getHitSync
# Parameters: (keyCount = 32768, maxKeysInSegment = 1024, maxSegmentsInCache = 3, snappy = true, valueLength = 64, workingSetMode = hot)

# Run progress: 0.00% complete, ETA 00:00:08
# Fork: 1 of 1
# Warmup Iteration   1: SLF4J(W): No SLF4J providers were found.
SLF4J(W): Defaulting to no-operation (NOP) logger implementation
SLF4J(W): See https://www.slf4j.org/codes.html#noProviders for further details.
6069.386 ops/s
Iteration   1: 6582.107 ops/s
Iteration   2: 8409.458 ops/s
Iteration   3: 8774.554 ops/s


Result "org.hestiastore.benchmark.segmentindex.SegmentIndexMultiSegmentGetBenchmark.getHitSync":
  7922.040 ±(99.9%) 21430.656 ops/s [Average]
  (min, avg, max) = (6582.107, 7922.040, 8774.554), stdev = 1174.687
  CI (99.9%): [≈ 0, 29352.696] (assumes normal distribution)


# JMH version: 1.37
# VM version: JDK 21.0.10, OpenJDK 64-Bit Server VM, 21.0.10+7-LTS
# VM invoker: /usr/lib/jvm/temurin-21-jdk-amd64/bin/java
# VM options: <none>
# Blackhole mode: compiler (auto-detected, use -Djmh.blackhole.autoDetect=false to disable)
# Warmup: 1 iterations, 1 s each
# Measurement: 3 iterations, 1 s each
# Timeout: 10 min per iteration
# Threads: 4 threads, will synchronize iterations
# Benchmark mode: Throughput, ops/time
# Benchmark: org.hestiastore.benchmark.segmentindex.SegmentIndexMultiSegmentGetBenchmark.getMissSync
# Parameters: (keyCount = 32768, maxKeysInSegment = 1024, maxSegmentsInCache = 3, snappy = true, valueLength = 64, workingSetMode = hot)

# Run progress: 50.00% complete, ETA 00:00:20
# Fork: 1 of 1
# Warmup Iteration   1: SLF4J(W): No SLF4J providers were found.
SLF4J(W): Defaulting to no-operation (NOP) logger implementation
SLF4J(W): See https://www.slf4j.org/codes.html#noProviders for further details.
3065378.464 ops/s
Iteration   1: 3902023.763 ops/s
Iteration   2: 3999653.169 ops/s
Iteration   3: 3879310.727 ops/s


Result "org.hestiastore.benchmark.segmentindex.SegmentIndexMultiSegmentGetBenchmark.getMissSync":
  3926995.886 ±(99.9%) 1166497.559 ops/s [Average]
  (min, avg, max) = (3879310.727, 3926995.886, 3999653.169), stdev = 63939.667
  CI (99.9%): [2760498.327, 5093493.445] (assumes normal distribution)


# Run complete. Total time: 00:00:41

REMEMBER: The numbers below are just data. To gain reusable insights, you need to follow up on
why the numbers are the way they are. Use profilers (see -prof, -lprof), design factorial
experiments, perform baseline and negative tests that provide experimental control, make sure
the benchmarking environment is safe on JVM/OS/HW level, ask for reviews from the domain experts.
Do not assume the numbers tell you what you want them to tell.

NOTE: Current JVM experimentally supports Compiler Blackholes, and they are in use. Please exercise
extra caution when trusting the results, look into the generated code to check the benchmark still
works, and factor in a small probability of new VM bugs. Additionally, while comparisons between
different JVMs are already problematic, the performance difference caused by different Blackhole
modes can be very significant. Please make sure you use the consistent Blackhole mode for comparisons.

Benchmark                                         (keyCount)  (maxKeysInSegment)  (maxSegmentsInCache)  (snappy)  (valueLength)  (workingSetMode)   Mode  Cnt        Score         Error  Units
SegmentIndexMultiSegmentGetBenchmark.getHitSync        32768                1024                     3      true             64               hot  thrpt    3     7922.040 ±   21430.656  ops/s
SegmentIndexMultiSegmentGetBenchmark.getMissSync       32768                1024                     3      true             64               hot  thrpt    3  3926995.886 ± 1166497.559  ops/s

Benchmark result is saved to /home/runner/work/_temp/benchmark-results/candidate/raw/segment-index-get-multisegment-hot.json
