# JMH version: 1.37
# VM version: JDK 21.0.10, OpenJDK 64-Bit Server VM, 21.0.10+7-LTS
# VM invoker: /usr/lib/jvm/temurin-21-jdk-amd64/bin/java
# VM options: <none>
# Blackhole mode: compiler (auto-detected, use -Djmh.blackhole.autoDetect=false to disable)
# Warmup: 2 iterations, 2 s each
# Measurement: 5 iterations, 2 s each
# Timeout: 10 min per iteration
# Threads: 1 thread, will synchronize iterations
# Benchmark mode: Throughput, ops/time
# Benchmark: org.hestiastore.benchmark.sorteddatafile.DiffKeyReaderBenchmark.readNextKey
# Parameters: (entryCount = 8192, keyLength = 48, valueLength = 64)

# Run progress: 0.00% complete, ETA 00:00:14
# Fork: 1 of 1
# Warmup Iteration   1: SLF4J(W): No SLF4J providers were found.
SLF4J(W): Defaulting to no-operation (NOP) logger implementation
SLF4J(W): See https://www.slf4j.org/codes.html#noProviders for further details.
5764457.262 ops/s
# Warmup Iteration   2: 7470157.730 ops/s
Iteration   1: 7535063.492 ops/s
Iteration   2: 7434875.130 ops/s
Iteration   3: 7546746.678 ops/s
Iteration   4: 7535507.355 ops/s
Iteration   5: 7564218.251 ops/s


Result "org.hestiastore.benchmark.sorteddatafile.DiffKeyReaderBenchmark.readNextKey":
  7523282.181 ±(99.9%) 195687.032 ops/s [Average]
  (min, avg, max) = (7434875.130, 7523282.181, 7564218.251), stdev = 50819.301
  CI (99.9%): [7327595.149, 7718969.213] (assumes normal distribution)


# Run complete. Total time: 00:00:14

REMEMBER: The numbers below are just data. To gain reusable insights, you need to follow up on
why the numbers are the way they are. Use profilers (see -prof, -lprof), design factorial
experiments, perform baseline and negative tests that provide experimental control, make sure
the benchmarking environment is safe on JVM/OS/HW level, ask for reviews from the domain experts.
Do not assume the numbers tell you what you want them to tell.

NOTE: Current JVM experimentally supports Compiler Blackholes, and they are in use. Please exercise
extra caution when trusting the results, look into the generated code to check the benchmark still
works, and factor in a small probability of new VM bugs. Additionally, while comparisons between
different JVMs are already problematic, the performance difference caused by different Blackhole
modes can be very significant. Please make sure you use the consistent Blackhole mode for comparisons.

Benchmark                           (entryCount)  (keyLength)  (valueLength)   Mode  Cnt        Score        Error  Units
DiffKeyReaderBenchmark.readNextKey          8192           48             64  thrpt    5  7523282.181 ± 195687.032  ops/s

Benchmark result is saved to /home/runner/work/_temp/benchmark-results/candidate/raw/sorted-data-diff-key-read-large.json
