# JMH version: 1.37
# VM version: JDK 21.0.11, OpenJDK 64-Bit Server VM, 21.0.11+10-LTS
# VM invoker: /usr/lib/jvm/temurin-21-jdk-amd64/bin/java
# VM options: <none>
# Blackhole mode: compiler (auto-detected, use -Djmh.blackhole.autoDetect=false to disable)
# Warmup: 2 iterations, 2 s each
# Measurement: 5 iterations, 2 s each
# Timeout: 10 min per iteration
# Threads: 20 threads (1 group; 4x "getWorkload", 16x "putWorkload" in each group), will synchronize iterations
# Benchmark mode: Throughput, ops/time
# Benchmark: org.hestiastore.benchmark.segmentindex.SegmentIndexMixedDrainBenchmark.partitionedIngestMixed
# Parameters: (hotKeySpace = 256, workloadMode = splitHeavy)

# Run progress: 0.00% complete, ETA 00:00:14
# Fork: 1 of 1
# Warmup Iteration   1: SLF4J(W): No SLF4J providers were found.
SLF4J(W): Defaulting to no-operation (NOP) logger implementation
SLF4J(W): See https://www.slf4j.org/codes.html#noProviders for further details.
91480.136 ops/s
# Warmup Iteration   2: 210588.279 ops/s
Iteration   1: 238661.754 ops/s
                 getWorkload: 236724.194 ops/s
                 putWorkload: 1937.561 ops/s

Iteration   2: 247448.365 ops/s
                 getWorkload: 245757.721 ops/s
                 putWorkload: 1690.644 ops/s

Iteration   3: 249824.904 ops/s
                 getWorkload: 248467.765 ops/s
                 putWorkload: 1357.139 ops/s

Iteration   4: 271677.934 ops/s
                 getWorkload: 270251.290 ops/s
                 putWorkload: 1426.644 ops/s

Iteration   5: 273143.529 ops/s
                 getWorkload: 271869.789 ops/s
                 putWorkload: 1273.740 ops/s



Result "org.hestiastore.benchmark.segmentindex.SegmentIndexMixedDrainBenchmark.partitionedIngestMixed":
  256151.297 ±(99.9%) 59388.015 ops/s [Average]
  (min, avg, max) = (238661.754, 256151.297, 273143.529), stdev = 15422.879
  CI (99.9%): [196763.282, 315539.313] (assumes normal distribution)

Secondary result "org.hestiastore.benchmark.segmentindex.SegmentIndexMixedDrainBenchmark.partitionedIngestMixed:getWorkload":
  254614.152 ±(99.9%) 60227.264 ops/s [Average]
  (min, avg, max) = (236724.194, 254614.152, 271869.789), stdev = 15640.829
  CI (99.9%): [194386.888, 314841.416] (assumes normal distribution)

Secondary result "org.hestiastore.benchmark.segmentindex.SegmentIndexMixedDrainBenchmark.partitionedIngestMixed:putWorkload":
  1537.146 ±(99.9%) 1050.826 ops/s [Average]
  (min, avg, max) = (1273.740, 1537.146, 1937.561), stdev = 272.896
  CI (99.9%): [486.319, 2587.972] (assumes normal distribution)


# Run complete. Total time: 00:00:29

REMEMBER: The numbers below are just data. To gain reusable insights, you need to follow up on
why the numbers are the way they are. Use profilers (see -prof, -lprof), design factorial
experiments, perform baseline and negative tests that provide experimental control, make sure
the benchmarking environment is safe on JVM/OS/HW level, ask for reviews from the domain experts.
Do not assume the numbers tell you what you want them to tell.

NOTE: Current JVM experimentally supports Compiler Blackholes, and they are in use. Please exercise
extra caution when trusting the results, look into the generated code to check the benchmark still
works, and factor in a small probability of new VM bugs. Additionally, while comparisons between
different JVMs are already problematic, the performance difference caused by different Blackhole
modes can be very significant. Please make sure you use the consistent Blackhole mode for comparisons.

Benchmark                                                           (hotKeySpace)  (workloadMode)   Mode  Cnt       Score       Error  Units
SegmentIndexMixedDrainBenchmark.partitionedIngestMixed                        256      splitHeavy  thrpt    5  256151.297 ± 59388.015  ops/s
SegmentIndexMixedDrainBenchmark.partitionedIngestMixed:getWorkload            256      splitHeavy  thrpt    5  254614.152 ± 60227.264  ops/s
SegmentIndexMixedDrainBenchmark.partitionedIngestMixed:putWorkload            256      splitHeavy  thrpt    5    1537.146 ±  1050.826  ops/s

Benchmark result is saved to /home/runner/work/_temp/benchmark-results/candidate/raw/segment-index-mixed-split-heavy.json
