# JMH version: 1.37
# VM version: JDK 21.0.11, OpenJDK 64-Bit Server VM, 21.0.11+10-LTS
# VM invoker: /usr/lib/jvm/temurin-21-jdk-amd64/bin/java
# VM options: <none>
# Blackhole mode: compiler (auto-detected, use -Djmh.blackhole.autoDetect=false to disable)
# Warmup: 2 iterations, 2 s each
# Measurement: 5 iterations, 2 s each
# Timeout: 10 min per iteration
# Threads: 4 threads, will synchronize iterations
# Benchmark mode: Throughput, ops/time
# Benchmark: org.hestiastore.benchmark.segmentindex.SegmentIndexGetBenchmark.getHitAsyncJoin
# Parameters: (keyCount = 12000, maxKeysInChunk = 256, readPathMode = overlay, snappy = true, valueLength = 64)

# Run progress: 0.00% complete, ETA 00:00:56
# Fork: 1 of 1
# Warmup Iteration   1: SLF4J(W): No SLF4J providers were found.
SLF4J(W): Defaulting to no-operation (NOP) logger implementation
SLF4J(W): See https://www.slf4j.org/codes.html#noProviders for further details.
147675.516 ops/s
# Warmup Iteration   2: 164276.928 ops/s
Iteration   1: 163264.011 ops/s
Iteration   2: 163376.866 ops/s
Iteration   3: 163721.394 ops/s
Iteration   4: 163018.707 ops/s
Iteration   5: 163272.089 ops/s


Result "org.hestiastore.benchmark.segmentindex.SegmentIndexGetBenchmark.getHitAsyncJoin":
  163330.613 ±(99.9%) 981.716 ops/s [Average]
  (min, avg, max) = (163018.707, 163330.613, 163721.394), stdev = 254.948
  CI (99.9%): [162348.898, 164312.329] (assumes normal distribution)


# JMH version: 1.37
# VM version: JDK 21.0.11, OpenJDK 64-Bit Server VM, 21.0.11+10-LTS
# VM invoker: /usr/lib/jvm/temurin-21-jdk-amd64/bin/java
# VM options: <none>
# Blackhole mode: compiler (auto-detected, use -Djmh.blackhole.autoDetect=false to disable)
# Warmup: 2 iterations, 2 s each
# Measurement: 5 iterations, 2 s each
# Timeout: 10 min per iteration
# Threads: 4 threads, will synchronize iterations
# Benchmark mode: Throughput, ops/time
# Benchmark: org.hestiastore.benchmark.segmentindex.SegmentIndexGetBenchmark.getHitSync
# Parameters: (keyCount = 12000, maxKeysInChunk = 256, readPathMode = overlay, snappy = true, valueLength = 64)

# Run progress: 25.00% complete, ETA 00:00:47
# Fork: 1 of 1
# Warmup Iteration   1: SLF4J(W): No SLF4J providers were found.
SLF4J(W): Defaulting to no-operation (NOP) logger implementation
SLF4J(W): See https://www.slf4j.org/codes.html#noProviders for further details.
3183417.758 ops/s
# Warmup Iteration   2: 4067544.617 ops/s
Iteration   1: 3911152.792 ops/s
Iteration   2: 3934281.134 ops/s
Iteration   3: 3935644.884 ops/s
Iteration   4: 3926044.502 ops/s
Iteration   5: 3920342.390 ops/s


Result "org.hestiastore.benchmark.segmentindex.SegmentIndexGetBenchmark.getHitSync":
  3925493.140 ±(99.9%) 39116.106 ops/s [Average]
  (min, avg, max) = (3911152.792, 3925493.140, 3935644.884), stdev = 10158.328
  CI (99.9%): [3886377.035, 3964609.246] (assumes normal distribution)


# JMH version: 1.37
# VM version: JDK 21.0.11, OpenJDK 64-Bit Server VM, 21.0.11+10-LTS
# VM invoker: /usr/lib/jvm/temurin-21-jdk-amd64/bin/java
# VM options: <none>
# Blackhole mode: compiler (auto-detected, use -Djmh.blackhole.autoDetect=false to disable)
# Warmup: 2 iterations, 2 s each
# Measurement: 5 iterations, 2 s each
# Timeout: 10 min per iteration
# Threads: 4 threads, will synchronize iterations
# Benchmark mode: Throughput, ops/time
# Benchmark: org.hestiastore.benchmark.segmentindex.SegmentIndexGetBenchmark.getMissAsyncJoin
# Parameters: (keyCount = 12000, maxKeysInChunk = 256, readPathMode = overlay, snappy = true, valueLength = 64)

# Run progress: 50.00% complete, ETA 00:00:31
# Fork: 1 of 1
# Warmup Iteration   1: SLF4J(W): No SLF4J providers were found.
SLF4J(W): Defaulting to no-operation (NOP) logger implementation
SLF4J(W): See https://www.slf4j.org/codes.html#noProviders for further details.
149958.347 ops/s
# Warmup Iteration   2: 163083.051 ops/s
Iteration   1: 164075.454 ops/s
Iteration   2: 162585.681 ops/s
Iteration   3: 163710.569 ops/s
Iteration   4: 163544.926 ops/s
Iteration   5: 163827.912 ops/s


Result "org.hestiastore.benchmark.segmentindex.SegmentIndexGetBenchmark.getMissAsyncJoin":
  163548.908 ±(99.9%) 2202.833 ops/s [Average]
  (min, avg, max) = (162585.681, 163548.908, 164075.454), stdev = 572.069
  CI (99.9%): [161346.075, 165751.742] (assumes normal distribution)


# JMH version: 1.37
# VM version: JDK 21.0.11, OpenJDK 64-Bit Server VM, 21.0.11+10-LTS
# VM invoker: /usr/lib/jvm/temurin-21-jdk-amd64/bin/java
# VM options: <none>
# Blackhole mode: compiler (auto-detected, use -Djmh.blackhole.autoDetect=false to disable)
# Warmup: 2 iterations, 2 s each
# Measurement: 5 iterations, 2 s each
# Timeout: 10 min per iteration
# Threads: 4 threads, will synchronize iterations
# Benchmark mode: Throughput, ops/time
# Benchmark: org.hestiastore.benchmark.segmentindex.SegmentIndexGetBenchmark.getMissSync
# Parameters: (keyCount = 12000, maxKeysInChunk = 256, readPathMode = overlay, snappy = true, valueLength = 64)

# Run progress: 75.00% complete, ETA 00:00:15
# Fork: 1 of 1
# Warmup Iteration   1: SLF4J(W): No SLF4J providers were found.
SLF4J(W): Defaulting to no-operation (NOP) logger implementation
SLF4J(W): See https://www.slf4j.org/codes.html#noProviders for further details.
3191502.814 ops/s
# Warmup Iteration   2: 3914322.618 ops/s
Iteration   1: 4046307.079 ops/s
Iteration   2: 3916477.538 ops/s
Iteration   3: 3877729.883 ops/s
Iteration   4: 3909842.150 ops/s
Iteration   5: 3904429.733 ops/s


Result "org.hestiastore.benchmark.segmentindex.SegmentIndexGetBenchmark.getMissSync":
  3930957.276 ±(99.9%) 254681.268 ops/s [Average]
  (min, avg, max) = (3877729.883, 3930957.276, 4046307.079), stdev = 66139.917
  CI (99.9%): [3676276.008, 4185638.545] (assumes normal distribution)


# Run complete. Total time: 00:01:03

REMEMBER: The numbers below are just data. To gain reusable insights, you need to follow up on
why the numbers are the way they are. Use profilers (see -prof, -lprof), design factorial
experiments, perform baseline and negative tests that provide experimental control, make sure
the benchmarking environment is safe on JVM/OS/HW level, ask for reviews from the domain experts.
Do not assume the numbers tell you what you want them to tell.

NOTE: Current JVM experimentally supports Compiler Blackholes, and they are in use. Please exercise
extra caution when trusting the results, look into the generated code to check the benchmark still
works, and factor in a small probability of new VM bugs. Additionally, while comparisons between
different JVMs are already problematic, the performance difference caused by different Blackhole
modes can be very significant. Please make sure you use the consistent Blackhole mode for comparisons.

Benchmark                                  (keyCount)  (maxKeysInChunk)  (readPathMode)  (snappy)  (valueLength)   Mode  Cnt        Score        Error  Units
SegmentIndexGetBenchmark.getHitAsyncJoin        12000               256         overlay      true             64  thrpt    5   163330.613 ±    981.716  ops/s
SegmentIndexGetBenchmark.getHitSync             12000               256         overlay      true             64  thrpt    5  3925493.140 ±  39116.106  ops/s
SegmentIndexGetBenchmark.getMissAsyncJoin       12000               256         overlay      true             64  thrpt    5   163548.908 ±   2202.833  ops/s
SegmentIndexGetBenchmark.getMissSync            12000               256         overlay      true             64  thrpt    5  3930957.276 ± 254681.268  ops/s

Benchmark result is saved to /home/runner/work/_temp/benchmark-results/candidate/raw/segment-index-get-overlay.json
