# JMH version: 1.37
# VM version: JDK 21.0.10, OpenJDK 64-Bit Server VM, 21.0.10+7-LTS
# VM invoker: /usr/lib/jvm/temurin-21-jdk-amd64/bin/java
# VM options: <none>
# Blackhole mode: compiler (auto-detected, use -Djmh.blackhole.autoDetect=false to disable)
# Warmup: 2 iterations, 2 s each
# Measurement: 5 iterations, 2 s each
# Timeout: 10 min per iteration
# Threads: 20 threads (1 group; 4x "getWorkload", 16x "putWorkload" in each group), will synchronize iterations
# Benchmark mode: Throughput, ops/time
# Benchmark: org.hestiastore.benchmark.segmentindex.SegmentIndexMixedDrainBenchmark.partitionedIngestMixed
# Parameters: (hotKeySpace = 256, workloadMode = drainOnly)

# Run progress: 0.00% complete, ETA 00:00:14
# Fork: 1 of 1
# Warmup Iteration   1: SLF4J(W): No SLF4J providers were found.
SLF4J(W): Defaulting to no-operation (NOP) logger implementation
SLF4J(W): See https://www.slf4j.org/codes.html#noProviders for further details.
260522.551 ops/s
# Warmup Iteration   2: 447884.862 ops/s
Iteration   1: 504038.907 ops/s
                 getWorkload: 498730.121 ops/s
                 putWorkload: 5308.787 ops/s

Iteration   2: 510396.604 ops/s
                 getWorkload: 505093.770 ops/s
                 putWorkload: 5302.833 ops/s

Iteration   3: 528749.168 ops/s
                 getWorkload: 523392.717 ops/s
                 putWorkload: 5356.452 ops/s

Iteration   4: 516495.210 ops/s
                 getWorkload: 511126.926 ops/s
                 putWorkload: 5368.284 ops/s

Iteration   5: 529743.513 ops/s
                 getWorkload: 524347.726 ops/s
                 putWorkload: 5395.787 ops/s



Result "org.hestiastore.benchmark.segmentindex.SegmentIndexMixedDrainBenchmark.partitionedIngestMixed":
  517884.680 ±(99.9%) 43410.626 ops/s [Average]
  (min, avg, max) = (504038.907, 517884.680, 529743.513), stdev = 11273.602
  CI (99.9%): [474474.055, 561295.306] (assumes normal distribution)

Secondary result "org.hestiastore.benchmark.segmentindex.SegmentIndexMixedDrainBenchmark.partitionedIngestMixed:getWorkload":
  512538.252 ±(99.9%) 43281.637 ops/s [Average]
  (min, avg, max) = (498730.121, 512538.252, 524347.726), stdev = 11240.104
  CI (99.9%): [469256.615, 555819.889] (assumes normal distribution)

Secondary result "org.hestiastore.benchmark.segmentindex.SegmentIndexMixedDrainBenchmark.partitionedIngestMixed:putWorkload":
  5346.428 ±(99.9%) 153.204 ops/s [Average]
  (min, avg, max) = (5302.833, 5346.428, 5395.787), stdev = 39.786
  CI (99.9%): [5193.225, 5499.632] (assumes normal distribution)


# Run complete. Total time: 00:00:16

REMEMBER: The numbers below are just data. To gain reusable insights, you need to follow up on
why the numbers are the way they are. Use profilers (see -prof, -lprof), design factorial
experiments, perform baseline and negative tests that provide experimental control, make sure
the benchmarking environment is safe on JVM/OS/HW level, ask for reviews from the domain experts.
Do not assume the numbers tell you what you want them to tell.

NOTE: Current JVM experimentally supports Compiler Blackholes, and they are in use. Please exercise
extra caution when trusting the results, look into the generated code to check the benchmark still
works, and factor in a small probability of new VM bugs. Additionally, while comparisons between
different JVMs are already problematic, the performance difference caused by different Blackhole
modes can be very significant. Please make sure you use the consistent Blackhole mode for comparisons.

Benchmark                                                           (hotKeySpace)  (workloadMode)   Mode  Cnt       Score       Error  Units
SegmentIndexMixedDrainBenchmark.partitionedIngestMixed                        256       drainOnly  thrpt    5  517884.680 ± 43410.626  ops/s
SegmentIndexMixedDrainBenchmark.partitionedIngestMixed:getWorkload            256       drainOnly  thrpt    5  512538.252 ± 43281.637  ops/s
SegmentIndexMixedDrainBenchmark.partitionedIngestMixed:putWorkload            256       drainOnly  thrpt    5    5346.428 ±   153.204  ops/s

Benchmark result is saved to /home/runner/work/_temp/benchmark-results/candidate/raw/segment-index-mixed-drain.json
