# JMH version: 1.37
# VM version: JDK 21.0.11, OpenJDK 64-Bit Server VM, 21.0.11+10-LTS
# VM invoker: /usr/lib/jvm/temurin-21-jdk-amd64/bin/java
# VM options: <none>
# Blackhole mode: compiler (auto-detected, use -Djmh.blackhole.autoDetect=false to disable)
# Warmup: 2 iterations, 2 s each
# Measurement: 5 iterations, 2 s each
# Timeout: 10 min per iteration
# Threads: 20 threads (1 group; 4x "getWorkload", 16x "putWorkload" in each group), will synchronize iterations
# Benchmark mode: Throughput, ops/time
# Benchmark: org.hestiastore.benchmark.segmentindex.SegmentIndexMixedDrainBenchmark.partitionedIngestMixed
# Parameters: (hotKeySpace = 256, workloadMode = drainOnly)

# Run progress: 0.00% complete, ETA 00:00:14
# Fork: 1 of 1
# Warmup Iteration   1: SLF4J(W): No SLF4J providers were found.
SLF4J(W): Defaulting to no-operation (NOP) logger implementation
SLF4J(W): See https://www.slf4j.org/codes.html#noProviders for further details.
208963.154 ops/s
# Warmup Iteration   2: 478409.884 ops/s
Iteration   1: 497134.739 ops/s
                 getWorkload: 491773.705 ops/s
                 putWorkload: 5361.034 ops/s

Iteration   2: 514148.283 ops/s
                 getWorkload: 508758.918 ops/s
                 putWorkload: 5389.365 ops/s

Iteration   3: 507319.004 ops/s
                 getWorkload: 501979.613 ops/s
                 putWorkload: 5339.391 ops/s

Iteration   4: 525705.452 ops/s
                 getWorkload: 520401.639 ops/s
                 putWorkload: 5303.813 ops/s

Iteration   5: 486638.005 ops/s
                 getWorkload: 481292.372 ops/s
                 putWorkload: 5345.634 ops/s



Result "org.hestiastore.benchmark.segmentindex.SegmentIndexMixedDrainBenchmark.partitionedIngestMixed":
  506189.097 ±(99.9%) 58071.362 ops/s [Average]
  (min, avg, max) = (486638.005, 506189.097, 525705.452), stdev = 15080.948
  CI (99.9%): [448117.734, 564260.459] (assumes normal distribution)

Secondary result "org.hestiastore.benchmark.segmentindex.SegmentIndexMixedDrainBenchmark.partitionedIngestMixed:getWorkload":
  500841.249 ±(99.9%) 58110.707 ops/s [Average]
  (min, avg, max) = (481292.372, 500841.249, 520401.639), stdev = 15091.166
  CI (99.9%): [442730.542, 558951.956] (assumes normal distribution)

Secondary result "org.hestiastore.benchmark.segmentindex.SegmentIndexMixedDrainBenchmark.partitionedIngestMixed:putWorkload":
  5347.847 ±(99.9%) 120.437 ops/s [Average]
  (min, avg, max) = (5303.813, 5347.847, 5389.365), stdev = 31.277
  CI (99.9%): [5227.410, 5468.285] (assumes normal distribution)


# Run complete. Total time: 00:00:16

REMEMBER: The numbers below are just data. To gain reusable insights, you need to follow up on
why the numbers are the way they are. Use profilers (see -prof, -lprof), design factorial
experiments, perform baseline and negative tests that provide experimental control, make sure
the benchmarking environment is safe on JVM/OS/HW level, ask for reviews from the domain experts.
Do not assume the numbers tell you what you want them to tell.

NOTE: Current JVM experimentally supports Compiler Blackholes, and they are in use. Please exercise
extra caution when trusting the results, look into the generated code to check the benchmark still
works, and factor in a small probability of new VM bugs. Additionally, while comparisons between
different JVMs are already problematic, the performance difference caused by different Blackhole
modes can be very significant. Please make sure you use the consistent Blackhole mode for comparisons.

Benchmark                                                           (hotKeySpace)  (workloadMode)   Mode  Cnt       Score       Error  Units
SegmentIndexMixedDrainBenchmark.partitionedIngestMixed                        256       drainOnly  thrpt    5  506189.097 ± 58071.362  ops/s
SegmentIndexMixedDrainBenchmark.partitionedIngestMixed:getWorkload            256       drainOnly  thrpt    5  500841.249 ± 58110.707  ops/s
SegmentIndexMixedDrainBenchmark.partitionedIngestMixed:putWorkload            256       drainOnly  thrpt    5    5347.847 ±   120.437  ops/s

Benchmark result is saved to /home/runner/work/_temp/benchmark-results/candidate/raw/segment-index-mixed-drain.json
