# JMH version: 1.37
# VM version: JDK 21.0.10, OpenJDK 64-Bit Server VM, 21.0.10+7-LTS
# VM invoker: /usr/lib/jvm/temurin-21-jdk-amd64/bin/java
# VM options: <none>
# Blackhole mode: compiler (auto-detected, use -Djmh.blackhole.autoDetect=false to disable)
# Warmup: 1 iterations, 1 s each
# Measurement: 3 iterations, 1 s each
# Timeout: 10 min per iteration
# Threads: 1 thread, will synchronize iterations
# Benchmark mode: Throughput, ops/time
# Benchmark: org.hestiastore.benchmark.chunkentryfile.SingleChunkEntryWriterBenchmark.writeEntrySteadyState
# Parameters: (entriesPerChunk = 256, valueLength = 64)

# Run progress: 0.00% complete, ETA 00:00:04
# Fork: 1 of 1
# Warmup Iteration   1: SLF4J: Failed to load class "org.slf4j.impl.StaticLoggerBinder".
SLF4J: Defaulting to no-operation (NOP) logger implementation
SLF4J: See http://www.slf4j.org/codes.html#StaticLoggerBinder for further details.
6822536.213 ops/s
Iteration   1: 7790890.904 ops/s
Iteration   2: 7944543.575 ops/s
Iteration   3: 7940473.952 ops/s


Result "org.hestiastore.benchmark.chunkentryfile.SingleChunkEntryWriterBenchmark.writeEntrySteadyState":
  7891969.477 ±(99.9%) 1597425.075 ops/s [Average]
  (min, avg, max) = (7790890.904, 7891969.477, 7944543.575), stdev = 87560.259
  CI (99.9%): [6294544.402, 9489394.552] (assumes normal distribution)


# Run complete. Total time: 00:00:04

REMEMBER: The numbers below are just data. To gain reusable insights, you need to follow up on
why the numbers are the way they are. Use profilers (see -prof, -lprof), design factorial
experiments, perform baseline and negative tests that provide experimental control, make sure
the benchmarking environment is safe on JVM/OS/HW level, ask for reviews from the domain experts.
Do not assume the numbers tell you what you want them to tell.

NOTE: Current JVM experimentally supports Compiler Blackholes, and they are in use. Please exercise
extra caution when trusting the results, look into the generated code to check the benchmark still
works, and factor in a small probability of new VM bugs. Additionally, while comparisons between
different JVMs are already problematic, the performance difference caused by different Blackhole
modes can be very significant. Please make sure you use the consistent Blackhole mode for comparisons.

Benchmark                                              (entriesPerChunk)  (valueLength)   Mode  Cnt        Score         Error  Units
SingleChunkEntryWriterBenchmark.writeEntrySteadyState                256             64  thrpt    3  7891969.477 ± 1597425.075  ops/s

Benchmark result is saved to /home/runner/work/_temp/benchmark-results/candidate/raw/single-chunk-entry-write.json
