# JMH version: 1.37
# VM version: JDK 21.0.10, OpenJDK 64-Bit Server VM, 21.0.10+7-LTS
# VM invoker: /usr/lib/jvm/temurin-21-jdk-amd64/bin/java
# VM options: <none>
# Blackhole mode: compiler (auto-detected, use -Djmh.blackhole.autoDetect=false to disable)
# Warmup: 2 iterations, 2 s each
# Measurement: 5 iterations, 2 s each
# Timeout: 10 min per iteration
# Threads: 4 threads, will synchronize iterations
# Benchmark mode: Throughput, ops/time
# Benchmark: org.hestiastore.benchmark.segmentindex.SegmentIndexGetBenchmark.getHitAsyncJoin
# Parameters: (keyCount = 12000, maxKeysInChunk = 256, readPathMode = overlay, snappy = true, valueLength = 64)

# Run progress: 0.00% complete, ETA 00:00:56
# Fork: 1 of 1
# Warmup Iteration   1: SLF4J(W): No SLF4J providers were found.
SLF4J(W): Defaulting to no-operation (NOP) logger implementation
SLF4J(W): See https://www.slf4j.org/codes.html#noProviders for further details.
141187.912 ops/s
# Warmup Iteration   2: 155607.486 ops/s
Iteration   1: 157458.836 ops/s
Iteration   2: 159200.692 ops/s
Iteration   3: 159324.532 ops/s
Iteration   4: 160055.341 ops/s
Iteration   5: 160249.595 ops/s


Result "org.hestiastore.benchmark.segmentindex.SegmentIndexGetBenchmark.getHitAsyncJoin":
  159257.799 ±(99.9%) 4246.074 ops/s [Average]
  (min, avg, max) = (157458.836, 159257.799, 160249.595), stdev = 1102.692
  CI (99.9%): [155011.725, 163503.874] (assumes normal distribution)


# JMH version: 1.37
# VM version: JDK 21.0.10, OpenJDK 64-Bit Server VM, 21.0.10+7-LTS
# VM invoker: /usr/lib/jvm/temurin-21-jdk-amd64/bin/java
# VM options: <none>
# Blackhole mode: compiler (auto-detected, use -Djmh.blackhole.autoDetect=false to disable)
# Warmup: 2 iterations, 2 s each
# Measurement: 5 iterations, 2 s each
# Timeout: 10 min per iteration
# Threads: 4 threads, will synchronize iterations
# Benchmark mode: Throughput, ops/time
# Benchmark: org.hestiastore.benchmark.segmentindex.SegmentIndexGetBenchmark.getHitSync
# Parameters: (keyCount = 12000, maxKeysInChunk = 256, readPathMode = overlay, snappy = true, valueLength = 64)

# Run progress: 25.00% complete, ETA 00:00:47
# Fork: 1 of 1
# Warmup Iteration   1: SLF4J(W): No SLF4J providers were found.
SLF4J(W): Defaulting to no-operation (NOP) logger implementation
SLF4J(W): See https://www.slf4j.org/codes.html#noProviders for further details.
3182368.824 ops/s
# Warmup Iteration   2: 4145981.230 ops/s
Iteration   1: 4069008.453 ops/s
Iteration   2: 4056095.488 ops/s
Iteration   3: 4071212.376 ops/s
Iteration   4: 4068737.430 ops/s
Iteration   5: 4072475.087 ops/s


Result "org.hestiastore.benchmark.segmentindex.SegmentIndexGetBenchmark.getHitSync":
  4067505.767 ±(99.9%) 25279.897 ops/s [Average]
  (min, avg, max) = (4056095.488, 4067505.767, 4072475.087), stdev = 6565.109
  CI (99.9%): [4042225.870, 4092785.664] (assumes normal distribution)


# JMH version: 1.37
# VM version: JDK 21.0.10, OpenJDK 64-Bit Server VM, 21.0.10+7-LTS
# VM invoker: /usr/lib/jvm/temurin-21-jdk-amd64/bin/java
# VM options: <none>
# Blackhole mode: compiler (auto-detected, use -Djmh.blackhole.autoDetect=false to disable)
# Warmup: 2 iterations, 2 s each
# Measurement: 5 iterations, 2 s each
# Timeout: 10 min per iteration
# Threads: 4 threads, will synchronize iterations
# Benchmark mode: Throughput, ops/time
# Benchmark: org.hestiastore.benchmark.segmentindex.SegmentIndexGetBenchmark.getMissAsyncJoin
# Parameters: (keyCount = 12000, maxKeysInChunk = 256, readPathMode = overlay, snappy = true, valueLength = 64)

# Run progress: 50.00% complete, ETA 00:00:31
# Fork: 1 of 1
# Warmup Iteration   1: SLF4J(W): No SLF4J providers were found.
SLF4J(W): Defaulting to no-operation (NOP) logger implementation
SLF4J(W): See https://www.slf4j.org/codes.html#noProviders for further details.
149477.768 ops/s
# Warmup Iteration   2: 166473.174 ops/s
Iteration   1: 167674.743 ops/s
Iteration   2: 165753.154 ops/s
Iteration   3: 165599.140 ops/s
Iteration   4: 167446.157 ops/s
Iteration   5: 166645.750 ops/s


Result "org.hestiastore.benchmark.segmentindex.SegmentIndexGetBenchmark.getMissAsyncJoin":
  166623.788 ±(99.9%) 3647.551 ops/s [Average]
  (min, avg, max) = (165599.140, 166623.788, 167674.743), stdev = 947.257
  CI (99.9%): [162976.237, 170271.340] (assumes normal distribution)


# JMH version: 1.37
# VM version: JDK 21.0.10, OpenJDK 64-Bit Server VM, 21.0.10+7-LTS
# VM invoker: /usr/lib/jvm/temurin-21-jdk-amd64/bin/java
# VM options: <none>
# Blackhole mode: compiler (auto-detected, use -Djmh.blackhole.autoDetect=false to disable)
# Warmup: 2 iterations, 2 s each
# Measurement: 5 iterations, 2 s each
# Timeout: 10 min per iteration
# Threads: 4 threads, will synchronize iterations
# Benchmark mode: Throughput, ops/time
# Benchmark: org.hestiastore.benchmark.segmentindex.SegmentIndexGetBenchmark.getMissSync
# Parameters: (keyCount = 12000, maxKeysInChunk = 256, readPathMode = overlay, snappy = true, valueLength = 64)

# Run progress: 75.00% complete, ETA 00:00:15
# Fork: 1 of 1
# Warmup Iteration   1: SLF4J(W): No SLF4J providers were found.
SLF4J(W): Defaulting to no-operation (NOP) logger implementation
SLF4J(W): See https://www.slf4j.org/codes.html#noProviders for further details.
3592552.114 ops/s
# Warmup Iteration   2: 3725296.323 ops/s
Iteration   1: 4261409.697 ops/s
Iteration   2: 4202798.034 ops/s
Iteration   3: 4259758.901 ops/s
Iteration   4: 4217331.279 ops/s
Iteration   5: 4214553.338 ops/s


Result "org.hestiastore.benchmark.segmentindex.SegmentIndexGetBenchmark.getMissSync":
  4231170.250 ±(99.9%) 105530.770 ops/s [Average]
  (min, avg, max) = (4202798.034, 4231170.250, 4261409.697), stdev = 27406.006
  CI (99.9%): [4125639.480, 4336701.020] (assumes normal distribution)


# Run complete. Total time: 00:01:03

REMEMBER: The numbers below are just data. To gain reusable insights, you need to follow up on
why the numbers are the way they are. Use profilers (see -prof, -lprof), design factorial
experiments, perform baseline and negative tests that provide experimental control, make sure
the benchmarking environment is safe on JVM/OS/HW level, ask for reviews from the domain experts.
Do not assume the numbers tell you what you want them to tell.

NOTE: Current JVM experimentally supports Compiler Blackholes, and they are in use. Please exercise
extra caution when trusting the results, look into the generated code to check the benchmark still
works, and factor in a small probability of new VM bugs. Additionally, while comparisons between
different JVMs are already problematic, the performance difference caused by different Blackhole
modes can be very significant. Please make sure you use the consistent Blackhole mode for comparisons.

Benchmark                                  (keyCount)  (maxKeysInChunk)  (readPathMode)  (snappy)  (valueLength)   Mode  Cnt        Score        Error  Units
SegmentIndexGetBenchmark.getHitAsyncJoin        12000               256         overlay      true             64  thrpt    5   159257.799 ±   4246.074  ops/s
SegmentIndexGetBenchmark.getHitSync             12000               256         overlay      true             64  thrpt    5  4067505.767 ±  25279.897  ops/s
SegmentIndexGetBenchmark.getMissAsyncJoin       12000               256         overlay      true             64  thrpt    5   166623.788 ±   3647.551  ops/s
SegmentIndexGetBenchmark.getMissSync            12000               256         overlay      true             64  thrpt    5  4231170.250 ± 105530.770  ops/s

Benchmark result is saved to /home/runner/work/_temp/benchmark-results/candidate/raw/segment-index-get-overlay.json
