# JMH version: 1.37
# VM version: JDK 21.0.10, OpenJDK 64-Bit Server VM, 21.0.10+7-LTS
# VM invoker: /usr/lib/jvm/temurin-21-jdk-amd64/bin/java
# VM options: <none>
# Blackhole mode: compiler (auto-detected, use -Djmh.blackhole.autoDetect=false to disable)
# Warmup: 2 iterations, 2 s each
# Measurement: 5 iterations, 2 s each
# Timeout: 10 min per iteration
# Threads: 20 threads (1 group; 4x "getWorkload", 16x "putWorkload" in each group), will synchronize iterations
# Benchmark mode: Throughput, ops/time
# Benchmark: org.hestiastore.benchmark.segmentindex.SegmentIndexMixedDrainBenchmark.partitionedIngestMixed
# Parameters: (hotKeySpace = 256, workloadMode = splitHeavy)

# Run progress: 0.00% complete, ETA 00:00:14
# Fork: 1 of 1
# Warmup Iteration   1: SLF4J(W): No SLF4J providers were found.
SLF4J(W): Defaulting to no-operation (NOP) logger implementation
SLF4J(W): See https://www.slf4j.org/codes.html#noProviders for further details.
85209.537 ops/s
# Warmup Iteration   2: 199318.564 ops/s
Iteration   1: 229183.581 ops/s
                 getWorkload: 227232.004 ops/s
                 putWorkload: 1951.577 ops/s

Iteration   2: 261337.368 ops/s
                 getWorkload: 259785.909 ops/s
                 putWorkload: 1551.459 ops/s

Iteration   3: 278175.051 ops/s
                 getWorkload: 276963.627 ops/s
                 putWorkload: 1211.423 ops/s

Iteration   4: 267968.203 ops/s
                 getWorkload: 266720.240 ops/s
                 putWorkload: 1247.962 ops/s

Iteration   5: 287610.000 ops/s
                 getWorkload: 286480.181 ops/s
                 putWorkload: 1129.820 ops/s



Result "org.hestiastore.benchmark.segmentindex.SegmentIndexMixedDrainBenchmark.partitionedIngestMixed":
  264854.840 ±(99.9%) 85881.655 ops/s [Average]
  (min, avg, max) = (229183.581, 264854.840, 287610.000), stdev = 22303.193
  CI (99.9%): [178973.185, 350736.496] (assumes normal distribution)

Secondary result "org.hestiastore.benchmark.segmentindex.SegmentIndexMixedDrainBenchmark.partitionedIngestMixed:getWorkload":
  263436.392 ±(99.9%) 87148.625 ops/s [Average]
  (min, avg, max) = (227232.004, 263436.392, 286480.181), stdev = 22632.221
  CI (99.9%): [176287.768, 350585.017] (assumes normal distribution)

Secondary result "org.hestiastore.benchmark.segmentindex.SegmentIndexMixedDrainBenchmark.partitionedIngestMixed:putWorkload":
  1418.448 ±(99.9%) 1301.765 ops/s [Average]
  (min, avg, max) = (1129.820, 1418.448, 1951.577), stdev = 338.064
  CI (99.9%): [116.684, 2720.213] (assumes normal distribution)


# Run complete. Total time: 00:00:28

REMEMBER: The numbers below are just data. To gain reusable insights, you need to follow up on
why the numbers are the way they are. Use profilers (see -prof, -lprof), design factorial
experiments, perform baseline and negative tests that provide experimental control, make sure
the benchmarking environment is safe on JVM/OS/HW level, ask for reviews from the domain experts.
Do not assume the numbers tell you what you want them to tell.

NOTE: Current JVM experimentally supports Compiler Blackholes, and they are in use. Please exercise
extra caution when trusting the results, look into the generated code to check the benchmark still
works, and factor in a small probability of new VM bugs. Additionally, while comparisons between
different JVMs are already problematic, the performance difference caused by different Blackhole
modes can be very significant. Please make sure you use the consistent Blackhole mode for comparisons.

Benchmark                                                           (hotKeySpace)  (workloadMode)   Mode  Cnt       Score       Error  Units
SegmentIndexMixedDrainBenchmark.partitionedIngestMixed                        256      splitHeavy  thrpt    5  264854.840 ± 85881.655  ops/s
SegmentIndexMixedDrainBenchmark.partitionedIngestMixed:getWorkload            256      splitHeavy  thrpt    5  263436.392 ± 87148.625  ops/s
SegmentIndexMixedDrainBenchmark.partitionedIngestMixed:putWorkload            256      splitHeavy  thrpt    5    1418.448 ±  1301.765  ops/s

Benchmark result is saved to /home/runner/work/_temp/benchmark-results/candidate/raw/segment-index-mixed-split-heavy.json
