# JMH version: 1.37
# VM version: JDK 21.0.11, OpenJDK 64-Bit Server VM, 21.0.11+10-LTS
# VM invoker: /usr/lib/jvm/temurin-21-jdk-amd64/bin/java
# VM options: <none>
# Blackhole mode: compiler (auto-detected, use -Djmh.blackhole.autoDetect=false to disable)
# Warmup: 1 iterations, 1 s each
# Measurement: 3 iterations, 1 s each
# Timeout: 10 min per iteration
# Threads: 4 threads, will synchronize iterations
# Benchmark mode: Throughput, ops/time
# Benchmark: org.hestiastore.benchmark.segmentindex.SegmentIndexGetBenchmark.getHitSync
# Parameters: (chunkStoreCachePageLimit = 0, keyCount = 12000, maxKeysInChunk = 256, readPathMode = live, snappy = true, valueLength = 64)

# Run progress: 0.00% complete, ETA 00:00:16
# Fork: 1 of 1
# Warmup Iteration   1: SLF4J(W): No SLF4J providers were found.
SLF4J(W): Defaulting to no-operation (NOP) logger implementation
SLF4J(W): See https://www.slf4j.org/codes.html#noProviders for further details.
1333821.549 ops/s
Iteration   1: 2138988.555 ops/s
Iteration   2: 2238561.311 ops/s
Iteration   3: 2177829.851 ops/s


Result "org.hestiastore.benchmark.segmentindex.SegmentIndexGetBenchmark.getHitSync":
  2185126.573 ±(99.9%) 915575.913 ops/s [Average]
  (min, avg, max) = (2138988.555, 2185126.573, 2238561.311), stdev = 50185.805
  CI (99.9%): [1269550.660, 3100702.485] (assumes normal distribution)


# JMH version: 1.37
# VM version: JDK 21.0.11, OpenJDK 64-Bit Server VM, 21.0.11+10-LTS
# VM invoker: /usr/lib/jvm/temurin-21-jdk-amd64/bin/java
# VM options: <none>
# Blackhole mode: compiler (auto-detected, use -Djmh.blackhole.autoDetect=false to disable)
# Warmup: 1 iterations, 1 s each
# Measurement: 3 iterations, 1 s each
# Timeout: 10 min per iteration
# Threads: 4 threads, will synchronize iterations
# Benchmark mode: Throughput, ops/time
# Benchmark: org.hestiastore.benchmark.segmentindex.SegmentIndexGetBenchmark.getHitSync
# Parameters: (chunkStoreCachePageLimit = 128, keyCount = 12000, maxKeysInChunk = 256, readPathMode = live, snappy = true, valueLength = 64)

# Run progress: 25.00% complete, ETA 00:00:17
# Fork: 1 of 1
# Warmup Iteration   1: SLF4J(W): No SLF4J providers were found.
SLF4J(W): Defaulting to no-operation (NOP) logger implementation
SLF4J(W): See https://www.slf4j.org/codes.html#noProviders for further details.
1179383.217 ops/s
Iteration   1: 2071714.726 ops/s
Iteration   2: 2122967.925 ops/s
Iteration   3: 2153568.413 ops/s


Result "org.hestiastore.benchmark.segmentindex.SegmentIndexGetBenchmark.getHitSync":
  2116083.688 ±(99.9%) 754538.631 ops/s [Average]
  (min, avg, max) = (2071714.726, 2116083.688, 2153568.413), stdev = 41358.808
  CI (99.9%): [1361545.057, 2870622.319] (assumes normal distribution)


# JMH version: 1.37
# VM version: JDK 21.0.11, OpenJDK 64-Bit Server VM, 21.0.11+10-LTS
# VM invoker: /usr/lib/jvm/temurin-21-jdk-amd64/bin/java
# VM options: <none>
# Blackhole mode: compiler (auto-detected, use -Djmh.blackhole.autoDetect=false to disable)
# Warmup: 1 iterations, 1 s each
# Measurement: 3 iterations, 1 s each
# Timeout: 10 min per iteration
# Threads: 4 threads, will synchronize iterations
# Benchmark mode: Throughput, ops/time
# Benchmark: org.hestiastore.benchmark.segmentindex.SegmentIndexGetBenchmark.getMissSync
# Parameters: (chunkStoreCachePageLimit = 0, keyCount = 12000, maxKeysInChunk = 256, readPathMode = live, snappy = true, valueLength = 64)

# Run progress: 50.00% complete, ETA 00:00:11
# Fork: 1 of 1
# Warmup Iteration   1: SLF4J(W): No SLF4J providers were found.
SLF4J(W): Defaulting to no-operation (NOP) logger implementation
SLF4J(W): See https://www.slf4j.org/codes.html#noProviders for further details.
1394938.233 ops/s
Iteration   1: 2246707.186 ops/s
Iteration   2: 1949947.521 ops/s
Iteration   3: 2096277.698 ops/s


Result "org.hestiastore.benchmark.segmentindex.SegmentIndexGetBenchmark.getMissSync":
  2097644.135 ±(99.9%) 2707086.605 ops/s [Average]
  (min, avg, max) = (1949947.521, 2097644.135, 2246707.186), stdev = 148384.551
  CI (99.9%): [≈ 0, 4804730.740] (assumes normal distribution)


# JMH version: 1.37
# VM version: JDK 21.0.11, OpenJDK 64-Bit Server VM, 21.0.11+10-LTS
# VM invoker: /usr/lib/jvm/temurin-21-jdk-amd64/bin/java
# VM options: <none>
# Blackhole mode: compiler (auto-detected, use -Djmh.blackhole.autoDetect=false to disable)
# Warmup: 1 iterations, 1 s each
# Measurement: 3 iterations, 1 s each
# Timeout: 10 min per iteration
# Threads: 4 threads, will synchronize iterations
# Benchmark mode: Throughput, ops/time
# Benchmark: org.hestiastore.benchmark.segmentindex.SegmentIndexGetBenchmark.getMissSync
# Parameters: (chunkStoreCachePageLimit = 128, keyCount = 12000, maxKeysInChunk = 256, readPathMode = live, snappy = true, valueLength = 64)

# Run progress: 75.00% complete, ETA 00:00:05
# Fork: 1 of 1
# Warmup Iteration   1: SLF4J(W): No SLF4J providers were found.
SLF4J(W): Defaulting to no-operation (NOP) logger implementation
SLF4J(W): See https://www.slf4j.org/codes.html#noProviders for further details.
1125709.862 ops/s
Iteration   1: 2116961.284 ops/s
Iteration   2: 2071590.524 ops/s
Iteration   3: 2047982.060 ops/s


Result "org.hestiastore.benchmark.segmentindex.SegmentIndexGetBenchmark.getMissSync":
  2078844.622 ±(99.9%) 639571.883 ops/s [Average]
  (min, avg, max) = (2047982.060, 2078844.622, 2116961.284), stdev = 35057.093
  CI (99.9%): [1439272.740, 2718416.505] (assumes normal distribution)


# Run complete. Total time: 00:00:23

REMEMBER: The numbers below are just data. To gain reusable insights, you need to follow up on
why the numbers are the way they are. Use profilers (see -prof, -lprof), design factorial
experiments, perform baseline and negative tests that provide experimental control, make sure
the benchmarking environment is safe on JVM/OS/HW level, ask for reviews from the domain experts.
Do not assume the numbers tell you what you want them to tell.

NOTE: Current JVM experimentally supports Compiler Blackholes, and they are in use. Please exercise
extra caution when trusting the results, look into the generated code to check the benchmark still
works, and factor in a small probability of new VM bugs. Additionally, while comparisons between
different JVMs are already problematic, the performance difference caused by different Blackhole
modes can be very significant. Please make sure you use the consistent Blackhole mode for comparisons.

Benchmark                             (chunkStoreCachePageLimit)  (keyCount)  (maxKeysInChunk)  (readPathMode)  (snappy)  (valueLength)   Mode  Cnt        Score         Error  Units
SegmentIndexGetBenchmark.getHitSync                            0       12000               256            live      true             64  thrpt    3  2185126.573 ±  915575.913  ops/s
SegmentIndexGetBenchmark.getHitSync                          128       12000               256            live      true             64  thrpt    3  2116083.688 ±  754538.631  ops/s
SegmentIndexGetBenchmark.getMissSync                           0       12000               256            live      true             64  thrpt    3  2097644.135 ± 2707086.605  ops/s
SegmentIndexGetBenchmark.getMissSync                         128       12000               256            live      true             64  thrpt    3  2078844.622 ±  639571.883  ops/s

Benchmark result is saved to /home/runner/work/_temp/benchmark-results/candidate/raw/segment-index-get-live.json
