# JMH version: 1.37
# VM version: JDK 21.0.10, OpenJDK 64-Bit Server VM, 21.0.10+7-LTS
# VM invoker: /usr/lib/jvm/temurin-21-jdk-amd64/bin/java
# VM options: <none>
# Blackhole mode: compiler (auto-detected, use -Djmh.blackhole.autoDetect=false to disable)
# Warmup: 2 iterations, 2 s each
# Measurement: 5 iterations, 2 s each
# Timeout: 10 min per iteration
# Threads: 20 threads (1 group; 4x "getWorkload", 16x "putWorkload" in each group), will synchronize iterations
# Benchmark mode: Throughput, ops/time
# Benchmark: org.hestiastore.benchmark.segmentindex.SegmentIndexMixedDrainBenchmark.partitionedIngestMixed
# Parameters: (hotKeySpace = 256, workloadMode = splitHeavy)

# Run progress: 0.00% complete, ETA 00:00:14
# Fork: 1 of 1
# Warmup Iteration   1: SLF4J(W): No SLF4J providers were found.
SLF4J(W): Defaulting to no-operation (NOP) logger implementation
SLF4J(W): See https://www.slf4j.org/codes.html#noProviders for further details.
99117.153 ops/s
# Warmup Iteration   2: 206149.619 ops/s
Iteration   1: 247237.651 ops/s
                 getWorkload: 245369.855 ops/s
                 putWorkload: 1867.796 ops/s

Iteration   2: 253943.204 ops/s
                 getWorkload: 252163.391 ops/s
                 putWorkload: 1779.813 ops/s

Iteration   3: 276527.638 ops/s
                 getWorkload: 275021.495 ops/s
                 putWorkload: 1506.142 ops/s

Iteration   4: 281799.396 ops/s
                 getWorkload: 280691.521 ops/s
                 putWorkload: 1107.875 ops/s

Iteration   5: 290283.657 ops/s
                 getWorkload: 289255.634 ops/s
                 putWorkload: 1028.023 ops/s



Result "org.hestiastore.benchmark.segmentindex.SegmentIndexMixedDrainBenchmark.partitionedIngestMixed":
  269958.309 ±(99.9%) 71242.093 ops/s [Average]
  (min, avg, max) = (247237.651, 269958.309, 290283.657), stdev = 18501.345
  CI (99.9%): [198716.216, 341200.402] (assumes normal distribution)

Secondary result "org.hestiastore.benchmark.segmentindex.SegmentIndexMixedDrainBenchmark.partitionedIngestMixed:getWorkload":
  268500.379 ±(99.9%) 72649.922 ops/s [Average]
  (min, avg, max) = (245369.855, 268500.379, 289255.634), stdev = 18866.954
  CI (99.9%): [195850.457, 341150.301] (assumes normal distribution)

Secondary result "org.hestiastore.benchmark.segmentindex.SegmentIndexMixedDrainBenchmark.partitionedIngestMixed:putWorkload":
  1457.930 ±(99.9%) 1467.900 ops/s [Average]
  (min, avg, max) = (1028.023, 1457.930, 1867.796), stdev = 381.209
  CI (99.9%): [≈ 0, 2925.830] (assumes normal distribution)


# Run complete. Total time: 00:00:28

REMEMBER: The numbers below are just data. To gain reusable insights, you need to follow up on
why the numbers are the way they are. Use profilers (see -prof, -lprof), design factorial
experiments, perform baseline and negative tests that provide experimental control, make sure
the benchmarking environment is safe on JVM/OS/HW level, ask for reviews from the domain experts.
Do not assume the numbers tell you what you want them to tell.

NOTE: Current JVM experimentally supports Compiler Blackholes, and they are in use. Please exercise
extra caution when trusting the results, look into the generated code to check the benchmark still
works, and factor in a small probability of new VM bugs. Additionally, while comparisons between
different JVMs are already problematic, the performance difference caused by different Blackhole
modes can be very significant. Please make sure you use the consistent Blackhole mode for comparisons.

Benchmark                                                           (hotKeySpace)  (workloadMode)   Mode  Cnt       Score       Error  Units
SegmentIndexMixedDrainBenchmark.partitionedIngestMixed                        256      splitHeavy  thrpt    5  269958.309 ± 71242.093  ops/s
SegmentIndexMixedDrainBenchmark.partitionedIngestMixed:getWorkload            256      splitHeavy  thrpt    5  268500.379 ± 72649.922  ops/s
SegmentIndexMixedDrainBenchmark.partitionedIngestMixed:putWorkload            256      splitHeavy  thrpt    5    1457.930 ±  1467.900  ops/s

Benchmark result is saved to /home/runner/work/_temp/benchmark-results/candidate/raw/segment-index-mixed-split-heavy.json
