# JMH version: 1.37
# VM version: JDK 21.0.10, OpenJDK 64-Bit Server VM, 21.0.10+7-LTS
# VM invoker: /usr/lib/jvm/temurin-21-jdk-amd64/bin/java
# VM options: <none>
# Blackhole mode: compiler (auto-detected, use -Djmh.blackhole.autoDetect=false to disable)
# Warmup: 2 iterations, 2 s each
# Measurement: 5 iterations, 2 s each
# Timeout: 10 min per iteration
# Threads: 4 threads, will synchronize iterations
# Benchmark mode: Throughput, ops/time
# Benchmark: org.hestiastore.benchmark.segmentindex.SegmentIndexMultiSegmentGetBenchmark.getHitAsyncJoin
# Parameters: (keyCount = 32768, maxKeysInSegment = 1024, maxSegmentsInCache = 3, snappy = true, valueLength = 64, workingSetMode = cold)

# Run progress: 0.00% complete, ETA 00:00:56
# Fork: 1 of 1
# Warmup Iteration   1: SLF4J(W): No SLF4J providers were found.
SLF4J(W): Defaulting to no-operation (NOP) logger implementation
SLF4J(W): See https://www.slf4j.org/codes.html#noProviders for further details.
70.023 ops/s
# Warmup Iteration   2: 39.960 ops/s
Iteration   1: 54.951 ops/s
Iteration   2: 36.445 ops/s
Iteration   3: 37.835 ops/s
Iteration   4: 36.462 ops/s
Iteration   5: 36.518 ops/s


Result "org.hestiastore.benchmark.segmentindex.SegmentIndexMultiSegmentGetBenchmark.getHitAsyncJoin":
  40.442 ±(99.9%) 31.313 ops/s [Average]
  (min, avg, max) = (36.445, 40.442, 54.951), stdev = 8.132
  CI (99.9%): [9.129, 71.755] (assumes normal distribution)


# JMH version: 1.37
# VM version: JDK 21.0.10, OpenJDK 64-Bit Server VM, 21.0.10+7-LTS
# VM invoker: /usr/lib/jvm/temurin-21-jdk-amd64/bin/java
# VM options: <none>
# Blackhole mode: compiler (auto-detected, use -Djmh.blackhole.autoDetect=false to disable)
# Warmup: 2 iterations, 2 s each
# Measurement: 5 iterations, 2 s each
# Timeout: 10 min per iteration
# Threads: 4 threads, will synchronize iterations
# Benchmark mode: Throughput, ops/time
# Benchmark: org.hestiastore.benchmark.segmentindex.SegmentIndexMultiSegmentGetBenchmark.getHitSync
# Parameters: (keyCount = 32768, maxKeysInSegment = 1024, maxSegmentsInCache = 3, snappy = true, valueLength = 64, workingSetMode = cold)

# Run progress: 25.00% complete, ETA 00:02:43
# Fork: 1 of 1
# Warmup Iteration   1: SLF4J(W): No SLF4J providers were found.
SLF4J(W): Defaulting to no-operation (NOP) logger implementation
SLF4J(W): See https://www.slf4j.org/codes.html#noProviders for further details.
70.049 ops/s
# Warmup Iteration   2: 43.187 ops/s
Iteration   1: 45.578 ops/s
Iteration   2: 32.906 ops/s
Iteration   3: 34.785 ops/s
Iteration   4: 43.516 ops/s
Iteration   5: 42.712 ops/s


Result "org.hestiastore.benchmark.segmentindex.SegmentIndexMultiSegmentGetBenchmark.getHitSync":
  39.899 ±(99.9%) 21.809 ops/s [Average]
  (min, avg, max) = (32.906, 39.899, 45.578), stdev = 5.664
  CI (99.9%): [18.090, 61.709] (assumes normal distribution)


# JMH version: 1.37
# VM version: JDK 21.0.10, OpenJDK 64-Bit Server VM, 21.0.10+7-LTS
# VM invoker: /usr/lib/jvm/temurin-21-jdk-amd64/bin/java
# VM options: <none>
# Blackhole mode: compiler (auto-detected, use -Djmh.blackhole.autoDetect=false to disable)
# Warmup: 2 iterations, 2 s each
# Measurement: 5 iterations, 2 s each
# Timeout: 10 min per iteration
# Threads: 4 threads, will synchronize iterations
# Benchmark mode: Throughput, ops/time
# Benchmark: org.hestiastore.benchmark.segmentindex.SegmentIndexMultiSegmentGetBenchmark.getMissAsyncJoin
# Parameters: (keyCount = 32768, maxKeysInSegment = 1024, maxSegmentsInCache = 3, snappy = true, valueLength = 64, workingSetMode = cold)

# Run progress: 50.00% complete, ETA 00:01:52
# Fork: 1 of 1
# Warmup Iteration   1: SLF4J(W): No SLF4J providers were found.
SLF4J(W): Defaulting to no-operation (NOP) logger implementation
SLF4J(W): See https://www.slf4j.org/codes.html#noProviders for further details.
154863.406 ops/s
# Warmup Iteration   2: 173543.237 ops/s
Iteration   1: 172459.343 ops/s
Iteration   2: 173844.799 ops/s
Iteration   3: 173727.402 ops/s
Iteration   4: 172799.828 ops/s
Iteration   5: 173055.540 ops/s


Result "org.hestiastore.benchmark.segmentindex.SegmentIndexMultiSegmentGetBenchmark.getMissAsyncJoin":
  173177.382 ±(99.9%) 2295.045 ops/s [Average]
  (min, avg, max) = (172459.343, 173177.382, 173844.799), stdev = 596.016
  CI (99.9%): [170882.337, 175472.427] (assumes normal distribution)


# JMH version: 1.37
# VM version: JDK 21.0.10, OpenJDK 64-Bit Server VM, 21.0.10+7-LTS
# VM invoker: /usr/lib/jvm/temurin-21-jdk-amd64/bin/java
# VM options: <none>
# Blackhole mode: compiler (auto-detected, use -Djmh.blackhole.autoDetect=false to disable)
# Warmup: 2 iterations, 2 s each
# Measurement: 5 iterations, 2 s each
# Timeout: 10 min per iteration
# Threads: 4 threads, will synchronize iterations
# Benchmark mode: Throughput, ops/time
# Benchmark: org.hestiastore.benchmark.segmentindex.SegmentIndexMultiSegmentGetBenchmark.getMissSync
# Parameters: (keyCount = 32768, maxKeysInSegment = 1024, maxSegmentsInCache = 3, snappy = true, valueLength = 64, workingSetMode = cold)

# Run progress: 75.00% complete, ETA 00:00:56
# Fork: 1 of 1
# Warmup Iteration   1: SLF4J(W): No SLF4J providers were found.
SLF4J(W): Defaulting to no-operation (NOP) logger implementation
SLF4J(W): See https://www.slf4j.org/codes.html#noProviders for further details.
3486061.147 ops/s
# Warmup Iteration   2: 4072221.580 ops/s
Iteration   1: 3858426.630 ops/s
Iteration   2: 3848703.924 ops/s
Iteration   3: 3698099.437 ops/s
Iteration   4: 3538345.128 ops/s
Iteration   5: 3531356.617 ops/s


Result "org.hestiastore.benchmark.segmentindex.SegmentIndexMultiSegmentGetBenchmark.getMissSync":
  3694986.347 ±(99.9%) 613880.903 ops/s [Average]
  (min, avg, max) = (3531356.617, 3694986.347, 3858426.630), stdev = 159422.921
  CI (99.9%): [3081105.445, 4308867.250] (assumes normal distribution)


# Run complete. Total time: 00:03:45

REMEMBER: The numbers below are just data. To gain reusable insights, you need to follow up on
why the numbers are the way they are. Use profilers (see -prof, -lprof), design factorial
experiments, perform baseline and negative tests that provide experimental control, make sure
the benchmarking environment is safe on JVM/OS/HW level, ask for reviews from the domain experts.
Do not assume the numbers tell you what you want them to tell.

NOTE: Current JVM experimentally supports Compiler Blackholes, and they are in use. Please exercise
extra caution when trusting the results, look into the generated code to check the benchmark still
works, and factor in a small probability of new VM bugs. Additionally, while comparisons between
different JVMs are already problematic, the performance difference caused by different Blackhole
modes can be very significant. Please make sure you use the consistent Blackhole mode for comparisons.

Benchmark                                              (keyCount)  (maxKeysInSegment)  (maxSegmentsInCache)  (snappy)  (valueLength)  (workingSetMode)   Mode  Cnt        Score        Error  Units
SegmentIndexMultiSegmentGetBenchmark.getHitAsyncJoin        32768                1024                     3      true             64              cold  thrpt    5       40.442 ±     31.313  ops/s
SegmentIndexMultiSegmentGetBenchmark.getHitSync             32768                1024                     3      true             64              cold  thrpt    5       39.899 ±     21.809  ops/s
SegmentIndexMultiSegmentGetBenchmark.getMissAsyncJoin       32768                1024                     3      true             64              cold  thrpt    5   173177.382 ±   2295.045  ops/s
SegmentIndexMultiSegmentGetBenchmark.getMissSync            32768                1024                     3      true             64              cold  thrpt    5  3694986.347 ± 613880.903  ops/s

Benchmark result is saved to /home/runner/work/_temp/benchmark-results/candidate/reruns/run-2/raw/segment-index-get-multisegment-cold.json
