# JMH version: 1.37
# VM version: JDK 21.0.10, OpenJDK 64-Bit Server VM, 21.0.10+7-LTS
# VM invoker: /usr/lib/jvm/temurin-21-jdk-amd64/bin/java
# VM options: <none>
# Blackhole mode: compiler (auto-detected, use -Djmh.blackhole.autoDetect=false to disable)
# Warmup: 2 iterations, 2 s each
# Measurement: 5 iterations, 2 s each
# Timeout: 10 min per iteration
# Threads: 20 threads (1 group; 4x "getWorkload", 16x "putWorkload" in each group), will synchronize iterations
# Benchmark mode: Throughput, ops/time
# Benchmark: org.hestiastore.benchmark.segmentindex.SegmentIndexMixedDrainBenchmark.partitionedIngestMixed
# Parameters: (hotKeySpace = 256, workloadMode = drainOnly)

# Run progress: 0.00% complete, ETA 00:00:14
# Fork: 1 of 1
# Warmup Iteration   1: SLF4J(W): No SLF4J providers were found.
SLF4J(W): Defaulting to no-operation (NOP) logger implementation
SLF4J(W): See https://www.slf4j.org/codes.html#noProviders for further details.
196690.475 ops/s
# Warmup Iteration   2: 478900.914 ops/s
Iteration   1: 501863.957 ops/s
                 getWorkload: 496568.211 ops/s
                 putWorkload: 5295.746 ops/s

Iteration   2: 507507.309 ops/s
                 getWorkload: 502178.818 ops/s
                 putWorkload: 5328.491 ops/s

Iteration   3: 482110.461 ops/s
                 getWorkload: 476881.855 ops/s
                 putWorkload: 5228.606 ops/s

Iteration   4: 513679.172 ops/s
                 getWorkload: 508352.856 ops/s
                 putWorkload: 5326.316 ops/s

Iteration   5: 517998.890 ops/s
                 getWorkload: 512759.626 ops/s
                 putWorkload: 5239.264 ops/s



Result "org.hestiastore.benchmark.segmentindex.SegmentIndexMixedDrainBenchmark.partitionedIngestMixed":
  504631.958 ±(99.9%) 53897.814 ops/s [Average]
  (min, avg, max) = (482110.461, 504631.958, 517998.890), stdev = 13997.091
  CI (99.9%): [450734.144, 558529.772] (assumes normal distribution)

Secondary result "org.hestiastore.benchmark.segmentindex.SegmentIndexMixedDrainBenchmark.partitionedIngestMixed:getWorkload":
  499348.273 ±(99.9%) 53820.501 ops/s [Average]
  (min, avg, max) = (476881.855, 499348.273, 512759.626), stdev = 13977.013
  CI (99.9%): [445527.773, 553168.774] (assumes normal distribution)

Secondary result "org.hestiastore.benchmark.segmentindex.SegmentIndexMixedDrainBenchmark.partitionedIngestMixed:putWorkload":
  5283.685 ±(99.9%) 182.422 ops/s [Average]
  (min, avg, max) = (5228.606, 5283.685, 5328.491), stdev = 47.374
  CI (99.9%): [5101.263, 5466.106] (assumes normal distribution)


# Run complete. Total time: 00:00:16

REMEMBER: The numbers below are just data. To gain reusable insights, you need to follow up on
why the numbers are the way they are. Use profilers (see -prof, -lprof), design factorial
experiments, perform baseline and negative tests that provide experimental control, make sure
the benchmarking environment is safe on JVM/OS/HW level, ask for reviews from the domain experts.
Do not assume the numbers tell you what you want them to tell.

NOTE: Current JVM experimentally supports Compiler Blackholes, and they are in use. Please exercise
extra caution when trusting the results, look into the generated code to check the benchmark still
works, and factor in a small probability of new VM bugs. Additionally, while comparisons between
different JVMs are already problematic, the performance difference caused by different Blackhole
modes can be very significant. Please make sure you use the consistent Blackhole mode for comparisons.

Benchmark                                                           (hotKeySpace)  (workloadMode)   Mode  Cnt       Score       Error  Units
SegmentIndexMixedDrainBenchmark.partitionedIngestMixed                        256       drainOnly  thrpt    5  504631.958 ± 53897.814  ops/s
SegmentIndexMixedDrainBenchmark.partitionedIngestMixed:getWorkload            256       drainOnly  thrpt    5  499348.273 ± 53820.501  ops/s
SegmentIndexMixedDrainBenchmark.partitionedIngestMixed:putWorkload            256       drainOnly  thrpt    5    5283.685 ±   182.422  ops/s

Benchmark result is saved to /home/runner/work/_temp/benchmark-results/candidate/raw/segment-index-mixed-drain.json
