# JMH version: 1.37
# VM version: JDK 21.0.11, OpenJDK 64-Bit Server VM, 21.0.11+10-LTS
# VM invoker: /usr/lib/jvm/temurin-21-jdk-amd64/bin/java
# VM options: <none>
# Blackhole mode: compiler (auto-detected, use -Djmh.blackhole.autoDetect=false to disable)
# Warmup: 2 iterations, 2 s each
# Measurement: 5 iterations, 2 s each
# Timeout: 10 min per iteration
# Threads: 20 threads (1 group; 4x "getWorkload", 16x "putWorkload" in each group), will synchronize iterations
# Benchmark mode: Throughput, ops/time
# Benchmark: org.hestiastore.benchmark.segmentindex.SegmentIndexMixedDrainBenchmark.partitionedIngestMixed
# Parameters: (hotKeySpace = 256, workloadMode = splitHeavy)

# Run progress: 0.00% complete, ETA 00:00:14
# Fork: 1 of 1
# Warmup Iteration   1: SLF4J(W): No SLF4J providers were found.
SLF4J(W): Defaulting to no-operation (NOP) logger implementation
SLF4J(W): See https://www.slf4j.org/codes.html#noProviders for further details.
289363.454 ops/s
# Warmup Iteration   2: 612514.418 ops/s
Iteration   1: 839409.067 ops/s
                 getWorkload: 821961.571 ops/s
                 putWorkload: 17447.495 ops/s

Iteration   2: 887824.215 ops/s
                 getWorkload: 870601.179 ops/s
                 putWorkload: 17223.035 ops/s

Iteration   3: 788112.341 ops/s
                 getWorkload: 772455.063 ops/s
                 putWorkload: 15657.279 ops/s

Iteration   4: 883325.516 ops/s
                 getWorkload: 864727.057 ops/s
                 putWorkload: 18598.459 ops/s

Iteration   5: 936120.911 ops/s
                 getWorkload: 918741.164 ops/s
                 putWorkload: 17379.747 ops/s



Result "org.hestiastore.benchmark.segmentindex.SegmentIndexMixedDrainBenchmark.partitionedIngestMixed":
  866958.410 ±(99.9%) 214933.414 ops/s [Average]
  (min, avg, max) = (788112.341, 866958.410, 936120.911), stdev = 55817.525
  CI (99.9%): [652024.996, 1081891.824] (assumes normal distribution)

Secondary result "org.hestiastore.benchmark.segmentindex.SegmentIndexMixedDrainBenchmark.partitionedIngestMixed:getWorkload":
  849697.207 ±(99.9%) 212358.342 ops/s [Average]
  (min, avg, max) = (772455.063, 849697.207, 918741.164), stdev = 55148.787
  CI (99.9%): [637338.865, 1062055.549] (assumes normal distribution)

Secondary result "org.hestiastore.benchmark.segmentindex.SegmentIndexMixedDrainBenchmark.partitionedIngestMixed:putWorkload":
  17261.203 ±(99.9%) 4043.653 ops/s [Average]
  (min, avg, max) = (15657.279, 17261.203, 18598.459), stdev = 1050.124
  CI (99.9%): [13217.550, 21304.856] (assumes normal distribution)


# Run complete. Total time: 00:00:18

REMEMBER: The numbers below are just data. To gain reusable insights, you need to follow up on
why the numbers are the way they are. Use profilers (see -prof, -lprof), design factorial
experiments, perform baseline and negative tests that provide experimental control, make sure
the benchmarking environment is safe on JVM/OS/HW level, ask for reviews from the domain experts.
Do not assume the numbers tell you what you want them to tell.

NOTE: Current JVM experimentally supports Compiler Blackholes, and they are in use. Please exercise
extra caution when trusting the results, look into the generated code to check the benchmark still
works, and factor in a small probability of new VM bugs. Additionally, while comparisons between
different JVMs are already problematic, the performance difference caused by different Blackhole
modes can be very significant. Please make sure you use the consistent Blackhole mode for comparisons.

Benchmark                                                           (hotKeySpace)  (workloadMode)   Mode  Cnt       Score        Error  Units
SegmentIndexMixedDrainBenchmark.partitionedIngestMixed                        256      splitHeavy  thrpt    5  866958.410 ± 214933.414  ops/s
SegmentIndexMixedDrainBenchmark.partitionedIngestMixed:getWorkload            256      splitHeavy  thrpt    5  849697.207 ± 212358.342  ops/s
SegmentIndexMixedDrainBenchmark.partitionedIngestMixed:putWorkload            256      splitHeavy  thrpt    5   17261.203 ±   4043.653  ops/s

Benchmark result is saved to /home/runner/work/_temp/benchmark-results/candidate/raw/segment-index-mixed-split-heavy.json
