# JMH version: 1.37
# VM version: JDK 21.0.11, OpenJDK 64-Bit Server VM, 21.0.11+10-LTS
# VM invoker: /usr/lib/jvm/temurin-21-jdk-amd64/bin/java
# VM options: <none>
# Blackhole mode: compiler (auto-detected, use -Djmh.blackhole.autoDetect=false to disable)
# Warmup: 2 iterations, 2 s each
# Measurement: 5 iterations, 2 s each
# Timeout: 10 min per iteration
# Threads: 20 threads (1 group; 4x "getWorkload", 16x "putWorkload" in each group), will synchronize iterations
# Benchmark mode: Throughput, ops/time
# Benchmark: org.hestiastore.benchmark.segmentindex.SegmentIndexMixedDrainBenchmark.partitionedIngestMixed
# Parameters: (hotKeySpace = 256, workloadMode = drainOnly)

# Run progress: 0.00% complete, ETA 00:00:14
# Fork: 1 of 1
# Warmup Iteration   1: SLF4J(W): No SLF4J providers were found.
SLF4J(W): Defaulting to no-operation (NOP) logger implementation
SLF4J(W): See https://www.slf4j.org/codes.html#noProviders for further details.
397508.113 ops/s
# Warmup Iteration   2: 414327.022 ops/s
Iteration   1: 426092.157 ops/s
                 getWorkload: 197759.048 ops/s
                 putWorkload: 228333.109 ops/s

Iteration   2: 430970.085 ops/s
                 getWorkload: 188269.400 ops/s
                 putWorkload: 242700.685 ops/s

Iteration   3: 445105.214 ops/s
                 getWorkload: 210876.141 ops/s
                 putWorkload: 234229.073 ops/s

Iteration   4: 431600.568 ops/s
                 getWorkload: 182734.306 ops/s
                 putWorkload: 248866.262 ops/s

Iteration   5: 439788.053 ops/s
                 getWorkload: 195313.264 ops/s
                 putWorkload: 244474.790 ops/s



Result "org.hestiastore.benchmark.segmentindex.SegmentIndexMixedDrainBenchmark.partitionedIngestMixed":
  434711.216 ±(99.9%) 29311.081 ops/s [Average]
  (min, avg, max) = (426092.157, 434711.216, 445105.214), stdev = 7611.995
  CI (99.9%): [405400.134, 464022.297] (assumes normal distribution)

Secondary result "org.hestiastore.benchmark.segmentindex.SegmentIndexMixedDrainBenchmark.partitionedIngestMixed:getWorkload":
  194990.432 ±(99.9%) 41091.536 ops/s [Average]
  (min, avg, max) = (182734.306, 194990.432, 210876.141), stdev = 10671.341
  CI (99.9%): [153898.896, 236081.967] (assumes normal distribution)

Secondary result "org.hestiastore.benchmark.segmentindex.SegmentIndexMixedDrainBenchmark.partitionedIngestMixed:putWorkload":
  239720.784 ±(99.9%) 31925.425 ops/s [Average]
  (min, avg, max) = (228333.109, 239720.784, 248866.262), stdev = 8290.932
  CI (99.9%): [207795.358, 271646.209] (assumes normal distribution)


# Run complete. Total time: 00:00:15

REMEMBER: The numbers below are just data. To gain reusable insights, you need to follow up on
why the numbers are the way they are. Use profilers (see -prof, -lprof), design factorial
experiments, perform baseline and negative tests that provide experimental control, make sure
the benchmarking environment is safe on JVM/OS/HW level, ask for reviews from the domain experts.
Do not assume the numbers tell you what you want them to tell.

NOTE: Current JVM experimentally supports Compiler Blackholes, and they are in use. Please exercise
extra caution when trusting the results, look into the generated code to check the benchmark still
works, and factor in a small probability of new VM bugs. Additionally, while comparisons between
different JVMs are already problematic, the performance difference caused by different Blackhole
modes can be very significant. Please make sure you use the consistent Blackhole mode for comparisons.

Benchmark                                                           (hotKeySpace)  (workloadMode)   Mode  Cnt       Score       Error  Units
SegmentIndexMixedDrainBenchmark.partitionedIngestMixed                        256       drainOnly  thrpt    5  434711.216 ± 29311.081  ops/s
SegmentIndexMixedDrainBenchmark.partitionedIngestMixed:getWorkload            256       drainOnly  thrpt    5  194990.432 ± 41091.536  ops/s
SegmentIndexMixedDrainBenchmark.partitionedIngestMixed:putWorkload            256       drainOnly  thrpt    5  239720.784 ± 31925.425  ops/s

Benchmark result is saved to /home/runner/work/_temp/benchmark-results/candidate/raw/segment-index-mixed-drain.json
