# JMH version: 1.37
# VM version: JDK 21.0.11, OpenJDK 64-Bit Server VM, 21.0.11+10-LTS
# VM invoker: /usr/lib/jvm/temurin-21-jdk-amd64/bin/java
# VM options: <none>
# Blackhole mode: compiler (auto-detected, use -Djmh.blackhole.autoDetect=false to disable)
# Warmup: 2 iterations, 2 s each
# Measurement: 5 iterations, 2 s each
# Timeout: 10 min per iteration
# Threads: 4 threads, will synchronize iterations
# Benchmark mode: Throughput, ops/time
# Benchmark: org.hestiastore.benchmark.segmentindex.SegmentIndexGetBenchmark.getHitAsyncJoin
# Parameters: (keyCount = 12000, maxKeysInChunk = 256, readPathMode = persisted, snappy = true, valueLength = 64)

# Run progress: 0.00% complete, ETA 00:00:56
# Fork: 1 of 1
# Warmup Iteration   1: SLF4J(W): No SLF4J providers were found.
SLF4J(W): Defaulting to no-operation (NOP) logger implementation
SLF4J(W): See https://www.slf4j.org/codes.html#noProviders for further details.
38500.261 ops/s
# Warmup Iteration   2: 61497.299 ops/s
Iteration   1: 62136.588 ops/s
Iteration   2: 63391.818 ops/s
Iteration   3: 62684.537 ops/s
Iteration   4: 61927.383 ops/s
Iteration   5: 61717.780 ops/s


Result "org.hestiastore.benchmark.segmentindex.SegmentIndexGetBenchmark.getHitAsyncJoin":
  62371.621 ±(99.9%) 2596.556 ops/s [Average]
  (min, avg, max) = (61717.780, 62371.621, 63391.818), stdev = 674.317
  CI (99.9%): [59775.066, 64968.177] (assumes normal distribution)


# JMH version: 1.37
# VM version: JDK 21.0.11, OpenJDK 64-Bit Server VM, 21.0.11+10-LTS
# VM invoker: /usr/lib/jvm/temurin-21-jdk-amd64/bin/java
# VM options: <none>
# Blackhole mode: compiler (auto-detected, use -Djmh.blackhole.autoDetect=false to disable)
# Warmup: 2 iterations, 2 s each
# Measurement: 5 iterations, 2 s each
# Timeout: 10 min per iteration
# Threads: 4 threads, will synchronize iterations
# Benchmark mode: Throughput, ops/time
# Benchmark: org.hestiastore.benchmark.segmentindex.SegmentIndexGetBenchmark.getHitSync
# Parameters: (keyCount = 12000, maxKeysInChunk = 256, readPathMode = persisted, snappy = true, valueLength = 64)

# Run progress: 25.00% complete, ETA 00:00:48
# Fork: 1 of 1
# Warmup Iteration   1: SLF4J(W): No SLF4J providers were found.
SLF4J(W): Defaulting to no-operation (NOP) logger implementation
SLF4J(W): See https://www.slf4j.org/codes.html#noProviders for further details.
80798.827 ops/s
# Warmup Iteration   2: 114912.014 ops/s
Iteration   1: 115649.665 ops/s
Iteration   2: 115891.984 ops/s
Iteration   3: 115528.849 ops/s
Iteration   4: 116065.665 ops/s
Iteration   5: 116158.560 ops/s


Result "org.hestiastore.benchmark.segmentindex.SegmentIndexGetBenchmark.getHitSync":
  115858.945 ±(99.9%) 1030.281 ops/s [Average]
  (min, avg, max) = (115528.849, 115858.945, 116158.560), stdev = 267.561
  CI (99.9%): [114828.664, 116889.226] (assumes normal distribution)


# JMH version: 1.37
# VM version: JDK 21.0.11, OpenJDK 64-Bit Server VM, 21.0.11+10-LTS
# VM invoker: /usr/lib/jvm/temurin-21-jdk-amd64/bin/java
# VM options: <none>
# Blackhole mode: compiler (auto-detected, use -Djmh.blackhole.autoDetect=false to disable)
# Warmup: 2 iterations, 2 s each
# Measurement: 5 iterations, 2 s each
# Timeout: 10 min per iteration
# Threads: 4 threads, will synchronize iterations
# Benchmark mode: Throughput, ops/time
# Benchmark: org.hestiastore.benchmark.segmentindex.SegmentIndexGetBenchmark.getMissAsyncJoin
# Parameters: (keyCount = 12000, maxKeysInChunk = 256, readPathMode = persisted, snappy = true, valueLength = 64)

# Run progress: 50.00% complete, ETA 00:00:31
# Fork: 1 of 1
# Warmup Iteration   1: SLF4J(W): No SLF4J providers were found.
SLF4J(W): Defaulting to no-operation (NOP) logger implementation
SLF4J(W): See https://www.slf4j.org/codes.html#noProviders for further details.
165396.419 ops/s
# Warmup Iteration   2: 184245.004 ops/s
Iteration   1: 183836.629 ops/s
Iteration   2: 182876.308 ops/s
Iteration   3: 184499.058 ops/s
Iteration   4: 184186.885 ops/s
Iteration   5: 173405.912 ops/s


Result "org.hestiastore.benchmark.segmentindex.SegmentIndexGetBenchmark.getMissAsyncJoin":
  181760.958 ±(99.9%) 18137.057 ops/s [Average]
  (min, avg, max) = (173405.912, 181760.958, 184499.058), stdev = 4710.136
  CI (99.9%): [163623.902, 199898.015] (assumes normal distribution)


# JMH version: 1.37
# VM version: JDK 21.0.11, OpenJDK 64-Bit Server VM, 21.0.11+10-LTS
# VM invoker: /usr/lib/jvm/temurin-21-jdk-amd64/bin/java
# VM options: <none>
# Blackhole mode: compiler (auto-detected, use -Djmh.blackhole.autoDetect=false to disable)
# Warmup: 2 iterations, 2 s each
# Measurement: 5 iterations, 2 s each
# Timeout: 10 min per iteration
# Threads: 4 threads, will synchronize iterations
# Benchmark mode: Throughput, ops/time
# Benchmark: org.hestiastore.benchmark.segmentindex.SegmentIndexGetBenchmark.getMissSync
# Parameters: (keyCount = 12000, maxKeysInChunk = 256, readPathMode = persisted, snappy = true, valueLength = 64)

# Run progress: 75.00% complete, ETA 00:00:15
# Fork: 1 of 1
# Warmup Iteration   1: SLF4J(W): No SLF4J providers were found.
SLF4J(W): Defaulting to no-operation (NOP) logger implementation
SLF4J(W): See https://www.slf4j.org/codes.html#noProviders for further details.
3392569.457 ops/s
# Warmup Iteration   2: 3752091.864 ops/s
Iteration   1: 3715528.096 ops/s
Iteration   2: 3568429.717 ops/s
Iteration   3: 3605036.290 ops/s
Iteration   4: 3600483.054 ops/s
Iteration   5: 3611403.417 ops/s


Result "org.hestiastore.benchmark.segmentindex.SegmentIndexGetBenchmark.getMissSync":
  3620176.115 ±(99.9%) 214944.596 ops/s [Average]
  (min, avg, max) = (3568429.717, 3620176.115, 3715528.096), stdev = 55820.429
  CI (99.9%): [3405231.519, 3835120.710] (assumes normal distribution)


# Run complete. Total time: 00:01:03

REMEMBER: The numbers below are just data. To gain reusable insights, you need to follow up on
why the numbers are the way they are. Use profilers (see -prof, -lprof), design factorial
experiments, perform baseline and negative tests that provide experimental control, make sure
the benchmarking environment is safe on JVM/OS/HW level, ask for reviews from the domain experts.
Do not assume the numbers tell you what you want them to tell.

NOTE: Current JVM experimentally supports Compiler Blackholes, and they are in use. Please exercise
extra caution when trusting the results, look into the generated code to check the benchmark still
works, and factor in a small probability of new VM bugs. Additionally, while comparisons between
different JVMs are already problematic, the performance difference caused by different Blackhole
modes can be very significant. Please make sure you use the consistent Blackhole mode for comparisons.

Benchmark                                  (keyCount)  (maxKeysInChunk)  (readPathMode)  (snappy)  (valueLength)   Mode  Cnt        Score        Error  Units
SegmentIndexGetBenchmark.getHitAsyncJoin        12000               256       persisted      true             64  thrpt    5    62371.621 ±   2596.556  ops/s
SegmentIndexGetBenchmark.getHitSync             12000               256       persisted      true             64  thrpt    5   115858.945 ±   1030.281  ops/s
SegmentIndexGetBenchmark.getMissAsyncJoin       12000               256       persisted      true             64  thrpt    5   181760.958 ±  18137.057  ops/s
SegmentIndexGetBenchmark.getMissSync            12000               256       persisted      true             64  thrpt    5  3620176.115 ± 214944.596  ops/s

Benchmark result is saved to /home/runner/work/_temp/benchmark-results/candidate/raw/segment-index-get-persisted.json
