# JMH version: 1.37
# VM version: JDK 21.0.10, OpenJDK 64-Bit Server VM, 21.0.10+7-LTS
# VM invoker: /usr/lib/jvm/temurin-21-jdk-amd64/bin/java
# VM options: <none>
# Blackhole mode: compiler (auto-detected, use -Djmh.blackhole.autoDetect=false to disable)
# Warmup: 2 iterations, 2 s each
# Measurement: 5 iterations, 2 s each
# Timeout: 10 min per iteration
# Threads: 20 threads (1 group; 4x "getWorkload", 16x "putWorkload" in each group), will synchronize iterations
# Benchmark mode: Throughput, ops/time
# Benchmark: org.hestiastore.benchmark.segmentindex.SegmentIndexMixedDrainBenchmark.partitionedIngestMixed
# Parameters: (hotKeySpace = 256, workloadMode = drainOnly)

# Run progress: 0.00% complete, ETA 00:00:14
# Fork: 1 of 1
# Warmup Iteration   1: SLF4J(W): No SLF4J providers were found.
SLF4J(W): Defaulting to no-operation (NOP) logger implementation
SLF4J(W): See https://www.slf4j.org/codes.html#noProviders for further details.
471621.609 ops/s
# Warmup Iteration   2: 757586.720 ops/s
Iteration   1: 763637.341 ops/s
                 getWorkload: 758240.253 ops/s
                 putWorkload: 5397.088 ops/s

Iteration   2: 749541.340 ops/s
                 getWorkload: 744213.493 ops/s
                 putWorkload: 5327.848 ops/s

Iteration   3: 779861.516 ops/s
                 getWorkload: 774544.151 ops/s
                 putWorkload: 5317.364 ops/s

Iteration   4: 825146.954 ops/s
                 getWorkload: 819759.326 ops/s
                 putWorkload: 5387.628 ops/s

Iteration   5: 765776.222 ops/s
                 getWorkload: 760346.884 ops/s
                 putWorkload: 5429.337 ops/s



Result "org.hestiastore.benchmark.segmentindex.SegmentIndexMixedDrainBenchmark.partitionedIngestMixed":
  776792.675 ±(99.9%) 112010.301 ops/s [Average]
  (min, avg, max) = (749541.340, 776792.675, 825146.954), stdev = 29088.719
  CI (99.9%): [664782.374, 888802.976] (assumes normal distribution)

Secondary result "org.hestiastore.benchmark.segmentindex.SegmentIndexMixedDrainBenchmark.partitionedIngestMixed:getWorkload":
  771420.822 ±(99.9%) 111982.996 ops/s [Average]
  (min, avg, max) = (744213.493, 771420.822, 819759.326), stdev = 29081.629
  CI (99.9%): [659437.825, 883403.818] (assumes normal distribution)

Secondary result "org.hestiastore.benchmark.segmentindex.SegmentIndexMixedDrainBenchmark.partitionedIngestMixed:putWorkload":
  5371.853 ±(99.9%) 183.620 ops/s [Average]
  (min, avg, max) = (5317.364, 5371.853, 5429.337), stdev = 47.686
  CI (99.9%): [5188.233, 5555.473] (assumes normal distribution)


# Run complete. Total time: 00:00:15

REMEMBER: The numbers below are just data. To gain reusable insights, you need to follow up on
why the numbers are the way they are. Use profilers (see -prof, -lprof), design factorial
experiments, perform baseline and negative tests that provide experimental control, make sure
the benchmarking environment is safe on JVM/OS/HW level, ask for reviews from the domain experts.
Do not assume the numbers tell you what you want them to tell.

NOTE: Current JVM experimentally supports Compiler Blackholes, and they are in use. Please exercise
extra caution when trusting the results, look into the generated code to check the benchmark still
works, and factor in a small probability of new VM bugs. Additionally, while comparisons between
different JVMs are already problematic, the performance difference caused by different Blackhole
modes can be very significant. Please make sure you use the consistent Blackhole mode for comparisons.

Benchmark                                                           (hotKeySpace)  (workloadMode)   Mode  Cnt       Score        Error  Units
SegmentIndexMixedDrainBenchmark.partitionedIngestMixed                        256       drainOnly  thrpt    5  776792.675 ± 112010.301  ops/s
SegmentIndexMixedDrainBenchmark.partitionedIngestMixed:getWorkload            256       drainOnly  thrpt    5  771420.822 ± 111982.996  ops/s
SegmentIndexMixedDrainBenchmark.partitionedIngestMixed:putWorkload            256       drainOnly  thrpt    5    5371.853 ±    183.620  ops/s

Benchmark result is saved to /home/runner/work/_temp/benchmark-results/candidate/raw/segment-index-mixed-drain.json
