# JMH version: 1.37
# VM version: JDK 21.0.11, OpenJDK 64-Bit Server VM, 21.0.11+10-LTS
# VM invoker: /usr/lib/jvm/temurin-21-jdk-amd64/bin/java
# VM options: <none>
# Blackhole mode: compiler (auto-detected, use -Djmh.blackhole.autoDetect=false to disable)
# Warmup: 2 iterations, 2 s each
# Measurement: 5 iterations, 2 s each
# Timeout: 10 min per iteration
# Threads: 20 threads (1 group; 4x "getWorkload", 16x "putWorkload" in each group), will synchronize iterations
# Benchmark mode: Throughput, ops/time
# Benchmark: org.hestiastore.benchmark.segmentindex.SegmentIndexMixedDrainBenchmark.partitionedIngestMixed
# Parameters: (hotKeySpace = 256, workloadMode = splitHeavy)

# Run progress: 0.00% complete, ETA 00:00:14
# Fork: 1 of 1
# Warmup Iteration   1: SLF4J(W): No SLF4J providers were found.
SLF4J(W): Defaulting to no-operation (NOP) logger implementation
SLF4J(W): See https://www.slf4j.org/codes.html#noProviders for further details.
86088.418 ops/s
# Warmup Iteration   2: 208466.830 ops/s
Iteration   1: 251362.338 ops/s
                 getWorkload: 249442.179 ops/s
                 putWorkload: 1920.159 ops/s

Iteration   2: 264489.504 ops/s
                 getWorkload: 262770.627 ops/s
                 putWorkload: 1718.877 ops/s

Iteration   3: 273302.548 ops/s
                 getWorkload: 271968.700 ops/s
                 putWorkload: 1333.847 ops/s

Iteration   4: 300148.861 ops/s
                 getWorkload: 299071.150 ops/s
                 putWorkload: 1077.711 ops/s

Iteration   5: 283206.443 ops/s
                 getWorkload: 282215.410 ops/s
                 putWorkload: 991.033 ops/s



Result "org.hestiastore.benchmark.segmentindex.SegmentIndexMixedDrainBenchmark.partitionedIngestMixed":
  274501.939 ±(99.9%) 71280.128 ops/s [Average]
  (min, avg, max) = (251362.338, 274501.939, 300148.861), stdev = 18511.223
  CI (99.9%): [203221.811, 345782.066] (assumes normal distribution)

Secondary result "org.hestiastore.benchmark.segmentindex.SegmentIndexMixedDrainBenchmark.partitionedIngestMixed:getWorkload":
  273093.613 ±(99.9%) 72685.925 ops/s [Average]
  (min, avg, max) = (249442.179, 273093.613, 299071.150), stdev = 18876.304
  CI (99.9%): [200407.688, 345779.538] (assumes normal distribution)

Secondary result "org.hestiastore.benchmark.segmentindex.SegmentIndexMixedDrainBenchmark.partitionedIngestMixed:putWorkload":
  1408.326 ±(99.9%) 1549.140 ops/s [Average]
  (min, avg, max) = (991.033, 1408.326, 1920.159), stdev = 402.307
  CI (99.9%): [≈ 0, 2957.465] (assumes normal distribution)


# Run complete. Total time: 00:00:30

REMEMBER: The numbers below are just data. To gain reusable insights, you need to follow up on
why the numbers are the way they are. Use profilers (see -prof, -lprof), design factorial
experiments, perform baseline and negative tests that provide experimental control, make sure
the benchmarking environment is safe on JVM/OS/HW level, ask for reviews from the domain experts.
Do not assume the numbers tell you what you want them to tell.

NOTE: Current JVM experimentally supports Compiler Blackholes, and they are in use. Please exercise
extra caution when trusting the results, look into the generated code to check the benchmark still
works, and factor in a small probability of new VM bugs. Additionally, while comparisons between
different JVMs are already problematic, the performance difference caused by different Blackhole
modes can be very significant. Please make sure you use the consistent Blackhole mode for comparisons.

Benchmark                                                           (hotKeySpace)  (workloadMode)   Mode  Cnt       Score       Error  Units
SegmentIndexMixedDrainBenchmark.partitionedIngestMixed                        256      splitHeavy  thrpt    5  274501.939 ± 71280.128  ops/s
SegmentIndexMixedDrainBenchmark.partitionedIngestMixed:getWorkload            256      splitHeavy  thrpt    5  273093.613 ± 72685.925  ops/s
SegmentIndexMixedDrainBenchmark.partitionedIngestMixed:putWorkload            256      splitHeavy  thrpt    5    1408.326 ±  1549.140  ops/s

Benchmark result is saved to /home/runner/work/_temp/benchmark-results/candidate/raw/segment-index-mixed-split-heavy.json
