# JMH version: 1.37
# VM version: JDK 21.0.11, OpenJDK 64-Bit Server VM, 21.0.11+10-LTS
# VM invoker: /usr/lib/jvm/temurin-21-jdk-amd64/bin/java
# VM options: <none>
# Blackhole mode: compiler (auto-detected, use -Djmh.blackhole.autoDetect=false to disable)
# Warmup: 2 iterations, 2 s each
# Measurement: 5 iterations, 2 s each
# Timeout: 10 min per iteration
# Threads: 20 threads (1 group; 4x "getWorkload", 16x "putWorkload" in each group), will synchronize iterations
# Benchmark mode: Throughput, ops/time
# Benchmark: org.hestiastore.benchmark.segmentindex.SegmentIndexMixedDrainBenchmark.partitionedIngestMixed
# Parameters: (hotKeySpace = 256, workloadMode = drainOnly)

# Run progress: 0.00% complete, ETA 00:00:14
# Fork: 1 of 1
# Warmup Iteration   1: SLF4J(W): No SLF4J providers were found.
SLF4J(W): Defaulting to no-operation (NOP) logger implementation
SLF4J(W): See https://www.slf4j.org/codes.html#noProviders for further details.
232148.735 ops/s
# Warmup Iteration   2: 489296.855 ops/s
Iteration   1: 503455.357 ops/s
                 getWorkload: 498139.253 ops/s
                 putWorkload: 5316.105 ops/s

Iteration   2: 491681.685 ops/s
                 getWorkload: 486308.207 ops/s
                 putWorkload: 5373.478 ops/s

Iteration   3: 505861.795 ops/s
                 getWorkload: 500501.221 ops/s
                 putWorkload: 5360.574 ops/s

Iteration   4: 502292.932 ops/s
                 getWorkload: 496986.495 ops/s
                 putWorkload: 5306.438 ops/s

Iteration   5: 528048.509 ops/s
                 getWorkload: 522656.957 ops/s
                 putWorkload: 5391.553 ops/s



Result "org.hestiastore.benchmark.segmentindex.SegmentIndexMixedDrainBenchmark.partitionedIngestMixed":
  506268.056 ±(99.9%) 51338.930 ops/s [Average]
  (min, avg, max) = (491681.685, 506268.056, 528048.509), stdev = 13332.557
  CI (99.9%): [454929.126, 557606.985] (assumes normal distribution)

Secondary result "org.hestiastore.benchmark.segmentindex.SegmentIndexMixedDrainBenchmark.partitionedIngestMixed:getWorkload":
  500918.426 ±(99.9%) 51279.394 ops/s [Average]
  (min, avg, max) = (486308.207, 500918.426, 522656.957), stdev = 13317.096
  CI (99.9%): [449639.033, 552197.820] (assumes normal distribution)

Secondary result "org.hestiastore.benchmark.segmentindex.SegmentIndexMixedDrainBenchmark.partitionedIngestMixed:putWorkload":
  5349.629 ±(99.9%) 141.946 ops/s [Average]
  (min, avg, max) = (5306.438, 5349.629, 5391.553), stdev = 36.863
  CI (99.9%): [5207.683, 5491.576] (assumes normal distribution)


# Run complete. Total time: 00:00:16

REMEMBER: The numbers below are just data. To gain reusable insights, you need to follow up on
why the numbers are the way they are. Use profilers (see -prof, -lprof), design factorial
experiments, perform baseline and negative tests that provide experimental control, make sure
the benchmarking environment is safe on JVM/OS/HW level, ask for reviews from the domain experts.
Do not assume the numbers tell you what you want them to tell.

NOTE: Current JVM experimentally supports Compiler Blackholes, and they are in use. Please exercise
extra caution when trusting the results, look into the generated code to check the benchmark still
works, and factor in a small probability of new VM bugs. Additionally, while comparisons between
different JVMs are already problematic, the performance difference caused by different Blackhole
modes can be very significant. Please make sure you use the consistent Blackhole mode for comparisons.

Benchmark                                                           (hotKeySpace)  (workloadMode)   Mode  Cnt       Score       Error  Units
SegmentIndexMixedDrainBenchmark.partitionedIngestMixed                        256       drainOnly  thrpt    5  506268.056 ± 51338.930  ops/s
SegmentIndexMixedDrainBenchmark.partitionedIngestMixed:getWorkload            256       drainOnly  thrpt    5  500918.426 ± 51279.394  ops/s
SegmentIndexMixedDrainBenchmark.partitionedIngestMixed:putWorkload            256       drainOnly  thrpt    5    5349.629 ±   141.946  ops/s

Benchmark result is saved to /home/runner/work/_temp/benchmark-results/candidate/raw/segment-index-mixed-drain.json
