# JMH version: 1.37
# VM version: JDK 21.0.10, OpenJDK 64-Bit Server VM, 21.0.10+7-LTS
# VM invoker: /usr/lib/jvm/temurin-21-jdk-amd64/bin/java
# VM options: <none>
# Blackhole mode: compiler (auto-detected, use -Djmh.blackhole.autoDetect=false to disable)
# Warmup: 1 iterations, 1 s each
# Measurement: 3 iterations, 1 s each
# Timeout: 10 min per iteration
# Threads: 4 threads, will synchronize iterations
# Benchmark mode: Throughput, ops/time
# Benchmark: org.hestiastore.benchmark.segmentindex.SegmentIndexGetBenchmark.getHitAsyncJoin
# Parameters: (keyCount = 12000, maxKeysInChunk = 256, readPathMode = persisted, snappy = true, valueLength = 64)

# Run progress: 0.00% complete, ETA 00:00:16
# Fork: 1 of 1
# Warmup Iteration   1: SLF4J: Failed to load class "org.slf4j.impl.StaticLoggerBinder".
SLF4J: Defaulting to no-operation (NOP) logger implementation
SLF4J: See http://www.slf4j.org/codes.html#StaticLoggerBinder for further details.
SLF4J: Failed to load class "org.slf4j.impl.StaticMDCBinder".
SLF4J: Defaulting to no-operation MDCAdapter implementation.
SLF4J: See http://www.slf4j.org/codes.html#no_static_mdc_binder for further details.
22518.765 ops/s
Iteration   1: 53416.218 ops/s
Iteration   2: 61408.464 ops/s
Iteration   3: 62223.635 ops/s


Result "org.hestiastore.benchmark.segmentindex.SegmentIndexGetBenchmark.getHitAsyncJoin":
  59016.106 ±(99.9%) 88787.499 ops/s [Average]
  (min, avg, max) = (53416.218, 59016.106, 62223.635), stdev = 4866.742
  CI (99.9%): [≈ 0, 147803.604] (assumes normal distribution)


# JMH version: 1.37
# VM version: JDK 21.0.10, OpenJDK 64-Bit Server VM, 21.0.10+7-LTS
# VM invoker: /usr/lib/jvm/temurin-21-jdk-amd64/bin/java
# VM options: <none>
# Blackhole mode: compiler (auto-detected, use -Djmh.blackhole.autoDetect=false to disable)
# Warmup: 1 iterations, 1 s each
# Measurement: 3 iterations, 1 s each
# Timeout: 10 min per iteration
# Threads: 4 threads, will synchronize iterations
# Benchmark mode: Throughput, ops/time
# Benchmark: org.hestiastore.benchmark.segmentindex.SegmentIndexGetBenchmark.getHitSync
# Parameters: (keyCount = 12000, maxKeysInChunk = 256, readPathMode = persisted, snappy = true, valueLength = 64)

# Run progress: 25.00% complete, ETA 00:00:17
# Fork: 1 of 1
# Warmup Iteration   1: SLF4J: Failed to load class "org.slf4j.impl.StaticLoggerBinder".
SLF4J: Defaulting to no-operation (NOP) logger implementation
SLF4J: See http://www.slf4j.org/codes.html#StaticLoggerBinder for further details.
SLF4J: Failed to load class "org.slf4j.impl.StaticMDCBinder".
SLF4J: Defaulting to no-operation MDCAdapter implementation.
SLF4J: See http://www.slf4j.org/codes.html#no_static_mdc_binder for further details.
45632.227 ops/s
Iteration   1: 108089.359 ops/s
Iteration   2: 110406.187 ops/s
Iteration   3: 111721.265 ops/s


Result "org.hestiastore.benchmark.segmentindex.SegmentIndexGetBenchmark.getHitSync":
  110072.270 ±(99.9%) 33547.178 ops/s [Average]
  (min, avg, max) = (108089.359, 110072.270, 111721.265), stdev = 1838.834
  CI (99.9%): [76525.092, 143619.449] (assumes normal distribution)


# JMH version: 1.37
# VM version: JDK 21.0.10, OpenJDK 64-Bit Server VM, 21.0.10+7-LTS
# VM invoker: /usr/lib/jvm/temurin-21-jdk-amd64/bin/java
# VM options: <none>
# Blackhole mode: compiler (auto-detected, use -Djmh.blackhole.autoDetect=false to disable)
# Warmup: 1 iterations, 1 s each
# Measurement: 3 iterations, 1 s each
# Timeout: 10 min per iteration
# Threads: 4 threads, will synchronize iterations
# Benchmark mode: Throughput, ops/time
# Benchmark: org.hestiastore.benchmark.segmentindex.SegmentIndexGetBenchmark.getMissAsyncJoin
# Parameters: (keyCount = 12000, maxKeysInChunk = 256, readPathMode = persisted, snappy = true, valueLength = 64)

# Run progress: 50.00% complete, ETA 00:00:11
# Fork: 1 of 1
# Warmup Iteration   1: SLF4J: Failed to load class "org.slf4j.impl.StaticLoggerBinder".
SLF4J: Defaulting to no-operation (NOP) logger implementation
SLF4J: See http://www.slf4j.org/codes.html#StaticLoggerBinder for further details.
SLF4J: Failed to load class "org.slf4j.impl.StaticMDCBinder".
SLF4J: Defaulting to no-operation MDCAdapter implementation.
SLF4J: See http://www.slf4j.org/codes.html#no_static_mdc_binder for further details.
137352.934 ops/s
Iteration   1: 171948.782 ops/s
Iteration   2: 172313.965 ops/s
Iteration   3: 173300.178 ops/s


Result "org.hestiastore.benchmark.segmentindex.SegmentIndexGetBenchmark.getMissAsyncJoin":
  172520.975 ±(99.9%) 12753.758 ops/s [Average]
  (min, avg, max) = (171948.782, 172520.975, 173300.178), stdev = 699.077
  CI (99.9%): [159767.217, 185274.733] (assumes normal distribution)


# JMH version: 1.37
# VM version: JDK 21.0.10, OpenJDK 64-Bit Server VM, 21.0.10+7-LTS
# VM invoker: /usr/lib/jvm/temurin-21-jdk-amd64/bin/java
# VM options: <none>
# Blackhole mode: compiler (auto-detected, use -Djmh.blackhole.autoDetect=false to disable)
# Warmup: 1 iterations, 1 s each
# Measurement: 3 iterations, 1 s each
# Timeout: 10 min per iteration
# Threads: 4 threads, will synchronize iterations
# Benchmark mode: Throughput, ops/time
# Benchmark: org.hestiastore.benchmark.segmentindex.SegmentIndexGetBenchmark.getMissSync
# Parameters: (keyCount = 12000, maxKeysInChunk = 256, readPathMode = persisted, snappy = true, valueLength = 64)

# Run progress: 75.00% complete, ETA 00:00:05
# Fork: 1 of 1
# Warmup Iteration   1: SLF4J: Failed to load class "org.slf4j.impl.StaticLoggerBinder".
SLF4J: Defaulting to no-operation (NOP) logger implementation
SLF4J: See http://www.slf4j.org/codes.html#StaticLoggerBinder for further details.
SLF4J: Failed to load class "org.slf4j.impl.StaticMDCBinder".
SLF4J: Defaulting to no-operation MDCAdapter implementation.
SLF4J: See http://www.slf4j.org/codes.html#no_static_mdc_binder for further details.
3254463.309 ops/s
Iteration   1: 4042833.664 ops/s
Iteration   2: 3754192.376 ops/s
Iteration   3: 3930471.120 ops/s


Result "org.hestiastore.benchmark.segmentindex.SegmentIndexGetBenchmark.getMissSync":
  3909165.720 ±(99.9%) 2654376.282 ops/s [Average]
  (min, avg, max) = (3754192.376, 3909165.720, 4042833.664), stdev = 145495.321
  CI (99.9%): [1254789.438, 6563542.003] (assumes normal distribution)


# Run complete. Total time: 00:00:23

REMEMBER: The numbers below are just data. To gain reusable insights, you need to follow up on
why the numbers are the way they are. Use profilers (see -prof, -lprof), design factorial
experiments, perform baseline and negative tests that provide experimental control, make sure
the benchmarking environment is safe on JVM/OS/HW level, ask for reviews from the domain experts.
Do not assume the numbers tell you what you want them to tell.

NOTE: Current JVM experimentally supports Compiler Blackholes, and they are in use. Please exercise
extra caution when trusting the results, look into the generated code to check the benchmark still
works, and factor in a small probability of new VM bugs. Additionally, while comparisons between
different JVMs are already problematic, the performance difference caused by different Blackhole
modes can be very significant. Please make sure you use the consistent Blackhole mode for comparisons.

Benchmark                                  (keyCount)  (maxKeysInChunk)  (readPathMode)  (snappy)  (valueLength)   Mode  Cnt        Score         Error  Units
SegmentIndexGetBenchmark.getHitAsyncJoin        12000               256       persisted      true             64  thrpt    3    59016.106 ±   88787.499  ops/s
SegmentIndexGetBenchmark.getHitSync             12000               256       persisted      true             64  thrpt    3   110072.270 ±   33547.178  ops/s
SegmentIndexGetBenchmark.getMissAsyncJoin       12000               256       persisted      true             64  thrpt    3   172520.975 ±   12753.758  ops/s
SegmentIndexGetBenchmark.getMissSync            12000               256       persisted      true             64  thrpt    3  3909165.720 ± 2654376.282  ops/s

Benchmark result is saved to /home/runner/work/_temp/benchmark-results/candidate/raw/segment-index-get-persisted.json
