# JMH version: 1.37
# VM version: JDK 21.0.10, OpenJDK 64-Bit Server VM, 21.0.10+7-LTS
# VM invoker: /usr/lib/jvm/temurin-21-jdk-amd64/bin/java
# VM options: <none>
# Blackhole mode: compiler (auto-detected, use -Djmh.blackhole.autoDetect=false to disable)
# Warmup: 2 iterations, 2 s each
# Measurement: 5 iterations, 2 s each
# Timeout: 10 min per iteration
# Threads: 20 threads (1 group; 4x "getWorkload", 16x "putWorkload" in each group), will synchronize iterations
# Benchmark mode: Throughput, ops/time
# Benchmark: org.hestiastore.benchmark.segmentindex.SegmentIndexMixedDrainBenchmark.partitionedIngestMixed
# Parameters: (hotKeySpace = 256, workloadMode = splitHeavy)

# Run progress: 0.00% complete, ETA 00:00:14
# Fork: 1 of 1
# Warmup Iteration   1: SLF4J(W): No SLF4J providers were found.
SLF4J(W): Defaulting to no-operation (NOP) logger implementation
SLF4J(W): See https://www.slf4j.org/codes.html#noProviders for further details.
77938.611 ops/s
# Warmup Iteration   2: 198476.530 ops/s
Iteration   1: 244689.746 ops/s
                 getWorkload: 242798.306 ops/s
                 putWorkload: 1891.440 ops/s

Iteration   2: 264647.737 ops/s
                 getWorkload: 262855.974 ops/s
                 putWorkload: 1791.763 ops/s

Iteration   3: 274595.043 ops/s
                 getWorkload: 273163.249 ops/s
                 putWorkload: 1431.794 ops/s

Iteration   4: 275928.707 ops/s
                 getWorkload: 274432.127 ops/s
                 putWorkload: 1496.579 ops/s

Iteration   5: 280447.569 ops/s
                 getWorkload: 279145.940 ops/s
                 putWorkload: 1301.630 ops/s



Result "org.hestiastore.benchmark.segmentindex.SegmentIndexMixedDrainBenchmark.partitionedIngestMixed":
  268061.761 ±(99.9%) 54994.404 ops/s [Average]
  (min, avg, max) = (244689.746, 268061.761, 280447.569), stdev = 14281.872
  CI (99.9%): [213067.356, 323056.165] (assumes normal distribution)

Secondary result "org.hestiastore.benchmark.segmentindex.SegmentIndexMixedDrainBenchmark.partitionedIngestMixed:getWorkload":
  266479.119 ±(99.9%) 55876.955 ops/s [Average]
  (min, avg, max) = (242798.306, 266479.119, 279145.940), stdev = 14511.068
  CI (99.9%): [210602.164, 322356.074] (assumes normal distribution)

Secondary result "org.hestiastore.benchmark.segmentindex.SegmentIndexMixedDrainBenchmark.partitionedIngestMixed:putWorkload":
  1582.641 ±(99.9%) 959.223 ops/s [Average]
  (min, avg, max) = (1301.630, 1582.641, 1891.440), stdev = 249.107
  CI (99.9%): [623.418, 2541.865] (assumes normal distribution)


# Run complete. Total time: 00:00:28

REMEMBER: The numbers below are just data. To gain reusable insights, you need to follow up on
why the numbers are the way they are. Use profilers (see -prof, -lprof), design factorial
experiments, perform baseline and negative tests that provide experimental control, make sure
the benchmarking environment is safe on JVM/OS/HW level, ask for reviews from the domain experts.
Do not assume the numbers tell you what you want them to tell.

NOTE: Current JVM experimentally supports Compiler Blackholes, and they are in use. Please exercise
extra caution when trusting the results, look into the generated code to check the benchmark still
works, and factor in a small probability of new VM bugs. Additionally, while comparisons between
different JVMs are already problematic, the performance difference caused by different Blackhole
modes can be very significant. Please make sure you use the consistent Blackhole mode for comparisons.

Benchmark                                                           (hotKeySpace)  (workloadMode)   Mode  Cnt       Score       Error  Units
SegmentIndexMixedDrainBenchmark.partitionedIngestMixed                        256      splitHeavy  thrpt    5  268061.761 ± 54994.404  ops/s
SegmentIndexMixedDrainBenchmark.partitionedIngestMixed:getWorkload            256      splitHeavy  thrpt    5  266479.119 ± 55876.955  ops/s
SegmentIndexMixedDrainBenchmark.partitionedIngestMixed:putWorkload            256      splitHeavy  thrpt    5    1582.641 ±   959.223  ops/s

Benchmark result is saved to /home/runner/work/_temp/benchmark-results/candidate/raw/segment-index-mixed-split-heavy.json
