# JMH version: 1.37
# VM version: JDK 21.0.11, OpenJDK 64-Bit Server VM, 21.0.11+10-LTS
# VM invoker: /usr/lib/jvm/temurin-21-jdk-amd64/bin/java
# VM options: <none>
# Blackhole mode: compiler (auto-detected, use -Djmh.blackhole.autoDetect=false to disable)
# Warmup: 1 iterations, 1 s each
# Measurement: 3 iterations, 1 s each
# Timeout: 10 min per iteration
# Threads: 4 threads, will synchronize iterations
# Benchmark mode: Throughput, ops/time
# Benchmark: org.hestiastore.benchmark.segmentindex.SegmentIndexMultiSegmentGetBenchmark.getHitSync
# Parameters: (keyCount = 32768, maxKeysInSegment = 1024, maxSegmentsInCache = 3, snappy = true, valueLength = 64, workingSetMode = hot)

# Run progress: 0.00% complete, ETA 00:00:08
# Fork: 1 of 1
# Warmup Iteration   1: SLF4J(W): No SLF4J providers were found.
SLF4J(W): Defaulting to no-operation (NOP) logger implementation
SLF4J(W): See https://www.slf4j.org/codes.html#noProviders for further details.
<failure>

org.hestiastore.index.IndexException: Operation 'loadSegment' timed out after 30000 ms on target 'segment-00000'
	at org.hestiastore.index.BusyRetryPolicy.backoffOrThrow(BusyRetryPolicy.java:60)
	at org.hestiastore.index.segmentregistry.BlockingSegmentRegistryAdapter.loadSegment(BlockingSegmentRegistryAdapter.java:55)
	at org.hestiastore.index.segmentregistry.SegmentRegistryImpl.lambda$toBlockingSegment$2(SegmentRegistryImpl.java:344)
	at org.hestiastore.index.segmentregistry.DefaultBlockingSegment.loadSegment(DefaultBlockingSegment.java:138)
	at org.hestiastore.index.segmentregistry.DefaultBlockingSegment$RuntimeView.getState(DefaultBlockingSegment.java:179)
	at org.hestiastore.index.segmentindex.core.maintenance.MaintenanceServiceImpl.awaitSegmentReady(MaintenanceServiceImpl.java:267)
	at org.hestiastore.index.segmentindex.core.maintenance.MaintenanceServiceImpl.awaitAcceptedToReadyNanos(MaintenanceServiceImpl.java:259)
	at org.hestiastore.index.segmentindex.core.maintenance.MaintenanceServiceImpl.completeAcceptedOperation(MaintenanceServiceImpl.java:210)
	at org.hestiastore.index.segmentindex.core.maintenance.MaintenanceServiceImpl.runStableSegmentOperation(MaintenanceServiceImpl.java:172)
	at org.hestiastore.index.segmentindex.core.maintenance.MaintenanceServiceImpl.flushSegment(MaintenanceServiceImpl.java:151)
	at org.hestiastore.index.segmentindex.core.maintenance.MaintenanceServiceImpl.lambda$flushMappedSegmentsAndWait$4(MaintenanceServiceImpl.java:130)
	at java.base/java.lang.Iterable.forEach(Iterable.java:75)
	at org.hestiastore.index.segmentindex.core.maintenance.MaintenanceServiceImpl.forEachMappedSegment(MaintenanceServiceImpl.java:286)
	at org.hestiastore.index.segmentindex.core.maintenance.MaintenanceServiceImpl.flushMappedSegmentsAndWait(MaintenanceServiceImpl.java:130)
	at org.hestiastore.index.segmentindex.core.maintenance.MaintenanceServiceImpl.flushAndWait(MaintenanceServiceImpl.java:110)
	at org.hestiastore.index.segmentindex.maintenance.SegmentIndexMaintenanceImpl.flushAndWait(SegmentIndexMaintenanceImpl.java:43)
	at org.hestiastore.index.segmentindex.core.session.SegmentIndexTrackedOperationRunner.lambda$runTrackedVoid$1(SegmentIndexTrackedOperationRunner.java:40)
	at org.hestiastore.index.segmentindex.core.session.SegmentIndexTrackedOperationRunner.lambda$runTracked$0(SegmentIndexTrackedOperationRunner.java:32)
	at org.hestiastore.index.segmentindex.core.session.SegmentIndexOperationGateImpl.runWithSyncOperationContext(SegmentIndexOperationGateImpl.java:60)
	at org.hestiastore.index.segmentindex.core.session.SegmentIndexOperationGateImpl.trackOperation(SegmentIndexOperationGateImpl.java:30)
	at org.hestiastore.index.segmentindex.core.session.SegmentIndexTrackedOperationRunner.runTracked(SegmentIndexTrackedOperationRunner.java:30)
	at org.hestiastore.index.segmentindex.core.session.SegmentIndexTrackedOperationRunner.runTrackedVoid(SegmentIndexTrackedOperationRunner.java:39)
	at org.hestiastore.index.segmentindex.core.session.SegmentIndexMaintenanceSessionAdapter.run(SegmentIndexMaintenanceSessionAdapter.java:56)
	at org.hestiastore.index.segmentindex.core.session.SegmentIndexMaintenanceSessionAdapter.flushAndWait(SegmentIndexMaintenanceSessionAdapter.java:47)
	at org.hestiastore.benchmark.segmentindex.SegmentIndexBenchmarkSupport.populateSequential(SegmentIndexBenchmarkSupport.java:79)
	at org.hestiastore.benchmark.segmentindex.SegmentIndexMultiSegmentGetBenchmark.populateIndex(SegmentIndexMultiSegmentGetBenchmark.java:81)
	at org.hestiastore.benchmark.segmentindex.AbstractSegmentIndexGetBenchmark.setup(AbstractSegmentIndexGetBenchmark.java:30)
	at org.hestiastore.benchmark.segmentindex.jmh_generated.SegmentIndexMultiSegmentGetBenchmark_getHitSync_jmhTest._jmh_tryInit_f_segmentindexmultisegmentgetbenchmark0_G(SegmentIndexMultiSegmentGetBenchmark_getHitSync_jmhTest.java:476)
	at org.hestiastore.benchmark.segmentindex.jmh_generated.SegmentIndexMultiSegmentGetBenchmark_getHitSync_jmhTest.getHitSync_Throughput(SegmentIndexMultiSegmentGetBenchmark_getHitSync_jmhTest.java:72)
	at java.base/jdk.internal.reflect.DirectMethodHandleAccessor.invoke(DirectMethodHandleAccessor.java:103)
	at java.base/java.lang.reflect.Method.invoke(Method.java:580)
	at org.openjdk.jmh.runner.BenchmarkHandler$BenchmarkTask.call(BenchmarkHandler.java:527)
	at org.openjdk.jmh.runner.BenchmarkHandler$BenchmarkTask.call(BenchmarkHandler.java:504)
	at java.base/java.util.concurrent.FutureTask.run(FutureTask.java:317)
	at java.base/java.util.concurrent.Executors$RunnableAdapter.call(Executors.java:572)
	at java.base/java.util.concurrent.FutureTask.run(FutureTask.java:317)
	at java.base/java.util.concurrent.ThreadPoolExecutor.runWorker(ThreadPoolExecutor.java:1144)
	at java.base/java.util.concurrent.ThreadPoolExecutor$Worker.run(ThreadPoolExecutor.java:642)
	at java.base/java.lang.Thread.run(Thread.java:1583)




# JMH version: 1.37
# VM version: JDK 21.0.11, OpenJDK 64-Bit Server VM, 21.0.11+10-LTS
# VM invoker: /usr/lib/jvm/temurin-21-jdk-amd64/bin/java
# VM options: <none>
# Blackhole mode: compiler (auto-detected, use -Djmh.blackhole.autoDetect=false to disable)
# Warmup: 1 iterations, 1 s each
# Measurement: 3 iterations, 1 s each
# Timeout: 10 min per iteration
# Threads: 4 threads, will synchronize iterations
# Benchmark mode: Throughput, ops/time
# Benchmark: org.hestiastore.benchmark.segmentindex.SegmentIndexMultiSegmentGetBenchmark.getMissSync
# Parameters: (keyCount = 32768, maxKeysInSegment = 1024, maxSegmentsInCache = 3, snappy = true, valueLength = 64, workingSetMode = hot)

# Run progress: 50.00% complete, ETA 00:00:30
# Fork: 1 of 1
# Warmup Iteration   1: SLF4J(W): No SLF4J providers were found.
SLF4J(W): Defaulting to no-operation (NOP) logger implementation
SLF4J(W): See https://www.slf4j.org/codes.html#noProviders for further details.
997433.208 ops/s
Iteration   1: 2006535.611 ops/s
Iteration   2: 1969384.552 ops/s
Iteration   3: 2005817.226 ops/s


Result "org.hestiastore.benchmark.segmentindex.SegmentIndexMultiSegmentGetBenchmark.getMissSync":
  1993912.463 ±(99.9%) 387584.804 ops/s [Average]
  (min, avg, max) = (1969384.552, 1993912.463, 2006535.611), stdev = 21244.831
  CI (99.9%): [1606327.659, 2381497.267] (assumes normal distribution)


# Run complete. Total time: 00:00:40

REMEMBER: The numbers below are just data. To gain reusable insights, you need to follow up on
why the numbers are the way they are. Use profilers (see -prof, -lprof), design factorial
experiments, perform baseline and negative tests that provide experimental control, make sure
the benchmarking environment is safe on JVM/OS/HW level, ask for reviews from the domain experts.
Do not assume the numbers tell you what you want them to tell.

NOTE: Current JVM experimentally supports Compiler Blackholes, and they are in use. Please exercise
extra caution when trusting the results, look into the generated code to check the benchmark still
works, and factor in a small probability of new VM bugs. Additionally, while comparisons between
different JVMs are already problematic, the performance difference caused by different Blackhole
modes can be very significant. Please make sure you use the consistent Blackhole mode for comparisons.

Benchmark                                         (keyCount)  (maxKeysInSegment)  (maxSegmentsInCache)  (snappy)  (valueLength)  (workingSetMode)   Mode  Cnt        Score        Error  Units
SegmentIndexMultiSegmentGetBenchmark.getMissSync       32768                1024                     3      true             64               hot  thrpt    3  1993912.463 ± 387584.804  ops/s

Benchmark result is saved to /home/runner/work/_temp/benchmark-results/candidate/raw/segment-index-get-multisegment-hot.json
