# JMH version: 1.37
# VM version: JDK 21.0.11, OpenJDK 64-Bit Server VM, 21.0.11+10-LTS
# VM invoker: /usr/lib/jvm/temurin-21-jdk-amd64/bin/java
# VM options: <none>
# Blackhole mode: compiler (auto-detected, use -Djmh.blackhole.autoDetect=false to disable)
# Warmup: 2 iterations, 2 s each
# Measurement: 5 iterations, 2 s each
# Timeout: 10 min per iteration
# Threads: 20 threads (1 group; 4x "getWorkload", 16x "putWorkload" in each group), will synchronize iterations
# Benchmark mode: Throughput, ops/time
# Benchmark: org.hestiastore.benchmark.segmentindex.SegmentIndexMixedDrainBenchmark.partitionedIngestMixed
# Parameters: (hotKeySpace = 256, workloadMode = splitHeavy)

# Run progress: 0.00% complete, ETA 00:00:14
# Fork: 1 of 1
# Warmup Iteration   1: SLF4J(W): No SLF4J providers were found.
SLF4J(W): Defaulting to no-operation (NOP) logger implementation
SLF4J(W): See https://www.slf4j.org/codes.html#noProviders for further details.
92781.503 ops/s
# Warmup Iteration   2: 216377.213 ops/s
Iteration   1: 248207.538 ops/s
                 getWorkload: 246346.953 ops/s
                 putWorkload: 1860.585 ops/s

Iteration   2: 262830.889 ops/s
                 getWorkload: 261343.401 ops/s
                 putWorkload: 1487.488 ops/s

Iteration   3: 439617.908 ops/s
                 getWorkload: 268225.673 ops/s
                 putWorkload: 171392.236 ops/s

Iteration   4: 274754.498 ops/s
                 getWorkload: 273412.661 ops/s
                 putWorkload: 1341.837 ops/s

Iteration   5: 284792.568 ops/s
                 getWorkload: 283640.116 ops/s
                 putWorkload: 1152.452 ops/s



Result "org.hestiastore.benchmark.segmentindex.SegmentIndexMixedDrainBenchmark.partitionedIngestMixed":
  302040.680 ±(99.9%) 300775.359 ops/s [Average]
  (min, avg, max) = (248207.538, 302040.680, 439617.908), stdev = 78110.405
  CI (99.9%): [1265.322, 602816.039] (assumes normal distribution)

Secondary result "org.hestiastore.benchmark.segmentindex.SegmentIndexMixedDrainBenchmark.partitionedIngestMixed:getWorkload":
  266593.761 ±(99.9%) 53676.038 ops/s [Average]
  (min, avg, max) = (246346.953, 266593.761, 283640.116), stdev = 13939.497
  CI (99.9%): [212917.722, 320269.799] (assumes normal distribution)

Secondary result "org.hestiastore.benchmark.segmentindex.SegmentIndexMixedDrainBenchmark.partitionedIngestMixed:putWorkload":
  35446.920 ±(99.9%) 292634.251 ops/s [Average]
  (min, avg, max) = (1152.452, 35446.920, 171392.236), stdev = 75996.186
  CI (99.9%): [≈ 0, 328081.171] (assumes normal distribution)


# Run complete. Total time: 00:00:29

REMEMBER: The numbers below are just data. To gain reusable insights, you need to follow up on
why the numbers are the way they are. Use profilers (see -prof, -lprof), design factorial
experiments, perform baseline and negative tests that provide experimental control, make sure
the benchmarking environment is safe on JVM/OS/HW level, ask for reviews from the domain experts.
Do not assume the numbers tell you what you want them to tell.

NOTE: Current JVM experimentally supports Compiler Blackholes, and they are in use. Please exercise
extra caution when trusting the results, look into the generated code to check the benchmark still
works, and factor in a small probability of new VM bugs. Additionally, while comparisons between
different JVMs are already problematic, the performance difference caused by different Blackhole
modes can be very significant. Please make sure you use the consistent Blackhole mode for comparisons.

Benchmark                                                           (hotKeySpace)  (workloadMode)   Mode  Cnt       Score        Error  Units
SegmentIndexMixedDrainBenchmark.partitionedIngestMixed                        256      splitHeavy  thrpt    5  302040.680 ± 300775.359  ops/s
SegmentIndexMixedDrainBenchmark.partitionedIngestMixed:getWorkload            256      splitHeavy  thrpt    5  266593.761 ±  53676.038  ops/s
SegmentIndexMixedDrainBenchmark.partitionedIngestMixed:putWorkload            256      splitHeavy  thrpt    5   35446.920 ± 292634.251  ops/s

Benchmark result is saved to /home/runner/work/_temp/benchmark-results/candidate/raw/segment-index-mixed-split-heavy.json
