# JMH version: 1.37
# VM version: JDK 21.0.10, OpenJDK 64-Bit Server VM, 21.0.10+7-LTS
# VM invoker: /usr/lib/jvm/temurin-21-jdk-amd64/bin/java
# VM options: <none>
# Blackhole mode: compiler (auto-detected, use -Djmh.blackhole.autoDetect=false to disable)
# Warmup: 2 iterations, 2 s each
# Measurement: 5 iterations, 2 s each
# Timeout: 10 min per iteration
# Threads: 20 threads (1 group; 4x "getWorkload", 16x "putWorkload" in each group), will synchronize iterations
# Benchmark mode: Throughput, ops/time
# Benchmark: org.hestiastore.benchmark.segmentindex.SegmentIndexMixedDrainBenchmark.partitionedIngestMixed
# Parameters: (hotKeySpace = 256, workloadMode = splitHeavy)

# Run progress: 0.00% complete, ETA 00:00:14
# Fork: 1 of 1
# Warmup Iteration   1: SLF4J(W): No SLF4J providers were found.
SLF4J(W): Defaulting to no-operation (NOP) logger implementation
SLF4J(W): See https://www.slf4j.org/codes.html#noProviders for further details.
139410.940 ops/s
# Warmup Iteration   2: 276737.055 ops/s
Iteration   1: 337013.523 ops/s
                 getWorkload: 334742.168 ops/s
                 putWorkload: 2271.354 ops/s

Iteration   2: 358368.371 ops/s
                 getWorkload: 356338.696 ops/s
                 putWorkload: 2029.675 ops/s

Iteration   3: 361121.056 ops/s
                 getWorkload: 359598.738 ops/s
                 putWorkload: 1522.318 ops/s

Iteration   4: 633719.946 ops/s
                 getWorkload: 372749.661 ops/s
                 putWorkload: 260970.285 ops/s

Iteration   5: 388838.402 ops/s
                 getWorkload: 387628.660 ops/s
                 putWorkload: 1209.742 ops/s



Result "org.hestiastore.benchmark.segmentindex.SegmentIndexMixedDrainBenchmark.partitionedIngestMixed":
  415812.259 ±(99.9%) 474393.697 ops/s [Average]
  (min, avg, max) = (337013.523, 415812.259, 633719.946), stdev = 123198.537
  CI (99.9%): [≈ 0, 890205.957] (assumes normal distribution)

Secondary result "org.hestiastore.benchmark.segmentindex.SegmentIndexMixedDrainBenchmark.partitionedIngestMixed:getWorkload":
  362211.585 ±(99.9%) 75872.476 ops/s [Average]
  (min, avg, max) = (334742.168, 362211.585, 387628.660), stdev = 19703.841
  CI (99.9%): [286339.109, 438084.061] (assumes normal distribution)

Secondary result "org.hestiastore.benchmark.segmentindex.SegmentIndexMixedDrainBenchmark.partitionedIngestMixed:putWorkload":
  53600.675 ±(99.9%) 446381.600 ops/s [Average]
  (min, avg, max) = (1209.742, 53600.675, 260970.285), stdev = 115923.884
  CI (99.9%): [≈ 0, 499982.275] (assumes normal distribution)


# Run complete. Total time: 00:00:27

REMEMBER: The numbers below are just data. To gain reusable insights, you need to follow up on
why the numbers are the way they are. Use profilers (see -prof, -lprof), design factorial
experiments, perform baseline and negative tests that provide experimental control, make sure
the benchmarking environment is safe on JVM/OS/HW level, ask for reviews from the domain experts.
Do not assume the numbers tell you what you want them to tell.

NOTE: Current JVM experimentally supports Compiler Blackholes, and they are in use. Please exercise
extra caution when trusting the results, look into the generated code to check the benchmark still
works, and factor in a small probability of new VM bugs. Additionally, while comparisons between
different JVMs are already problematic, the performance difference caused by different Blackhole
modes can be very significant. Please make sure you use the consistent Blackhole mode for comparisons.

Benchmark                                                           (hotKeySpace)  (workloadMode)   Mode  Cnt       Score        Error  Units
SegmentIndexMixedDrainBenchmark.partitionedIngestMixed                        256      splitHeavy  thrpt    5  415812.259 ± 474393.697  ops/s
SegmentIndexMixedDrainBenchmark.partitionedIngestMixed:getWorkload            256      splitHeavy  thrpt    5  362211.585 ±  75872.476  ops/s
SegmentIndexMixedDrainBenchmark.partitionedIngestMixed:putWorkload            256      splitHeavy  thrpt    5   53600.675 ± 446381.600  ops/s

Benchmark result is saved to /home/runner/work/_temp/benchmark-results/candidate/raw/segment-index-mixed-split-heavy.json
