# JMH version: 1.37
# VM version: JDK 21.0.10, OpenJDK 64-Bit Server VM, 21.0.10+7-LTS
# VM invoker: /usr/lib/jvm/temurin-21-jdk-amd64/bin/java
# VM options: <none>
# Blackhole mode: compiler (auto-detected, use -Djmh.blackhole.autoDetect=false to disable)
# Warmup: 2 iterations, 2 s each
# Measurement: 5 iterations, 2 s each
# Timeout: 10 min per iteration
# Threads: 20 threads (1 group; 4x "getWorkload", 16x "putWorkload" in each group), will synchronize iterations
# Benchmark mode: Throughput, ops/time
# Benchmark: org.hestiastore.benchmark.segmentindex.SegmentIndexMixedDrainBenchmark.partitionedIngestMixed
# Parameters: (hotKeySpace = 256, workloadMode = drainOnly)

# Run progress: 0.00% complete, ETA 00:00:14
# Fork: 1 of 1
# Warmup Iteration   1: SLF4J(W): No SLF4J providers were found.
SLF4J(W): Defaulting to no-operation (NOP) logger implementation
SLF4J(W): See https://www.slf4j.org/codes.html#noProviders for further details.
460386.890 ops/s
# Warmup Iteration   2: 731351.507 ops/s
Iteration   1: 737366.939 ops/s
                 getWorkload: 731999.041 ops/s
                 putWorkload: 5367.897 ops/s

Iteration   2: 779305.533 ops/s
                 getWorkload: 773938.407 ops/s
                 putWorkload: 5367.126 ops/s

Iteration   3: 758567.269 ops/s
                 getWorkload: 753238.810 ops/s
                 putWorkload: 5328.459 ops/s

Iteration   4: 809067.929 ops/s
                 getWorkload: 803777.108 ops/s
                 putWorkload: 5290.822 ops/s

Iteration   5: 814314.806 ops/s
                 getWorkload: 808939.442 ops/s
                 putWorkload: 5375.363 ops/s



Result "org.hestiastore.benchmark.segmentindex.SegmentIndexMixedDrainBenchmark.partitionedIngestMixed":
  779724.495 ±(99.9%) 126244.362 ops/s [Average]
  (min, avg, max) = (737366.939, 779724.495, 814314.806), stdev = 32785.260
  CI (99.9%): [653480.133, 905968.857] (assumes normal distribution)

Secondary result "org.hestiastore.benchmark.segmentindex.SegmentIndexMixedDrainBenchmark.partitionedIngestMixed:getWorkload":
  774378.562 ±(99.9%) 126278.748 ops/s [Average]
  (min, avg, max) = (731999.041, 774378.562, 808939.442), stdev = 32794.190
  CI (99.9%): [648099.813, 900657.310] (assumes normal distribution)

Secondary result "org.hestiastore.benchmark.segmentindex.SegmentIndexMixedDrainBenchmark.partitionedIngestMixed:putWorkload":
  5345.934 ±(99.9%) 138.038 ops/s [Average]
  (min, avg, max) = (5290.822, 5345.934, 5375.363), stdev = 35.848
  CI (99.9%): [5207.895, 5483.972] (assumes normal distribution)


# Run complete. Total time: 00:00:15

REMEMBER: The numbers below are just data. To gain reusable insights, you need to follow up on
why the numbers are the way they are. Use profilers (see -prof, -lprof), design factorial
experiments, perform baseline and negative tests that provide experimental control, make sure
the benchmarking environment is safe on JVM/OS/HW level, ask for reviews from the domain experts.
Do not assume the numbers tell you what you want them to tell.

NOTE: Current JVM experimentally supports Compiler Blackholes, and they are in use. Please exercise
extra caution when trusting the results, look into the generated code to check the benchmark still
works, and factor in a small probability of new VM bugs. Additionally, while comparisons between
different JVMs are already problematic, the performance difference caused by different Blackhole
modes can be very significant. Please make sure you use the consistent Blackhole mode for comparisons.

Benchmark                                                           (hotKeySpace)  (workloadMode)   Mode  Cnt       Score        Error  Units
SegmentIndexMixedDrainBenchmark.partitionedIngestMixed                        256       drainOnly  thrpt    5  779724.495 ± 126244.362  ops/s
SegmentIndexMixedDrainBenchmark.partitionedIngestMixed:getWorkload            256       drainOnly  thrpt    5  774378.562 ± 126278.748  ops/s
SegmentIndexMixedDrainBenchmark.partitionedIngestMixed:putWorkload            256       drainOnly  thrpt    5    5345.934 ±    138.038  ops/s

Benchmark result is saved to /home/runner/work/_temp/benchmark-results/candidate/raw/segment-index-mixed-drain.json
