# JMH version: 1.37
# VM version: JDK 21.0.10, OpenJDK 64-Bit Server VM, 21.0.10+7-LTS
# VM invoker: /usr/lib/jvm/temurin-21-jdk-amd64/bin/java
# VM options: <none>
# Blackhole mode: compiler (auto-detected, use -Djmh.blackhole.autoDetect=false to disable)
# Warmup: 1 iterations, 1 s each
# Measurement: 3 iterations, 1 s each
# Timeout: 10 min per iteration
# Threads: 20 threads (1 group; 4x "getWorkload", 16x "putWorkload" in each group), will synchronize iterations
# Benchmark mode: Throughput, ops/time
# Benchmark: org.hestiastore.benchmark.segmentindex.SegmentIndexMixedDrainBenchmark.partitionedIngestMixed
# Parameters: (hotKeySpace = 256, workloadMode = drainOnly)

# Run progress: 0.00% complete, ETA 00:00:04
# Fork: 1 of 1
# Warmup Iteration   1: SLF4J: Failed to load class "org.slf4j.impl.StaticLoggerBinder".
SLF4J: Defaulting to no-operation (NOP) logger implementation
SLF4J: See http://www.slf4j.org/codes.html#StaticLoggerBinder for further details.
SLF4J: Failed to load class "org.slf4j.impl.StaticMDCBinder".
SLF4J: Defaulting to no-operation MDCAdapter implementation.
SLF4J: See http://www.slf4j.org/codes.html#no_static_mdc_binder for further details.
165009.554 ops/s
Iteration   1: 363264.142 ops/s
                 getWorkload: 357606.098 ops/s
                 putWorkload: 5658.043 ops/s

Iteration   2: 487651.715 ops/s
                 getWorkload: 481630.516 ops/s
                 putWorkload: 6021.199 ops/s

Iteration   3: 528337.795 ops/s
                 getWorkload: 522142.815 ops/s
                 putWorkload: 6194.979 ops/s



Result "org.hestiastore.benchmark.segmentindex.SegmentIndexMixedDrainBenchmark.partitionedIngestMixed":
  459751.217 ±(99.9%) 1568976.702 ops/s [Average]
  (min, avg, max) = (363264.142, 459751.217, 528337.795), stdev = 86000.907
  CI (99.9%): [≈ 0, 2028727.919] (assumes normal distribution)

Secondary result "org.hestiastore.benchmark.segmentindex.SegmentIndexMixedDrainBenchmark.partitionedIngestMixed:getWorkload":
  453793.143 ±(99.9%) 1563995.974 ops/s [Average]
  (min, avg, max) = (357606.098, 453793.143, 522142.815), stdev = 85727.897
  CI (99.9%): [≈ 0, 2017789.118] (assumes normal distribution)

Secondary result "org.hestiastore.benchmark.segmentindex.SegmentIndexMixedDrainBenchmark.partitionedIngestMixed:putWorkload":
  5958.074 ±(99.9%) 4998.369 ops/s [Average]
  (min, avg, max) = (5658.043, 5958.074, 6194.979), stdev = 273.977
  CI (99.9%): [959.705, 10956.443] (assumes normal distribution)


# Run complete. Total time: 00:00:05

REMEMBER: The numbers below are just data. To gain reusable insights, you need to follow up on
why the numbers are the way they are. Use profilers (see -prof, -lprof), design factorial
experiments, perform baseline and negative tests that provide experimental control, make sure
the benchmarking environment is safe on JVM/OS/HW level, ask for reviews from the domain experts.
Do not assume the numbers tell you what you want them to tell.

NOTE: Current JVM experimentally supports Compiler Blackholes, and they are in use. Please exercise
extra caution when trusting the results, look into the generated code to check the benchmark still
works, and factor in a small probability of new VM bugs. Additionally, while comparisons between
different JVMs are already problematic, the performance difference caused by different Blackhole
modes can be very significant. Please make sure you use the consistent Blackhole mode for comparisons.

Benchmark                                                           (hotKeySpace)  (workloadMode)   Mode  Cnt       Score         Error  Units
SegmentIndexMixedDrainBenchmark.partitionedIngestMixed                        256       drainOnly  thrpt    3  459751.217 ± 1568976.702  ops/s
SegmentIndexMixedDrainBenchmark.partitionedIngestMixed:getWorkload            256       drainOnly  thrpt    3  453793.143 ± 1563995.974  ops/s
SegmentIndexMixedDrainBenchmark.partitionedIngestMixed:putWorkload            256       drainOnly  thrpt    3    5958.074 ±    4998.369  ops/s

Benchmark result is saved to /home/runner/work/_temp/benchmark-results/candidate/raw/segment-index-mixed-drain.json
