# JMH version: 1.37
# VM version: JDK 21.0.10, OpenJDK 64-Bit Server VM, 21.0.10+7-LTS
# VM invoker: /usr/lib/jvm/temurin-21-jdk-amd64/bin/java
# VM options: <none>
# Blackhole mode: compiler (auto-detected, use -Djmh.blackhole.autoDetect=false to disable)
# Warmup: 2 iterations, 2 s each
# Measurement: 5 iterations, 2 s each
# Timeout: 10 min per iteration
# Threads: 20 threads (1 group; 4x "getWorkload", 16x "putWorkload" in each group), will synchronize iterations
# Benchmark mode: Throughput, ops/time
# Benchmark: org.hestiastore.benchmark.segmentindex.SegmentIndexMixedDrainBenchmark.partitionedIngestMixed
# Parameters: (hotKeySpace = 256, workloadMode = drainOnly)

# Run progress: 0.00% complete, ETA 00:00:14
# Fork: 1 of 1
# Warmup Iteration   1: SLF4J: Failed to load class "org.slf4j.impl.StaticLoggerBinder".
SLF4J: Defaulting to no-operation (NOP) logger implementation
SLF4J: See http://www.slf4j.org/codes.html#StaticLoggerBinder for further details.
SLF4J: Failed to load class "org.slf4j.impl.StaticMDCBinder".
SLF4J: Defaulting to no-operation MDCAdapter implementation.
SLF4J: See http://www.slf4j.org/codes.html#no_static_mdc_binder for further details.
265527.249 ops/s
# Warmup Iteration   2: 455916.121 ops/s
Iteration   1: 552617.900 ops/s
                 getWorkload: 546420.742 ops/s
                 putWorkload: 6197.157 ops/s

Iteration   2: 531007.959 ops/s
                 getWorkload: 524875.388 ops/s
                 putWorkload: 6132.571 ops/s

Iteration   3: 508674.576 ops/s
                 getWorkload: 502523.281 ops/s
                 putWorkload: 6151.295 ops/s

Iteration   4: 569150.320 ops/s
                 getWorkload: 562929.330 ops/s
                 putWorkload: 6220.990 ops/s

Iteration   5: 519096.074 ops/s
                 getWorkload: 513030.370 ops/s
                 putWorkload: 6065.704 ops/s



Result "org.hestiastore.benchmark.segmentindex.SegmentIndexMixedDrainBenchmark.partitionedIngestMixed":
  536109.366 ±(99.9%) 94955.281 ops/s [Average]
  (min, avg, max) = (508674.576, 536109.366, 569150.320), stdev = 24659.585
  CI (99.9%): [441154.085, 631064.646] (assumes normal distribution)

Secondary result "org.hestiastore.benchmark.segmentindex.SegmentIndexMixedDrainBenchmark.partitionedIngestMixed:getWorkload":
  529955.822 ±(99.9%) 94775.367 ops/s [Average]
  (min, avg, max) = (502523.281, 529955.822, 562929.330), stdev = 24612.862
  CI (99.9%): [435180.455, 624731.189] (assumes normal distribution)

Secondary result "org.hestiastore.benchmark.segmentindex.SegmentIndexMixedDrainBenchmark.partitionedIngestMixed:putWorkload":
  6153.544 ±(99.9%) 232.732 ops/s [Average]
  (min, avg, max) = (6065.704, 6153.544, 6220.990), stdev = 60.440
  CI (99.9%): [5920.812, 6386.275] (assumes normal distribution)


# Run complete. Total time: 00:00:15

REMEMBER: The numbers below are just data. To gain reusable insights, you need to follow up on
why the numbers are the way they are. Use profilers (see -prof, -lprof), design factorial
experiments, perform baseline and negative tests that provide experimental control, make sure
the benchmarking environment is safe on JVM/OS/HW level, ask for reviews from the domain experts.
Do not assume the numbers tell you what you want them to tell.

NOTE: Current JVM experimentally supports Compiler Blackholes, and they are in use. Please exercise
extra caution when trusting the results, look into the generated code to check the benchmark still
works, and factor in a small probability of new VM bugs. Additionally, while comparisons between
different JVMs are already problematic, the performance difference caused by different Blackhole
modes can be very significant. Please make sure you use the consistent Blackhole mode for comparisons.

Benchmark                                                           (hotKeySpace)  (workloadMode)   Mode  Cnt       Score       Error  Units
SegmentIndexMixedDrainBenchmark.partitionedIngestMixed                        256       drainOnly  thrpt    5  536109.366 ± 94955.281  ops/s
SegmentIndexMixedDrainBenchmark.partitionedIngestMixed:getWorkload            256       drainOnly  thrpt    5  529955.822 ± 94775.367  ops/s
SegmentIndexMixedDrainBenchmark.partitionedIngestMixed:putWorkload            256       drainOnly  thrpt    5    6153.544 ±   232.732  ops/s

Benchmark result is saved to /home/runner/work/_temp/benchmark-results/candidate/raw/segment-index-mixed-drain.json
