# JMH version: 1.37
# VM version: JDK 21.0.10, OpenJDK 64-Bit Server VM, 21.0.10+7-LTS
# VM invoker: /usr/lib/jvm/temurin-21-jdk-amd64/bin/java
# VM options: <none>
# Blackhole mode: compiler (auto-detected, use -Djmh.blackhole.autoDetect=false to disable)
# Warmup: 1 iterations, 1 s each
# Measurement: 3 iterations, 1 s each
# Timeout: 10 min per iteration
# Threads: 20 threads, will synchronize iterations
# Benchmark mode: Throughput, ops/time
# Benchmark: org.hestiastore.benchmark.segmentindex.SegmentIndexHotRoutePutBenchmark.putHotRoute

# Run progress: 0.00% complete, ETA 00:00:08
# Fork: 1 of 1
# Warmup Iteration   1: SLF4J(W): No SLF4J providers were found.
SLF4J(W): Defaulting to no-operation (NOP) logger implementation
SLF4J(W): See https://www.slf4j.org/codes.html#noProviders for further details.
1345169.826 ops/s
Iteration   1: 2095802.063 ops/s
Iteration   2: 2180366.095 ops/s
Iteration   3: 2195956.535 ops/s


Result "org.hestiastore.benchmark.segmentindex.SegmentIndexHotRoutePutBenchmark.putHotRoute":
  2157374.898 ±(99.9%) 983161.631 ops/s [Average]
  (min, avg, max) = (2095802.063, 2157374.898, 2195956.535), stdev = 53890.407
  CI (99.9%): [1174213.267, 3140536.529] (assumes normal distribution)


# JMH version: 1.37
# VM version: JDK 21.0.10, OpenJDK 64-Bit Server VM, 21.0.10+7-LTS
# VM invoker: /usr/lib/jvm/temurin-21-jdk-amd64/bin/java
# VM options: <none>
# Blackhole mode: compiler (auto-detected, use -Djmh.blackhole.autoDetect=false to disable)
# Warmup: 1 iterations, 1 s each
# Measurement: 3 iterations, 1 s each
# Timeout: 10 min per iteration
# Threads: 20 threads, will synchronize iterations
# Benchmark mode: Throughput, ops/time
# Benchmark: org.hestiastore.benchmark.segmentindex.SegmentIndexHotRoutePutBenchmark.putThenGetHotRoute

# Run progress: 50.00% complete, ETA 00:00:05
# Fork: 1 of 1
# Warmup Iteration   1: SLF4J(W): No SLF4J providers were found.
SLF4J(W): Defaulting to no-operation (NOP) logger implementation
SLF4J(W): See https://www.slf4j.org/codes.html#noProviders for further details.
437785.155 ops/s
Iteration   1: 1047693.757 ops/s
Iteration   2: 1105353.844 ops/s
Iteration   3: 1038982.711 ops/s


Result "org.hestiastore.benchmark.segmentindex.SegmentIndexHotRoutePutBenchmark.putThenGetHotRoute":
  1064010.104 ±(99.9%) 658026.873 ops/s [Average]
  (min, avg, max) = (1038982.711, 1064010.104, 1105353.844), stdev = 36068.673
  CI (99.9%): [405983.231, 1722036.977] (assumes normal distribution)


# Run complete. Total time: 00:00:11

REMEMBER: The numbers below are just data. To gain reusable insights, you need to follow up on
why the numbers are the way they are. Use profilers (see -prof, -lprof), design factorial
experiments, perform baseline and negative tests that provide experimental control, make sure
the benchmarking environment is safe on JVM/OS/HW level, ask for reviews from the domain experts.
Do not assume the numbers tell you what you want them to tell.

NOTE: Current JVM experimentally supports Compiler Blackholes, and they are in use. Please exercise
extra caution when trusting the results, look into the generated code to check the benchmark still
works, and factor in a small probability of new VM bugs. Additionally, while comparisons between
different JVMs are already problematic, the performance difference caused by different Blackhole
modes can be very significant. Please make sure you use the consistent Blackhole mode for comparisons.

Benchmark                                             Mode  Cnt        Score        Error  Units
SegmentIndexHotRoutePutBenchmark.putHotRoute         thrpt    3  2157374.898 ± 983161.631  ops/s
SegmentIndexHotRoutePutBenchmark.putThenGetHotRoute  thrpt    3  1064010.104 ± 658026.873  ops/s

Benchmark result is saved to /home/runner/work/_temp/benchmark-results/candidate/raw/segment-index-hot-route-put.json
