# JMH version: 1.37
# VM version: JDK 21.0.11, OpenJDK 64-Bit Server VM, 21.0.11+10-LTS
# VM invoker: /usr/lib/jvm/temurin-21-jdk-amd64/bin/java
# VM options: <none>
# Blackhole mode: compiler (auto-detected, use -Djmh.blackhole.autoDetect=false to disable)
# Warmup: 2 iterations, 2 s each
# Measurement: 5 iterations, 2 s each
# Timeout: 10 min per iteration
# Threads: 20 threads (1 group; 4x "getWorkload", 16x "putWorkload" in each group), will synchronize iterations
# Benchmark mode: Throughput, ops/time
# Benchmark: org.hestiastore.benchmark.segmentindex.SegmentIndexMixedDrainBenchmark.partitionedIngestMixed
# Parameters: (hotKeySpace = 256, workloadMode = splitHeavy)

# Run progress: 0.00% complete, ETA 00:00:14
# Fork: 1 of 1
# Warmup Iteration   1: SLF4J(W): No SLF4J providers were found.
SLF4J(W): Defaulting to no-operation (NOP) logger implementation
SLF4J(W): See https://www.slf4j.org/codes.html#noProviders for further details.
101142.206 ops/s
# Warmup Iteration   2: 214897.224 ops/s
Iteration   1: 232355.428 ops/s
                 getWorkload: 230437.884 ops/s
                 putWorkload: 1917.544 ops/s

Iteration   2: 267648.555 ops/s
                 getWorkload: 266090.964 ops/s
                 putWorkload: 1557.590 ops/s

Iteration   3: 255216.278 ops/s
                 getWorkload: 253713.611 ops/s
                 putWorkload: 1502.667 ops/s

Iteration   4: 265002.422 ops/s
                 getWorkload: 263733.266 ops/s
                 putWorkload: 1269.156 ops/s

Iteration   5: 270628.059 ops/s
                 getWorkload: 269495.849 ops/s
                 putWorkload: 1132.211 ops/s



Result "org.hestiastore.benchmark.segmentindex.SegmentIndexMixedDrainBenchmark.partitionedIngestMixed":
  258170.148 ±(99.9%) 59866.209 ops/s [Average]
  (min, avg, max) = (232355.428, 258170.148, 270628.059), stdev = 15547.064
  CI (99.9%): [198303.940, 318036.357] (assumes normal distribution)

Secondary result "org.hestiastore.benchmark.segmentindex.SegmentIndexMixedDrainBenchmark.partitionedIngestMixed:getWorkload":
  256694.315 ±(99.9%) 60884.267 ops/s [Average]
  (min, avg, max) = (230437.884, 256694.315, 269495.849), stdev = 15811.451
  CI (99.9%): [195810.048, 317578.581] (assumes normal distribution)

Secondary result "org.hestiastore.benchmark.segmentindex.SegmentIndexMixedDrainBenchmark.partitionedIngestMixed:putWorkload":
  1475.834 ±(99.9%) 1160.483 ops/s [Average]
  (min, avg, max) = (1132.211, 1475.834, 1917.544), stdev = 301.374
  CI (99.9%): [315.350, 2636.317] (assumes normal distribution)


# Run complete. Total time: 00:00:32

REMEMBER: The numbers below are just data. To gain reusable insights, you need to follow up on
why the numbers are the way they are. Use profilers (see -prof, -lprof), design factorial
experiments, perform baseline and negative tests that provide experimental control, make sure
the benchmarking environment is safe on JVM/OS/HW level, ask for reviews from the domain experts.
Do not assume the numbers tell you what you want them to tell.

NOTE: Current JVM experimentally supports Compiler Blackholes, and they are in use. Please exercise
extra caution when trusting the results, look into the generated code to check the benchmark still
works, and factor in a small probability of new VM bugs. Additionally, while comparisons between
different JVMs are already problematic, the performance difference caused by different Blackhole
modes can be very significant. Please make sure you use the consistent Blackhole mode for comparisons.

Benchmark                                                           (hotKeySpace)  (workloadMode)   Mode  Cnt       Score       Error  Units
SegmentIndexMixedDrainBenchmark.partitionedIngestMixed                        256      splitHeavy  thrpt    5  258170.148 ± 59866.209  ops/s
SegmentIndexMixedDrainBenchmark.partitionedIngestMixed:getWorkload            256      splitHeavy  thrpt    5  256694.315 ± 60884.267  ops/s
SegmentIndexMixedDrainBenchmark.partitionedIngestMixed:putWorkload            256      splitHeavy  thrpt    5    1475.834 ±  1160.483  ops/s

Benchmark result is saved to /home/runner/work/_temp/benchmark-results/candidate/raw/segment-index-mixed-split-heavy.json
