# JMH version: 1.37
# VM version: JDK 21.0.10, OpenJDK 64-Bit Server VM, 21.0.10+7-LTS
# VM invoker: /usr/lib/jvm/temurin-21-jdk-amd64/bin/java
# VM options: <none>
# Blackhole mode: compiler (auto-detected, use -Djmh.blackhole.autoDetect=false to disable)
# Warmup: 1 iterations, 1 s each
# Measurement: 3 iterations, 1 s each
# Timeout: 10 min per iteration
# Threads: 20 threads (1 group; 4x "getWorkload", 16x "putWorkload" in each group), will synchronize iterations
# Benchmark mode: Throughput, ops/time
# Benchmark: org.hestiastore.benchmark.segmentindex.SegmentIndexMixedDrainBenchmark.partitionedIngestMixed
# Parameters: (hotKeySpace = 256, workloadMode = splitHeavy)

# Run progress: 0.00% complete, ETA 00:00:04
# Fork: 1 of 1
# Warmup Iteration   1: SLF4J(W): No SLF4J providers were found.
SLF4J(W): Defaulting to no-operation (NOP) logger implementation
SLF4J(W): See https://www.slf4j.org/codes.html#noProviders for further details.
39585.585 ops/s
Iteration   1: 89277.045 ops/s
                 getWorkload: 82598.623 ops/s
                 putWorkload: 6678.421 ops/s

Iteration   2: 192902.651 ops/s
                 getWorkload: 186286.867 ops/s
                 putWorkload: 6615.784 ops/s

Iteration   3: <failure>

org.hestiastore.index.IndexException: Operation 'loadSegment' timed out after 30000 ms on target 'segment-00041'
	at org.hestiastore.index.BusyRetryPolicy.backoffOrThrow(BusyRetryPolicy.java:60)
	at org.hestiastore.index.segmentregistry.BlockingSegmentRegistryAdapter.loadSegment(BlockingSegmentRegistryAdapter.java:53)
	at org.hestiastore.index.segmentregistry.SegmentRegistryImpl.lambda$toHandle$1(SegmentRegistryImpl.java:318)
	at org.hestiastore.index.segmentregistry.BlockingSegmentHandle.loadSegment(BlockingSegmentHandle.java:138)
	at org.hestiastore.index.segmentregistry.BlockingSegmentHandle$RuntimeView.getNumberOfKeysInCache(BlockingSegmentHandle.java:204)
	at org.hestiastore.index.segmentindex.core.routing.RouteSplitCoordinator.estimatedVisibleKeys(RouteSplitCoordinator.java:123)
	at org.hestiastore.index.segmentindex.core.routing.RouteSplitCoordinator.tryPrepareSplit(RouteSplitCoordinator.java:63)
	at org.hestiastore.index.segmentindex.core.routing.BackgroundSplitCoordinatorImpl.prepareSplit(BackgroundSplitCoordinatorImpl.java:377)
	at org.hestiastore.index.segmentindex.core.routing.BackgroundSplitCoordinatorImpl.tryApplyPreparedSplit(BackgroundSplitCoordinatorImpl.java:366)
	at org.hestiastore.index.segmentindex.core.routing.BackgroundSplitCoordinatorImpl.executeSplitAsync(BackgroundSplitCoordinatorImpl.java:313)
	at org.hestiastore.index.segmentindex.core.routing.BackgroundSplitCoordinatorImpl.executeScheduledSplit(BackgroundSplitCoordinatorImpl.java:299)
	at org.hestiastore.index.segmentindex.core.routing.BackgroundSplitCoordinatorImpl.lambda$scheduleSplitAsync$6(BackgroundSplitCoordinatorImpl.java:281)
	at java.base/java.util.concurrent.ThreadPoolExecutor.runWorker(ThreadPoolExecutor.java:1144)
	at java.base/java.util.concurrent.ThreadPoolExecutor$Worker.run(ThreadPoolExecutor.java:642)
	at java.base/java.lang.Thread.run(Thread.java:1583)




Result "org.hestiastore.benchmark.segmentindex.SegmentIndexMixedDrainBenchmark.partitionedIngestMixed":
  141089.848 ops/s

Secondary result "org.hestiastore.benchmark.segmentindex.SegmentIndexMixedDrainBenchmark.partitionedIngestMixed:getWorkload":
  134442.745 ops/s

Secondary result "org.hestiastore.benchmark.segmentindex.SegmentIndexMixedDrainBenchmark.partitionedIngestMixed:putWorkload":
  6647.102 ops/s


# Run complete. Total time: 00:00:38

REMEMBER: The numbers below are just data. To gain reusable insights, you need to follow up on
why the numbers are the way they are. Use profilers (see -prof, -lprof), design factorial
experiments, perform baseline and negative tests that provide experimental control, make sure
the benchmarking environment is safe on JVM/OS/HW level, ask for reviews from the domain experts.
Do not assume the numbers tell you what you want them to tell.

NOTE: Current JVM experimentally supports Compiler Blackholes, and they are in use. Please exercise
extra caution when trusting the results, look into the generated code to check the benchmark still
works, and factor in a small probability of new VM bugs. Additionally, while comparisons between
different JVMs are already problematic, the performance difference caused by different Blackhole
modes can be very significant. Please make sure you use the consistent Blackhole mode for comparisons.

Benchmark                                                           (hotKeySpace)  (workloadMode)   Mode  Cnt       Score   Error  Units
SegmentIndexMixedDrainBenchmark.partitionedIngestMixed                        256      splitHeavy  thrpt    2  141089.848          ops/s
SegmentIndexMixedDrainBenchmark.partitionedIngestMixed:getWorkload            256      splitHeavy  thrpt    2  134442.745          ops/s
SegmentIndexMixedDrainBenchmark.partitionedIngestMixed:putWorkload            256      splitHeavy  thrpt    2    6647.102          ops/s

Benchmark result is saved to /home/runner/work/_temp/benchmark-results/candidate/raw/segment-index-mixed-split-heavy.json
