# JMH version: 1.37
# VM version: JDK 21.0.10, OpenJDK 64-Bit Server VM, 21.0.10+7-LTS
# VM invoker: /usr/lib/jvm/temurin-21-jdk-amd64/bin/java
# VM options: <none>
# Blackhole mode: compiler (auto-detected, use -Djmh.blackhole.autoDetect=false to disable)
# Warmup: 2 iterations, 2 s each
# Measurement: 5 iterations, 2 s each
# Timeout: 10 min per iteration
# Threads: 4 threads, will synchronize iterations
# Benchmark mode: Throughput, ops/time
# Benchmark: org.hestiastore.benchmark.segmentindex.SegmentIndexGetBenchmark.getHitAsyncJoin
# Parameters: (keyCount = 12000, maxKeysInChunk = 256, readPathMode = persisted, snappy = true, valueLength = 64)

# Run progress: 0.00% complete, ETA 00:00:56
# Fork: 1 of 1
# Warmup Iteration   1: SLF4J(W): No SLF4J providers were found.
SLF4J(W): Defaulting to no-operation (NOP) logger implementation
SLF4J(W): See https://www.slf4j.org/codes.html#noProviders for further details.
34898.016 ops/s
# Warmup Iteration   2: 56709.129 ops/s
Iteration   1: 67405.212 ops/s
Iteration   2: 66848.398 ops/s
Iteration   3: 62403.563 ops/s
Iteration   4: 66182.959 ops/s
Iteration   5: 69243.823 ops/s


Result "org.hestiastore.benchmark.segmentindex.SegmentIndexGetBenchmark.getHitAsyncJoin":
  66416.791 ±(99.9%) 9687.267 ops/s [Average]
  (min, avg, max) = (62403.563, 66416.791, 69243.823), stdev = 2515.753
  CI (99.9%): [56729.524, 76104.058] (assumes normal distribution)


# JMH version: 1.37
# VM version: JDK 21.0.10, OpenJDK 64-Bit Server VM, 21.0.10+7-LTS
# VM invoker: /usr/lib/jvm/temurin-21-jdk-amd64/bin/java
# VM options: <none>
# Blackhole mode: compiler (auto-detected, use -Djmh.blackhole.autoDetect=false to disable)
# Warmup: 2 iterations, 2 s each
# Measurement: 5 iterations, 2 s each
# Timeout: 10 min per iteration
# Threads: 4 threads, will synchronize iterations
# Benchmark mode: Throughput, ops/time
# Benchmark: org.hestiastore.benchmark.segmentindex.SegmentIndexGetBenchmark.getHitSync
# Parameters: (keyCount = 12000, maxKeysInChunk = 256, readPathMode = persisted, snappy = true, valueLength = 64)

# Run progress: 25.00% complete, ETA 00:00:47
# Fork: 1 of 1
# Warmup Iteration   1: SLF4J(W): No SLF4J providers were found.
SLF4J(W): Defaulting to no-operation (NOP) logger implementation
SLF4J(W): See https://www.slf4j.org/codes.html#noProviders for further details.
68017.564 ops/s
# Warmup Iteration   2: 116103.129 ops/s
Iteration   1: 116883.488 ops/s
Iteration   2: 116497.812 ops/s
Iteration   3: 116582.859 ops/s
Iteration   4: 117406.941 ops/s
Iteration   5: 116938.479 ops/s


Result "org.hestiastore.benchmark.segmentindex.SegmentIndexGetBenchmark.getHitSync":
  116861.916 ±(99.9%) 1380.100 ops/s [Average]
  (min, avg, max) = (116497.812, 116861.916, 117406.941), stdev = 358.407
  CI (99.9%): [115481.816, 118242.015] (assumes normal distribution)


# JMH version: 1.37
# VM version: JDK 21.0.10, OpenJDK 64-Bit Server VM, 21.0.10+7-LTS
# VM invoker: /usr/lib/jvm/temurin-21-jdk-amd64/bin/java
# VM options: <none>
# Blackhole mode: compiler (auto-detected, use -Djmh.blackhole.autoDetect=false to disable)
# Warmup: 2 iterations, 2 s each
# Measurement: 5 iterations, 2 s each
# Timeout: 10 min per iteration
# Threads: 4 threads, will synchronize iterations
# Benchmark mode: Throughput, ops/time
# Benchmark: org.hestiastore.benchmark.segmentindex.SegmentIndexGetBenchmark.getMissAsyncJoin
# Parameters: (keyCount = 12000, maxKeysInChunk = 256, readPathMode = persisted, snappy = true, valueLength = 64)

# Run progress: 50.00% complete, ETA 00:00:31
# Fork: 1 of 1
# Warmup Iteration   1: SLF4J(W): No SLF4J providers were found.
SLF4J(W): Defaulting to no-operation (NOP) logger implementation
SLF4J(W): See https://www.slf4j.org/codes.html#noProviders for further details.
150160.150 ops/s
# Warmup Iteration   2: 167553.941 ops/s
Iteration   1: 167376.011 ops/s
Iteration   2: 167352.227 ops/s
Iteration   3: 167342.084 ops/s
Iteration   4: 167101.342 ops/s
Iteration   5: 167258.274 ops/s


Result "org.hestiastore.benchmark.segmentindex.SegmentIndexGetBenchmark.getMissAsyncJoin":
  167285.987 ±(99.9%) 432.665 ops/s [Average]
  (min, avg, max) = (167101.342, 167285.987, 167376.011), stdev = 112.362
  CI (99.9%): [166853.322, 167718.653] (assumes normal distribution)


# JMH version: 1.37
# VM version: JDK 21.0.10, OpenJDK 64-Bit Server VM, 21.0.10+7-LTS
# VM invoker: /usr/lib/jvm/temurin-21-jdk-amd64/bin/java
# VM options: <none>
# Blackhole mode: compiler (auto-detected, use -Djmh.blackhole.autoDetect=false to disable)
# Warmup: 2 iterations, 2 s each
# Measurement: 5 iterations, 2 s each
# Timeout: 10 min per iteration
# Threads: 4 threads, will synchronize iterations
# Benchmark mode: Throughput, ops/time
# Benchmark: org.hestiastore.benchmark.segmentindex.SegmentIndexGetBenchmark.getMissSync
# Parameters: (keyCount = 12000, maxKeysInChunk = 256, readPathMode = persisted, snappy = true, valueLength = 64)

# Run progress: 75.00% complete, ETA 00:00:15
# Fork: 1 of 1
# Warmup Iteration   1: SLF4J(W): No SLF4J providers were found.
SLF4J(W): Defaulting to no-operation (NOP) logger implementation
SLF4J(W): See https://www.slf4j.org/codes.html#noProviders for further details.
3260746.978 ops/s
# Warmup Iteration   2: 4178782.134 ops/s
Iteration   1: 4230272.977 ops/s
Iteration   2: 4049481.755 ops/s
Iteration   3: 4001367.143 ops/s
Iteration   4: 4000457.967 ops/s
Iteration   5: 4016708.527 ops/s


Result "org.hestiastore.benchmark.segmentindex.SegmentIndexGetBenchmark.getMissSync":
  4059657.674 ±(99.9%) 375117.508 ops/s [Average]
  (min, avg, max) = (4000457.967, 4059657.674, 4230272.977), stdev = 97416.826
  CI (99.9%): [3684540.166, 4434775.182] (assumes normal distribution)


# Run complete. Total time: 00:01:03

REMEMBER: The numbers below are just data. To gain reusable insights, you need to follow up on
why the numbers are the way they are. Use profilers (see -prof, -lprof), design factorial
experiments, perform baseline and negative tests that provide experimental control, make sure
the benchmarking environment is safe on JVM/OS/HW level, ask for reviews from the domain experts.
Do not assume the numbers tell you what you want them to tell.

NOTE: Current JVM experimentally supports Compiler Blackholes, and they are in use. Please exercise
extra caution when trusting the results, look into the generated code to check the benchmark still
works, and factor in a small probability of new VM bugs. Additionally, while comparisons between
different JVMs are already problematic, the performance difference caused by different Blackhole
modes can be very significant. Please make sure you use the consistent Blackhole mode for comparisons.

Benchmark                                  (keyCount)  (maxKeysInChunk)  (readPathMode)  (snappy)  (valueLength)   Mode  Cnt        Score        Error  Units
SegmentIndexGetBenchmark.getHitAsyncJoin        12000               256       persisted      true             64  thrpt    5    66416.791 ±   9687.267  ops/s
SegmentIndexGetBenchmark.getHitSync             12000               256       persisted      true             64  thrpt    5   116861.916 ±   1380.100  ops/s
SegmentIndexGetBenchmark.getMissAsyncJoin       12000               256       persisted      true             64  thrpt    5   167285.987 ±    432.665  ops/s
SegmentIndexGetBenchmark.getMissSync            12000               256       persisted      true             64  thrpt    5  4059657.674 ± 375117.508  ops/s

Benchmark result is saved to /home/runner/work/_temp/benchmark-results/candidate/raw/segment-index-get-persisted.json
