# JMH version: 1.37
# VM version: JDK 21.0.11, OpenJDK 64-Bit Server VM, 21.0.11+10-LTS
# VM invoker: /usr/lib/jvm/temurin-21-jdk-amd64/bin/java
# VM options: <none>
# Blackhole mode: compiler (auto-detected, use -Djmh.blackhole.autoDetect=false to disable)
# Warmup: 2 iterations, 2 s each
# Measurement: 5 iterations, 2 s each
# Timeout: 10 min per iteration
# Threads: 20 threads (1 group; 4x "getWorkload", 16x "putWorkload" in each group), will synchronize iterations
# Benchmark mode: Throughput, ops/time
# Benchmark: org.hestiastore.benchmark.segmentindex.SegmentIndexMixedDrainBenchmark.partitionedIngestMixed
# Parameters: (hotKeySpace = 256, workloadMode = splitHeavy)

# Run progress: 0.00% complete, ETA 00:00:14
# Fork: 1 of 1
# Warmup Iteration   1: SLF4J(W): No SLF4J providers were found.
SLF4J(W): Defaulting to no-operation (NOP) logger implementation
SLF4J(W): See https://www.slf4j.org/codes.html#noProviders for further details.
151935.702 ops/s
# Warmup Iteration   2: 281899.968 ops/s
Iteration   1: 338014.630 ops/s
                 getWorkload: 335816.923 ops/s
                 putWorkload: 2197.707 ops/s

Iteration   2: 353145.516 ops/s
                 getWorkload: 351376.826 ops/s
                 putWorkload: 1768.690 ops/s

Iteration   3: 386468.955 ops/s
                 getWorkload: 385031.515 ops/s
                 putWorkload: 1437.440 ops/s

Iteration   4: 405022.193 ops/s
                 getWorkload: 403671.932 ops/s
                 putWorkload: 1350.261 ops/s

Iteration   5: 418140.311 ops/s
                 getWorkload: 397890.467 ops/s
                 putWorkload: 20249.844 ops/s



Result "org.hestiastore.benchmark.segmentindex.SegmentIndexMixedDrainBenchmark.partitionedIngestMixed":
  380158.321 ±(99.9%) 130673.207 ops/s [Average]
  (min, avg, max) = (338014.630, 380158.321, 418140.311), stdev = 33935.417
  CI (99.9%): [249485.114, 510831.528] (assumes normal distribution)

Secondary result "org.hestiastore.benchmark.segmentindex.SegmentIndexMixedDrainBenchmark.partitionedIngestMixed:getWorkload":
  374757.533 ±(99.9%) 114548.703 ops/s [Average]
  (min, avg, max) = (335816.923, 374757.533, 403671.932), stdev = 29747.934
  CI (99.9%): [260208.829, 489306.236] (assumes normal distribution)

Secondary result "org.hestiastore.benchmark.segmentindex.SegmentIndexMixedDrainBenchmark.partitionedIngestMixed:putWorkload":
  5400.788 ±(99.9%) 31989.397 ops/s [Average]
  (min, avg, max) = (1350.261, 5400.788, 20249.844), stdev = 8307.545
  CI (99.9%): [≈ 0, 37390.186] (assumes normal distribution)


# Run complete. Total time: 00:00:29

REMEMBER: The numbers below are just data. To gain reusable insights, you need to follow up on
why the numbers are the way they are. Use profilers (see -prof, -lprof), design factorial
experiments, perform baseline and negative tests that provide experimental control, make sure
the benchmarking environment is safe on JVM/OS/HW level, ask for reviews from the domain experts.
Do not assume the numbers tell you what you want them to tell.

NOTE: Current JVM experimentally supports Compiler Blackholes, and they are in use. Please exercise
extra caution when trusting the results, look into the generated code to check the benchmark still
works, and factor in a small probability of new VM bugs. Additionally, while comparisons between
different JVMs are already problematic, the performance difference caused by different Blackhole
modes can be very significant. Please make sure you use the consistent Blackhole mode for comparisons.

Benchmark                                                           (hotKeySpace)  (workloadMode)   Mode  Cnt       Score        Error  Units
SegmentIndexMixedDrainBenchmark.partitionedIngestMixed                        256      splitHeavy  thrpt    5  380158.321 ± 130673.207  ops/s
SegmentIndexMixedDrainBenchmark.partitionedIngestMixed:getWorkload            256      splitHeavy  thrpt    5  374757.533 ± 114548.703  ops/s
SegmentIndexMixedDrainBenchmark.partitionedIngestMixed:putWorkload            256      splitHeavy  thrpt    5    5400.788 ±  31989.397  ops/s

Benchmark result is saved to /home/runner/work/_temp/benchmark-results/candidate/raw/segment-index-mixed-split-heavy.json
