# JMH version: 1.37
# VM version: JDK 21.0.11, OpenJDK 64-Bit Server VM, 21.0.11+10-LTS
# VM invoker: /usr/lib/jvm/temurin-21-jdk-amd64/bin/java
# VM options: <none>
# Blackhole mode: compiler (auto-detected, use -Djmh.blackhole.autoDetect=false to disable)
# Warmup: 2 iterations, 2 s each
# Measurement: 5 iterations, 2 s each
# Timeout: 10 min per iteration
# Threads: 1 thread, will synchronize iterations
# Benchmark mode: Throughput, ops/time
# Benchmark: org.hestiastore.benchmark.sorteddatafile.DiffKeyReaderBenchmark.readNextKey
# Parameters: (entryCount = 8192, keyLength = 48, valueLength = 64)

# Run progress: 0.00% complete, ETA 00:00:14
# Fork: 1 of 1
# Warmup Iteration   1: SLF4J(W): No SLF4J providers were found.
SLF4J(W): Defaulting to no-operation (NOP) logger implementation
SLF4J(W): See https://www.slf4j.org/codes.html#noProviders for further details.
7351624.043 ops/s
# Warmup Iteration   2: 8475251.431 ops/s
Iteration   1: 8527646.506 ops/s
Iteration   2: 8509839.892 ops/s
Iteration   3: 8550869.565 ops/s
Iteration   4: 8559813.257 ops/s
Iteration   5: 8587005.461 ops/s


Result "org.hestiastore.benchmark.sorteddatafile.DiffKeyReaderBenchmark.readNextKey":
  8547034.936 ±(99.9%) 114471.931 ops/s [Average]
  (min, avg, max) = (8509839.892, 8547034.936, 8587005.461), stdev = 29727.997
  CI (99.9%): [8432563.006, 8661506.867] (assumes normal distribution)


# Run complete. Total time: 00:00:14

REMEMBER: The numbers below are just data. To gain reusable insights, you need to follow up on
why the numbers are the way they are. Use profilers (see -prof, -lprof), design factorial
experiments, perform baseline and negative tests that provide experimental control, make sure
the benchmarking environment is safe on JVM/OS/HW level, ask for reviews from the domain experts.
Do not assume the numbers tell you what you want them to tell.

NOTE: Current JVM experimentally supports Compiler Blackholes, and they are in use. Please exercise
extra caution when trusting the results, look into the generated code to check the benchmark still
works, and factor in a small probability of new VM bugs. Additionally, while comparisons between
different JVMs are already problematic, the performance difference caused by different Blackhole
modes can be very significant. Please make sure you use the consistent Blackhole mode for comparisons.

Benchmark                           (entryCount)  (keyLength)  (valueLength)   Mode  Cnt        Score        Error  Units
DiffKeyReaderBenchmark.readNextKey          8192           48             64  thrpt    5  8547034.936 ± 114471.931  ops/s

Benchmark result is saved to /home/runner/work/_temp/benchmark-results/candidate/raw/sorted-data-diff-key-read-large.json
