# JMH version: 1.37
# VM version: JDK 21.0.10, OpenJDK 64-Bit Server VM, 21.0.10+7-LTS
# VM invoker: /usr/lib/jvm/temurin-21-jdk-amd64/bin/java
# VM options: <none>
# Blackhole mode: compiler (auto-detected, use -Djmh.blackhole.autoDetect=false to disable)
# Warmup: 1 iterations, 1 s each
# Measurement: 3 iterations, 1 s each
# Timeout: 10 min per iteration
# Threads: 20 threads, will synchronize iterations
# Benchmark mode: Throughput, ops/time
# Benchmark: org.hestiastore.benchmark.segmentindex.SegmentIndexHotPartitionPutBenchmark.putHotPartition

# Run progress: 0.00% complete, ETA 00:00:08
# Fork: 1 of 1
# Warmup Iteration   1: SLF4J: Failed to load class "org.slf4j.impl.StaticLoggerBinder".
SLF4J: Defaulting to no-operation (NOP) logger implementation
SLF4J: See http://www.slf4j.org/codes.html#StaticLoggerBinder for further details.
1192769.978 ops/s
Iteration   1: 1963207.029 ops/s
Iteration   2: 1975546.624 ops/s
Iteration   3: SLF4J: Failed to load class "org.slf4j.impl.StaticMDCBinder".
SLF4J: Defaulting to no-operation MDCAdapter implementation.
SLF4J: See http://www.slf4j.org/codes.html#no_static_mdc_binder for further details.
2011976.928 ops/s


Result "org.hestiastore.benchmark.segmentindex.SegmentIndexHotPartitionPutBenchmark.putHotPartition":
  1983576.860 ±(99.9%) 462610.334 ops/s [Average]
  (min, avg, max) = (1963207.029, 1983576.860, 2011976.928), stdev = 25357.233
  CI (99.9%): [1520966.526, 2446187.194] (assumes normal distribution)


# JMH version: 1.37
# VM version: JDK 21.0.10, OpenJDK 64-Bit Server VM, 21.0.10+7-LTS
# VM invoker: /usr/lib/jvm/temurin-21-jdk-amd64/bin/java
# VM options: <none>
# Blackhole mode: compiler (auto-detected, use -Djmh.blackhole.autoDetect=false to disable)
# Warmup: 1 iterations, 1 s each
# Measurement: 3 iterations, 1 s each
# Timeout: 10 min per iteration
# Threads: 20 threads, will synchronize iterations
# Benchmark mode: Throughput, ops/time
# Benchmark: org.hestiastore.benchmark.segmentindex.SegmentIndexHotPartitionPutBenchmark.putThenGetHotPartition

# Run progress: 50.00% complete, ETA 00:00:05
# Fork: 1 of 1
# Warmup Iteration   1: SLF4J: Failed to load class "org.slf4j.impl.StaticLoggerBinder".
SLF4J: Defaulting to no-operation (NOP) logger implementation
SLF4J: See http://www.slf4j.org/codes.html#StaticLoggerBinder for further details.
506153.861 ops/s
Iteration   1: 1117904.272 ops/s
Iteration   2: 1169039.210 ops/s
Iteration   3: SLF4J: Failed to load class "org.slf4j.impl.StaticMDCBinder".
SLF4J: Defaulting to no-operation MDCAdapter implementation.
SLF4J: See http://www.slf4j.org/codes.html#no_static_mdc_binder for further details.
1195798.285 ops/s


Result "org.hestiastore.benchmark.segmentindex.SegmentIndexHotPartitionPutBenchmark.putThenGetHotPartition":
  1160913.922 ±(99.9%) 722042.325 ops/s [Average]
  (min, avg, max) = (1117904.272, 1160913.922, 1195798.285), stdev = 39577.576
  CI (99.9%): [438871.598, 1882956.247] (assumes normal distribution)


# Run complete. Total time: 00:00:11

REMEMBER: The numbers below are just data. To gain reusable insights, you need to follow up on
why the numbers are the way they are. Use profilers (see -prof, -lprof), design factorial
experiments, perform baseline and negative tests that provide experimental control, make sure
the benchmarking environment is safe on JVM/OS/HW level, ask for reviews from the domain experts.
Do not assume the numbers tell you what you want them to tell.

NOTE: Current JVM experimentally supports Compiler Blackholes, and they are in use. Please exercise
extra caution when trusting the results, look into the generated code to check the benchmark still
works, and factor in a small probability of new VM bugs. Additionally, while comparisons between
different JVMs are already problematic, the performance difference caused by different Blackhole
modes can be very significant. Please make sure you use the consistent Blackhole mode for comparisons.

Benchmark                                                     Mode  Cnt        Score        Error  Units
SegmentIndexHotPartitionPutBenchmark.putHotPartition         thrpt    3  1983576.860 ± 462610.334  ops/s
SegmentIndexHotPartitionPutBenchmark.putThenGetHotPartition  thrpt    3  1160913.922 ± 722042.325  ops/s

Benchmark result is saved to /home/runner/work/_temp/benchmark-results/candidate/reruns/run-3/raw/segment-index-hot-partition-put.json
