# JMH version: 1.37
# VM version: JDK 21.0.10, OpenJDK 64-Bit Server VM, 21.0.10+7-LTS
# VM invoker: /usr/lib/jvm/temurin-21-jdk-amd64/bin/java
# VM options: <none>
# Blackhole mode: compiler (auto-detected, use -Djmh.blackhole.autoDetect=false to disable)
# Warmup: 1 iterations, 1 s each
# Measurement: 3 iterations, 1 s each
# Timeout: 10 min per iteration
# Threads: 20 threads (1 group; 4x "getWorkload", 16x "putWorkload" in each group), will synchronize iterations
# Benchmark mode: Throughput, ops/time
# Benchmark: org.hestiastore.benchmark.segmentindex.SegmentIndexMixedDrainBenchmark.partitionedIngestMixed
# Parameters: (hotKeySpace = 256, workloadMode = splitHeavy)

# Run progress: 0.00% complete, ETA 00:00:04
# Fork: 1 of 1
# Warmup Iteration   1: SLF4J: Failed to load class "org.slf4j.impl.StaticLoggerBinder".
SLF4J: Defaulting to no-operation (NOP) logger implementation
SLF4J: See http://www.slf4j.org/codes.html#StaticLoggerBinder for further details.
SLF4J: Failed to load class "org.slf4j.impl.StaticMDCBinder".
SLF4J: Defaulting to no-operation MDCAdapter implementation.
SLF4J: See http://www.slf4j.org/codes.html#no_static_mdc_binder for further details.
67088.819 ops/s
Iteration   1: 146999.842 ops/s
                 getWorkload: 144156.089 ops/s
                 putWorkload: 2843.753 ops/s

Iteration   2: 205100.657 ops/s
                 getWorkload: 202623.330 ops/s
                 putWorkload: 2477.326 ops/s

Iteration   3: 200383.062 ops/s
                 getWorkload: 197685.371 ops/s
                 putWorkload: 2697.691 ops/s



Result "org.hestiastore.benchmark.segmentindex.SegmentIndexMixedDrainBenchmark.partitionedIngestMixed":
  184161.187 ±(99.9%) 588706.606 ops/s [Average]
  (min, avg, max) = (146999.842, 184161.187, 205100.657), stdev = 32268.996
  CI (99.9%): [≈ 0, 772867.793] (assumes normal distribution)

Secondary result "org.hestiastore.benchmark.segmentindex.SegmentIndexMixedDrainBenchmark.partitionedIngestMixed:getWorkload":
  181488.263 ±(99.9%) 591548.113 ops/s [Average]
  (min, avg, max) = (144156.089, 181488.263, 202623.330), stdev = 32424.748
  CI (99.9%): [≈ 0, 773036.377] (assumes normal distribution)

Secondary result "org.hestiastore.benchmark.segmentindex.SegmentIndexMixedDrainBenchmark.partitionedIngestMixed:putWorkload":
  2672.923 ±(99.9%) 3365.324 ops/s [Average]
  (min, avg, max) = (2477.326, 2672.923, 2843.753), stdev = 184.465
  CI (99.9%): [≈ 0, 6038.247] (assumes normal distribution)


# Run complete. Total time: 00:00:08

REMEMBER: The numbers below are just data. To gain reusable insights, you need to follow up on
why the numbers are the way they are. Use profilers (see -prof, -lprof), design factorial
experiments, perform baseline and negative tests that provide experimental control, make sure
the benchmarking environment is safe on JVM/OS/HW level, ask for reviews from the domain experts.
Do not assume the numbers tell you what you want them to tell.

NOTE: Current JVM experimentally supports Compiler Blackholes, and they are in use. Please exercise
extra caution when trusting the results, look into the generated code to check the benchmark still
works, and factor in a small probability of new VM bugs. Additionally, while comparisons between
different JVMs are already problematic, the performance difference caused by different Blackhole
modes can be very significant. Please make sure you use the consistent Blackhole mode for comparisons.

Benchmark                                                           (hotKeySpace)  (workloadMode)   Mode  Cnt       Score        Error  Units
SegmentIndexMixedDrainBenchmark.partitionedIngestMixed                        256      splitHeavy  thrpt    3  184161.187 ± 588706.606  ops/s
SegmentIndexMixedDrainBenchmark.partitionedIngestMixed:getWorkload            256      splitHeavy  thrpt    3  181488.263 ± 591548.113  ops/s
SegmentIndexMixedDrainBenchmark.partitionedIngestMixed:putWorkload            256      splitHeavy  thrpt    3    2672.923 ±   3365.324  ops/s

Benchmark result is saved to /home/runner/work/_temp/benchmark-results/candidate/raw/segment-index-mixed-split-heavy.json
