# JMH version: 1.37
# VM version: JDK 21.0.10, OpenJDK 64-Bit Server VM, 21.0.10+7-LTS
# VM invoker: /usr/lib/jvm/temurin-21-jdk-amd64/bin/java
# VM options: <none>
# Blackhole mode: compiler (auto-detected, use -Djmh.blackhole.autoDetect=false to disable)
# Warmup: 2 iterations, 2 s each
# Measurement: 5 iterations, 2 s each
# Timeout: 10 min per iteration
# Threads: 20 threads (1 group; 4x "getWorkload", 16x "putWorkload" in each group), will synchronize iterations
# Benchmark mode: Throughput, ops/time
# Benchmark: org.hestiastore.benchmark.segmentindex.SegmentIndexMixedDrainBenchmark.partitionedIngestMixed
# Parameters: (hotKeySpace = 256, workloadMode = splitHeavy)

# Run progress: 0.00% complete, ETA 00:00:14
# Fork: 1 of 1
# Warmup Iteration   1: SLF4J: Failed to load class "org.slf4j.impl.StaticLoggerBinder".
SLF4J: Defaulting to no-operation (NOP) logger implementation
SLF4J: See http://www.slf4j.org/codes.html#StaticLoggerBinder for further details.
SLF4J: Failed to load class "org.slf4j.impl.StaticMDCBinder".
SLF4J: Defaulting to no-operation MDCAdapter implementation.
SLF4J: See http://www.slf4j.org/codes.html#no_static_mdc_binder for further details.
70435.497 ops/s
# Warmup Iteration   2: 187980.502 ops/s
Iteration   1: 232380.982 ops/s
                 getWorkload: 230442.623 ops/s
                 putWorkload: 1938.358 ops/s

Iteration   2: 248079.378 ops/s
                 getWorkload: 246392.709 ops/s
                 putWorkload: 1686.669 ops/s

Iteration   3: 234696.351 ops/s
                 getWorkload: 233167.354 ops/s
                 putWorkload: 1528.998 ops/s

Iteration   4: 270365.544 ops/s
                 getWorkload: 269090.432 ops/s
                 putWorkload: 1275.111 ops/s

Iteration   5: 284431.039 ops/s
                 getWorkload: 283351.207 ops/s
                 putWorkload: 1079.832 ops/s



Result "org.hestiastore.benchmark.segmentindex.SegmentIndexMixedDrainBenchmark.partitionedIngestMixed":
  253990.659 ±(99.9%) 87574.541 ops/s [Average]
  (min, avg, max) = (232380.982, 253990.659, 284431.039), stdev = 22742.830
  CI (99.9%): [166416.118, 341565.200] (assumes normal distribution)

Secondary result "org.hestiastore.benchmark.segmentindex.SegmentIndexMixedDrainBenchmark.partitionedIngestMixed:getWorkload":
  252488.865 ±(99.9%) 88744.957 ops/s [Average]
  (min, avg, max) = (230442.623, 252488.865, 283351.207), stdev = 23046.783
  CI (99.9%): [163743.908, 341233.822] (assumes normal distribution)

Secondary result "org.hestiastore.benchmark.segmentindex.SegmentIndexMixedDrainBenchmark.partitionedIngestMixed:putWorkload":
  1501.794 ±(99.9%) 1298.621 ops/s [Average]
  (min, avg, max) = (1079.832, 1501.794, 1938.358), stdev = 337.248
  CI (99.9%): [203.172, 2800.415] (assumes normal distribution)


# Run complete. Total time: 00:00:28

REMEMBER: The numbers below are just data. To gain reusable insights, you need to follow up on
why the numbers are the way they are. Use profilers (see -prof, -lprof), design factorial
experiments, perform baseline and negative tests that provide experimental control, make sure
the benchmarking environment is safe on JVM/OS/HW level, ask for reviews from the domain experts.
Do not assume the numbers tell you what you want them to tell.

NOTE: Current JVM experimentally supports Compiler Blackholes, and they are in use. Please exercise
extra caution when trusting the results, look into the generated code to check the benchmark still
works, and factor in a small probability of new VM bugs. Additionally, while comparisons between
different JVMs are already problematic, the performance difference caused by different Blackhole
modes can be very significant. Please make sure you use the consistent Blackhole mode for comparisons.

Benchmark                                                           (hotKeySpace)  (workloadMode)   Mode  Cnt       Score       Error  Units
SegmentIndexMixedDrainBenchmark.partitionedIngestMixed                        256      splitHeavy  thrpt    5  253990.659 ± 87574.541  ops/s
SegmentIndexMixedDrainBenchmark.partitionedIngestMixed:getWorkload            256      splitHeavy  thrpt    5  252488.865 ± 88744.957  ops/s
SegmentIndexMixedDrainBenchmark.partitionedIngestMixed:putWorkload            256      splitHeavy  thrpt    5    1501.794 ±  1298.621  ops/s

Benchmark result is saved to /home/runner/work/_temp/benchmark-results/candidate/raw/segment-index-mixed-split-heavy.json
