# JMH version: 1.37
# VM version: JDK 21.0.11, OpenJDK 64-Bit Server VM, 21.0.11+10-LTS
# VM invoker: /usr/lib/jvm/temurin-21-jdk-amd64/bin/java
# VM options: <none>
# Blackhole mode: compiler (auto-detected, use -Djmh.blackhole.autoDetect=false to disable)
# Warmup: 2 iterations, 2 s each
# Measurement: 5 iterations, 2 s each
# Timeout: 10 min per iteration
# Threads: 20 threads (1 group; 4x "getWorkload", 16x "putWorkload" in each group), will synchronize iterations
# Benchmark mode: Throughput, ops/time
# Benchmark: org.hestiastore.benchmark.segmentindex.SegmentIndexMixedDrainBenchmark.partitionedIngestMixed
# Parameters: (hotKeySpace = 256, workloadMode = splitHeavy)

# Run progress: 0.00% complete, ETA 00:00:14
# Fork: 1 of 1
# Warmup Iteration   1: SLF4J(W): No SLF4J providers were found.
SLF4J(W): Defaulting to no-operation (NOP) logger implementation
SLF4J(W): See https://www.slf4j.org/codes.html#noProviders for further details.
101203.983 ops/s
# Warmup Iteration   2: 201201.837 ops/s
Iteration   1: 242348.643 ops/s
                 getWorkload: 240317.226 ops/s
                 putWorkload: 2031.417 ops/s

Iteration   2: 248185.368 ops/s
                 getWorkload: 246645.094 ops/s
                 putWorkload: 1540.275 ops/s

Iteration   3: 260026.623 ops/s
                 getWorkload: 258552.103 ops/s
                 putWorkload: 1474.521 ops/s

Iteration   4: 288620.535 ops/s
                 getWorkload: 287357.783 ops/s
                 putWorkload: 1262.752 ops/s

Iteration   5: 283329.014 ops/s
                 getWorkload: 282226.661 ops/s
                 putWorkload: 1102.353 ops/s



Result "org.hestiastore.benchmark.segmentindex.SegmentIndexMixedDrainBenchmark.partitionedIngestMixed":
  264502.037 ±(99.9%) 79690.489 ops/s [Average]
  (min, avg, max) = (242348.643, 264502.037, 288620.535), stdev = 20695.367
  CI (99.9%): [184811.547, 344192.526] (assumes normal distribution)

Secondary result "org.hestiastore.benchmark.segmentindex.SegmentIndexMixedDrainBenchmark.partitionedIngestMixed:getWorkload":
  263019.773 ±(99.9%) 80880.462 ops/s [Average]
  (min, avg, max) = (240317.226, 263019.773, 287357.783), stdev = 21004.399
  CI (99.9%): [182139.311, 343900.235] (assumes normal distribution)

Secondary result "org.hestiastore.benchmark.segmentindex.SegmentIndexMixedDrainBenchmark.partitionedIngestMixed:putWorkload":
  1482.263 ±(99.9%) 1358.017 ops/s [Average]
  (min, avg, max) = (1102.353, 1482.263, 2031.417), stdev = 352.673
  CI (99.9%): [124.246, 2840.280] (assumes normal distribution)


# Run complete. Total time: 00:00:29

REMEMBER: The numbers below are just data. To gain reusable insights, you need to follow up on
why the numbers are the way they are. Use profilers (see -prof, -lprof), design factorial
experiments, perform baseline and negative tests that provide experimental control, make sure
the benchmarking environment is safe on JVM/OS/HW level, ask for reviews from the domain experts.
Do not assume the numbers tell you what you want them to tell.

NOTE: Current JVM experimentally supports Compiler Blackholes, and they are in use. Please exercise
extra caution when trusting the results, look into the generated code to check the benchmark still
works, and factor in a small probability of new VM bugs. Additionally, while comparisons between
different JVMs are already problematic, the performance difference caused by different Blackhole
modes can be very significant. Please make sure you use the consistent Blackhole mode for comparisons.

Benchmark                                                           (hotKeySpace)  (workloadMode)   Mode  Cnt       Score       Error  Units
SegmentIndexMixedDrainBenchmark.partitionedIngestMixed                        256      splitHeavy  thrpt    5  264502.037 ± 79690.489  ops/s
SegmentIndexMixedDrainBenchmark.partitionedIngestMixed:getWorkload            256      splitHeavy  thrpt    5  263019.773 ± 80880.462  ops/s
SegmentIndexMixedDrainBenchmark.partitionedIngestMixed:putWorkload            256      splitHeavy  thrpt    5    1482.263 ±  1358.017  ops/s

Benchmark result is saved to /home/runner/work/_temp/benchmark-results/candidate/raw/segment-index-mixed-split-heavy.json
