# JMH version: 1.37
# VM version: JDK 21.0.11, OpenJDK 64-Bit Server VM, 21.0.11+10-LTS
# VM invoker: /usr/lib/jvm/temurin-21-jdk-amd64/bin/java
# VM options: <none>
# Blackhole mode: compiler (auto-detected, use -Djmh.blackhole.autoDetect=false to disable)
# Warmup: 1 iterations, 1 s each
# Measurement: 3 iterations, 1 s each
# Timeout: 10 min per iteration
# Threads: 1 thread, will synchronize iterations
# Benchmark mode: Average time, time/op
# Benchmark: org.hestiastore.benchmark.segmentindex.SegmentIndexLifecycleBenchmark.openAndCheckAndRepairConsistency
# Parameters: (keyCount = 16384, snappy = true, valueLength = 64, walMode = sync)

# Run progress: 0.00% complete, ETA 00:00:12
# Fork: 1 of 1
# Warmup Iteration   1: SLF4J(W): No SLF4J providers were found.
SLF4J(W): Defaulting to no-operation (NOP) logger implementation
SLF4J(W): See https://www.slf4j.org/codes.html#noProviders for further details.
311.289 ms/op
Iteration   1: 280.564 ms/op
Iteration   2: 275.703 ms/op
Iteration   3: 275.629 ms/op


Result "org.hestiastore.benchmark.segmentindex.SegmentIndexLifecycleBenchmark.openAndCheckAndRepairConsistency":
  277.298 ±(99.9%) 51.596 ms/op [Average]
  (min, avg, max) = (275.629, 277.298, 280.564), stdev = 2.828
  CI (99.9%): [225.702, 328.895] (assumes normal distribution)


# JMH version: 1.37
# VM version: JDK 21.0.11, OpenJDK 64-Bit Server VM, 21.0.11+10-LTS
# VM invoker: /usr/lib/jvm/temurin-21-jdk-amd64/bin/java
# VM options: <none>
# Blackhole mode: compiler (auto-detected, use -Djmh.blackhole.autoDetect=false to disable)
# Warmup: 1 iterations, 1 s each
# Measurement: 3 iterations, 1 s each
# Timeout: 10 min per iteration
# Threads: 1 thread, will synchronize iterations
# Benchmark mode: Average time, time/op
# Benchmark: org.hestiastore.benchmark.segmentindex.SegmentIndexLifecycleBenchmark.openAndCompact
# Parameters: (keyCount = 16384, snappy = true, valueLength = 64, walMode = sync)

# Run progress: 33.33% complete, ETA 00:00:20
# Fork: 1 of 1
# Warmup Iteration   1: SLF4J(W): No SLF4J providers were found.
SLF4J(W): Defaulting to no-operation (NOP) logger implementation
SLF4J(W): See https://www.slf4j.org/codes.html#noProviders for further details.
327.024 ms/op
Iteration   1: 300.408 ms/op
Iteration   2: 296.634 ms/op
Iteration   3: 296.756 ms/op


Result "org.hestiastore.benchmark.segmentindex.SegmentIndexLifecycleBenchmark.openAndCompact":
  297.932 ±(99.9%) 39.126 ms/op [Average]
  (min, avg, max) = (296.634, 297.932, 300.408), stdev = 2.145
  CI (99.9%): [258.807, 337.058] (assumes normal distribution)


# JMH version: 1.37
# VM version: JDK 21.0.11, OpenJDK 64-Bit Server VM, 21.0.11+10-LTS
# VM invoker: /usr/lib/jvm/temurin-21-jdk-amd64/bin/java
# VM options: <none>
# Blackhole mode: compiler (auto-detected, use -Djmh.blackhole.autoDetect=false to disable)
# Warmup: 1 iterations, 1 s each
# Measurement: 3 iterations, 1 s each
# Timeout: 10 min per iteration
# Threads: 1 thread, will synchronize iterations
# Benchmark mode: Average time, time/op
# Benchmark: org.hestiastore.benchmark.segmentindex.SegmentIndexLifecycleBenchmark.openExisting
# Parameters: (keyCount = 16384, snappy = true, valueLength = 64, walMode = sync)

# Run progress: 66.67% complete, ETA 00:00:10
# Fork: 1 of 1
# Warmup Iteration   1: SLF4J(W): No SLF4J providers were found.
SLF4J(W): Defaulting to no-operation (NOP) logger implementation
SLF4J(W): See https://www.slf4j.org/codes.html#noProviders for further details.
306.497 ms/op
Iteration   1: 274.227 ms/op
Iteration   2: 274.658 ms/op
Iteration   3: 274.779 ms/op


Result "org.hestiastore.benchmark.segmentindex.SegmentIndexLifecycleBenchmark.openExisting":
  274.555 ±(99.9%) 5.297 ms/op [Average]
  (min, avg, max) = (274.227, 274.555, 274.779), stdev = 0.290
  CI (99.9%): [269.257, 279.852] (assumes normal distribution)


# Run complete. Total time: 00:00:31

REMEMBER: The numbers below are just data. To gain reusable insights, you need to follow up on
why the numbers are the way they are. Use profilers (see -prof, -lprof), design factorial
experiments, perform baseline and negative tests that provide experimental control, make sure
the benchmarking environment is safe on JVM/OS/HW level, ask for reviews from the domain experts.
Do not assume the numbers tell you what you want them to tell.

NOTE: Current JVM experimentally supports Compiler Blackholes, and they are in use. Please exercise
extra caution when trusting the results, look into the generated code to check the benchmark still
works, and factor in a small probability of new VM bugs. Additionally, while comparisons between
different JVMs are already problematic, the performance difference caused by different Blackhole
modes can be very significant. Please make sure you use the consistent Blackhole mode for comparisons.

Benchmark                                                        (keyCount)  (snappy)  (valueLength)  (walMode)  Mode  Cnt    Score    Error  Units
SegmentIndexLifecycleBenchmark.openAndCheckAndRepairConsistency       16384      true             64       sync  avgt    3  277.298 ± 51.596  ms/op
SegmentIndexLifecycleBenchmark.openAndCompact                         16384      true             64       sync  avgt    3  297.932 ± 39.126  ms/op
SegmentIndexLifecycleBenchmark.openExisting                           16384      true             64       sync  avgt    3  274.555 ±  5.297  ms/op

Benchmark result is saved to /home/runner/work/_temp/benchmark-results/candidate/raw/segment-index-lifecycle.json
