# JMH version: 1.37
# VM version: JDK 21.0.11, OpenJDK 64-Bit Server VM, 21.0.11+10-LTS
# VM invoker: /usr/lib/jvm/temurin-21-jdk-amd64/bin/java
# VM options: <none>
# Blackhole mode: compiler (auto-detected, use -Djmh.blackhole.autoDetect=false to disable)
# Warmup: 2 iterations, 2 s each
# Measurement: 5 iterations, 2 s each
# Timeout: 10 min per iteration
# Threads: 20 threads (1 group; 4x "getWorkload", 16x "putWorkload" in each group), will synchronize iterations
# Benchmark mode: Throughput, ops/time
# Benchmark: org.hestiastore.benchmark.segmentindex.SegmentIndexMixedDrainBenchmark.partitionedIngestMixed
# Parameters: (hotKeySpace = 256, workloadMode = drainOnly)

# Run progress: 0.00% complete, ETA 00:00:14
# Fork: 1 of 1
# Warmup Iteration   1: SLF4J(W): No SLF4J providers were found.
SLF4J(W): Defaulting to no-operation (NOP) logger implementation
SLF4J(W): See https://www.slf4j.org/codes.html#noProviders for further details.
267122.019 ops/s
# Warmup Iteration   2: 470429.894 ops/s
Iteration   1: 524283.536 ops/s
                 getWorkload: 518968.073 ops/s
                 putWorkload: 5315.464 ops/s

Iteration   2: 490148.193 ops/s
                 getWorkload: 484642.451 ops/s
                 putWorkload: 5505.742 ops/s

Iteration   3: 509926.093 ops/s
                 getWorkload: 504627.795 ops/s
                 putWorkload: 5298.298 ops/s

Iteration   4: 524654.850 ops/s
                 getWorkload: 519362.178 ops/s
                 putWorkload: 5292.672 ops/s

Iteration   5: 534830.756 ops/s
                 getWorkload: 529437.791 ops/s
                 putWorkload: 5392.965 ops/s



Result "org.hestiastore.benchmark.segmentindex.SegmentIndexMixedDrainBenchmark.partitionedIngestMixed":
  516768.686 ±(99.9%) 66705.520 ops/s [Average]
  (min, avg, max) = (490148.193, 516768.686, 534830.756), stdev = 17323.212
  CI (99.9%): [450063.165, 583474.206] (assumes normal distribution)

Secondary result "org.hestiastore.benchmark.segmentindex.SegmentIndexMixedDrainBenchmark.partitionedIngestMixed:getWorkload":
  511407.657 ±(99.9%) 66913.257 ops/s [Average]
  (min, avg, max) = (484642.451, 511407.657, 529437.791), stdev = 17377.160
  CI (99.9%): [444494.401, 578320.914] (assumes normal distribution)

Secondary result "org.hestiastore.benchmark.segmentindex.SegmentIndexMixedDrainBenchmark.partitionedIngestMixed:putWorkload":
  5361.028 ±(99.9%) 347.870 ops/s [Average]
  (min, avg, max) = (5292.672, 5361.028, 5505.742), stdev = 90.341
  CI (99.9%): [5013.158, 5708.899] (assumes normal distribution)


# Run complete. Total time: 00:00:16

REMEMBER: The numbers below are just data. To gain reusable insights, you need to follow up on
why the numbers are the way they are. Use profilers (see -prof, -lprof), design factorial
experiments, perform baseline and negative tests that provide experimental control, make sure
the benchmarking environment is safe on JVM/OS/HW level, ask for reviews from the domain experts.
Do not assume the numbers tell you what you want them to tell.

NOTE: Current JVM experimentally supports Compiler Blackholes, and they are in use. Please exercise
extra caution when trusting the results, look into the generated code to check the benchmark still
works, and factor in a small probability of new VM bugs. Additionally, while comparisons between
different JVMs are already problematic, the performance difference caused by different Blackhole
modes can be very significant. Please make sure you use the consistent Blackhole mode for comparisons.

Benchmark                                                           (hotKeySpace)  (workloadMode)   Mode  Cnt       Score       Error  Units
SegmentIndexMixedDrainBenchmark.partitionedIngestMixed                        256       drainOnly  thrpt    5  516768.686 ± 66705.520  ops/s
SegmentIndexMixedDrainBenchmark.partitionedIngestMixed:getWorkload            256       drainOnly  thrpt    5  511407.657 ± 66913.257  ops/s
SegmentIndexMixedDrainBenchmark.partitionedIngestMixed:putWorkload            256       drainOnly  thrpt    5    5361.028 ±   347.870  ops/s

Benchmark result is saved to /home/runner/work/_temp/benchmark-results/candidate/raw/segment-index-mixed-drain.json
