# JMH version: 1.37
# VM version: JDK 21.0.10, OpenJDK 64-Bit Server VM, 21.0.10+7-LTS
# VM invoker: /usr/lib/jvm/temurin-21-jdk-amd64/bin/java
# VM options: <none>
# Blackhole mode: compiler (auto-detected, use -Djmh.blackhole.autoDetect=false to disable)
# Warmup: 2 iterations, 2 s each
# Measurement: 5 iterations, 2 s each
# Timeout: 10 min per iteration
# Threads: 20 threads, will synchronize iterations
# Benchmark mode: Throughput, ops/time
# Benchmark: org.hestiastore.benchmark.segmentindex.SegmentIndexHotPartitionPutBenchmark.putHotPartition

# Run progress: 0.00% complete, ETA 00:00:28
# Fork: 1 of 1
# Warmup Iteration   1: SLF4J(W): No SLF4J providers were found.
SLF4J(W): Defaulting to no-operation (NOP) logger implementation
SLF4J(W): See https://www.slf4j.org/codes.html#noProviders for further details.
2387017.939 ops/s
# Warmup Iteration   2: 3122285.554 ops/s
Iteration   1: 3148133.917 ops/s
Iteration   2: 3110700.810 ops/s
Iteration   3: 3146526.422 ops/s
Iteration   4: 3155536.710 ops/s
Iteration   5: 3149028.176 ops/s


Result "org.hestiastore.benchmark.segmentindex.SegmentIndexHotPartitionPutBenchmark.putHotPartition":
  3141985.207 ±(99.9%) 68623.331 ops/s [Average]
  (min, avg, max) = (3110700.810, 3141985.207, 3155536.710), stdev = 17821.261
  CI (99.9%): [3073361.876, 3210608.537] (assumes normal distribution)


# JMH version: 1.37
# VM version: JDK 21.0.10, OpenJDK 64-Bit Server VM, 21.0.10+7-LTS
# VM invoker: /usr/lib/jvm/temurin-21-jdk-amd64/bin/java
# VM options: <none>
# Blackhole mode: compiler (auto-detected, use -Djmh.blackhole.autoDetect=false to disable)
# Warmup: 2 iterations, 2 s each
# Measurement: 5 iterations, 2 s each
# Timeout: 10 min per iteration
# Threads: 20 threads, will synchronize iterations
# Benchmark mode: Throughput, ops/time
# Benchmark: org.hestiastore.benchmark.segmentindex.SegmentIndexHotPartitionPutBenchmark.putThenGetHotPartition

# Run progress: 50.00% complete, ETA 00:00:15
# Fork: 1 of 1
# Warmup Iteration   1: SLF4J(W): No SLF4J providers were found.
SLF4J(W): Defaulting to no-operation (NOP) logger implementation
SLF4J(W): See https://www.slf4j.org/codes.html#noProviders for further details.
1145523.270 ops/s
# Warmup Iteration   2: 1694441.737 ops/s
Iteration   1: 1723432.475 ops/s
Iteration   2: 1710945.095 ops/s
Iteration   3: 1707386.118 ops/s
Iteration   4: 1716637.731 ops/s
Iteration   5: 1717640.086 ops/s


Result "org.hestiastore.benchmark.segmentindex.SegmentIndexHotPartitionPutBenchmark.putThenGetHotPartition":
  1715208.301 ±(99.9%) 23966.614 ops/s [Average]
  (min, avg, max) = (1707386.118, 1715208.301, 1723432.475), stdev = 6224.054
  CI (99.9%): [1691241.687, 1739174.915] (assumes normal distribution)


# Run complete. Total time: 00:00:31

REMEMBER: The numbers below are just data. To gain reusable insights, you need to follow up on
why the numbers are the way they are. Use profilers (see -prof, -lprof), design factorial
experiments, perform baseline and negative tests that provide experimental control, make sure
the benchmarking environment is safe on JVM/OS/HW level, ask for reviews from the domain experts.
Do not assume the numbers tell you what you want them to tell.

NOTE: Current JVM experimentally supports Compiler Blackholes, and they are in use. Please exercise
extra caution when trusting the results, look into the generated code to check the benchmark still
works, and factor in a small probability of new VM bugs. Additionally, while comparisons between
different JVMs are already problematic, the performance difference caused by different Blackhole
modes can be very significant. Please make sure you use the consistent Blackhole mode for comparisons.

Benchmark                                                     Mode  Cnt        Score       Error  Units
SegmentIndexHotPartitionPutBenchmark.putHotPartition         thrpt    5  3141985.207 ± 68623.331  ops/s
SegmentIndexHotPartitionPutBenchmark.putThenGetHotPartition  thrpt    5  1715208.301 ± 23966.614  ops/s

Benchmark result is saved to /home/runner/work/_temp/benchmark-results/candidate/raw/segment-index-hot-partition-put.json
