# JMH version: 1.37
# VM version: JDK 21.0.11, OpenJDK 64-Bit Server VM, 21.0.11+10-LTS
# VM invoker: /usr/lib/jvm/temurin-21-jdk-amd64/bin/java
# VM options: <none>
# Blackhole mode: compiler (auto-detected, use -Djmh.blackhole.autoDetect=false to disable)
# Warmup: 2 iterations, 2 s each
# Measurement: 5 iterations, 2 s each
# Timeout: 10 min per iteration
# Threads: 4 threads, will synchronize iterations
# Benchmark mode: Throughput, ops/time
# Benchmark: org.hestiastore.benchmark.segmentindex.SegmentIndexGetBenchmark.getHitSync
# Parameters: (chunkStoreCachePageLimit = 0, keyCount = 12000, maxKeysInChunk = 256, readPathMode = persisted, snappy = true, valueLength = 64)

# Run progress: 0.00% complete, ETA 00:00:56
# Fork: 1 of 1
# Warmup Iteration   1: SLF4J(W): No SLF4J providers were found.
SLF4J(W): Defaulting to no-operation (NOP) logger implementation
SLF4J(W): See https://www.slf4j.org/codes.html#noProviders for further details.
100431.879 ops/s
# Warmup Iteration   2: 150136.331 ops/s
Iteration   1: 151005.536 ops/s
Iteration   2: 151216.203 ops/s
Iteration   3: 151619.389 ops/s
Iteration   4: 151694.621 ops/s
Iteration   5: 151183.615 ops/s


Result "org.hestiastore.benchmark.segmentindex.SegmentIndexGetBenchmark.getHitSync":
  151343.873 ±(99.9%) 1147.768 ops/s [Average]
  (min, avg, max) = (151005.536, 151343.873, 151694.621), stdev = 298.072
  CI (99.9%): [150196.104, 152491.641] (assumes normal distribution)


# JMH version: 1.37
# VM version: JDK 21.0.11, OpenJDK 64-Bit Server VM, 21.0.11+10-LTS
# VM invoker: /usr/lib/jvm/temurin-21-jdk-amd64/bin/java
# VM options: <none>
# Blackhole mode: compiler (auto-detected, use -Djmh.blackhole.autoDetect=false to disable)
# Warmup: 2 iterations, 2 s each
# Measurement: 5 iterations, 2 s each
# Timeout: 10 min per iteration
# Threads: 4 threads, will synchronize iterations
# Benchmark mode: Throughput, ops/time
# Benchmark: org.hestiastore.benchmark.segmentindex.SegmentIndexGetBenchmark.getHitSync
# Parameters: (chunkStoreCachePageLimit = 128, keyCount = 12000, maxKeysInChunk = 256, readPathMode = persisted, snappy = true, valueLength = 64)

# Run progress: 25.00% complete, ETA 00:00:47
# Fork: 1 of 1
# Warmup Iteration   1: SLF4J(W): No SLF4J providers were found.
SLF4J(W): Defaulting to no-operation (NOP) logger implementation
SLF4J(W): See https://www.slf4j.org/codes.html#noProviders for further details.
1140384.440 ops/s
# Warmup Iteration   2: 1477969.894 ops/s
Iteration   1: 1418419.090 ops/s
Iteration   2: 1306011.534 ops/s
Iteration   3: 1306281.054 ops/s
Iteration   4: 1305747.090 ops/s
Iteration   5: 1303288.526 ops/s


Result "org.hestiastore.benchmark.segmentindex.SegmentIndexGetBenchmark.getHitSync":
  1327949.459 ±(99.9%) 194797.043 ops/s [Average]
  (min, avg, max) = (1303288.526, 1327949.459, 1418419.090), stdev = 50588.174
  CI (99.9%): [1133152.416, 1522746.502] (assumes normal distribution)


# JMH version: 1.37
# VM version: JDK 21.0.11, OpenJDK 64-Bit Server VM, 21.0.11+10-LTS
# VM invoker: /usr/lib/jvm/temurin-21-jdk-amd64/bin/java
# VM options: <none>
# Blackhole mode: compiler (auto-detected, use -Djmh.blackhole.autoDetect=false to disable)
# Warmup: 2 iterations, 2 s each
# Measurement: 5 iterations, 2 s each
# Timeout: 10 min per iteration
# Threads: 4 threads, will synchronize iterations
# Benchmark mode: Throughput, ops/time
# Benchmark: org.hestiastore.benchmark.segmentindex.SegmentIndexGetBenchmark.getMissSync
# Parameters: (chunkStoreCachePageLimit = 0, keyCount = 12000, maxKeysInChunk = 256, readPathMode = persisted, snappy = true, valueLength = 64)

# Run progress: 50.00% complete, ETA 00:00:31
# Fork: 1 of 1
# Warmup Iteration   1: SLF4J(W): No SLF4J providers were found.
SLF4J(W): Defaulting to no-operation (NOP) logger implementation
SLF4J(W): See https://www.slf4j.org/codes.html#noProviders for further details.
1278362.184 ops/s
# Warmup Iteration   2: 1534874.187 ops/s
Iteration   1: 1532001.344 ops/s
Iteration   2: 1373179.032 ops/s
Iteration   3: 1376245.300 ops/s
Iteration   4: 1375103.252 ops/s
Iteration   5: 1376045.356 ops/s


Result "org.hestiastore.benchmark.segmentindex.SegmentIndexGetBenchmark.getMissSync":
  1406514.857 ±(99.9%) 270159.523 ops/s [Average]
  (min, avg, max) = (1373179.032, 1406514.857, 1532001.344), stdev = 70159.570
  CI (99.9%): [1136355.334, 1676674.379] (assumes normal distribution)


# JMH version: 1.37
# VM version: JDK 21.0.11, OpenJDK 64-Bit Server VM, 21.0.11+10-LTS
# VM invoker: /usr/lib/jvm/temurin-21-jdk-amd64/bin/java
# VM options: <none>
# Blackhole mode: compiler (auto-detected, use -Djmh.blackhole.autoDetect=false to disable)
# Warmup: 2 iterations, 2 s each
# Measurement: 5 iterations, 2 s each
# Timeout: 10 min per iteration
# Threads: 4 threads, will synchronize iterations
# Benchmark mode: Throughput, ops/time
# Benchmark: org.hestiastore.benchmark.segmentindex.SegmentIndexGetBenchmark.getMissSync
# Parameters: (chunkStoreCachePageLimit = 128, keyCount = 12000, maxKeysInChunk = 256, readPathMode = persisted, snappy = true, valueLength = 64)

# Run progress: 75.00% complete, ETA 00:00:15
# Fork: 1 of 1
# Warmup Iteration   1: SLF4J(W): No SLF4J providers were found.
SLF4J(W): Defaulting to no-operation (NOP) logger implementation
SLF4J(W): See https://www.slf4j.org/codes.html#noProviders for further details.
1266108.722 ops/s
# Warmup Iteration   2: 1474530.624 ops/s
Iteration   1: 1543893.658 ops/s
Iteration   2: 1479860.199 ops/s
Iteration   3: 1482495.603 ops/s
Iteration   4: 1478654.536 ops/s
Iteration   5: 1481478.832 ops/s


Result "org.hestiastore.benchmark.segmentindex.SegmentIndexGetBenchmark.getMissSync":
  1493276.566 ±(99.9%) 109104.929 ops/s [Average]
  (min, avg, max) = (1478654.536, 1493276.566, 1543893.658), stdev = 28334.204
  CI (99.9%): [1384171.637, 1602381.494] (assumes normal distribution)


# Run complete. Total time: 00:01:03

REMEMBER: The numbers below are just data. To gain reusable insights, you need to follow up on
why the numbers are the way they are. Use profilers (see -prof, -lprof), design factorial
experiments, perform baseline and negative tests that provide experimental control, make sure
the benchmarking environment is safe on JVM/OS/HW level, ask for reviews from the domain experts.
Do not assume the numbers tell you what you want them to tell.

NOTE: Current JVM experimentally supports Compiler Blackholes, and they are in use. Please exercise
extra caution when trusting the results, look into the generated code to check the benchmark still
works, and factor in a small probability of new VM bugs. Additionally, while comparisons between
different JVMs are already problematic, the performance difference caused by different Blackhole
modes can be very significant. Please make sure you use the consistent Blackhole mode for comparisons.

Benchmark                             (chunkStoreCachePageLimit)  (keyCount)  (maxKeysInChunk)  (readPathMode)  (snappy)  (valueLength)   Mode  Cnt        Score        Error  Units
SegmentIndexGetBenchmark.getHitSync                            0       12000               256       persisted      true             64  thrpt    5   151343.873 ±   1147.768  ops/s
SegmentIndexGetBenchmark.getHitSync                          128       12000               256       persisted      true             64  thrpt    5  1327949.459 ± 194797.043  ops/s
SegmentIndexGetBenchmark.getMissSync                           0       12000               256       persisted      true             64  thrpt    5  1406514.857 ± 270159.523  ops/s
SegmentIndexGetBenchmark.getMissSync                         128       12000               256       persisted      true             64  thrpt    5  1493276.566 ± 109104.929  ops/s

Benchmark result is saved to /home/runner/work/_temp/benchmark-results/candidate/raw/segment-index-get-persisted.json
