# JMH version: 1.37
# VM version: JDK 21.0.10, OpenJDK 64-Bit Server VM, 21.0.10+7-LTS
# VM invoker: /usr/lib/jvm/temurin-21-jdk-amd64/bin/java
# VM options: <none>
# Blackhole mode: compiler (auto-detected, use -Djmh.blackhole.autoDetect=false to disable)
# Warmup: 1 iterations, 1 s each
# Measurement: 3 iterations, 1 s each
# Timeout: 10 min per iteration
# Threads: 20 threads (1 group; 4x "getWorkload", 16x "putWorkload" in each group), will synchronize iterations
# Benchmark mode: Throughput, ops/time
# Benchmark: org.hestiastore.benchmark.segmentindex.SegmentIndexMixedDrainBenchmark.partitionedIngestMixed
# Parameters: (hotKeySpace = 256, workloadMode = splitHeavy)

# Run progress: 0.00% complete, ETA 00:00:04
# Fork: 1 of 1
# Warmup Iteration   1: SLF4J: Failed to load class "org.slf4j.impl.StaticLoggerBinder".
SLF4J: Defaulting to no-operation (NOP) logger implementation
SLF4J: See http://www.slf4j.org/codes.html#StaticLoggerBinder for further details.
SLF4J: Failed to load class "org.slf4j.impl.StaticMDCBinder".
SLF4J: Defaulting to no-operation MDCAdapter implementation.
SLF4J: See http://www.slf4j.org/codes.html#no_static_mdc_binder for further details.
60294.056 ops/s
Iteration   1: 145040.229 ops/s
                 getWorkload: 141813.612 ops/s
                 putWorkload: 3226.616 ops/s

Iteration   2: 195484.996 ops/s
                 getWorkload: 193140.534 ops/s
                 putWorkload: 2344.462 ops/s

Iteration   3: 223448.270 ops/s
                 getWorkload: 221353.873 ops/s
                 putWorkload: 2094.397 ops/s



Result "org.hestiastore.benchmark.segmentindex.SegmentIndexMixedDrainBenchmark.partitionedIngestMixed":
  187991.165 ±(99.9%) 724960.948 ops/s [Average]
  (min, avg, max) = (145040.229, 187991.165, 223448.270), stdev = 39737.556
  CI (99.9%): [≈ 0, 912952.113] (assumes normal distribution)

Secondary result "org.hestiastore.benchmark.segmentindex.SegmentIndexMixedDrainBenchmark.partitionedIngestMixed:getWorkload":
  185436.006 ±(99.9%) 735695.635 ops/s [Average]
  (min, avg, max) = (141813.612, 185436.006, 221353.873), stdev = 40325.960
  CI (99.9%): [≈ 0, 921131.641] (assumes normal distribution)

Secondary result "org.hestiastore.benchmark.segmentindex.SegmentIndexMixedDrainBenchmark.partitionedIngestMixed:putWorkload":
  2555.158 ±(99.9%) 10851.184 ops/s [Average]
  (min, avg, max) = (2094.397, 2555.158, 3226.616), stdev = 594.790
  CI (99.9%): [≈ 0, 13406.342] (assumes normal distribution)


# Run complete. Total time: 00:00:10

REMEMBER: The numbers below are just data. To gain reusable insights, you need to follow up on
why the numbers are the way they are. Use profilers (see -prof, -lprof), design factorial
experiments, perform baseline and negative tests that provide experimental control, make sure
the benchmarking environment is safe on JVM/OS/HW level, ask for reviews from the domain experts.
Do not assume the numbers tell you what you want them to tell.

NOTE: Current JVM experimentally supports Compiler Blackholes, and they are in use. Please exercise
extra caution when trusting the results, look into the generated code to check the benchmark still
works, and factor in a small probability of new VM bugs. Additionally, while comparisons between
different JVMs are already problematic, the performance difference caused by different Blackhole
modes can be very significant. Please make sure you use the consistent Blackhole mode for comparisons.

Benchmark                                                           (hotKeySpace)  (workloadMode)   Mode  Cnt       Score        Error  Units
SegmentIndexMixedDrainBenchmark.partitionedIngestMixed                        256      splitHeavy  thrpt    3  187991.165 ± 724960.948  ops/s
SegmentIndexMixedDrainBenchmark.partitionedIngestMixed:getWorkload            256      splitHeavy  thrpt    3  185436.006 ± 735695.635  ops/s
SegmentIndexMixedDrainBenchmark.partitionedIngestMixed:putWorkload            256      splitHeavy  thrpt    3    2555.158 ±  10851.184  ops/s

Benchmark result is saved to /home/runner/work/_temp/benchmark-results/candidate/raw/segment-index-mixed-split-heavy.json
