# JMH version: 1.37
# VM version: JDK 21.0.10, OpenJDK 64-Bit Server VM, 21.0.10+7-LTS
# VM invoker: /usr/lib/jvm/temurin-21-jdk-amd64/bin/java
# VM options: <none>
# Blackhole mode: compiler (auto-detected, use -Djmh.blackhole.autoDetect=false to disable)
# Warmup: 2 iterations, 2 s each
# Measurement: 5 iterations, 2 s each
# Timeout: 10 min per iteration
# Threads: 20 threads, will synchronize iterations
# Benchmark mode: Throughput, ops/time
# Benchmark: org.hestiastore.benchmark.segmentindex.SegmentIndexHotPartitionPutBenchmark.putHotPartition

# Run progress: 0.00% complete, ETA 00:00:28
# Fork: 1 of 1
# Warmup Iteration   1: SLF4J(W): No SLF4J providers were found.
SLF4J(W): Defaulting to no-operation (NOP) logger implementation
SLF4J(W): See https://www.slf4j.org/codes.html#noProviders for further details.
1852747.437 ops/s
# Warmup Iteration   2: 3013167.080 ops/s
Iteration   1: 2973527.176 ops/s
Iteration   2: 2961827.250 ops/s
Iteration   3: 2938462.372 ops/s
Iteration   4: 2972472.451 ops/s
Iteration   5: 2953590.862 ops/s


Result "org.hestiastore.benchmark.segmentindex.SegmentIndexHotPartitionPutBenchmark.putHotPartition":
  2959976.022 ±(99.9%) 56027.497 ops/s [Average]
  (min, avg, max) = (2938462.372, 2959976.022, 2973527.176), stdev = 14550.163
  CI (99.9%): [2903948.525, 3016003.519] (assumes normal distribution)


# JMH version: 1.37
# VM version: JDK 21.0.10, OpenJDK 64-Bit Server VM, 21.0.10+7-LTS
# VM invoker: /usr/lib/jvm/temurin-21-jdk-amd64/bin/java
# VM options: <none>
# Blackhole mode: compiler (auto-detected, use -Djmh.blackhole.autoDetect=false to disable)
# Warmup: 2 iterations, 2 s each
# Measurement: 5 iterations, 2 s each
# Timeout: 10 min per iteration
# Threads: 20 threads, will synchronize iterations
# Benchmark mode: Throughput, ops/time
# Benchmark: org.hestiastore.benchmark.segmentindex.SegmentIndexHotPartitionPutBenchmark.putThenGetHotPartition

# Run progress: 50.00% complete, ETA 00:00:15
# Fork: 1 of 1
# Warmup Iteration   1: SLF4J(W): No SLF4J providers were found.
SLF4J(W): Defaulting to no-operation (NOP) logger implementation
SLF4J(W): See https://www.slf4j.org/codes.html#noProviders for further details.
1055802.399 ops/s
# Warmup Iteration   2: 1752036.987 ops/s
Iteration   1: 1713937.761 ops/s
Iteration   2: 1724721.880 ops/s
Iteration   3: 1733788.507 ops/s
Iteration   4: 1741783.300 ops/s
Iteration   5: 1724544.190 ops/s


Result "org.hestiastore.benchmark.segmentindex.SegmentIndexHotPartitionPutBenchmark.putThenGetHotPartition":
  1727755.127 ±(99.9%) 40551.761 ops/s [Average]
  (min, avg, max) = (1713937.761, 1727755.127, 1741783.300), stdev = 10531.163
  CI (99.9%): [1687203.367, 1768306.888] (assumes normal distribution)


# Run complete. Total time: 00:00:31

REMEMBER: The numbers below are just data. To gain reusable insights, you need to follow up on
why the numbers are the way they are. Use profilers (see -prof, -lprof), design factorial
experiments, perform baseline and negative tests that provide experimental control, make sure
the benchmarking environment is safe on JVM/OS/HW level, ask for reviews from the domain experts.
Do not assume the numbers tell you what you want them to tell.

NOTE: Current JVM experimentally supports Compiler Blackholes, and they are in use. Please exercise
extra caution when trusting the results, look into the generated code to check the benchmark still
works, and factor in a small probability of new VM bugs. Additionally, while comparisons between
different JVMs are already problematic, the performance difference caused by different Blackhole
modes can be very significant. Please make sure you use the consistent Blackhole mode for comparisons.

Benchmark                                                     Mode  Cnt        Score       Error  Units
SegmentIndexHotPartitionPutBenchmark.putHotPartition         thrpt    5  2959976.022 ± 56027.497  ops/s
SegmentIndexHotPartitionPutBenchmark.putThenGetHotPartition  thrpt    5  1727755.127 ± 40551.761  ops/s

Benchmark result is saved to /home/runner/work/_temp/benchmark-results/candidate/raw/segment-index-hot-partition-put.json
