# JMH version: 1.37
# VM version: JDK 21.0.10, OpenJDK 64-Bit Server VM, 21.0.10+7-LTS
# VM invoker: /usr/lib/jvm/temurin-21-jdk-amd64/bin/java
# VM options: <none>
# Blackhole mode: compiler (auto-detected, use -Djmh.blackhole.autoDetect=false to disable)
# Warmup: 2 iterations, 2 s each
# Measurement: 5 iterations, 2 s each
# Timeout: 10 min per iteration
# Threads: 20 threads (1 group; 4x "getWorkload", 16x "putWorkload" in each group), will synchronize iterations
# Benchmark mode: Throughput, ops/time
# Benchmark: org.hestiastore.benchmark.segmentindex.SegmentIndexMixedDrainBenchmark.partitionedIngestMixed
# Parameters: (hotKeySpace = 256, workloadMode = splitHeavy)

# Run progress: 0.00% complete, ETA 00:00:14
# Fork: 1 of 1
# Warmup Iteration   1: SLF4J(W): No SLF4J providers were found.
SLF4J(W): Defaulting to no-operation (NOP) logger implementation
SLF4J(W): See https://www.slf4j.org/codes.html#noProviders for further details.
84532.059 ops/s
# Warmup Iteration   2: 200675.615 ops/s
Iteration   1: 243857.980 ops/s
                 getWorkload: 241881.132 ops/s
                 putWorkload: 1976.848 ops/s

Iteration   2: 248826.574 ops/s
                 getWorkload: 247079.993 ops/s
                 putWorkload: 1746.581 ops/s

Iteration   3: 271768.151 ops/s
                 getWorkload: 270261.316 ops/s
                 putWorkload: 1506.835 ops/s

Iteration   4: 272850.229 ops/s
                 getWorkload: 271478.614 ops/s
                 putWorkload: 1371.615 ops/s

Iteration   5: 283528.443 ops/s
                 getWorkload: 282249.949 ops/s
                 putWorkload: 1278.494 ops/s



Result "org.hestiastore.benchmark.segmentindex.SegmentIndexMixedDrainBenchmark.partitionedIngestMixed":
  264166.275 ±(99.9%) 65456.031 ops/s [Average]
  (min, avg, max) = (243857.980, 264166.275, 283528.443), stdev = 16998.723
  CI (99.9%): [198710.244, 329622.307] (assumes normal distribution)

Secondary result "org.hestiastore.benchmark.segmentindex.SegmentIndexMixedDrainBenchmark.partitionedIngestMixed:getWorkload":
  262590.201 ±(99.9%) 66522.247 ops/s [Average]
  (min, avg, max) = (241881.132, 262590.201, 282249.949), stdev = 17275.616
  CI (99.9%): [196067.954, 329112.447] (assumes normal distribution)

Secondary result "org.hestiastore.benchmark.segmentindex.SegmentIndexMixedDrainBenchmark.partitionedIngestMixed:putWorkload":
  1576.075 ±(99.9%) 1097.338 ops/s [Average]
  (min, avg, max) = (1278.494, 1576.075, 1976.848), stdev = 284.975
  CI (99.9%): [478.736, 2673.413] (assumes normal distribution)


# Run complete. Total time: 00:00:27

REMEMBER: The numbers below are just data. To gain reusable insights, you need to follow up on
why the numbers are the way they are. Use profilers (see -prof, -lprof), design factorial
experiments, perform baseline and negative tests that provide experimental control, make sure
the benchmarking environment is safe on JVM/OS/HW level, ask for reviews from the domain experts.
Do not assume the numbers tell you what you want them to tell.

NOTE: Current JVM experimentally supports Compiler Blackholes, and they are in use. Please exercise
extra caution when trusting the results, look into the generated code to check the benchmark still
works, and factor in a small probability of new VM bugs. Additionally, while comparisons between
different JVMs are already problematic, the performance difference caused by different Blackhole
modes can be very significant. Please make sure you use the consistent Blackhole mode for comparisons.

Benchmark                                                           (hotKeySpace)  (workloadMode)   Mode  Cnt       Score       Error  Units
SegmentIndexMixedDrainBenchmark.partitionedIngestMixed                        256      splitHeavy  thrpt    5  264166.275 ± 65456.031  ops/s
SegmentIndexMixedDrainBenchmark.partitionedIngestMixed:getWorkload            256      splitHeavy  thrpt    5  262590.201 ± 66522.247  ops/s
SegmentIndexMixedDrainBenchmark.partitionedIngestMixed:putWorkload            256      splitHeavy  thrpt    5    1576.075 ±  1097.338  ops/s

Benchmark result is saved to /home/runner/work/_temp/benchmark-results/candidate/raw/segment-index-mixed-split-heavy.json
