# JMH version: 1.37
# VM version: JDK 21.0.10, OpenJDK 64-Bit Server VM, 21.0.10+7-LTS
# VM invoker: /usr/lib/jvm/temurin-21-jdk-amd64/bin/java
# VM options: <none>
# Blackhole mode: compiler (auto-detected, use -Djmh.blackhole.autoDetect=false to disable)
# Warmup: 2 iterations, 2 s each
# Measurement: 5 iterations, 2 s each
# Timeout: 10 min per iteration
# Threads: 20 threads (1 group; 4x "getWorkload", 16x "putWorkload" in each group), will synchronize iterations
# Benchmark mode: Throughput, ops/time
# Benchmark: org.hestiastore.benchmark.segmentindex.SegmentIndexMixedDrainBenchmark.partitionedIngestMixed
# Parameters: (hotKeySpace = 256, workloadMode = drainOnly)

# Run progress: 0.00% complete, ETA 00:00:14
# Fork: 1 of 1
# Warmup Iteration   1: SLF4J(W): No SLF4J providers were found.
SLF4J(W): Defaulting to no-operation (NOP) logger implementation
SLF4J(W): See https://www.slf4j.org/codes.html#noProviders for further details.
273155.562 ops/s
# Warmup Iteration   2: 550247.738 ops/s
Iteration   1: 552672.984 ops/s
                 getWorkload: 547375.225 ops/s
                 putWorkload: 5297.760 ops/s

Iteration   2: 584066.899 ops/s
                 getWorkload: 578764.515 ops/s
                 putWorkload: 5302.384 ops/s

Iteration   3: 554143.765 ops/s
                 getWorkload: 548774.043 ops/s
                 putWorkload: 5369.721 ops/s

Iteration   4: 506207.821 ops/s
                 getWorkload: 500839.748 ops/s
                 putWorkload: 5368.073 ops/s

Iteration   5: 560594.531 ops/s
                 getWorkload: 555259.827 ops/s
                 putWorkload: 5334.703 ops/s



Result "org.hestiastore.benchmark.segmentindex.SegmentIndexMixedDrainBenchmark.partitionedIngestMixed":
  551537.200 ±(99.9%) 108964.605 ops/s [Average]
  (min, avg, max) = (506207.821, 551537.200, 584066.899), stdev = 28297.762
  CI (99.9%): [442572.595, 660501.805] (assumes normal distribution)

Secondary result "org.hestiastore.benchmark.segmentindex.SegmentIndexMixedDrainBenchmark.partitionedIngestMixed:getWorkload":
  546202.672 ±(99.9%) 109050.198 ops/s [Average]
  (min, avg, max) = (500839.748, 546202.672, 578764.515), stdev = 28319.990
  CI (99.9%): [437152.474, 655252.870] (assumes normal distribution)

Secondary result "org.hestiastore.benchmark.segmentindex.SegmentIndexMixedDrainBenchmark.partitionedIngestMixed:putWorkload":
  5334.528 ±(99.9%) 132.680 ops/s [Average]
  (min, avg, max) = (5297.760, 5334.528, 5369.721), stdev = 34.457
  CI (99.9%): [5201.848, 5467.208] (assumes normal distribution)


# Run complete. Total time: 00:00:16

REMEMBER: The numbers below are just data. To gain reusable insights, you need to follow up on
why the numbers are the way they are. Use profilers (see -prof, -lprof), design factorial
experiments, perform baseline and negative tests that provide experimental control, make sure
the benchmarking environment is safe on JVM/OS/HW level, ask for reviews from the domain experts.
Do not assume the numbers tell you what you want them to tell.

NOTE: Current JVM experimentally supports Compiler Blackholes, and they are in use. Please exercise
extra caution when trusting the results, look into the generated code to check the benchmark still
works, and factor in a small probability of new VM bugs. Additionally, while comparisons between
different JVMs are already problematic, the performance difference caused by different Blackhole
modes can be very significant. Please make sure you use the consistent Blackhole mode for comparisons.

Benchmark                                                           (hotKeySpace)  (workloadMode)   Mode  Cnt       Score        Error  Units
SegmentIndexMixedDrainBenchmark.partitionedIngestMixed                        256       drainOnly  thrpt    5  551537.200 ± 108964.605  ops/s
SegmentIndexMixedDrainBenchmark.partitionedIngestMixed:getWorkload            256       drainOnly  thrpt    5  546202.672 ± 109050.198  ops/s
SegmentIndexMixedDrainBenchmark.partitionedIngestMixed:putWorkload            256       drainOnly  thrpt    5    5334.528 ±    132.680  ops/s

Benchmark result is saved to /home/runner/work/_temp/benchmark-results/candidate/raw/segment-index-mixed-drain.json
