# JMH version: 1.37
# VM version: JDK 21.0.10, OpenJDK 64-Bit Server VM, 21.0.10+7-LTS
# VM invoker: /usr/lib/jvm/temurin-21-jdk-amd64/bin/java
# VM options: <none>
# Blackhole mode: compiler (auto-detected, use -Djmh.blackhole.autoDetect=false to disable)
# Warmup: 2 iterations, 2 s each
# Measurement: 5 iterations, 2 s each
# Timeout: 10 min per iteration
# Threads: 20 threads (1 group; 4x "getWorkload", 16x "putWorkload" in each group), will synchronize iterations
# Benchmark mode: Throughput, ops/time
# Benchmark: org.hestiastore.benchmark.segmentindex.SegmentIndexMixedDrainBenchmark.partitionedIngestMixed
# Parameters: (hotKeySpace = 256, workloadMode = splitHeavy)

# Run progress: 0.00% complete, ETA 00:00:14
# Fork: 1 of 1
# Warmup Iteration   1: SLF4J(W): No SLF4J providers were found.
SLF4J(W): Defaulting to no-operation (NOP) logger implementation
SLF4J(W): See https://www.slf4j.org/codes.html#noProviders for further details.
88105.787 ops/s
# Warmup Iteration   2: 205667.149 ops/s
Iteration   1: 246153.009 ops/s
                 getWorkload: 243995.382 ops/s
                 putWorkload: 2157.627 ops/s

Iteration   2: 263747.325 ops/s
                 getWorkload: 262078.099 ops/s
                 putWorkload: 1669.225 ops/s

Iteration   3: 278665.184 ops/s
                 getWorkload: 277365.969 ops/s
                 putWorkload: 1299.215 ops/s

Iteration   4: 281226.636 ops/s
                 getWorkload: 279966.401 ops/s
                 putWorkload: 1260.235 ops/s

Iteration   5: 286875.359 ops/s
                 getWorkload: 285706.632 ops/s
                 putWorkload: 1168.727 ops/s



Result "org.hestiastore.benchmark.segmentindex.SegmentIndexMixedDrainBenchmark.partitionedIngestMixed":
  271333.502 ±(99.9%) 63412.526 ops/s [Average]
  (min, avg, max) = (246153.009, 271333.502, 286875.359), stdev = 16468.032
  CI (99.9%): [207920.976, 334746.029] (assumes normal distribution)

Secondary result "org.hestiastore.benchmark.segmentindex.SegmentIndexMixedDrainBenchmark.partitionedIngestMixed:getWorkload":
  269822.497 ±(99.9%) 64981.372 ops/s [Average]
  (min, avg, max) = (243995.382, 269822.497, 285706.632), stdev = 16875.456
  CI (99.9%): [204841.124, 334803.869] (assumes normal distribution)

Secondary result "org.hestiastore.benchmark.segmentindex.SegmentIndexMixedDrainBenchmark.partitionedIngestMixed:putWorkload":
  1511.006 ±(99.9%) 1573.648 ops/s [Average]
  (min, avg, max) = (1168.727, 1511.006, 2157.627), stdev = 408.671
  CI (99.9%): [≈ 0, 3084.653] (assumes normal distribution)


# Run complete. Total time: 00:00:30

REMEMBER: The numbers below are just data. To gain reusable insights, you need to follow up on
why the numbers are the way they are. Use profilers (see -prof, -lprof), design factorial
experiments, perform baseline and negative tests that provide experimental control, make sure
the benchmarking environment is safe on JVM/OS/HW level, ask for reviews from the domain experts.
Do not assume the numbers tell you what you want them to tell.

NOTE: Current JVM experimentally supports Compiler Blackholes, and they are in use. Please exercise
extra caution when trusting the results, look into the generated code to check the benchmark still
works, and factor in a small probability of new VM bugs. Additionally, while comparisons between
different JVMs are already problematic, the performance difference caused by different Blackhole
modes can be very significant. Please make sure you use the consistent Blackhole mode for comparisons.

Benchmark                                                           (hotKeySpace)  (workloadMode)   Mode  Cnt       Score       Error  Units
SegmentIndexMixedDrainBenchmark.partitionedIngestMixed                        256      splitHeavy  thrpt    5  271333.502 ± 63412.526  ops/s
SegmentIndexMixedDrainBenchmark.partitionedIngestMixed:getWorkload            256      splitHeavy  thrpt    5  269822.497 ± 64981.372  ops/s
SegmentIndexMixedDrainBenchmark.partitionedIngestMixed:putWorkload            256      splitHeavy  thrpt    5    1511.006 ±  1573.648  ops/s

Benchmark result is saved to /home/runner/work/_temp/benchmark-results/candidate/raw/segment-index-mixed-split-heavy.json
