# JMH version: 1.37
# VM version: JDK 21.0.11, OpenJDK 64-Bit Server VM, 21.0.11+10-LTS
# VM invoker: /usr/lib/jvm/temurin-21-jdk-amd64/bin/java
# VM options: <none>
# Blackhole mode: compiler (auto-detected, use -Djmh.blackhole.autoDetect=false to disable)
# Warmup: 2 iterations, 2 s each
# Measurement: 5 iterations, 2 s each
# Timeout: 10 min per iteration
# Threads: 20 threads, will synchronize iterations
# Benchmark mode: Throughput, ops/time
# Benchmark: org.hestiastore.benchmark.segmentindex.SegmentIndexHotRoutePutBenchmark.putHotRoute

# Run progress: 0.00% complete, ETA 00:00:28
# Fork: 1 of 1
# Warmup Iteration   1: SLF4J(W): No SLF4J providers were found.
SLF4J(W): Defaulting to no-operation (NOP) logger implementation
SLF4J(W): See https://www.slf4j.org/codes.html#noProviders for further details.
1810770.015 ops/s
# Warmup Iteration   2: 2117161.492 ops/s
Iteration   1: 2108786.316 ops/s
Iteration   2: 2108317.857 ops/s
Iteration   3: 2109019.883 ops/s
Iteration   4: 2103833.900 ops/s
Iteration   5: 2137481.520 ops/s


Result "org.hestiastore.benchmark.segmentindex.SegmentIndexHotRoutePutBenchmark.putHotRoute":
  2113487.895 ±(99.9%) 52292.642 ops/s [Average]
  (min, avg, max) = (2103833.900, 2113487.895, 2137481.520), stdev = 13580.233
  CI (99.9%): [2061195.254, 2165780.537] (assumes normal distribution)


# JMH version: 1.37
# VM version: JDK 21.0.11, OpenJDK 64-Bit Server VM, 21.0.11+10-LTS
# VM invoker: /usr/lib/jvm/temurin-21-jdk-amd64/bin/java
# VM options: <none>
# Blackhole mode: compiler (auto-detected, use -Djmh.blackhole.autoDetect=false to disable)
# Warmup: 2 iterations, 2 s each
# Measurement: 5 iterations, 2 s each
# Timeout: 10 min per iteration
# Threads: 20 threads, will synchronize iterations
# Benchmark mode: Throughput, ops/time
# Benchmark: org.hestiastore.benchmark.segmentindex.SegmentIndexHotRoutePutBenchmark.putThenGetHotRoute

# Run progress: 50.00% complete, ETA 00:00:15
# Fork: 1 of 1
# Warmup Iteration   1: SLF4J(W): No SLF4J providers were found.
SLF4J(W): Defaulting to no-operation (NOP) logger implementation
SLF4J(W): See https://www.slf4j.org/codes.html#noProviders for further details.
943012.116 ops/s
# Warmup Iteration   2: 1075458.227 ops/s
Iteration   1: 1091932.399 ops/s
Iteration   2: 1107965.536 ops/s
Iteration   3: 1105908.679 ops/s
Iteration   4: 1094911.524 ops/s
Iteration   5: 1102698.781 ops/s


Result "org.hestiastore.benchmark.segmentindex.SegmentIndexHotRoutePutBenchmark.putThenGetHotRoute":
  1100683.384 ±(99.9%) 26836.625 ops/s [Average]
  (min, avg, max) = (1091932.399, 1100683.384, 1107965.536), stdev = 6969.386
  CI (99.9%): [1073846.759, 1127520.008] (assumes normal distribution)


# Run complete. Total time: 00:00:31

REMEMBER: The numbers below are just data. To gain reusable insights, you need to follow up on
why the numbers are the way they are. Use profilers (see -prof, -lprof), design factorial
experiments, perform baseline and negative tests that provide experimental control, make sure
the benchmarking environment is safe on JVM/OS/HW level, ask for reviews from the domain experts.
Do not assume the numbers tell you what you want them to tell.

NOTE: Current JVM experimentally supports Compiler Blackholes, and they are in use. Please exercise
extra caution when trusting the results, look into the generated code to check the benchmark still
works, and factor in a small probability of new VM bugs. Additionally, while comparisons between
different JVMs are already problematic, the performance difference caused by different Blackhole
modes can be very significant. Please make sure you use the consistent Blackhole mode for comparisons.

Benchmark                                             Mode  Cnt        Score       Error  Units
SegmentIndexHotRoutePutBenchmark.putHotRoute         thrpt    5  2113487.895 ± 52292.642  ops/s
SegmentIndexHotRoutePutBenchmark.putThenGetHotRoute  thrpt    5  1100683.384 ± 26836.625  ops/s

Benchmark result is saved to /home/runner/work/_temp/benchmark-results/candidate/raw/segment-index-hot-route-put.json
