# JMH version: 1.37
# VM version: JDK 21.0.11, OpenJDK 64-Bit Server VM, 21.0.11+10-LTS
# VM invoker: /usr/lib/jvm/temurin-21-jdk-amd64/bin/java
# VM options: <none>
# Blackhole mode: compiler (auto-detected, use -Djmh.blackhole.autoDetect=false to disable)
# Warmup: 2 iterations, 2 s each
# Measurement: 5 iterations, 2 s each
# Timeout: 10 min per iteration
# Threads: 20 threads (1 group; 4x "getWorkload", 16x "putWorkload" in each group), will synchronize iterations
# Benchmark mode: Throughput, ops/time
# Benchmark: org.hestiastore.benchmark.segmentindex.SegmentIndexMixedDrainBenchmark.partitionedIngestMixed
# Parameters: (hotKeySpace = 256, workloadMode = drainOnly)

# Run progress: 0.00% complete, ETA 00:00:14
# Fork: 1 of 1
# Warmup Iteration   1: SLF4J(W): No SLF4J providers were found.
SLF4J(W): Defaulting to no-operation (NOP) logger implementation
SLF4J(W): See https://www.slf4j.org/codes.html#noProviders for further details.
362012.579 ops/s
# Warmup Iteration   2: 414030.547 ops/s
Iteration   1: 424472.132 ops/s
                 getWorkload: 195928.344 ops/s
                 putWorkload: 228543.788 ops/s

Iteration   2: 439316.158 ops/s
                 getWorkload: 195459.581 ops/s
                 putWorkload: 243856.576 ops/s

Iteration   3: 436168.807 ops/s
                 getWorkload: 192206.735 ops/s
                 putWorkload: 243962.072 ops/s

Iteration   4: 434326.523 ops/s
                 getWorkload: 184071.884 ops/s
                 putWorkload: 250254.639 ops/s

Iteration   5: 452382.254 ops/s
                 getWorkload: 203337.448 ops/s
                 putWorkload: 249044.806 ops/s



Result "org.hestiastore.benchmark.segmentindex.SegmentIndexMixedDrainBenchmark.partitionedIngestMixed":
  437333.175 ±(99.9%) 38804.152 ops/s [Average]
  (min, avg, max) = (424472.132, 437333.175, 452382.254), stdev = 10077.315
  CI (99.9%): [398529.023, 476137.327] (assumes normal distribution)

Secondary result "org.hestiastore.benchmark.segmentindex.SegmentIndexMixedDrainBenchmark.partitionedIngestMixed:getWorkload":
  194200.799 ±(99.9%) 26859.346 ops/s [Average]
  (min, avg, max) = (184071.884, 194200.799, 203337.448), stdev = 6975.287
  CI (99.9%): [167341.452, 221060.145] (assumes normal distribution)

Secondary result "org.hestiastore.benchmark.segmentindex.SegmentIndexMixedDrainBenchmark.partitionedIngestMixed:putWorkload":
  243132.376 ±(99.9%) 33332.168 ops/s [Average]
  (min, avg, max) = (228543.788, 243132.376, 250254.639), stdev = 8656.258
  CI (99.9%): [209800.209, 276464.544] (assumes normal distribution)


# Run complete. Total time: 00:00:15

REMEMBER: The numbers below are just data. To gain reusable insights, you need to follow up on
why the numbers are the way they are. Use profilers (see -prof, -lprof), design factorial
experiments, perform baseline and negative tests that provide experimental control, make sure
the benchmarking environment is safe on JVM/OS/HW level, ask for reviews from the domain experts.
Do not assume the numbers tell you what you want them to tell.

NOTE: Current JVM experimentally supports Compiler Blackholes, and they are in use. Please exercise
extra caution when trusting the results, look into the generated code to check the benchmark still
works, and factor in a small probability of new VM bugs. Additionally, while comparisons between
different JVMs are already problematic, the performance difference caused by different Blackhole
modes can be very significant. Please make sure you use the consistent Blackhole mode for comparisons.

Benchmark                                                           (hotKeySpace)  (workloadMode)   Mode  Cnt       Score       Error  Units
SegmentIndexMixedDrainBenchmark.partitionedIngestMixed                        256       drainOnly  thrpt    5  437333.175 ± 38804.152  ops/s
SegmentIndexMixedDrainBenchmark.partitionedIngestMixed:getWorkload            256       drainOnly  thrpt    5  194200.799 ± 26859.346  ops/s
SegmentIndexMixedDrainBenchmark.partitionedIngestMixed:putWorkload            256       drainOnly  thrpt    5  243132.376 ± 33332.168  ops/s

Benchmark result is saved to /home/runner/work/_temp/benchmark-results/candidate/raw/segment-index-mixed-drain.json
