# JMH version: 1.37
# VM version: JDK 21.0.10, OpenJDK 64-Bit Server VM, 21.0.10+7-LTS
# VM invoker: /usr/lib/jvm/temurin-21-jdk-amd64/bin/java
# VM options: <none>
# Blackhole mode: compiler (auto-detected, use -Djmh.blackhole.autoDetect=false to disable)
# Warmup: 2 iterations, 2 s each
# Measurement: 5 iterations, 2 s each
# Timeout: 10 min per iteration
# Threads: 20 threads (1 group; 4x "getWorkload", 16x "putWorkload" in each group), will synchronize iterations
# Benchmark mode: Throughput, ops/time
# Benchmark: org.hestiastore.benchmark.segmentindex.SegmentIndexMixedDrainBenchmark.partitionedIngestMixed
# Parameters: (hotKeySpace = 256, workloadMode = splitHeavy)

# Run progress: 0.00% complete, ETA 00:00:14
# Fork: 1 of 1
# Warmup Iteration   1: SLF4J(W): No SLF4J providers were found.
SLF4J(W): Defaulting to no-operation (NOP) logger implementation
SLF4J(W): See https://www.slf4j.org/codes.html#noProviders for further details.
76231.109 ops/s
# Warmup Iteration   2: 221735.290 ops/s
Iteration   1: 242715.604 ops/s
                 getWorkload: 240789.627 ops/s
                 putWorkload: 1925.978 ops/s

Iteration   2: 258471.395 ops/s
                 getWorkload: 256995.204 ops/s
                 putWorkload: 1476.191 ops/s

Iteration   3: 282184.349 ops/s
                 getWorkload: 280911.687 ops/s
                 putWorkload: 1272.662 ops/s

Iteration   4: 276823.313 ops/s
                 getWorkload: 275630.103 ops/s
                 putWorkload: 1193.210 ops/s

Iteration   5: 296199.081 ops/s
                 getWorkload: 295192.498 ops/s
                 putWorkload: 1006.583 ops/s



Result "org.hestiastore.benchmark.segmentindex.SegmentIndexMixedDrainBenchmark.partitionedIngestMixed":
  271278.749 ±(99.9%) 80555.315 ops/s [Average]
  (min, avg, max) = (242715.604, 271278.749, 296199.081), stdev = 20919.959
  CI (99.9%): [190723.434, 351834.064] (assumes normal distribution)

Secondary result "org.hestiastore.benchmark.segmentindex.SegmentIndexMixedDrainBenchmark.partitionedIngestMixed:getWorkload":
  269903.824 ±(99.9%) 81860.137 ops/s [Average]
  (min, avg, max) = (240789.627, 269903.824, 295192.498), stdev = 21258.818
  CI (99.9%): [188043.687, 351763.961] (assumes normal distribution)

Secondary result "org.hestiastore.benchmark.segmentindex.SegmentIndexMixedDrainBenchmark.partitionedIngestMixed:putWorkload":
  1374.925 ±(99.9%) 1351.937 ops/s [Average]
  (min, avg, max) = (1006.583, 1374.925, 1925.978), stdev = 351.094
  CI (99.9%): [22.988, 2726.862] (assumes normal distribution)


# Run complete. Total time: 00:00:29

REMEMBER: The numbers below are just data. To gain reusable insights, you need to follow up on
why the numbers are the way they are. Use profilers (see -prof, -lprof), design factorial
experiments, perform baseline and negative tests that provide experimental control, make sure
the benchmarking environment is safe on JVM/OS/HW level, ask for reviews from the domain experts.
Do not assume the numbers tell you what you want them to tell.

NOTE: Current JVM experimentally supports Compiler Blackholes, and they are in use. Please exercise
extra caution when trusting the results, look into the generated code to check the benchmark still
works, and factor in a small probability of new VM bugs. Additionally, while comparisons between
different JVMs are already problematic, the performance difference caused by different Blackhole
modes can be very significant. Please make sure you use the consistent Blackhole mode for comparisons.

Benchmark                                                           (hotKeySpace)  (workloadMode)   Mode  Cnt       Score       Error  Units
SegmentIndexMixedDrainBenchmark.partitionedIngestMixed                        256      splitHeavy  thrpt    5  271278.749 ± 80555.315  ops/s
SegmentIndexMixedDrainBenchmark.partitionedIngestMixed:getWorkload            256      splitHeavy  thrpt    5  269903.824 ± 81860.137  ops/s
SegmentIndexMixedDrainBenchmark.partitionedIngestMixed:putWorkload            256      splitHeavy  thrpt    5    1374.925 ±  1351.937  ops/s

Benchmark result is saved to /home/runner/work/_temp/benchmark-results/candidate/reruns/run-2/raw/segment-index-mixed-split-heavy.json
