# JMH version: 1.37
# VM version: JDK 21.0.11, OpenJDK 64-Bit Server VM, 21.0.11+10-LTS
# VM invoker: /usr/lib/jvm/temurin-21-jdk-amd64/bin/java
# VM options: <none>
# Blackhole mode: compiler (auto-detected, use -Djmh.blackhole.autoDetect=false to disable)
# Warmup: 2 iterations, 2 s each
# Measurement: 5 iterations, 2 s each
# Timeout: 10 min per iteration
# Threads: 20 threads (1 group; 4x "getWorkload", 16x "putWorkload" in each group), will synchronize iterations
# Benchmark mode: Throughput, ops/time
# Benchmark: org.hestiastore.benchmark.segmentindex.SegmentIndexMixedDrainBenchmark.partitionedIngestMixed
# Parameters: (hotKeySpace = 256, workloadMode = splitHeavy)

# Run progress: 0.00% complete, ETA 00:00:14
# Fork: 1 of 1
# Warmup Iteration   1: SLF4J(W): No SLF4J providers were found.
SLF4J(W): Defaulting to no-operation (NOP) logger implementation
SLF4J(W): See https://www.slf4j.org/codes.html#noProviders for further details.
359726.975 ops/s
# Warmup Iteration   2: 667717.761 ops/s
Iteration   1: 809333.379 ops/s
                 getWorkload: 791917.318 ops/s
                 putWorkload: 17416.061 ops/s

Iteration   2: 811893.368 ops/s
                 getWorkload: 795658.694 ops/s
                 putWorkload: 16234.674 ops/s

Iteration   3: 998470.025 ops/s
                 getWorkload: 982442.020 ops/s
                 putWorkload: 16028.005 ops/s

Iteration   4: 881537.382 ops/s
                 getWorkload: 865021.233 ops/s
                 putWorkload: 16516.149 ops/s

Iteration   5: 947569.210 ops/s
                 getWorkload: 930659.391 ops/s
                 putWorkload: 16909.819 ops/s



Result "org.hestiastore.benchmark.segmentindex.SegmentIndexMixedDrainBenchmark.partitionedIngestMixed":
  889760.673 ±(99.9%) 320778.743 ops/s [Average]
  (min, avg, max) = (809333.379, 889760.673, 998470.025), stdev = 83305.221
  CI (99.9%): [568981.930, 1210539.416] (assumes normal distribution)

Secondary result "org.hestiastore.benchmark.segmentindex.SegmentIndexMixedDrainBenchmark.partitionedIngestMixed:getWorkload":
  873139.731 ±(99.9%) 321717.804 ops/s [Average]
  (min, avg, max) = (791917.318, 873139.731, 982442.020), stdev = 83549.092
  CI (99.9%): [551421.928, 1194857.535] (assumes normal distribution)

Secondary result "org.hestiastore.benchmark.segmentindex.SegmentIndexMixedDrainBenchmark.partitionedIngestMixed:putWorkload":
  16620.942 ±(99.9%) 2133.047 ops/s [Average]
  (min, avg, max) = (16028.005, 16620.942, 17416.061), stdev = 553.945
  CI (99.9%): [14487.895, 18753.988] (assumes normal distribution)


# Run complete. Total time: 00:00:19

REMEMBER: The numbers below are just data. To gain reusable insights, you need to follow up on
why the numbers are the way they are. Use profilers (see -prof, -lprof), design factorial
experiments, perform baseline and negative tests that provide experimental control, make sure
the benchmarking environment is safe on JVM/OS/HW level, ask for reviews from the domain experts.
Do not assume the numbers tell you what you want them to tell.

NOTE: Current JVM experimentally supports Compiler Blackholes, and they are in use. Please exercise
extra caution when trusting the results, look into the generated code to check the benchmark still
works, and factor in a small probability of new VM bugs. Additionally, while comparisons between
different JVMs are already problematic, the performance difference caused by different Blackhole
modes can be very significant. Please make sure you use the consistent Blackhole mode for comparisons.

Benchmark                                                           (hotKeySpace)  (workloadMode)   Mode  Cnt       Score        Error  Units
SegmentIndexMixedDrainBenchmark.partitionedIngestMixed                        256      splitHeavy  thrpt    5  889760.673 ± 320778.743  ops/s
SegmentIndexMixedDrainBenchmark.partitionedIngestMixed:getWorkload            256      splitHeavy  thrpt    5  873139.731 ± 321717.804  ops/s
SegmentIndexMixedDrainBenchmark.partitionedIngestMixed:putWorkload            256      splitHeavy  thrpt    5   16620.942 ±   2133.047  ops/s

Benchmark result is saved to /home/runner/work/_temp/benchmark-results/candidate/raw/segment-index-mixed-split-heavy.json
