# JMH version: 1.37
# VM version: JDK 21.0.10, OpenJDK 64-Bit Server VM, 21.0.10+7-LTS
# VM invoker: /usr/lib/jvm/temurin-21-jdk-amd64/bin/java
# VM options: <none>
# Blackhole mode: compiler (auto-detected, use -Djmh.blackhole.autoDetect=false to disable)
# Warmup: 2 iterations, 2 s each
# Measurement: 5 iterations, 2 s each
# Timeout: 10 min per iteration
# Threads: 20 threads (1 group; 4x "getWorkload", 16x "putWorkload" in each group), will synchronize iterations
# Benchmark mode: Throughput, ops/time
# Benchmark: org.hestiastore.benchmark.segmentindex.SegmentIndexMixedDrainBenchmark.partitionedIngestMixed
# Parameters: (hotKeySpace = 256, workloadMode = splitHeavy)

# Run progress: 0.00% complete, ETA 00:00:14
# Fork: 1 of 1
# Warmup Iteration   1: SLF4J(W): No SLF4J providers were found.
SLF4J(W): Defaulting to no-operation (NOP) logger implementation
SLF4J(W): See https://www.slf4j.org/codes.html#noProviders for further details.
90281.259 ops/s
# Warmup Iteration   2: 196771.105 ops/s
Iteration   1: 240493.542 ops/s
                 getWorkload: 238584.979 ops/s
                 putWorkload: 1908.562 ops/s

Iteration   2: 258251.402 ops/s
                 getWorkload: 256631.326 ops/s
                 putWorkload: 1620.076 ops/s

Iteration   3: 272389.846 ops/s
                 getWorkload: 271035.645 ops/s
                 putWorkload: 1354.201 ops/s

Iteration   4: 262959.701 ops/s
                 getWorkload: 261525.118 ops/s
                 putWorkload: 1434.583 ops/s

Iteration   5: 282726.423 ops/s
                 getWorkload: 281590.508 ops/s
                 putWorkload: 1135.916 ops/s



Result "org.hestiastore.benchmark.segmentindex.SegmentIndexMixedDrainBenchmark.partitionedIngestMixed":
  263364.183 ±(99.9%) 61058.189 ops/s [Average]
  (min, avg, max) = (240493.542, 263364.183, 282726.423), stdev = 15856.618
  CI (99.9%): [202305.994, 324422.371] (assumes normal distribution)

Secondary result "org.hestiastore.benchmark.segmentindex.SegmentIndexMixedDrainBenchmark.partitionedIngestMixed:getWorkload":
  261873.515 ±(99.9%) 62169.187 ops/s [Average]
  (min, avg, max) = (238584.979, 261873.515, 281590.508), stdev = 16145.140
  CI (99.9%): [199704.328, 324042.702] (assumes normal distribution)

Secondary result "org.hestiastore.benchmark.segmentindex.SegmentIndexMixedDrainBenchmark.partitionedIngestMixed:putWorkload":
  1490.668 ±(99.9%) 1120.994 ops/s [Average]
  (min, avg, max) = (1135.916, 1490.668, 1908.562), stdev = 291.119
  CI (99.9%): [369.673, 2611.662] (assumes normal distribution)


# Run complete. Total time: 00:00:28

REMEMBER: The numbers below are just data. To gain reusable insights, you need to follow up on
why the numbers are the way they are. Use profilers (see -prof, -lprof), design factorial
experiments, perform baseline and negative tests that provide experimental control, make sure
the benchmarking environment is safe on JVM/OS/HW level, ask for reviews from the domain experts.
Do not assume the numbers tell you what you want them to tell.

NOTE: Current JVM experimentally supports Compiler Blackholes, and they are in use. Please exercise
extra caution when trusting the results, look into the generated code to check the benchmark still
works, and factor in a small probability of new VM bugs. Additionally, while comparisons between
different JVMs are already problematic, the performance difference caused by different Blackhole
modes can be very significant. Please make sure you use the consistent Blackhole mode for comparisons.

Benchmark                                                           (hotKeySpace)  (workloadMode)   Mode  Cnt       Score       Error  Units
SegmentIndexMixedDrainBenchmark.partitionedIngestMixed                        256      splitHeavy  thrpt    5  263364.183 ± 61058.189  ops/s
SegmentIndexMixedDrainBenchmark.partitionedIngestMixed:getWorkload            256      splitHeavy  thrpt    5  261873.515 ± 62169.187  ops/s
SegmentIndexMixedDrainBenchmark.partitionedIngestMixed:putWorkload            256      splitHeavy  thrpt    5    1490.668 ±  1120.994  ops/s

Benchmark result is saved to /home/runner/work/_temp/benchmark-results/candidate/reruns/run-2/raw/segment-index-mixed-split-heavy.json
