# JMH version: 1.37
# VM version: JDK 21.0.11, OpenJDK 64-Bit Server VM, 21.0.11+10-LTS
# VM invoker: /usr/lib/jvm/temurin-21-jdk-amd64/bin/java
# VM options: <none>
# Blackhole mode: compiler (auto-detected, use -Djmh.blackhole.autoDetect=false to disable)
# Warmup: 1 iterations, 1 s each
# Measurement: 3 iterations, 1 s each
# Timeout: 10 min per iteration
# Threads: 4 threads, will synchronize iterations
# Benchmark mode: Throughput, ops/time
# Benchmark: org.hestiastore.benchmark.segmentindex.SegmentIndexGetBenchmark.getHitSync
# Parameters: (chunkStoreCachePageLimit = 0, keyCount = 12000, maxKeysInChunk = 256, readPathMode = live, snappy = true, valueLength = 64)

# Run progress: 0.00% complete, ETA 00:00:16
# Fork: 1 of 1
# Warmup Iteration   1: SLF4J(W): No SLF4J providers were found.
SLF4J(W): Defaulting to no-operation (NOP) logger implementation
SLF4J(W): See https://www.slf4j.org/codes.html#noProviders for further details.
1632269.385 ops/s
Iteration   1: 2242922.554 ops/s
Iteration   2: 2185137.125 ops/s
Iteration   3: 2193637.834 ops/s


Result "org.hestiastore.benchmark.segmentindex.SegmentIndexGetBenchmark.getHitSync":
  2207232.504 ±(99.9%) 569192.523 ops/s [Average]
  (min, avg, max) = (2185137.125, 2207232.504, 2242922.554), stdev = 31199.363
  CI (99.9%): [1638039.981, 2776425.027] (assumes normal distribution)


# JMH version: 1.37
# VM version: JDK 21.0.11, OpenJDK 64-Bit Server VM, 21.0.11+10-LTS
# VM invoker: /usr/lib/jvm/temurin-21-jdk-amd64/bin/java
# VM options: <none>
# Blackhole mode: compiler (auto-detected, use -Djmh.blackhole.autoDetect=false to disable)
# Warmup: 1 iterations, 1 s each
# Measurement: 3 iterations, 1 s each
# Timeout: 10 min per iteration
# Threads: 4 threads, will synchronize iterations
# Benchmark mode: Throughput, ops/time
# Benchmark: org.hestiastore.benchmark.segmentindex.SegmentIndexGetBenchmark.getHitSync
# Parameters: (chunkStoreCachePageLimit = 128, keyCount = 12000, maxKeysInChunk = 256, readPathMode = live, snappy = true, valueLength = 64)

# Run progress: 25.00% complete, ETA 00:00:17
# Fork: 1 of 1
# Warmup Iteration   1: SLF4J(W): No SLF4J providers were found.
SLF4J(W): Defaulting to no-operation (NOP) logger implementation
SLF4J(W): See https://www.slf4j.org/codes.html#noProviders for further details.
1674144.158 ops/s
Iteration   1: 2323001.567 ops/s
Iteration   2: 2300576.209 ops/s
Iteration   3: 2206193.263 ops/s


Result "org.hestiastore.benchmark.segmentindex.SegmentIndexGetBenchmark.getHitSync":
  2276590.346 ±(99.9%) 1130895.418 ops/s [Average]
  (min, avg, max) = (2206193.263, 2276590.346, 2323001.567), stdev = 61988.194
  CI (99.9%): [1145694.928, 3407485.764] (assumes normal distribution)


# JMH version: 1.37
# VM version: JDK 21.0.11, OpenJDK 64-Bit Server VM, 21.0.11+10-LTS
# VM invoker: /usr/lib/jvm/temurin-21-jdk-amd64/bin/java
# VM options: <none>
# Blackhole mode: compiler (auto-detected, use -Djmh.blackhole.autoDetect=false to disable)
# Warmup: 1 iterations, 1 s each
# Measurement: 3 iterations, 1 s each
# Timeout: 10 min per iteration
# Threads: 4 threads, will synchronize iterations
# Benchmark mode: Throughput, ops/time
# Benchmark: org.hestiastore.benchmark.segmentindex.SegmentIndexGetBenchmark.getMissSync
# Parameters: (chunkStoreCachePageLimit = 0, keyCount = 12000, maxKeysInChunk = 256, readPathMode = live, snappy = true, valueLength = 64)

# Run progress: 50.00% complete, ETA 00:00:11
# Fork: 1 of 1
# Warmup Iteration   1: SLF4J(W): No SLF4J providers were found.
SLF4J(W): Defaulting to no-operation (NOP) logger implementation
SLF4J(W): See https://www.slf4j.org/codes.html#noProviders for further details.
1582381.900 ops/s
Iteration   1: 2103754.578 ops/s
Iteration   2: 2184278.733 ops/s
Iteration   3: 2137988.474 ops/s


Result "org.hestiastore.benchmark.segmentindex.SegmentIndexGetBenchmark.getMissSync":
  2142007.262 ±(99.9%) 737269.416 ops/s [Average]
  (min, avg, max) = (2103754.578, 2142007.262, 2184278.733), stdev = 40412.224
  CI (99.9%): [1404737.846, 2879276.678] (assumes normal distribution)


# JMH version: 1.37
# VM version: JDK 21.0.11, OpenJDK 64-Bit Server VM, 21.0.11+10-LTS
# VM invoker: /usr/lib/jvm/temurin-21-jdk-amd64/bin/java
# VM options: <none>
# Blackhole mode: compiler (auto-detected, use -Djmh.blackhole.autoDetect=false to disable)
# Warmup: 1 iterations, 1 s each
# Measurement: 3 iterations, 1 s each
# Timeout: 10 min per iteration
# Threads: 4 threads, will synchronize iterations
# Benchmark mode: Throughput, ops/time
# Benchmark: org.hestiastore.benchmark.segmentindex.SegmentIndexGetBenchmark.getMissSync
# Parameters: (chunkStoreCachePageLimit = 128, keyCount = 12000, maxKeysInChunk = 256, readPathMode = live, snappy = true, valueLength = 64)

# Run progress: 75.00% complete, ETA 00:00:05
# Fork: 1 of 1
# Warmup Iteration   1: SLF4J(W): No SLF4J providers were found.
SLF4J(W): Defaulting to no-operation (NOP) logger implementation
SLF4J(W): See https://www.slf4j.org/codes.html#noProviders for further details.
1541167.868 ops/s
Iteration   1: 2139508.983 ops/s
Iteration   2: 2156725.239 ops/s
Iteration   3: 2050231.096 ops/s


Result "org.hestiastore.benchmark.segmentindex.SegmentIndexGetBenchmark.getMissSync":
  2115488.439 ±(99.9%) 1042926.862 ops/s [Average]
  (min, avg, max) = (2050231.096, 2115488.439, 2156725.239), stdev = 57166.341
  CI (99.9%): [1072561.578, 3158415.301] (assumes normal distribution)


# Run complete. Total time: 00:00:23

REMEMBER: The numbers below are just data. To gain reusable insights, you need to follow up on
why the numbers are the way they are. Use profilers (see -prof, -lprof), design factorial
experiments, perform baseline and negative tests that provide experimental control, make sure
the benchmarking environment is safe on JVM/OS/HW level, ask for reviews from the domain experts.
Do not assume the numbers tell you what you want them to tell.

NOTE: Current JVM experimentally supports Compiler Blackholes, and they are in use. Please exercise
extra caution when trusting the results, look into the generated code to check the benchmark still
works, and factor in a small probability of new VM bugs. Additionally, while comparisons between
different JVMs are already problematic, the performance difference caused by different Blackhole
modes can be very significant. Please make sure you use the consistent Blackhole mode for comparisons.

Benchmark                             (chunkStoreCachePageLimit)  (keyCount)  (maxKeysInChunk)  (readPathMode)  (snappy)  (valueLength)   Mode  Cnt        Score         Error  Units
SegmentIndexGetBenchmark.getHitSync                            0       12000               256            live      true             64  thrpt    3  2207232.504 ±  569192.523  ops/s
SegmentIndexGetBenchmark.getHitSync                          128       12000               256            live      true             64  thrpt    3  2276590.346 ± 1130895.418  ops/s
SegmentIndexGetBenchmark.getMissSync                           0       12000               256            live      true             64  thrpt    3  2142007.262 ±  737269.416  ops/s
SegmentIndexGetBenchmark.getMissSync                         128       12000               256            live      true             64  thrpt    3  2115488.439 ± 1042926.862  ops/s

Benchmark result is saved to /home/runner/work/_temp/benchmark-results/candidate/raw/segment-index-get-live.json
