# JMH version: 1.37
# VM version: JDK 21.0.11, OpenJDK 64-Bit Server VM, 21.0.11+10-LTS
# VM invoker: /usr/lib/jvm/temurin-21-jdk-amd64/bin/java
# VM options: <none>
# Blackhole mode: compiler (auto-detected, use -Djmh.blackhole.autoDetect=false to disable)
# Warmup: 2 iterations, 2 s each
# Measurement: 5 iterations, 2 s each
# Timeout: 10 min per iteration
# Threads: 20 threads (1 group; 4x "getWorkload", 16x "putWorkload" in each group), will synchronize iterations
# Benchmark mode: Throughput, ops/time
# Benchmark: org.hestiastore.benchmark.segmentindex.SegmentIndexMixedDrainBenchmark.partitionedIngestMixed
# Parameters: (hotKeySpace = 256, workloadMode = drainOnly)

# Run progress: 0.00% complete, ETA 00:00:14
# Fork: 1 of 1
# Warmup Iteration   1: SLF4J(W): No SLF4J providers were found.
SLF4J(W): Defaulting to no-operation (NOP) logger implementation
SLF4J(W): See https://www.slf4j.org/codes.html#noProviders for further details.
335366.477 ops/s
# Warmup Iteration   2: 439826.267 ops/s
Iteration   1: 436195.913 ops/s
                 getWorkload: 233651.358 ops/s
                 putWorkload: 202544.555 ops/s

Iteration   2: 425556.608 ops/s
                 getWorkload: 197469.847 ops/s
                 putWorkload: 228086.761 ops/s

Iteration   3: 420525.924 ops/s
                 getWorkload: 186121.285 ops/s
                 putWorkload: 234404.639 ops/s

Iteration   4: 422576.350 ops/s
                 getWorkload: 186498.395 ops/s
                 putWorkload: 236077.955 ops/s

Iteration   5: 419740.636 ops/s
                 getWorkload: 194466.887 ops/s
                 putWorkload: 225273.749 ops/s



Result "org.hestiastore.benchmark.segmentindex.SegmentIndexMixedDrainBenchmark.partitionedIngestMixed":
  424919.086 ±(99.9%) 25771.849 ops/s [Average]
  (min, avg, max) = (419740.636, 424919.086, 436195.913), stdev = 6692.867
  CI (99.9%): [399147.237, 450690.935] (assumes normal distribution)

Secondary result "org.hestiastore.benchmark.segmentindex.SegmentIndexMixedDrainBenchmark.partitionedIngestMixed:getWorkload":
  199641.554 ±(99.9%) 75645.813 ops/s [Average]
  (min, avg, max) = (186121.285, 199641.554, 233651.358), stdev = 19644.978
  CI (99.9%): [123995.741, 275287.368] (assumes normal distribution)

Secondary result "org.hestiastore.benchmark.segmentindex.SegmentIndexMixedDrainBenchmark.partitionedIngestMixed:putWorkload":
  225277.532 ±(99.9%) 51827.766 ops/s [Average]
  (min, avg, max) = (202544.555, 225277.532, 236077.955), stdev = 13459.506
  CI (99.9%): [173449.766, 277105.298] (assumes normal distribution)


# Run complete. Total time: 00:00:15

REMEMBER: The numbers below are just data. To gain reusable insights, you need to follow up on
why the numbers are the way they are. Use profilers (see -prof, -lprof), design factorial
experiments, perform baseline and negative tests that provide experimental control, make sure
the benchmarking environment is safe on JVM/OS/HW level, ask for reviews from the domain experts.
Do not assume the numbers tell you what you want them to tell.

NOTE: Current JVM experimentally supports Compiler Blackholes, and they are in use. Please exercise
extra caution when trusting the results, look into the generated code to check the benchmark still
works, and factor in a small probability of new VM bugs. Additionally, while comparisons between
different JVMs are already problematic, the performance difference caused by different Blackhole
modes can be very significant. Please make sure you use the consistent Blackhole mode for comparisons.

Benchmark                                                           (hotKeySpace)  (workloadMode)   Mode  Cnt       Score       Error  Units
SegmentIndexMixedDrainBenchmark.partitionedIngestMixed                        256       drainOnly  thrpt    5  424919.086 ± 25771.849  ops/s
SegmentIndexMixedDrainBenchmark.partitionedIngestMixed:getWorkload            256       drainOnly  thrpt    5  199641.554 ± 75645.813  ops/s
SegmentIndexMixedDrainBenchmark.partitionedIngestMixed:putWorkload            256       drainOnly  thrpt    5  225277.532 ± 51827.766  ops/s

Benchmark result is saved to /home/runner/work/_temp/benchmark-results/candidate/raw/segment-index-mixed-drain.json
