# JMH version: 1.37
# VM version: JDK 21.0.11, OpenJDK 64-Bit Server VM, 21.0.11+10-LTS
# VM invoker: /usr/lib/jvm/temurin-21-jdk-amd64/bin/java
# VM options: <none>
# Blackhole mode: compiler (auto-detected, use -Djmh.blackhole.autoDetect=false to disable)
# Warmup: 1 iterations, 1 s each
# Measurement: 3 iterations, 1 s each
# Timeout: 10 min per iteration
# Threads: 1 thread, will synchronize iterations
# Benchmark mode: Average time, time/op
# Benchmark: org.hestiastore.benchmark.segmentindex.SegmentIndexLifecycleBenchmark.openAndCheckAndRepairConsistency
# Parameters: (keyCount = 16384, snappy = true, valueLength = 64, walMode = sync)

# Run progress: 0.00% complete, ETA 00:00:12
# Fork: 1 of 1
# Warmup Iteration   1: SLF4J(W): No SLF4J providers were found.
SLF4J(W): Defaulting to no-operation (NOP) logger implementation
SLF4J(W): See https://www.slf4j.org/codes.html#noProviders for further details.
286.892 ms/op
Iteration   1: 262.147 ms/op
Iteration   2: 258.558 ms/op
Iteration   3: 256.508 ms/op


Result "org.hestiastore.benchmark.segmentindex.SegmentIndexLifecycleBenchmark.openAndCheckAndRepairConsistency":
  259.071 ±(99.9%) 52.076 ms/op [Average]
  (min, avg, max) = (256.508, 259.071, 262.147), stdev = 2.854
  CI (99.9%): [206.996, 311.147] (assumes normal distribution)


# JMH version: 1.37
# VM version: JDK 21.0.11, OpenJDK 64-Bit Server VM, 21.0.11+10-LTS
# VM invoker: /usr/lib/jvm/temurin-21-jdk-amd64/bin/java
# VM options: <none>
# Blackhole mode: compiler (auto-detected, use -Djmh.blackhole.autoDetect=false to disable)
# Warmup: 1 iterations, 1 s each
# Measurement: 3 iterations, 1 s each
# Timeout: 10 min per iteration
# Threads: 1 thread, will synchronize iterations
# Benchmark mode: Average time, time/op
# Benchmark: org.hestiastore.benchmark.segmentindex.SegmentIndexLifecycleBenchmark.openAndCompact
# Parameters: (keyCount = 16384, snappy = true, valueLength = 64, walMode = sync)

# Run progress: 33.33% complete, ETA 00:00:23
# Fork: 1 of 1
# Warmup Iteration   1: SLF4J(W): No SLF4J providers were found.
SLF4J(W): Defaulting to no-operation (NOP) logger implementation
SLF4J(W): See https://www.slf4j.org/codes.html#noProviders for further details.
307.963 ms/op
Iteration   1: 283.582 ms/op
Iteration   2: 288.069 ms/op
Iteration   3: 280.122 ms/op


Result "org.hestiastore.benchmark.segmentindex.SegmentIndexLifecycleBenchmark.openAndCompact":
  283.924 ±(99.9%) 72.697 ms/op [Average]
  (min, avg, max) = (280.122, 283.924, 288.069), stdev = 3.985
  CI (99.9%): [211.227, 356.622] (assumes normal distribution)


# JMH version: 1.37
# VM version: JDK 21.0.11, OpenJDK 64-Bit Server VM, 21.0.11+10-LTS
# VM invoker: /usr/lib/jvm/temurin-21-jdk-amd64/bin/java
# VM options: <none>
# Blackhole mode: compiler (auto-detected, use -Djmh.blackhole.autoDetect=false to disable)
# Warmup: 1 iterations, 1 s each
# Measurement: 3 iterations, 1 s each
# Timeout: 10 min per iteration
# Threads: 1 thread, will synchronize iterations
# Benchmark mode: Average time, time/op
# Benchmark: org.hestiastore.benchmark.segmentindex.SegmentIndexLifecycleBenchmark.openExisting
# Parameters: (keyCount = 16384, snappy = true, valueLength = 64, walMode = sync)

# Run progress: 66.67% complete, ETA 00:00:11
# Fork: 1 of 1
# Warmup Iteration   1: SLF4J(W): No SLF4J providers were found.
SLF4J(W): Defaulting to no-operation (NOP) logger implementation
SLF4J(W): See https://www.slf4j.org/codes.html#noProviders for further details.
279.386 ms/op
Iteration   1: 255.975 ms/op
Iteration   2: 254.115 ms/op
Iteration   3: 253.273 ms/op


Result "org.hestiastore.benchmark.segmentindex.SegmentIndexLifecycleBenchmark.openExisting":
  254.454 ±(99.9%) 25.223 ms/op [Average]
  (min, avg, max) = (253.273, 254.454, 255.975), stdev = 1.383
  CI (99.9%): [229.231, 279.678] (assumes normal distribution)


# Run complete. Total time: 00:00:34

REMEMBER: The numbers below are just data. To gain reusable insights, you need to follow up on
why the numbers are the way they are. Use profilers (see -prof, -lprof), design factorial
experiments, perform baseline and negative tests that provide experimental control, make sure
the benchmarking environment is safe on JVM/OS/HW level, ask for reviews from the domain experts.
Do not assume the numbers tell you what you want them to tell.

NOTE: Current JVM experimentally supports Compiler Blackholes, and they are in use. Please exercise
extra caution when trusting the results, look into the generated code to check the benchmark still
works, and factor in a small probability of new VM bugs. Additionally, while comparisons between
different JVMs are already problematic, the performance difference caused by different Blackhole
modes can be very significant. Please make sure you use the consistent Blackhole mode for comparisons.

Benchmark                                                        (keyCount)  (snappy)  (valueLength)  (walMode)  Mode  Cnt    Score    Error  Units
SegmentIndexLifecycleBenchmark.openAndCheckAndRepairConsistency       16384      true             64       sync  avgt    3  259.071 ± 52.076  ms/op
SegmentIndexLifecycleBenchmark.openAndCompact                         16384      true             64       sync  avgt    3  283.924 ± 72.697  ms/op
SegmentIndexLifecycleBenchmark.openExisting                           16384      true             64       sync  avgt    3  254.454 ± 25.223  ms/op

Benchmark result is saved to /home/runner/work/_temp/benchmark-results/candidate/raw/segment-index-lifecycle.json
