# JMH version: 1.37
# VM version: JDK 21.0.10, OpenJDK 64-Bit Server VM, 21.0.10+7-LTS
# VM invoker: /usr/lib/jvm/temurin-21-jdk-amd64/bin/java
# VM options: <none>
# Blackhole mode: compiler (auto-detected, use -Djmh.blackhole.autoDetect=false to disable)
# Warmup: 1 iterations, 1 s each
# Measurement: 3 iterations, 1 s each
# Timeout: 10 min per iteration
# Threads: 20 threads, will synchronize iterations
# Benchmark mode: Throughput, ops/time
# Benchmark: org.hestiastore.benchmark.segmentindex.SegmentIndexHotRoutePutBenchmark.putHotRoute

# Run progress: 0.00% complete, ETA 00:00:08
# Fork: 1 of 1
# Warmup Iteration   1: SLF4J(W): No SLF4J providers were found.
SLF4J(W): Defaulting to no-operation (NOP) logger implementation
SLF4J(W): See https://www.slf4j.org/codes.html#noProviders for further details.
1397541.980 ops/s
Iteration   1: 2014019.551 ops/s
Iteration   2: 2057362.540 ops/s
Iteration   3: 1937925.445 ops/s


Result "org.hestiastore.benchmark.segmentindex.SegmentIndexHotRoutePutBenchmark.putHotRoute":
  2003102.512 ±(99.9%) 1103057.660 ops/s [Average]
  (min, avg, max) = (1937925.445, 2003102.512, 2057362.540), stdev = 60462.312
  CI (99.9%): [900044.852, 3106160.172] (assumes normal distribution)


# JMH version: 1.37
# VM version: JDK 21.0.10, OpenJDK 64-Bit Server VM, 21.0.10+7-LTS
# VM invoker: /usr/lib/jvm/temurin-21-jdk-amd64/bin/java
# VM options: <none>
# Blackhole mode: compiler (auto-detected, use -Djmh.blackhole.autoDetect=false to disable)
# Warmup: 1 iterations, 1 s each
# Measurement: 3 iterations, 1 s each
# Timeout: 10 min per iteration
# Threads: 20 threads, will synchronize iterations
# Benchmark mode: Throughput, ops/time
# Benchmark: org.hestiastore.benchmark.segmentindex.SegmentIndexHotRoutePutBenchmark.putThenGetHotRoute

# Run progress: 50.00% complete, ETA 00:00:05
# Fork: 1 of 1
# Warmup Iteration   1: SLF4J(W): No SLF4J providers were found.
SLF4J(W): Defaulting to no-operation (NOP) logger implementation
SLF4J(W): See https://www.slf4j.org/codes.html#noProviders for further details.
489342.204 ops/s
Iteration   1: 1002457.500 ops/s
Iteration   2: 1081172.662 ops/s
Iteration   3: 1079928.225 ops/s


Result "org.hestiastore.benchmark.segmentindex.SegmentIndexHotRoutePutBenchmark.putThenGetHotRoute":
  1054519.462 ±(99.9%) 822632.712 ops/s [Average]
  (min, avg, max) = (1002457.500, 1054519.462, 1081172.662), stdev = 45091.275
  CI (99.9%): [231886.750, 1877152.175] (assumes normal distribution)


# Run complete. Total time: 00:00:10

REMEMBER: The numbers below are just data. To gain reusable insights, you need to follow up on
why the numbers are the way they are. Use profilers (see -prof, -lprof), design factorial
experiments, perform baseline and negative tests that provide experimental control, make sure
the benchmarking environment is safe on JVM/OS/HW level, ask for reviews from the domain experts.
Do not assume the numbers tell you what you want them to tell.

NOTE: Current JVM experimentally supports Compiler Blackholes, and they are in use. Please exercise
extra caution when trusting the results, look into the generated code to check the benchmark still
works, and factor in a small probability of new VM bugs. Additionally, while comparisons between
different JVMs are already problematic, the performance difference caused by different Blackhole
modes can be very significant. Please make sure you use the consistent Blackhole mode for comparisons.

Benchmark                                             Mode  Cnt        Score         Error  Units
SegmentIndexHotRoutePutBenchmark.putHotRoute         thrpt    3  2003102.512 ± 1103057.660  ops/s
SegmentIndexHotRoutePutBenchmark.putThenGetHotRoute  thrpt    3  1054519.462 ±  822632.712  ops/s

Benchmark result is saved to /home/runner/work/_temp/benchmark-results/candidate/raw/segment-index-hot-route-put.json
