# JMH version: 1.37
# VM version: JDK 21.0.10, OpenJDK 64-Bit Server VM, 21.0.10+7-LTS
# VM invoker: /usr/lib/jvm/temurin-21-jdk-amd64/bin/java
# VM options: <none>
# Blackhole mode: compiler (auto-detected, use -Djmh.blackhole.autoDetect=false to disable)
# Warmup: 2 iterations, 2 s each
# Measurement: 5 iterations, 2 s each
# Timeout: 10 min per iteration
# Threads: 20 threads (1 group; 4x "getWorkload", 16x "putWorkload" in each group), will synchronize iterations
# Benchmark mode: Throughput, ops/time
# Benchmark: org.hestiastore.benchmark.segmentindex.SegmentIndexMixedDrainBenchmark.partitionedIngestMixed
# Parameters: (hotKeySpace = 256, workloadMode = splitHeavy)

# Run progress: 0.00% complete, ETA 00:00:14
# Fork: 1 of 1
# Warmup Iteration   1: SLF4J(W): No SLF4J providers were found.
SLF4J(W): Defaulting to no-operation (NOP) logger implementation
SLF4J(W): See https://www.slf4j.org/codes.html#noProviders for further details.
98035.599 ops/s
# Warmup Iteration   2: 207584.037 ops/s
Iteration   1: 245325.547 ops/s
                 getWorkload: 243369.722 ops/s
                 putWorkload: 1955.825 ops/s

Iteration   2: 255803.578 ops/s
                 getWorkload: 254205.955 ops/s
                 putWorkload: 1597.623 ops/s

Iteration   3: 271583.066 ops/s
                 getWorkload: 270233.074 ops/s
                 putWorkload: 1349.991 ops/s

Iteration   4: 284327.176 ops/s
                 getWorkload: 283181.157 ops/s
                 putWorkload: 1146.019 ops/s

Iteration   5: 271815.346 ops/s
                 getWorkload: 270689.720 ops/s
                 putWorkload: 1125.626 ops/s



Result "org.hestiastore.benchmark.segmentindex.SegmentIndexMixedDrainBenchmark.partitionedIngestMixed":
  265770.943 ±(99.9%) 58777.905 ops/s [Average]
  (min, avg, max) = (245325.547, 265770.943, 284327.176), stdev = 15264.435
  CI (99.9%): [206993.038, 324548.847] (assumes normal distribution)

Secondary result "org.hestiastore.benchmark.segmentindex.SegmentIndexMixedDrainBenchmark.partitionedIngestMixed:getWorkload":
  264335.926 ±(99.9%) 60040.659 ops/s [Average]
  (min, avg, max) = (243369.722, 264335.926, 283181.157), stdev = 15592.369
  CI (99.9%): [204295.266, 324376.585] (assumes normal distribution)

Secondary result "org.hestiastore.benchmark.segmentindex.SegmentIndexMixedDrainBenchmark.partitionedIngestMixed:putWorkload":
  1435.017 ±(99.9%) 1339.662 ops/s [Average]
  (min, avg, max) = (1125.626, 1435.017, 1955.825), stdev = 347.906
  CI (99.9%): [95.355, 2774.679] (assumes normal distribution)


# Run complete. Total time: 00:00:29

REMEMBER: The numbers below are just data. To gain reusable insights, you need to follow up on
why the numbers are the way they are. Use profilers (see -prof, -lprof), design factorial
experiments, perform baseline and negative tests that provide experimental control, make sure
the benchmarking environment is safe on JVM/OS/HW level, ask for reviews from the domain experts.
Do not assume the numbers tell you what you want them to tell.

NOTE: Current JVM experimentally supports Compiler Blackholes, and they are in use. Please exercise
extra caution when trusting the results, look into the generated code to check the benchmark still
works, and factor in a small probability of new VM bugs. Additionally, while comparisons between
different JVMs are already problematic, the performance difference caused by different Blackhole
modes can be very significant. Please make sure you use the consistent Blackhole mode for comparisons.

Benchmark                                                           (hotKeySpace)  (workloadMode)   Mode  Cnt       Score       Error  Units
SegmentIndexMixedDrainBenchmark.partitionedIngestMixed                        256      splitHeavy  thrpt    5  265770.943 ± 58777.905  ops/s
SegmentIndexMixedDrainBenchmark.partitionedIngestMixed:getWorkload            256      splitHeavy  thrpt    5  264335.926 ± 60040.659  ops/s
SegmentIndexMixedDrainBenchmark.partitionedIngestMixed:putWorkload            256      splitHeavy  thrpt    5    1435.017 ±  1339.662  ops/s

Benchmark result is saved to /home/runner/work/_temp/benchmark-results/candidate/reruns/run-3/raw/segment-index-mixed-split-heavy.json
