# JMH version: 1.37
# VM version: JDK 21.0.11, OpenJDK 64-Bit Server VM, 21.0.11+10-LTS
# VM invoker: /usr/lib/jvm/temurin-21-jdk-amd64/bin/java
# VM options: <none>
# Blackhole mode: compiler (auto-detected, use -Djmh.blackhole.autoDetect=false to disable)
# Warmup: 2 iterations, 2 s each
# Measurement: 5 iterations, 2 s each
# Timeout: 10 min per iteration
# Threads: 20 threads (1 group; 4x "getWorkload", 16x "putWorkload" in each group), will synchronize iterations
# Benchmark mode: Throughput, ops/time
# Benchmark: org.hestiastore.benchmark.segmentindex.SegmentIndexMixedDrainBenchmark.partitionedIngestMixed
# Parameters: (hotKeySpace = 256, workloadMode = drainOnly)

# Run progress: 0.00% complete, ETA 00:00:14
# Fork: 1 of 1
# Warmup Iteration   1: SLF4J(W): No SLF4J providers were found.
SLF4J(W): Defaulting to no-operation (NOP) logger implementation
SLF4J(W): See https://www.slf4j.org/codes.html#noProviders for further details.
226916.665 ops/s
# Warmup Iteration   2: 479021.544 ops/s
Iteration   1: 475309.611 ops/s
                 getWorkload: 469975.179 ops/s
                 putWorkload: 5334.432 ops/s

Iteration   2: 490681.485 ops/s
                 getWorkload: 485346.626 ops/s
                 putWorkload: 5334.860 ops/s

Iteration   3: 540906.543 ops/s
                 getWorkload: 535625.016 ops/s
                 putWorkload: 5281.526 ops/s

Iteration   4: 510612.453 ops/s
                 getWorkload: 505336.986 ops/s
                 putWorkload: 5275.467 ops/s

Iteration   5: 531050.652 ops/s
                 getWorkload: 525743.382 ops/s
                 putWorkload: 5307.270 ops/s



Result "org.hestiastore.benchmark.segmentindex.SegmentIndexMixedDrainBenchmark.partitionedIngestMixed":
  509712.149 ±(99.9%) 105012.737 ops/s [Average]
  (min, avg, max) = (475309.611, 509712.149, 540906.543), stdev = 27271.474
  CI (99.9%): [404699.412, 614724.886] (assumes normal distribution)

Secondary result "org.hestiastore.benchmark.segmentindex.SegmentIndexMixedDrainBenchmark.partitionedIngestMixed:getWorkload":
  504405.438 ±(99.9%) 105093.639 ops/s [Average]
  (min, avg, max) = (469975.179, 504405.438, 535625.016), stdev = 27292.484
  CI (99.9%): [399311.799, 609499.077] (assumes normal distribution)

Secondary result "org.hestiastore.benchmark.segmentindex.SegmentIndexMixedDrainBenchmark.partitionedIngestMixed:putWorkload":
  5306.711 ±(99.9%) 108.428 ops/s [Average]
  (min, avg, max) = (5275.467, 5306.711, 5334.860), stdev = 28.158
  CI (99.9%): [5198.283, 5415.139] (assumes normal distribution)


# Run complete. Total time: 00:00:16

REMEMBER: The numbers below are just data. To gain reusable insights, you need to follow up on
why the numbers are the way they are. Use profilers (see -prof, -lprof), design factorial
experiments, perform baseline and negative tests that provide experimental control, make sure
the benchmarking environment is safe on JVM/OS/HW level, ask for reviews from the domain experts.
Do not assume the numbers tell you what you want them to tell.

NOTE: Current JVM experimentally supports Compiler Blackholes, and they are in use. Please exercise
extra caution when trusting the results, look into the generated code to check the benchmark still
works, and factor in a small probability of new VM bugs. Additionally, while comparisons between
different JVMs are already problematic, the performance difference caused by different Blackhole
modes can be very significant. Please make sure you use the consistent Blackhole mode for comparisons.

Benchmark                                                           (hotKeySpace)  (workloadMode)   Mode  Cnt       Score        Error  Units
SegmentIndexMixedDrainBenchmark.partitionedIngestMixed                        256       drainOnly  thrpt    5  509712.149 ± 105012.737  ops/s
SegmentIndexMixedDrainBenchmark.partitionedIngestMixed:getWorkload            256       drainOnly  thrpt    5  504405.438 ± 105093.639  ops/s
SegmentIndexMixedDrainBenchmark.partitionedIngestMixed:putWorkload            256       drainOnly  thrpt    5    5306.711 ±    108.428  ops/s

Benchmark result is saved to /home/runner/work/_temp/benchmark-results/candidate/raw/segment-index-mixed-drain.json
