# JMH version: 1.37
# VM version: JDK 21.0.10, OpenJDK 64-Bit Server VM, 21.0.10+7-LTS
# VM invoker: /usr/lib/jvm/temurin-21-jdk-amd64/bin/java
# VM options: <none>
# Blackhole mode: compiler (auto-detected, use -Djmh.blackhole.autoDetect=false to disable)
# Warmup: 1 iterations, 1 s each
# Measurement: 3 iterations, 1 s each
# Timeout: 10 min per iteration
# Threads: 20 threads (1 group; 4x "getWorkload", 16x "putWorkload" in each group), will synchronize iterations
# Benchmark mode: Throughput, ops/time
# Benchmark: org.hestiastore.benchmark.segmentindex.SegmentIndexMixedDrainBenchmark.partitionedIngestMixed
# Parameters: (hotKeySpace = 256, workloadMode = splitHeavy)

# Run progress: 0.00% complete, ETA 00:00:04
# Fork: 1 of 1
# Warmup Iteration   1: SLF4J: Failed to load class "org.slf4j.impl.StaticLoggerBinder".
SLF4J: Defaulting to no-operation (NOP) logger implementation
SLF4J: See http://www.slf4j.org/codes.html#StaticLoggerBinder for further details.
SLF4J: Failed to load class "org.slf4j.impl.StaticMDCBinder".
SLF4J: Defaulting to no-operation MDCAdapter implementation.
SLF4J: See http://www.slf4j.org/codes.html#no_static_mdc_binder for further details.
46846.628 ops/s
Iteration   1: 149319.485 ops/s
                 getWorkload: 146296.035 ops/s
                 putWorkload: 3023.449 ops/s

Iteration   2: 186679.992 ops/s
                 getWorkload: 184532.683 ops/s
                 putWorkload: 2147.309 ops/s

Iteration   3: 233853.527 ops/s
                 getWorkload: 231534.991 ops/s
                 putWorkload: 2318.536 ops/s



Result "org.hestiastore.benchmark.segmentindex.SegmentIndexMixedDrainBenchmark.partitionedIngestMixed":
  189951.001 ±(99.9%) 772837.710 ops/s [Average]
  (min, avg, max) = (149319.485, 189951.001, 233853.527), stdev = 42361.843
  CI (99.9%): [≈ 0, 962788.712] (assumes normal distribution)

Secondary result "org.hestiastore.benchmark.segmentindex.SegmentIndexMixedDrainBenchmark.partitionedIngestMixed:getWorkload":
  187454.570 ±(99.9%) 778907.177 ops/s [Average]
  (min, avg, max) = (146296.035, 187454.570, 231534.991), stdev = 42694.531
  CI (99.9%): [≈ 0, 966361.747] (assumes normal distribution)

Secondary result "org.hestiastore.benchmark.segmentindex.SegmentIndexMixedDrainBenchmark.partitionedIngestMixed:putWorkload":
  2496.432 ±(99.9%) 8471.853 ops/s [Average]
  (min, avg, max) = (2147.309, 2496.432, 3023.449), stdev = 464.371
  CI (99.9%): [≈ 0, 10968.285] (assumes normal distribution)


# Run complete. Total time: 00:00:10

REMEMBER: The numbers below are just data. To gain reusable insights, you need to follow up on
why the numbers are the way they are. Use profilers (see -prof, -lprof), design factorial
experiments, perform baseline and negative tests that provide experimental control, make sure
the benchmarking environment is safe on JVM/OS/HW level, ask for reviews from the domain experts.
Do not assume the numbers tell you what you want them to tell.

NOTE: Current JVM experimentally supports Compiler Blackholes, and they are in use. Please exercise
extra caution when trusting the results, look into the generated code to check the benchmark still
works, and factor in a small probability of new VM bugs. Additionally, while comparisons between
different JVMs are already problematic, the performance difference caused by different Blackhole
modes can be very significant. Please make sure you use the consistent Blackhole mode for comparisons.

Benchmark                                                           (hotKeySpace)  (workloadMode)   Mode  Cnt       Score        Error  Units
SegmentIndexMixedDrainBenchmark.partitionedIngestMixed                        256      splitHeavy  thrpt    3  189951.001 ± 772837.710  ops/s
SegmentIndexMixedDrainBenchmark.partitionedIngestMixed:getWorkload            256      splitHeavy  thrpt    3  187454.570 ± 778907.177  ops/s
SegmentIndexMixedDrainBenchmark.partitionedIngestMixed:putWorkload            256      splitHeavy  thrpt    3    2496.432 ±   8471.853  ops/s

Benchmark result is saved to /home/runner/work/_temp/benchmark-results/candidate/raw/segment-index-mixed-split-heavy.json
