# JMH version: 1.37
# VM version: JDK 21.0.11, OpenJDK 64-Bit Server VM, 21.0.11+10-LTS
# VM invoker: /usr/lib/jvm/temurin-21-jdk-amd64/bin/java
# VM options: <none>
# Blackhole mode: compiler (auto-detected, use -Djmh.blackhole.autoDetect=false to disable)
# Warmup: 2 iterations, 2 s each
# Measurement: 5 iterations, 2 s each
# Timeout: 10 min per iteration
# Threads: 20 threads (1 group; 4x "getWorkload", 16x "putWorkload" in each group), will synchronize iterations
# Benchmark mode: Throughput, ops/time
# Benchmark: org.hestiastore.benchmark.segmentindex.SegmentIndexMixedDrainBenchmark.partitionedIngestMixed
# Parameters: (hotKeySpace = 256, workloadMode = drainOnly)

# Run progress: 0.00% complete, ETA 00:00:14
# Fork: 1 of 1
# Warmup Iteration   1: SLF4J(W): No SLF4J providers were found.
SLF4J(W): Defaulting to no-operation (NOP) logger implementation
SLF4J(W): See https://www.slf4j.org/codes.html#noProviders for further details.
195094.318 ops/s
# Warmup Iteration   2: 483620.552 ops/s
Iteration   1: 497429.214 ops/s
                 getWorkload: 492168.637 ops/s
                 putWorkload: 5260.577 ops/s

Iteration   2: 524637.834 ops/s
                 getWorkload: 519233.851 ops/s
                 putWorkload: 5403.983 ops/s

Iteration   3: 524201.252 ops/s
                 getWorkload: 518820.252 ops/s
                 putWorkload: 5381.000 ops/s

Iteration   4: 522403.742 ops/s
                 getWorkload: 517081.039 ops/s
                 putWorkload: 5322.703 ops/s

Iteration   5: 509908.421 ops/s
                 getWorkload: 504536.184 ops/s
                 putWorkload: 5372.238 ops/s



Result "org.hestiastore.benchmark.segmentindex.SegmentIndexMixedDrainBenchmark.partitionedIngestMixed":
  515716.093 ±(99.9%) 45742.467 ops/s [Average]
  (min, avg, max) = (497429.214, 515716.093, 524637.834), stdev = 11879.173
  CI (99.9%): [469973.626, 561458.560] (assumes normal distribution)

Secondary result "org.hestiastore.benchmark.segmentindex.SegmentIndexMixedDrainBenchmark.partitionedIngestMixed:getWorkload":
  510367.992 ±(99.9%) 45575.086 ops/s [Average]
  (min, avg, max) = (492168.637, 510367.992, 519233.851), stdev = 11835.705
  CI (99.9%): [464792.907, 555943.078] (assumes normal distribution)

Secondary result "org.hestiastore.benchmark.segmentindex.SegmentIndexMixedDrainBenchmark.partitionedIngestMixed:putWorkload":
  5348.100 ±(99.9%) 220.307 ops/s [Average]
  (min, avg, max) = (5260.577, 5348.100, 5403.983), stdev = 57.213
  CI (99.9%): [5127.793, 5568.407] (assumes normal distribution)


# Run complete. Total time: 00:00:16

REMEMBER: The numbers below are just data. To gain reusable insights, you need to follow up on
why the numbers are the way they are. Use profilers (see -prof, -lprof), design factorial
experiments, perform baseline and negative tests that provide experimental control, make sure
the benchmarking environment is safe on JVM/OS/HW level, ask for reviews from the domain experts.
Do not assume the numbers tell you what you want them to tell.

NOTE: Current JVM experimentally supports Compiler Blackholes, and they are in use. Please exercise
extra caution when trusting the results, look into the generated code to check the benchmark still
works, and factor in a small probability of new VM bugs. Additionally, while comparisons between
different JVMs are already problematic, the performance difference caused by different Blackhole
modes can be very significant. Please make sure you use the consistent Blackhole mode for comparisons.

Benchmark                                                           (hotKeySpace)  (workloadMode)   Mode  Cnt       Score       Error  Units
SegmentIndexMixedDrainBenchmark.partitionedIngestMixed                        256       drainOnly  thrpt    5  515716.093 ± 45742.467  ops/s
SegmentIndexMixedDrainBenchmark.partitionedIngestMixed:getWorkload            256       drainOnly  thrpt    5  510367.992 ± 45575.086  ops/s
SegmentIndexMixedDrainBenchmark.partitionedIngestMixed:putWorkload            256       drainOnly  thrpt    5    5348.100 ±   220.307  ops/s

Benchmark result is saved to /home/runner/work/_temp/benchmark-results/candidate/raw/segment-index-mixed-drain.json
