# JMH version: 1.37
# VM version: JDK 21.0.10, OpenJDK 64-Bit Server VM, 21.0.10+7-LTS
# VM invoker: /usr/lib/jvm/temurin-21-jdk-amd64/bin/java
# VM options: <none>
# Blackhole mode: compiler (auto-detected, use -Djmh.blackhole.autoDetect=false to disable)
# Warmup: 2 iterations, 2 s each
# Measurement: 5 iterations, 2 s each
# Timeout: 10 min per iteration
# Threads: 20 threads (1 group; 4x "getWorkload", 16x "putWorkload" in each group), will synchronize iterations
# Benchmark mode: Throughput, ops/time
# Benchmark: org.hestiastore.benchmark.segmentindex.SegmentIndexMixedDrainBenchmark.partitionedIngestMixed
# Parameters: (hotKeySpace = 256, workloadMode = splitHeavy)

# Run progress: 0.00% complete, ETA 00:00:14
# Fork: 1 of 1
# Warmup Iteration   1: SLF4J(W): No SLF4J providers were found.
SLF4J(W): Defaulting to no-operation (NOP) logger implementation
SLF4J(W): See https://www.slf4j.org/codes.html#noProviders for further details.
87012.285 ops/s
# Warmup Iteration   2: 198822.817 ops/s
Iteration   1: 235755.583 ops/s
                 getWorkload: 233674.298 ops/s
                 putWorkload: 2081.285 ops/s

Iteration   2: 266617.962 ops/s
                 getWorkload: 265126.518 ops/s
                 putWorkload: 1491.444 ops/s

Iteration   3: 266213.048 ops/s
                 getWorkload: 264860.379 ops/s
                 putWorkload: 1352.669 ops/s

Iteration   4: 278945.658 ops/s
                 getWorkload: 277769.435 ops/s
                 putWorkload: 1176.223 ops/s

Iteration   5: 285671.174 ops/s
                 getWorkload: 284501.689 ops/s
                 putWorkload: 1169.486 ops/s



Result "org.hestiastore.benchmark.segmentindex.SegmentIndexMixedDrainBenchmark.partitionedIngestMixed":
  266640.685 ±(99.9%) 73758.800 ops/s [Average]
  (min, avg, max) = (235755.583, 266640.685, 285671.174), stdev = 19154.926
  CI (99.9%): [192881.885, 340399.486] (assumes normal distribution)

Secondary result "org.hestiastore.benchmark.segmentindex.SegmentIndexMixedDrainBenchmark.partitionedIngestMixed:getWorkload":
  265186.464 ±(99.9%) 75174.777 ops/s [Average]
  (min, avg, max) = (233674.298, 265186.464, 284501.689), stdev = 19522.651
  CI (99.9%): [190011.686, 340361.241] (assumes normal distribution)

Secondary result "org.hestiastore.benchmark.segmentindex.SegmentIndexMixedDrainBenchmark.partitionedIngestMixed:putWorkload":
  1454.221 ±(99.9%) 1444.973 ops/s [Average]
  (min, avg, max) = (1169.486, 1454.221, 2081.285), stdev = 375.255
  CI (99.9%): [9.248, 2899.194] (assumes normal distribution)


# Run complete. Total time: 00:00:29

REMEMBER: The numbers below are just data. To gain reusable insights, you need to follow up on
why the numbers are the way they are. Use profilers (see -prof, -lprof), design factorial
experiments, perform baseline and negative tests that provide experimental control, make sure
the benchmarking environment is safe on JVM/OS/HW level, ask for reviews from the domain experts.
Do not assume the numbers tell you what you want them to tell.

NOTE: Current JVM experimentally supports Compiler Blackholes, and they are in use. Please exercise
extra caution when trusting the results, look into the generated code to check the benchmark still
works, and factor in a small probability of new VM bugs. Additionally, while comparisons between
different JVMs are already problematic, the performance difference caused by different Blackhole
modes can be very significant. Please make sure you use the consistent Blackhole mode for comparisons.

Benchmark                                                           (hotKeySpace)  (workloadMode)   Mode  Cnt       Score       Error  Units
SegmentIndexMixedDrainBenchmark.partitionedIngestMixed                        256      splitHeavy  thrpt    5  266640.685 ± 73758.800  ops/s
SegmentIndexMixedDrainBenchmark.partitionedIngestMixed:getWorkload            256      splitHeavy  thrpt    5  265186.464 ± 75174.777  ops/s
SegmentIndexMixedDrainBenchmark.partitionedIngestMixed:putWorkload            256      splitHeavy  thrpt    5    1454.221 ±  1444.973  ops/s

Benchmark result is saved to /home/runner/work/_temp/benchmark-results/candidate/raw/segment-index-mixed-split-heavy.json
