# JMH version: 1.37
# VM version: JDK 21.0.10, OpenJDK 64-Bit Server VM, 21.0.10+7-LTS
# VM invoker: /usr/lib/jvm/temurin-21-jdk-amd64/bin/java
# VM options: <none>
# Blackhole mode: compiler (auto-detected, use -Djmh.blackhole.autoDetect=false to disable)
# Warmup: 1 iterations, 1 s each
# Measurement: 3 iterations, 1 s each
# Timeout: 10 min per iteration
# Threads: 20 threads (1 group; 4x "getWorkload", 16x "putWorkload" in each group), will synchronize iterations
# Benchmark mode: Throughput, ops/time
# Benchmark: org.hestiastore.benchmark.segmentindex.SegmentIndexMixedDrainBenchmark.partitionedIngestMixed
# Parameters: (hotKeySpace = 256, workloadMode = drainOnly)

# Run progress: 0.00% complete, ETA 00:00:04
# Fork: 1 of 1
# Warmup Iteration   1: SLF4J(W): No SLF4J providers were found.
SLF4J(W): Defaulting to no-operation (NOP) logger implementation
SLF4J(W): See https://www.slf4j.org/codes.html#noProviders for further details.
188308.118 ops/s
Iteration   1: 250387.136 ops/s
                 getWorkload: 144571.709 ops/s
                 putWorkload: 105815.427 ops/s

Iteration   2: 301002.146 ops/s
                 getWorkload: 146176.654 ops/s
                 putWorkload: 154825.492 ops/s

Iteration   3: 295925.646 ops/s
                 getWorkload: 97440.111 ops/s
                 putWorkload: 198485.536 ops/s



Result "org.hestiastore.benchmark.segmentindex.SegmentIndexMixedDrainBenchmark.partitionedIngestMixed":
  282438.309 ±(99.9%) 508506.257 ops/s [Average]
  (min, avg, max) = (250387.136, 282438.309, 301002.146), stdev = 27872.944
  CI (99.9%): [≈ 0, 790944.567] (assumes normal distribution)

Secondary result "org.hestiastore.benchmark.segmentindex.SegmentIndexMixedDrainBenchmark.partitionedIngestMixed:getWorkload":
  129396.158 ±(99.9%) 505102.653 ops/s [Average]
  (min, avg, max) = (97440.111, 129396.158, 146176.654), stdev = 27686.381
  CI (99.9%): [≈ 0, 634498.811] (assumes normal distribution)

Secondary result "org.hestiastore.benchmark.segmentindex.SegmentIndexMixedDrainBenchmark.partitionedIngestMixed:putWorkload":
  153042.151 ±(99.9%) 845793.326 ops/s [Average]
  (min, avg, max) = (105815.427, 153042.151, 198485.536), stdev = 46360.786
  CI (99.9%): [≈ 0, 998835.477] (assumes normal distribution)


# Run complete. Total time: 00:00:07

REMEMBER: The numbers below are just data. To gain reusable insights, you need to follow up on
why the numbers are the way they are. Use profilers (see -prof, -lprof), design factorial
experiments, perform baseline and negative tests that provide experimental control, make sure
the benchmarking environment is safe on JVM/OS/HW level, ask for reviews from the domain experts.
Do not assume the numbers tell you what you want them to tell.

NOTE: Current JVM experimentally supports Compiler Blackholes, and they are in use. Please exercise
extra caution when trusting the results, look into the generated code to check the benchmark still
works, and factor in a small probability of new VM bugs. Additionally, while comparisons between
different JVMs are already problematic, the performance difference caused by different Blackhole
modes can be very significant. Please make sure you use the consistent Blackhole mode for comparisons.

Benchmark                                                           (hotKeySpace)  (workloadMode)   Mode  Cnt       Score        Error  Units
SegmentIndexMixedDrainBenchmark.partitionedIngestMixed                        256       drainOnly  thrpt    3  282438.309 ± 508506.257  ops/s
SegmentIndexMixedDrainBenchmark.partitionedIngestMixed:getWorkload            256       drainOnly  thrpt    3  129396.158 ± 505102.653  ops/s
SegmentIndexMixedDrainBenchmark.partitionedIngestMixed:putWorkload            256       drainOnly  thrpt    3  153042.151 ± 845793.326  ops/s

Benchmark result is saved to /home/runner/work/_temp/benchmark-results/candidate/raw/segment-index-mixed-drain.json
