# JMH version: 1.37
# VM version: JDK 21.0.11, OpenJDK 64-Bit Server VM, 21.0.11+10-LTS
# VM invoker: /usr/lib/jvm/temurin-21-jdk-amd64/bin/java
# VM options: <none>
# Blackhole mode: compiler (auto-detected, use -Djmh.blackhole.autoDetect=false to disable)
# Warmup: 2 iterations, 2 s each
# Measurement: 5 iterations, 2 s each
# Timeout: 10 min per iteration
# Threads: 20 threads (1 group; 4x "getWorkload", 16x "putWorkload" in each group), will synchronize iterations
# Benchmark mode: Throughput, ops/time
# Benchmark: org.hestiastore.benchmark.segmentindex.SegmentIndexMixedDrainBenchmark.partitionedIngestMixed
# Parameters: (hotKeySpace = 256, workloadMode = splitHeavy)

# Run progress: 0.00% complete, ETA 00:00:14
# Fork: 1 of 1
# Warmup Iteration   1: SLF4J(W): No SLF4J providers were found.
SLF4J(W): Defaulting to no-operation (NOP) logger implementation
SLF4J(W): See https://www.slf4j.org/codes.html#noProviders for further details.
89015.822 ops/s
# Warmup Iteration   2: 208874.647 ops/s
Iteration   1: 247878.546 ops/s
                 getWorkload: 245833.657 ops/s
                 putWorkload: 2044.890 ops/s

Iteration   2: 249633.405 ops/s
                 getWorkload: 248108.110 ops/s
                 putWorkload: 1525.295 ops/s

Iteration   3: 268037.355 ops/s
                 getWorkload: 266804.280 ops/s
                 putWorkload: 1233.075 ops/s

Iteration   4: 263835.414 ops/s
                 getWorkload: 262440.613 ops/s
                 putWorkload: 1394.800 ops/s

Iteration   5: 279263.697 ops/s
                 getWorkload: 278115.432 ops/s
                 putWorkload: 1148.265 ops/s



Result "org.hestiastore.benchmark.segmentindex.SegmentIndexMixedDrainBenchmark.partitionedIngestMixed":
  261729.683 ±(99.9%) 50568.075 ops/s [Average]
  (min, avg, max) = (247878.546, 261729.683, 279263.697), stdev = 13132.369
  CI (99.9%): [211161.608, 312297.759] (assumes normal distribution)

Secondary result "org.hestiastore.benchmark.segmentindex.SegmentIndexMixedDrainBenchmark.partitionedIngestMixed:getWorkload":
  260260.418 ±(99.9%) 51740.209 ops/s [Average]
  (min, avg, max) = (245833.657, 260260.418, 278115.432), stdev = 13436.768
  CI (99.9%): [208520.209, 312000.627] (assumes normal distribution)

Secondary result "org.hestiastore.benchmark.segmentindex.SegmentIndexMixedDrainBenchmark.partitionedIngestMixed:putWorkload":
  1469.265 ±(99.9%) 1359.848 ops/s [Average]
  (min, avg, max) = (1148.265, 1469.265, 2044.890), stdev = 353.148
  CI (99.9%): [109.417, 2829.113] (assumes normal distribution)


# Run complete. Total time: 00:00:28

REMEMBER: The numbers below are just data. To gain reusable insights, you need to follow up on
why the numbers are the way they are. Use profilers (see -prof, -lprof), design factorial
experiments, perform baseline and negative tests that provide experimental control, make sure
the benchmarking environment is safe on JVM/OS/HW level, ask for reviews from the domain experts.
Do not assume the numbers tell you what you want them to tell.

NOTE: Current JVM experimentally supports Compiler Blackholes, and they are in use. Please exercise
extra caution when trusting the results, look into the generated code to check the benchmark still
works, and factor in a small probability of new VM bugs. Additionally, while comparisons between
different JVMs are already problematic, the performance difference caused by different Blackhole
modes can be very significant. Please make sure you use the consistent Blackhole mode for comparisons.

Benchmark                                                           (hotKeySpace)  (workloadMode)   Mode  Cnt       Score       Error  Units
SegmentIndexMixedDrainBenchmark.partitionedIngestMixed                        256      splitHeavy  thrpt    5  261729.683 ± 50568.075  ops/s
SegmentIndexMixedDrainBenchmark.partitionedIngestMixed:getWorkload            256      splitHeavy  thrpt    5  260260.418 ± 51740.209  ops/s
SegmentIndexMixedDrainBenchmark.partitionedIngestMixed:putWorkload            256      splitHeavy  thrpt    5    1469.265 ±  1359.848  ops/s

Benchmark result is saved to /home/runner/work/_temp/benchmark-results/candidate/raw/segment-index-mixed-split-heavy.json
