# JMH version: 1.37
# VM version: JDK 21.0.10, OpenJDK 64-Bit Server VM, 21.0.10+7-LTS
# VM invoker: /usr/lib/jvm/temurin-21-jdk-amd64/bin/java
# VM options: <none>
# Blackhole mode: compiler (auto-detected, use -Djmh.blackhole.autoDetect=false to disable)
# Warmup: 1 iterations, 1 s each
# Measurement: 3 iterations, 1 s each
# Timeout: 10 min per iteration
# Threads: 4 threads, will synchronize iterations
# Benchmark mode: Throughput, ops/time
# Benchmark: org.hestiastore.benchmark.segmentindex.SegmentIndexMultiSegmentGetBenchmark.getHitAsyncJoin
# Parameters: (keyCount = 32768, maxKeysInSegment = 1024, maxSegmentsInCache = 3, snappy = true, valueLength = 64, workingSetMode = hot)

# Run progress: 0.00% complete, ETA 00:00:16
# Fork: 1 of 1
# Warmup Iteration   1: SLF4J: Failed to load class "org.slf4j.impl.StaticLoggerBinder".
SLF4J: Defaulting to no-operation (NOP) logger implementation
SLF4J: See http://www.slf4j.org/codes.html#StaticLoggerBinder for further details.
SLF4J: Failed to load class "org.slf4j.impl.StaticMDCBinder".
SLF4J: Defaulting to no-operation MDCAdapter implementation.
SLF4J: See http://www.slf4j.org/codes.html#no_static_mdc_binder for further details.
98.989 ops/s
Iteration   1: 99.311 ops/s
Iteration   2: 96.404 ops/s
Iteration   3: 99.103 ops/s


Result "org.hestiastore.benchmark.segmentindex.SegmentIndexMultiSegmentGetBenchmark.getHitAsyncJoin":
  98.273 ±(99.9%) 29.585 ops/s [Average]
  (min, avg, max) = (96.404, 98.273, 99.311), stdev = 1.622
  CI (99.9%): [68.688, 127.858] (assumes normal distribution)


# JMH version: 1.37
# VM version: JDK 21.0.10, OpenJDK 64-Bit Server VM, 21.0.10+7-LTS
# VM invoker: /usr/lib/jvm/temurin-21-jdk-amd64/bin/java
# VM options: <none>
# Blackhole mode: compiler (auto-detected, use -Djmh.blackhole.autoDetect=false to disable)
# Warmup: 1 iterations, 1 s each
# Measurement: 3 iterations, 1 s each
# Timeout: 10 min per iteration
# Threads: 4 threads, will synchronize iterations
# Benchmark mode: Throughput, ops/time
# Benchmark: org.hestiastore.benchmark.segmentindex.SegmentIndexMultiSegmentGetBenchmark.getHitSync
# Parameters: (keyCount = 32768, maxKeysInSegment = 1024, maxSegmentsInCache = 3, snappy = true, valueLength = 64, workingSetMode = hot)

# Run progress: 25.00% complete, ETA 00:02:00
# Fork: 1 of 1
# Warmup Iteration   1: SLF4J: Failed to load class "org.slf4j.impl.StaticLoggerBinder".
SLF4J: Defaulting to no-operation (NOP) logger implementation
SLF4J: See http://www.slf4j.org/codes.html#StaticLoggerBinder for further details.
SLF4J: Failed to load class "org.slf4j.impl.StaticMDCBinder".
SLF4J: Defaulting to no-operation MDCAdapter implementation.
SLF4J: See http://www.slf4j.org/codes.html#no_static_mdc_binder for further details.
97.714 ops/s
Iteration   1: 107.211 ops/s
Iteration   2: 99.449 ops/s
Iteration   3: 91.153 ops/s


Result "org.hestiastore.benchmark.segmentindex.SegmentIndexMultiSegmentGetBenchmark.getHitSync":
  99.271 ±(99.9%) 146.507 ops/s [Average]
  (min, avg, max) = (91.153, 99.271, 107.211), stdev = 8.031
  CI (99.9%): [≈ 0, 245.778] (assumes normal distribution)


# JMH version: 1.37
# VM version: JDK 21.0.10, OpenJDK 64-Bit Server VM, 21.0.10+7-LTS
# VM invoker: /usr/lib/jvm/temurin-21-jdk-amd64/bin/java
# VM options: <none>
# Blackhole mode: compiler (auto-detected, use -Djmh.blackhole.autoDetect=false to disable)
# Warmup: 1 iterations, 1 s each
# Measurement: 3 iterations, 1 s each
# Timeout: 10 min per iteration
# Threads: 4 threads, will synchronize iterations
# Benchmark mode: Throughput, ops/time
# Benchmark: org.hestiastore.benchmark.segmentindex.SegmentIndexMultiSegmentGetBenchmark.getMissAsyncJoin
# Parameters: (keyCount = 32768, maxKeysInSegment = 1024, maxSegmentsInCache = 3, snappy = true, valueLength = 64, workingSetMode = hot)

# Run progress: 50.00% complete, ETA 00:01:20
# Fork: 1 of 1
# Warmup Iteration   1: SLF4J: Failed to load class "org.slf4j.impl.StaticLoggerBinder".
SLF4J: Defaulting to no-operation (NOP) logger implementation
SLF4J: See http://www.slf4j.org/codes.html#StaticLoggerBinder for further details.
SLF4J: Failed to load class "org.slf4j.impl.StaticMDCBinder".
SLF4J: Defaulting to no-operation MDCAdapter implementation.
SLF4J: See http://www.slf4j.org/codes.html#no_static_mdc_binder for further details.
155400.828 ops/s
Iteration   1: 176521.495 ops/s
Iteration   2: 179156.609 ops/s
Iteration   3: 179003.922 ops/s


Result "org.hestiastore.benchmark.segmentindex.SegmentIndexMultiSegmentGetBenchmark.getMissAsyncJoin":
  178227.342 ±(99.9%) 26987.544 ops/s [Average]
  (min, avg, max) = (176521.495, 178227.342, 179156.609), stdev = 1479.278
  CI (99.9%): [151239.798, 205214.886] (assumes normal distribution)


# JMH version: 1.37
# VM version: JDK 21.0.10, OpenJDK 64-Bit Server VM, 21.0.10+7-LTS
# VM invoker: /usr/lib/jvm/temurin-21-jdk-amd64/bin/java
# VM options: <none>
# Blackhole mode: compiler (auto-detected, use -Djmh.blackhole.autoDetect=false to disable)
# Warmup: 1 iterations, 1 s each
# Measurement: 3 iterations, 1 s each
# Timeout: 10 min per iteration
# Threads: 4 threads, will synchronize iterations
# Benchmark mode: Throughput, ops/time
# Benchmark: org.hestiastore.benchmark.segmentindex.SegmentIndexMultiSegmentGetBenchmark.getMissSync
# Parameters: (keyCount = 32768, maxKeysInSegment = 1024, maxSegmentsInCache = 3, snappy = true, valueLength = 64, workingSetMode = hot)

# Run progress: 75.00% complete, ETA 00:00:40
# Fork: 1 of 1
# Warmup Iteration   1: SLF4J: Failed to load class "org.slf4j.impl.StaticLoggerBinder".
SLF4J: Defaulting to no-operation (NOP) logger implementation
SLF4J: See http://www.slf4j.org/codes.html#StaticLoggerBinder for further details.
SLF4J: Failed to load class "org.slf4j.impl.StaticMDCBinder".
SLF4J: Defaulting to no-operation MDCAdapter implementation.
SLF4J: See http://www.slf4j.org/codes.html#no_static_mdc_binder for further details.
5361283.241 ops/s
Iteration   1: 6450121.044 ops/s
Iteration   2: 6352726.029 ops/s
Iteration   3: 5716219.577 ops/s


Result "org.hestiastore.benchmark.segmentindex.SegmentIndexMultiSegmentGetBenchmark.getMissSync":
  6173022.217 ±(99.9%) 7271741.336 ops/s [Average]
  (min, avg, max) = (5716219.577, 6173022.217, 6450121.044), stdev = 398588.680
  CI (99.9%): [≈ 0, 13444763.553] (assumes normal distribution)


# Run complete. Total time: 00:02:41

REMEMBER: The numbers below are just data. To gain reusable insights, you need to follow up on
why the numbers are the way they are. Use profilers (see -prof, -lprof), design factorial
experiments, perform baseline and negative tests that provide experimental control, make sure
the benchmarking environment is safe on JVM/OS/HW level, ask for reviews from the domain experts.
Do not assume the numbers tell you what you want them to tell.

NOTE: Current JVM experimentally supports Compiler Blackholes, and they are in use. Please exercise
extra caution when trusting the results, look into the generated code to check the benchmark still
works, and factor in a small probability of new VM bugs. Additionally, while comparisons between
different JVMs are already problematic, the performance difference caused by different Blackhole
modes can be very significant. Please make sure you use the consistent Blackhole mode for comparisons.

Benchmark                                              (keyCount)  (maxKeysInSegment)  (maxSegmentsInCache)  (snappy)  (valueLength)  (workingSetMode)   Mode  Cnt        Score         Error  Units
SegmentIndexMultiSegmentGetBenchmark.getHitAsyncJoin        32768                1024                     3      true             64               hot  thrpt    3       98.273 ±      29.585  ops/s
SegmentIndexMultiSegmentGetBenchmark.getHitSync             32768                1024                     3      true             64               hot  thrpt    3       99.271 ±     146.507  ops/s
SegmentIndexMultiSegmentGetBenchmark.getMissAsyncJoin       32768                1024                     3      true             64               hot  thrpt    3   178227.342 ±   26987.544  ops/s
SegmentIndexMultiSegmentGetBenchmark.getMissSync            32768                1024                     3      true             64               hot  thrpt    3  6173022.217 ± 7271741.336  ops/s

Benchmark result is saved to /home/runner/work/_temp/benchmark-results/candidate/raw/segment-index-get-multisegment-hot.json
