# JMH version: 1.37
# VM version: JDK 21.0.10, OpenJDK 64-Bit Server VM, 21.0.10+7-LTS
# VM invoker: /usr/lib/jvm/temurin-21-jdk-amd64/bin/java
# VM options: <none>
# Blackhole mode: compiler (auto-detected, use -Djmh.blackhole.autoDetect=false to disable)
# Warmup: 1 iterations, 1 s each
# Measurement: 3 iterations, 1 s each
# Timeout: 10 min per iteration
# Threads: 1 thread, will synchronize iterations
# Benchmark mode: Average time, time/op
# Benchmark: org.hestiastore.benchmark.segmentindex.SegmentIndexLifecycleBenchmark.openAndCheckAndRepairConsistency
# Parameters: (keyCount = 16384, snappy = true, valueLength = 64, walMode = sync)

# Run progress: 0.00% complete, ETA 00:00:12
# Fork: 1 of 1
# Warmup Iteration   1: SLF4J: Failed to load class "org.slf4j.impl.StaticLoggerBinder".
SLF4J: Defaulting to no-operation (NOP) logger implementation
SLF4J: See http://www.slf4j.org/codes.html#StaticLoggerBinder for further details.
SLF4J: Failed to load class "org.slf4j.impl.StaticMDCBinder".
SLF4J: Defaulting to no-operation MDCAdapter implementation.
SLF4J: See http://www.slf4j.org/codes.html#no_static_mdc_binder for further details.
328.684 ms/op
Iteration   1: 305.800 ms/op
Iteration   2: 303.326 ms/op
Iteration   3: 302.487 ms/op


Result "org.hestiastore.benchmark.segmentindex.SegmentIndexLifecycleBenchmark.openAndCheckAndRepairConsistency":
  303.871 ±(99.9%) 31.420 ms/op [Average]
  (min, avg, max) = (302.487, 303.871, 305.800), stdev = 1.722
  CI (99.9%): [272.451, 335.291] (assumes normal distribution)


# JMH version: 1.37
# VM version: JDK 21.0.10, OpenJDK 64-Bit Server VM, 21.0.10+7-LTS
# VM invoker: /usr/lib/jvm/temurin-21-jdk-amd64/bin/java
# VM options: <none>
# Blackhole mode: compiler (auto-detected, use -Djmh.blackhole.autoDetect=false to disable)
# Warmup: 1 iterations, 1 s each
# Measurement: 3 iterations, 1 s each
# Timeout: 10 min per iteration
# Threads: 1 thread, will synchronize iterations
# Benchmark mode: Average time, time/op
# Benchmark: org.hestiastore.benchmark.segmentindex.SegmentIndexLifecycleBenchmark.openAndCompact
# Parameters: (keyCount = 16384, snappy = true, valueLength = 64, walMode = sync)

# Run progress: 33.33% complete, ETA 00:00:24
# Fork: 1 of 1
# Warmup Iteration   1: SLF4J: Failed to load class "org.slf4j.impl.StaticLoggerBinder".
SLF4J: Defaulting to no-operation (NOP) logger implementation
SLF4J: See http://www.slf4j.org/codes.html#StaticLoggerBinder for further details.
SLF4J: Failed to load class "org.slf4j.impl.StaticMDCBinder".
SLF4J: Defaulting to no-operation MDCAdapter implementation.
SLF4J: See http://www.slf4j.org/codes.html#no_static_mdc_binder for further details.
358.995 ms/op
Iteration   1: 330.948 ms/op
Iteration   2: 325.344 ms/op
Iteration   3: 328.897 ms/op


Result "org.hestiastore.benchmark.segmentindex.SegmentIndexLifecycleBenchmark.openAndCompact":
  328.397 ±(99.9%) 51.729 ms/op [Average]
  (min, avg, max) = (325.344, 328.397, 330.948), stdev = 2.835
  CI (99.9%): [276.668, 380.125] (assumes normal distribution)


# JMH version: 1.37
# VM version: JDK 21.0.10, OpenJDK 64-Bit Server VM, 21.0.10+7-LTS
# VM invoker: /usr/lib/jvm/temurin-21-jdk-amd64/bin/java
# VM options: <none>
# Blackhole mode: compiler (auto-detected, use -Djmh.blackhole.autoDetect=false to disable)
# Warmup: 1 iterations, 1 s each
# Measurement: 3 iterations, 1 s each
# Timeout: 10 min per iteration
# Threads: 1 thread, will synchronize iterations
# Benchmark mode: Average time, time/op
# Benchmark: org.hestiastore.benchmark.segmentindex.SegmentIndexLifecycleBenchmark.openExisting
# Parameters: (keyCount = 16384, snappy = true, valueLength = 64, walMode = sync)

# Run progress: 66.67% complete, ETA 00:00:12
# Fork: 1 of 1
# Warmup Iteration   1: SLF4J: Failed to load class "org.slf4j.impl.StaticLoggerBinder".
SLF4J: Defaulting to no-operation (NOP) logger implementation
SLF4J: See http://www.slf4j.org/codes.html#StaticLoggerBinder for further details.
SLF4J: Failed to load class "org.slf4j.impl.StaticMDCBinder".
SLF4J: Defaulting to no-operation MDCAdapter implementation.
SLF4J: See http://www.slf4j.org/codes.html#no_static_mdc_binder for further details.
323.996 ms/op
Iteration   1: 302.090 ms/op
Iteration   2: 301.338 ms/op
Iteration   3: 300.839 ms/op


Result "org.hestiastore.benchmark.segmentindex.SegmentIndexLifecycleBenchmark.openExisting":
  301.423 ±(99.9%) 11.487 ms/op [Average]
  (min, avg, max) = (300.839, 301.423, 302.090), stdev = 0.630
  CI (99.9%): [289.936, 312.910] (assumes normal distribution)


# Run complete. Total time: 00:00:36

REMEMBER: The numbers below are just data. To gain reusable insights, you need to follow up on
why the numbers are the way they are. Use profilers (see -prof, -lprof), design factorial
experiments, perform baseline and negative tests that provide experimental control, make sure
the benchmarking environment is safe on JVM/OS/HW level, ask for reviews from the domain experts.
Do not assume the numbers tell you what you want them to tell.

NOTE: Current JVM experimentally supports Compiler Blackholes, and they are in use. Please exercise
extra caution when trusting the results, look into the generated code to check the benchmark still
works, and factor in a small probability of new VM bugs. Additionally, while comparisons between
different JVMs are already problematic, the performance difference caused by different Blackhole
modes can be very significant. Please make sure you use the consistent Blackhole mode for comparisons.

Benchmark                                                        (keyCount)  (snappy)  (valueLength)  (walMode)  Mode  Cnt    Score    Error  Units
SegmentIndexLifecycleBenchmark.openAndCheckAndRepairConsistency       16384      true             64       sync  avgt    3  303.871 ± 31.420  ms/op
SegmentIndexLifecycleBenchmark.openAndCompact                         16384      true             64       sync  avgt    3  328.397 ± 51.729  ms/op
SegmentIndexLifecycleBenchmark.openExisting                           16384      true             64       sync  avgt    3  301.423 ± 11.487  ms/op

Benchmark result is saved to /home/runner/work/_temp/benchmark-results/candidate/raw/segment-index-lifecycle.json
