# JMH version: 1.37
# VM version: JDK 21.0.11, OpenJDK 64-Bit Server VM, 21.0.11+10-LTS
# VM invoker: /usr/lib/jvm/temurin-21-jdk-amd64/bin/java
# VM options: <none>
# Blackhole mode: compiler (auto-detected, use -Djmh.blackhole.autoDetect=false to disable)
# Warmup: 2 iterations, 2 s each
# Measurement: 5 iterations, 2 s each
# Timeout: 10 min per iteration
# Threads: 20 threads (1 group; 4x "getWorkload", 16x "putWorkload" in each group), will synchronize iterations
# Benchmark mode: Throughput, ops/time
# Benchmark: org.hestiastore.benchmark.segmentindex.SegmentIndexMixedDrainBenchmark.partitionedIngestMixed
# Parameters: (hotKeySpace = 256, workloadMode = splitHeavy)

# Run progress: 0.00% complete, ETA 00:00:14
# Fork: 1 of 1
# Warmup Iteration   1: SLF4J(W): No SLF4J providers were found.
SLF4J(W): Defaulting to no-operation (NOP) logger implementation
SLF4J(W): See https://www.slf4j.org/codes.html#noProviders for further details.
106240.544 ops/s
# Warmup Iteration   2: 206994.197 ops/s
Iteration   1: 245507.063 ops/s
                 getWorkload: 243607.033 ops/s
                 putWorkload: 1900.030 ops/s

Iteration   2: 273729.075 ops/s
                 getWorkload: 272224.257 ops/s
                 putWorkload: 1504.818 ops/s

Iteration   3: 267333.500 ops/s
                 getWorkload: 265936.243 ops/s
                 putWorkload: 1397.258 ops/s

Iteration   4: 351900.470 ops/s
                 getWorkload: 279454.083 ops/s
                 putWorkload: 72446.387 ops/s

Iteration   5: 275641.225 ops/s
                 getWorkload: 274397.403 ops/s
                 putWorkload: 1243.823 ops/s



Result "org.hestiastore.benchmark.segmentindex.SegmentIndexMixedDrainBenchmark.partitionedIngestMixed":
  282822.267 ±(99.9%) 155681.990 ops/s [Average]
  (min, avg, max) = (245507.063, 282822.267, 351900.470), stdev = 40430.118
  CI (99.9%): [127140.277, 438504.257] (assumes normal distribution)

Secondary result "org.hestiastore.benchmark.segmentindex.SegmentIndexMixedDrainBenchmark.partitionedIngestMixed:getWorkload":
  267123.804 ±(99.9%) 53957.280 ops/s [Average]
  (min, avg, max) = (243607.033, 267123.804, 279454.083), stdev = 14012.534
  CI (99.9%): [213166.524, 321081.083] (assumes normal distribution)

Secondary result "org.hestiastore.benchmark.segmentindex.SegmentIndexMixedDrainBenchmark.partitionedIngestMixed:putWorkload":
  15698.463 ±(99.9%) 122157.760 ops/s [Average]
  (min, avg, max) = (1243.823, 15698.463, 72446.387), stdev = 31723.982
  CI (99.9%): [≈ 0, 137856.223] (assumes normal distribution)


# Run complete. Total time: 00:00:31

REMEMBER: The numbers below are just data. To gain reusable insights, you need to follow up on
why the numbers are the way they are. Use profilers (see -prof, -lprof), design factorial
experiments, perform baseline and negative tests that provide experimental control, make sure
the benchmarking environment is safe on JVM/OS/HW level, ask for reviews from the domain experts.
Do not assume the numbers tell you what you want them to tell.

NOTE: Current JVM experimentally supports Compiler Blackholes, and they are in use. Please exercise
extra caution when trusting the results, look into the generated code to check the benchmark still
works, and factor in a small probability of new VM bugs. Additionally, while comparisons between
different JVMs are already problematic, the performance difference caused by different Blackhole
modes can be very significant. Please make sure you use the consistent Blackhole mode for comparisons.

Benchmark                                                           (hotKeySpace)  (workloadMode)   Mode  Cnt       Score        Error  Units
SegmentIndexMixedDrainBenchmark.partitionedIngestMixed                        256      splitHeavy  thrpt    5  282822.267 ± 155681.990  ops/s
SegmentIndexMixedDrainBenchmark.partitionedIngestMixed:getWorkload            256      splitHeavy  thrpt    5  267123.804 ±  53957.280  ops/s
SegmentIndexMixedDrainBenchmark.partitionedIngestMixed:putWorkload            256      splitHeavy  thrpt    5   15698.463 ± 122157.760  ops/s

Benchmark result is saved to /home/runner/work/_temp/benchmark-results/candidate/raw/segment-index-mixed-split-heavy.json
