# JMH version: 1.37
# VM version: JDK 21.0.11, OpenJDK 64-Bit Server VM, 21.0.11+10-LTS
# VM invoker: /usr/lib/jvm/temurin-21-jdk-amd64/bin/java
# VM options: <none>
# Blackhole mode: compiler (auto-detected, use -Djmh.blackhole.autoDetect=false to disable)
# Warmup: 1 iterations, 1 s each
# Measurement: 3 iterations, 1 s each
# Timeout: 10 min per iteration
# Threads: 20 threads, will synchronize iterations
# Benchmark mode: Throughput, ops/time
# Benchmark: org.hestiastore.benchmark.segmentindex.SegmentIndexHotRoutePutBenchmark.putHotRoute

# Run progress: 0.00% complete, ETA 00:00:08
# Fork: 1 of 1
# Warmup Iteration   1: SLF4J(W): No SLF4J providers were found.
SLF4J(W): Defaulting to no-operation (NOP) logger implementation
SLF4J(W): See https://www.slf4j.org/codes.html#noProviders for further details.
2019376.000 ops/s
Iteration   1: 2622237.844 ops/s
Iteration   2: 2646486.678 ops/s
Iteration   3: 2507713.256 ops/s


Result "org.hestiastore.benchmark.segmentindex.SegmentIndexHotRoutePutBenchmark.putHotRoute":
  2592145.926 ±(99.9%) 1352210.433 ops/s [Average]
  (min, avg, max) = (2507713.256, 2592145.926, 2646486.678), stdev = 74119.217
  CI (99.9%): [1239935.493, 3944356.359] (assumes normal distribution)


# JMH version: 1.37
# VM version: JDK 21.0.11, OpenJDK 64-Bit Server VM, 21.0.11+10-LTS
# VM invoker: /usr/lib/jvm/temurin-21-jdk-amd64/bin/java
# VM options: <none>
# Blackhole mode: compiler (auto-detected, use -Djmh.blackhole.autoDetect=false to disable)
# Warmup: 1 iterations, 1 s each
# Measurement: 3 iterations, 1 s each
# Timeout: 10 min per iteration
# Threads: 20 threads, will synchronize iterations
# Benchmark mode: Throughput, ops/time
# Benchmark: org.hestiastore.benchmark.segmentindex.SegmentIndexHotRoutePutBenchmark.putThenGetHotRoute

# Run progress: 50.00% complete, ETA 00:00:05
# Fork: 1 of 1
# Warmup Iteration   1: SLF4J(W): No SLF4J providers were found.
SLF4J(W): Defaulting to no-operation (NOP) logger implementation
SLF4J(W): See https://www.slf4j.org/codes.html#noProviders for further details.
853436.926 ops/s
Iteration   1: 1455995.186 ops/s
Iteration   2: 1467588.891 ops/s
Iteration   3: 1432508.181 ops/s


Result "org.hestiastore.benchmark.segmentindex.SegmentIndexHotRoutePutBenchmark.putThenGetHotRoute":
  1452030.753 ±(99.9%) 326073.865 ops/s [Average]
  (min, avg, max) = (1432508.181, 1452030.753, 1467588.891), stdev = 17873.209
  CI (99.9%): [1125956.888, 1778104.617] (assumes normal distribution)


# Run complete. Total time: 00:00:10

REMEMBER: The numbers below are just data. To gain reusable insights, you need to follow up on
why the numbers are the way they are. Use profilers (see -prof, -lprof), design factorial
experiments, perform baseline and negative tests that provide experimental control, make sure
the benchmarking environment is safe on JVM/OS/HW level, ask for reviews from the domain experts.
Do not assume the numbers tell you what you want them to tell.

NOTE: Current JVM experimentally supports Compiler Blackholes, and they are in use. Please exercise
extra caution when trusting the results, look into the generated code to check the benchmark still
works, and factor in a small probability of new VM bugs. Additionally, while comparisons between
different JVMs are already problematic, the performance difference caused by different Blackhole
modes can be very significant. Please make sure you use the consistent Blackhole mode for comparisons.

Benchmark                                             Mode  Cnt        Score         Error  Units
SegmentIndexHotRoutePutBenchmark.putHotRoute         thrpt    3  2592145.926 ± 1352210.433  ops/s
SegmentIndexHotRoutePutBenchmark.putThenGetHotRoute  thrpt    3  1452030.753 ±  326073.865  ops/s

Benchmark result is saved to /home/runner/work/_temp/benchmark-results/candidate/raw/segment-index-hot-route-put.json
