# JMH version: 1.37
# VM version: JDK 21.0.10, OpenJDK 64-Bit Server VM, 21.0.10+7-LTS
# VM invoker: /usr/lib/jvm/temurin-21-jdk-amd64/bin/java
# VM options: <none>
# Blackhole mode: compiler (auto-detected, use -Djmh.blackhole.autoDetect=false to disable)
# Warmup: 2 iterations, 2 s each
# Measurement: 5 iterations, 2 s each
# Timeout: 10 min per iteration
# Threads: 20 threads (1 group; 4x "getWorkload", 16x "putWorkload" in each group), will synchronize iterations
# Benchmark mode: Throughput, ops/time
# Benchmark: org.hestiastore.benchmark.segmentindex.SegmentIndexMixedDrainBenchmark.partitionedIngestMixed
# Parameters: (hotKeySpace = 256, workloadMode = drainOnly)

# Run progress: 0.00% complete, ETA 00:00:14
# Fork: 1 of 1
# Warmup Iteration   1: SLF4J(W): No SLF4J providers were found.
SLF4J(W): Defaulting to no-operation (NOP) logger implementation
SLF4J(W): See https://www.slf4j.org/codes.html#noProviders for further details.
243090.210 ops/s
# Warmup Iteration   2: 403791.967 ops/s
Iteration   1: 495084.517 ops/s
                 getWorkload: 489654.944 ops/s
                 putWorkload: 5429.573 ops/s

Iteration   2: 524969.292 ops/s
                 getWorkload: 519440.075 ops/s
                 putWorkload: 5529.217 ops/s

Iteration   3: 507786.265 ops/s
                 getWorkload: 502526.770 ops/s
                 putWorkload: 5259.495 ops/s

Iteration   4: 514674.438 ops/s
                 getWorkload: 509295.556 ops/s
                 putWorkload: 5378.883 ops/s

Iteration   5: 542136.622 ops/s
                 getWorkload: 536806.798 ops/s
                 putWorkload: 5329.824 ops/s



Result "org.hestiastore.benchmark.segmentindex.SegmentIndexMixedDrainBenchmark.partitionedIngestMixed":
  516930.227 ±(99.9%) 68502.636 ops/s [Average]
  (min, avg, max) = (495084.517, 516930.227, 542136.622), stdev = 17789.917
  CI (99.9%): [448427.591, 585432.863] (assumes normal distribution)

Secondary result "org.hestiastore.benchmark.segmentindex.SegmentIndexMixedDrainBenchmark.partitionedIngestMixed:getWorkload":
  511544.828 ±(99.9%) 68506.128 ops/s [Average]
  (min, avg, max) = (489654.944, 511544.828, 536806.798), stdev = 17790.824
  CI (99.9%): [443038.700, 580050.957] (assumes normal distribution)

Secondary result "org.hestiastore.benchmark.segmentindex.SegmentIndexMixedDrainBenchmark.partitionedIngestMixed:putWorkload":
  5385.398 ±(99.9%) 392.775 ops/s [Average]
  (min, avg, max) = (5259.495, 5385.398, 5529.217), stdev = 102.003
  CI (99.9%): [4992.623, 5778.174] (assumes normal distribution)


# Run complete. Total time: 00:00:16

REMEMBER: The numbers below are just data. To gain reusable insights, you need to follow up on
why the numbers are the way they are. Use profilers (see -prof, -lprof), design factorial
experiments, perform baseline and negative tests that provide experimental control, make sure
the benchmarking environment is safe on JVM/OS/HW level, ask for reviews from the domain experts.
Do not assume the numbers tell you what you want them to tell.

NOTE: Current JVM experimentally supports Compiler Blackholes, and they are in use. Please exercise
extra caution when trusting the results, look into the generated code to check the benchmark still
works, and factor in a small probability of new VM bugs. Additionally, while comparisons between
different JVMs are already problematic, the performance difference caused by different Blackhole
modes can be very significant. Please make sure you use the consistent Blackhole mode for comparisons.

Benchmark                                                           (hotKeySpace)  (workloadMode)   Mode  Cnt       Score       Error  Units
SegmentIndexMixedDrainBenchmark.partitionedIngestMixed                        256       drainOnly  thrpt    5  516930.227 ± 68502.636  ops/s
SegmentIndexMixedDrainBenchmark.partitionedIngestMixed:getWorkload            256       drainOnly  thrpt    5  511544.828 ± 68506.128  ops/s
SegmentIndexMixedDrainBenchmark.partitionedIngestMixed:putWorkload            256       drainOnly  thrpt    5    5385.398 ±   392.775  ops/s

Benchmark result is saved to /home/runner/work/_temp/benchmark-results/candidate/raw/segment-index-mixed-drain.json
