# JMH version: 1.37
# VM version: JDK 21.0.10, OpenJDK 64-Bit Server VM, 21.0.10+7-LTS
# VM invoker: /usr/lib/jvm/temurin-21-jdk-amd64/bin/java
# VM options: <none>
# Blackhole mode: compiler (auto-detected, use -Djmh.blackhole.autoDetect=false to disable)
# Warmup: 2 iterations, 2 s each
# Measurement: 5 iterations, 2 s each
# Timeout: 10 min per iteration
# Threads: 1 thread, will synchronize iterations
# Benchmark mode: Throughput, ops/time
# Benchmark: org.hestiastore.benchmark.chunkentryfile.SingleChunkEntryWriterBenchmark.writeEntrySteadyState
# Parameters: (entriesPerChunk = 1024, valueLength = 64)

# Run progress: 0.00% complete, ETA 00:00:14
# Fork: 1 of 1
# Warmup Iteration   1: SLF4J(W): No SLF4J providers were found.
SLF4J(W): Defaulting to no-operation (NOP) logger implementation
SLF4J(W): See https://www.slf4j.org/codes.html#noProviders for further details.
7226190.328 ops/s
# Warmup Iteration   2: 7771398.413 ops/s
Iteration   1: 7826701.377 ops/s
Iteration   2: 7807176.938 ops/s
Iteration   3: 7831785.743 ops/s
Iteration   4: 7588113.759 ops/s
Iteration   5: 7807297.865 ops/s


Result "org.hestiastore.benchmark.chunkentryfile.SingleChunkEntryWriterBenchmark.writeEntrySteadyState":
  7772215.136 ±(99.9%) 398610.702 ops/s [Average]
  (min, avg, max) = (7588113.759, 7772215.136, 7831785.743), stdev = 103517.934
  CI (99.9%): [7373604.434, 8170825.839] (assumes normal distribution)


# Run complete. Total time: 00:00:14

REMEMBER: The numbers below are just data. To gain reusable insights, you need to follow up on
why the numbers are the way they are. Use profilers (see -prof, -lprof), design factorial
experiments, perform baseline and negative tests that provide experimental control, make sure
the benchmarking environment is safe on JVM/OS/HW level, ask for reviews from the domain experts.
Do not assume the numbers tell you what you want them to tell.

NOTE: Current JVM experimentally supports Compiler Blackholes, and they are in use. Please exercise
extra caution when trusting the results, look into the generated code to check the benchmark still
works, and factor in a small probability of new VM bugs. Additionally, while comparisons between
different JVMs are already problematic, the performance difference caused by different Blackhole
modes can be very significant. Please make sure you use the consistent Blackhole mode for comparisons.

Benchmark                                              (entriesPerChunk)  (valueLength)   Mode  Cnt        Score        Error  Units
SingleChunkEntryWriterBenchmark.writeEntrySteadyState               1024             64  thrpt    5  7772215.136 ± 398610.702  ops/s

Benchmark result is saved to /home/runner/work/_temp/benchmark-results/candidate/raw/single-chunk-entry-write-large.json
