# JMH version: 1.37
# VM version: JDK 21.0.10, OpenJDK 64-Bit Server VM, 21.0.10+7-LTS
# VM invoker: /usr/lib/jvm/temurin-21-jdk-amd64/bin/java
# VM options: <none>
# Blackhole mode: compiler (auto-detected, use -Djmh.blackhole.autoDetect=false to disable)
# Warmup: 2 iterations, 2 s each
# Measurement: 5 iterations, 2 s each
# Timeout: 10 min per iteration
# Threads: 20 threads (1 group; 4x "getWorkload", 16x "putWorkload" in each group), will synchronize iterations
# Benchmark mode: Throughput, ops/time
# Benchmark: org.hestiastore.benchmark.segmentindex.SegmentIndexMixedDrainBenchmark.partitionedIngestMixed
# Parameters: (hotKeySpace = 256, workloadMode = drainOnly)

# Run progress: 0.00% complete, ETA 00:00:14
# Fork: 1 of 1
# Warmup Iteration   1: SLF4J(W): No SLF4J providers were found.
SLF4J(W): Defaulting to no-operation (NOP) logger implementation
SLF4J(W): See https://www.slf4j.org/codes.html#noProviders for further details.
258257.470 ops/s
# Warmup Iteration   2: 472885.873 ops/s
Iteration   1: 473434.242 ops/s
                 getWorkload: 468105.972 ops/s
                 putWorkload: 5328.271 ops/s

Iteration   2: 533530.381 ops/s
                 getWorkload: 528095.917 ops/s
                 putWorkload: 5434.464 ops/s

Iteration   3: 521400.544 ops/s
                 getWorkload: 516048.231 ops/s
                 putWorkload: 5352.312 ops/s

Iteration   4: 527000.098 ops/s
                 getWorkload: 521692.987 ops/s
                 putWorkload: 5307.111 ops/s

Iteration   5: 506802.179 ops/s
                 getWorkload: 501340.226 ops/s
                 putWorkload: 5461.954 ops/s



Result "org.hestiastore.benchmark.segmentindex.SegmentIndexMixedDrainBenchmark.partitionedIngestMixed":
  512433.489 ±(99.9%) 92140.805 ops/s [Average]
  (min, avg, max) = (473434.242, 512433.489, 533530.381), stdev = 23928.675
  CI (99.9%): [420292.683, 604574.294] (assumes normal distribution)

Secondary result "org.hestiastore.benchmark.segmentindex.SegmentIndexMixedDrainBenchmark.partitionedIngestMixed:getWorkload":
  507056.666 ±(99.9%) 92085.041 ops/s [Average]
  (min, avg, max) = (468105.972, 507056.666, 528095.917), stdev = 23914.193
  CI (99.9%): [414971.625, 599141.708] (assumes normal distribution)

Secondary result "org.hestiastore.benchmark.segmentindex.SegmentIndexMixedDrainBenchmark.partitionedIngestMixed:putWorkload":
  5376.822 ±(99.9%) 261.075 ops/s [Average]
  (min, avg, max) = (5307.111, 5376.822, 5461.954), stdev = 67.800
  CI (99.9%): [5115.747, 5637.897] (assumes normal distribution)


# Run complete. Total time: 00:00:16

REMEMBER: The numbers below are just data. To gain reusable insights, you need to follow up on
why the numbers are the way they are. Use profilers (see -prof, -lprof), design factorial
experiments, perform baseline and negative tests that provide experimental control, make sure
the benchmarking environment is safe on JVM/OS/HW level, ask for reviews from the domain experts.
Do not assume the numbers tell you what you want them to tell.

NOTE: Current JVM experimentally supports Compiler Blackholes, and they are in use. Please exercise
extra caution when trusting the results, look into the generated code to check the benchmark still
works, and factor in a small probability of new VM bugs. Additionally, while comparisons between
different JVMs are already problematic, the performance difference caused by different Blackhole
modes can be very significant. Please make sure you use the consistent Blackhole mode for comparisons.

Benchmark                                                           (hotKeySpace)  (workloadMode)   Mode  Cnt       Score       Error  Units
SegmentIndexMixedDrainBenchmark.partitionedIngestMixed                        256       drainOnly  thrpt    5  512433.489 ± 92140.805  ops/s
SegmentIndexMixedDrainBenchmark.partitionedIngestMixed:getWorkload            256       drainOnly  thrpt    5  507056.666 ± 92085.041  ops/s
SegmentIndexMixedDrainBenchmark.partitionedIngestMixed:putWorkload            256       drainOnly  thrpt    5    5376.822 ±   261.075  ops/s

Benchmark result is saved to /home/runner/work/_temp/benchmark-results/candidate/raw/segment-index-mixed-drain.json
