# JMH version: 1.37
# VM version: JDK 21.0.11, OpenJDK 64-Bit Server VM, 21.0.11+10-LTS
# VM invoker: /usr/lib/jvm/temurin-21-jdk-amd64/bin/java
# VM options: <none>
# Blackhole mode: compiler (auto-detected, use -Djmh.blackhole.autoDetect=false to disable)
# Warmup: 2 iterations, 2 s each
# Measurement: 5 iterations, 2 s each
# Timeout: 10 min per iteration
# Threads: 20 threads (1 group; 4x "getWorkload", 16x "putWorkload" in each group), will synchronize iterations
# Benchmark mode: Throughput, ops/time
# Benchmark: org.hestiastore.benchmark.segmentindex.SegmentIndexMixedDrainBenchmark.partitionedIngestMixed
# Parameters: (hotKeySpace = 256, workloadMode = drainOnly)

# Run progress: 0.00% complete, ETA 00:00:14
# Fork: 1 of 1
# Warmup Iteration   1: SLF4J(W): No SLF4J providers were found.
SLF4J(W): Defaulting to no-operation (NOP) logger implementation
SLF4J(W): See https://www.slf4j.org/codes.html#noProviders for further details.
233010.015 ops/s
# Warmup Iteration   2: 477332.202 ops/s
Iteration   1: 506187.554 ops/s
                 getWorkload: 500846.947 ops/s
                 putWorkload: 5340.607 ops/s

Iteration   2: 529158.573 ops/s
                 getWorkload: 523831.492 ops/s
                 putWorkload: 5327.081 ops/s

Iteration   3: 517595.420 ops/s
                 getWorkload: 512137.817 ops/s
                 putWorkload: 5457.603 ops/s

Iteration   4: 517052.485 ops/s
                 getWorkload: 511726.611 ops/s
                 putWorkload: 5325.874 ops/s

Iteration   5: 506966.327 ops/s
                 getWorkload: 501603.377 ops/s
                 putWorkload: 5362.950 ops/s



Result "org.hestiastore.benchmark.segmentindex.SegmentIndexMixedDrainBenchmark.partitionedIngestMixed":
  515392.072 ±(99.9%) 36165.552 ops/s [Average]
  (min, avg, max) = (506187.554, 515392.072, 529158.573), stdev = 9392.079
  CI (99.9%): [479226.519, 551557.624] (assumes normal distribution)

Secondary result "org.hestiastore.benchmark.segmentindex.SegmentIndexMixedDrainBenchmark.partitionedIngestMixed:getWorkload":
  510029.249 ±(99.9%) 36180.637 ops/s [Average]
  (min, avg, max) = (500846.947, 510029.249, 523831.492), stdev = 9395.997
  CI (99.9%): [473848.612, 546209.886] (assumes normal distribution)

Secondary result "org.hestiastore.benchmark.segmentindex.SegmentIndexMixedDrainBenchmark.partitionedIngestMixed:putWorkload":
  5362.823 ±(99.9%) 211.956 ops/s [Average]
  (min, avg, max) = (5325.874, 5362.823, 5457.603), stdev = 55.044
  CI (99.9%): [5150.867, 5574.779] (assumes normal distribution)


# Run complete. Total time: 00:00:16

REMEMBER: The numbers below are just data. To gain reusable insights, you need to follow up on
why the numbers are the way they are. Use profilers (see -prof, -lprof), design factorial
experiments, perform baseline and negative tests that provide experimental control, make sure
the benchmarking environment is safe on JVM/OS/HW level, ask for reviews from the domain experts.
Do not assume the numbers tell you what you want them to tell.

NOTE: Current JVM experimentally supports Compiler Blackholes, and they are in use. Please exercise
extra caution when trusting the results, look into the generated code to check the benchmark still
works, and factor in a small probability of new VM bugs. Additionally, while comparisons between
different JVMs are already problematic, the performance difference caused by different Blackhole
modes can be very significant. Please make sure you use the consistent Blackhole mode for comparisons.

Benchmark                                                           (hotKeySpace)  (workloadMode)   Mode  Cnt       Score       Error  Units
SegmentIndexMixedDrainBenchmark.partitionedIngestMixed                        256       drainOnly  thrpt    5  515392.072 ± 36165.552  ops/s
SegmentIndexMixedDrainBenchmark.partitionedIngestMixed:getWorkload            256       drainOnly  thrpt    5  510029.249 ± 36180.637  ops/s
SegmentIndexMixedDrainBenchmark.partitionedIngestMixed:putWorkload            256       drainOnly  thrpt    5    5362.823 ±   211.956  ops/s

Benchmark result is saved to /home/runner/work/_temp/benchmark-results/candidate/raw/segment-index-mixed-drain.json
