# JMH version: 1.37
# VM version: JDK 21.0.11, OpenJDK 64-Bit Server VM, 21.0.11+10-LTS
# VM invoker: /usr/lib/jvm/temurin-21-jdk-amd64/bin/java
# VM options: <none>
# Blackhole mode: compiler (auto-detected, use -Djmh.blackhole.autoDetect=false to disable)
# Warmup: 2 iterations, 2 s each
# Measurement: 5 iterations, 2 s each
# Timeout: 10 min per iteration
# Threads: 1 thread, will synchronize iterations
# Benchmark mode: Throughput, ops/time
# Benchmark: org.hestiastore.benchmark.chunkentryfile.SingleChunkEntryWriterBenchmark.writeEntrySteadyState
# Parameters: (entriesPerChunk = 64, valueLength = 16)

# Run progress: 0.00% complete, ETA 00:00:14
# Fork: 1 of 1
# Warmup Iteration   1: SLF4J(W): No SLF4J providers were found.
SLF4J(W): Defaulting to no-operation (NOP) logger implementation
SLF4J(W): See https://www.slf4j.org/codes.html#noProviders for further details.
7900150.823 ops/s
# Warmup Iteration   2: 8458399.076 ops/s
Iteration   1: 8548469.557 ops/s
Iteration   2: 8503022.930 ops/s
Iteration   3: 8547968.266 ops/s
Iteration   4: 8537001.778 ops/s
Iteration   5: 8533601.982 ops/s


Result "org.hestiastore.benchmark.chunkentryfile.SingleChunkEntryWriterBenchmark.writeEntrySteadyState":
  8534012.902 ±(99.9%) 71346.822 ops/s [Average]
  (min, avg, max) = (8503022.930, 8534012.902, 8548469.557), stdev = 18528.543
  CI (99.9%): [8462666.081, 8605359.724] (assumes normal distribution)


# Run complete. Total time: 00:00:14

REMEMBER: The numbers below are just data. To gain reusable insights, you need to follow up on
why the numbers are the way they are. Use profilers (see -prof, -lprof), design factorial
experiments, perform baseline and negative tests that provide experimental control, make sure
the benchmarking environment is safe on JVM/OS/HW level, ask for reviews from the domain experts.
Do not assume the numbers tell you what you want them to tell.

NOTE: Current JVM experimentally supports Compiler Blackholes, and they are in use. Please exercise
extra caution when trusting the results, look into the generated code to check the benchmark still
works, and factor in a small probability of new VM bugs. Additionally, while comparisons between
different JVMs are already problematic, the performance difference caused by different Blackhole
modes can be very significant. Please make sure you use the consistent Blackhole mode for comparisons.

Benchmark                                              (entriesPerChunk)  (valueLength)   Mode  Cnt        Score       Error  Units
SingleChunkEntryWriterBenchmark.writeEntrySteadyState                 64             16  thrpt    5  8534012.902 ± 71346.822  ops/s

Benchmark result is saved to /home/runner/work/_temp/benchmark-results/candidate/raw/single-chunk-entry-write-compact.json
