# JMH version: 1.37
# VM version: JDK 21.0.10, OpenJDK 64-Bit Server VM, 21.0.10+7-LTS
# VM invoker: /usr/lib/jvm/temurin-21-jdk-amd64/bin/java
# VM options: <none>
# Blackhole mode: compiler (auto-detected, use -Djmh.blackhole.autoDetect=false to disable)
# Warmup: 2 iterations, 2 s each
# Measurement: 5 iterations, 2 s each
# Timeout: 10 min per iteration
# Threads: 20 threads (1 group; 4x "getWorkload", 16x "putWorkload" in each group), will synchronize iterations
# Benchmark mode: Throughput, ops/time
# Benchmark: org.hestiastore.benchmark.segmentindex.SegmentIndexMixedDrainBenchmark.partitionedIngestMixed
# Parameters: (hotKeySpace = 256, workloadMode = splitHeavy)

# Run progress: 0.00% complete, ETA 00:00:14
# Fork: 1 of 1
# Warmup Iteration   1: SLF4J(W): No SLF4J providers were found.
SLF4J(W): Defaulting to no-operation (NOP) logger implementation
SLF4J(W): See https://www.slf4j.org/codes.html#noProviders for further details.
84322.619 ops/s
# Warmup Iteration   2: 181149.061 ops/s
Iteration   1: 231153.669 ops/s
                 getWorkload: 229106.036 ops/s
                 putWorkload: 2047.634 ops/s

Iteration   2: 266165.361 ops/s
                 getWorkload: 264471.886 ops/s
                 putWorkload: 1693.475 ops/s

Iteration   3: 268074.219 ops/s
                 getWorkload: 266647.673 ops/s
                 putWorkload: 1426.546 ops/s

Iteration   4: 270744.791 ops/s
                 getWorkload: 269387.000 ops/s
                 putWorkload: 1357.791 ops/s

Iteration   5: 274787.235 ops/s
                 getWorkload: 273484.382 ops/s
                 putWorkload: 1302.853 ops/s



Result "org.hestiastore.benchmark.segmentindex.SegmentIndexMixedDrainBenchmark.partitionedIngestMixed":
  262185.055 ±(99.9%) 67949.301 ops/s [Average]
  (min, avg, max) = (231153.669, 262185.055, 274787.235), stdev = 17646.218
  CI (99.9%): [194235.754, 330134.357] (assumes normal distribution)

Secondary result "org.hestiastore.benchmark.segmentindex.SegmentIndexMixedDrainBenchmark.partitionedIngestMixed:getWorkload":
  260619.395 ±(99.9%) 69061.179 ops/s [Average]
  (min, avg, max) = (229106.036, 260619.395, 273484.382), stdev = 17934.969
  CI (99.9%): [191558.216, 329680.575] (assumes normal distribution)

Secondary result "org.hestiastore.benchmark.segmentindex.SegmentIndexMixedDrainBenchmark.partitionedIngestMixed:putWorkload":
  1565.660 ±(99.9%) 1187.262 ops/s [Average]
  (min, avg, max) = (1302.853, 1565.660, 2047.634), stdev = 308.328
  CI (99.9%): [378.398, 2752.922] (assumes normal distribution)


# Run complete. Total time: 00:00:27

REMEMBER: The numbers below are just data. To gain reusable insights, you need to follow up on
why the numbers are the way they are. Use profilers (see -prof, -lprof), design factorial
experiments, perform baseline and negative tests that provide experimental control, make sure
the benchmarking environment is safe on JVM/OS/HW level, ask for reviews from the domain experts.
Do not assume the numbers tell you what you want them to tell.

NOTE: Current JVM experimentally supports Compiler Blackholes, and they are in use. Please exercise
extra caution when trusting the results, look into the generated code to check the benchmark still
works, and factor in a small probability of new VM bugs. Additionally, while comparisons between
different JVMs are already problematic, the performance difference caused by different Blackhole
modes can be very significant. Please make sure you use the consistent Blackhole mode for comparisons.

Benchmark                                                           (hotKeySpace)  (workloadMode)   Mode  Cnt       Score       Error  Units
SegmentIndexMixedDrainBenchmark.partitionedIngestMixed                        256      splitHeavy  thrpt    5  262185.055 ± 67949.301  ops/s
SegmentIndexMixedDrainBenchmark.partitionedIngestMixed:getWorkload            256      splitHeavy  thrpt    5  260619.395 ± 69061.179  ops/s
SegmentIndexMixedDrainBenchmark.partitionedIngestMixed:putWorkload            256      splitHeavy  thrpt    5    1565.660 ±  1187.262  ops/s

Benchmark result is saved to /home/runner/work/_temp/benchmark-results/candidate/reruns/run-3/raw/segment-index-mixed-split-heavy.json
