# JMH version: 1.37
# VM version: JDK 21.0.11, OpenJDK 64-Bit Server VM, 21.0.11+10-LTS
# VM invoker: /usr/lib/jvm/temurin-21-jdk-amd64/bin/java
# VM options: <none>
# Blackhole mode: compiler (auto-detected, use -Djmh.blackhole.autoDetect=false to disable)
# Warmup: 2 iterations, 2 s each
# Measurement: 5 iterations, 2 s each
# Timeout: 10 min per iteration
# Threads: 20 threads (1 group; 4x "getWorkload", 16x "putWorkload" in each group), will synchronize iterations
# Benchmark mode: Throughput, ops/time
# Benchmark: org.hestiastore.benchmark.segmentindex.SegmentIndexMixedDrainBenchmark.partitionedIngestMixed
# Parameters: (hotKeySpace = 256, workloadMode = splitHeavy)

# Run progress: 0.00% complete, ETA 00:00:14
# Fork: 1 of 1
# Warmup Iteration   1: SLF4J(W): No SLF4J providers were found.
SLF4J(W): Defaulting to no-operation (NOP) logger implementation
SLF4J(W): See https://www.slf4j.org/codes.html#noProviders for further details.
230381.189 ops/s
# Warmup Iteration   2: 609097.739 ops/s
Iteration   1: 885594.124 ops/s
                 getWorkload: 868506.693 ops/s
                 putWorkload: 17087.430 ops/s

Iteration   2: 787610.666 ops/s
                 getWorkload: 770409.042 ops/s
                 putWorkload: 17201.624 ops/s

Iteration   3: 817885.678 ops/s
                 getWorkload: 800363.433 ops/s
                 putWorkload: 17522.246 ops/s

Iteration   4: 850952.765 ops/s
                 getWorkload: 833933.358 ops/s
                 putWorkload: 17019.406 ops/s

Iteration   5: 897987.979 ops/s
                 getWorkload: 880085.870 ops/s
                 putWorkload: 17902.109 ops/s



Result "org.hestiastore.benchmark.segmentindex.SegmentIndexMixedDrainBenchmark.partitionedIngestMixed":
  848006.242 ±(99.9%) 177240.281 ops/s [Average]
  (min, avg, max) = (787610.666, 848006.242, 897987.979), stdev = 46028.738
  CI (99.9%): [670765.962, 1025246.523] (assumes normal distribution)

Secondary result "org.hestiastore.benchmark.segmentindex.SegmentIndexMixedDrainBenchmark.partitionedIngestMixed:getWorkload":
  830659.679 ±(99.9%) 176816.098 ops/s [Average]
  (min, avg, max) = (770409.042, 830659.679, 880085.870), stdev = 45918.579
  CI (99.9%): [653843.581, 1007475.778] (assumes normal distribution)

Secondary result "org.hestiastore.benchmark.segmentindex.SegmentIndexMixedDrainBenchmark.partitionedIngestMixed:putWorkload":
  17346.563 ±(99.9%) 1407.837 ops/s [Average]
  (min, avg, max) = (17019.406, 17346.563, 17902.109), stdev = 365.611
  CI (99.9%): [15938.727, 18754.400] (assumes normal distribution)


# Run complete. Total time: 00:00:18

REMEMBER: The numbers below are just data. To gain reusable insights, you need to follow up on
why the numbers are the way they are. Use profilers (see -prof, -lprof), design factorial
experiments, perform baseline and negative tests that provide experimental control, make sure
the benchmarking environment is safe on JVM/OS/HW level, ask for reviews from the domain experts.
Do not assume the numbers tell you what you want them to tell.

NOTE: Current JVM experimentally supports Compiler Blackholes, and they are in use. Please exercise
extra caution when trusting the results, look into the generated code to check the benchmark still
works, and factor in a small probability of new VM bugs. Additionally, while comparisons between
different JVMs are already problematic, the performance difference caused by different Blackhole
modes can be very significant. Please make sure you use the consistent Blackhole mode for comparisons.

Benchmark                                                           (hotKeySpace)  (workloadMode)   Mode  Cnt       Score        Error  Units
SegmentIndexMixedDrainBenchmark.partitionedIngestMixed                        256      splitHeavy  thrpt    5  848006.242 ± 177240.281  ops/s
SegmentIndexMixedDrainBenchmark.partitionedIngestMixed:getWorkload            256      splitHeavy  thrpt    5  830659.679 ± 176816.098  ops/s
SegmentIndexMixedDrainBenchmark.partitionedIngestMixed:putWorkload            256      splitHeavy  thrpt    5   17346.563 ±   1407.837  ops/s

Benchmark result is saved to /home/runner/work/_temp/benchmark-results/candidate/raw/segment-index-mixed-split-heavy.json
