# JMH version: 1.37
# VM version: JDK 21.0.11, OpenJDK 64-Bit Server VM, 21.0.11+10-LTS
# VM invoker: /usr/lib/jvm/temurin-21-jdk-amd64/bin/java
# VM options: <none>
# Blackhole mode: compiler (auto-detected, use -Djmh.blackhole.autoDetect=false to disable)
# Warmup: 2 iterations, 2 s each
# Measurement: 5 iterations, 2 s each
# Timeout: 10 min per iteration
# Threads: 20 threads (1 group; 4x "getWorkload", 16x "putWorkload" in each group), will synchronize iterations
# Benchmark mode: Throughput, ops/time
# Benchmark: org.hestiastore.benchmark.segmentindex.SegmentIndexMixedDrainBenchmark.partitionedIngestMixed
# Parameters: (hotKeySpace = 256, workloadMode = splitHeavy)

# Run progress: 0.00% complete, ETA 00:00:14
# Fork: 1 of 1
# Warmup Iteration   1: SLF4J(W): No SLF4J providers were found.
SLF4J(W): Defaulting to no-operation (NOP) logger implementation
SLF4J(W): See https://www.slf4j.org/codes.html#noProviders for further details.
301917.259 ops/s
# Warmup Iteration   2: 703722.675 ops/s
Iteration   1: 866472.463 ops/s
                 getWorkload: 848261.349 ops/s
                 putWorkload: 18211.114 ops/s

Iteration   2: 942847.376 ops/s
                 getWorkload: 925745.069 ops/s
                 putWorkload: 17102.307 ops/s

Iteration   3: 1014413.570 ops/s
                 getWorkload: 997546.204 ops/s
                 putWorkload: 16867.365 ops/s

Iteration   4: 966157.065 ops/s
                 getWorkload: 947318.966 ops/s
                 putWorkload: 18838.099 ops/s

Iteration   5: 890473.891 ops/s
                 getWorkload: 872467.832 ops/s
                 putWorkload: 18006.059 ops/s



Result "org.hestiastore.benchmark.segmentindex.SegmentIndexMixedDrainBenchmark.partitionedIngestMixed":
  936072.873 ±(99.9%) 227902.350 ops/s [Average]
  (min, avg, max) = (866472.463, 936072.873, 1014413.570), stdev = 59185.517
  CI (99.9%): [708170.523, 1163975.223] (assumes normal distribution)

Secondary result "org.hestiastore.benchmark.segmentindex.SegmentIndexMixedDrainBenchmark.partitionedIngestMixed:getWorkload":
  918267.884 ±(99.9%) 229295.139 ops/s [Average]
  (min, avg, max) = (848261.349, 918267.884, 997546.204), stdev = 59547.220
  CI (99.9%): [688972.745, 1147563.024] (assumes normal distribution)

Secondary result "org.hestiastore.benchmark.segmentindex.SegmentIndexMixedDrainBenchmark.partitionedIngestMixed:putWorkload":
  17804.989 ±(99.9%) 3131.584 ops/s [Average]
  (min, avg, max) = (16867.365, 17804.989, 18838.099), stdev = 813.262
  CI (99.9%): [14673.405, 20936.573] (assumes normal distribution)


# Run complete. Total time: 00:00:18

REMEMBER: The numbers below are just data. To gain reusable insights, you need to follow up on
why the numbers are the way they are. Use profilers (see -prof, -lprof), design factorial
experiments, perform baseline and negative tests that provide experimental control, make sure
the benchmarking environment is safe on JVM/OS/HW level, ask for reviews from the domain experts.
Do not assume the numbers tell you what you want them to tell.

NOTE: Current JVM experimentally supports Compiler Blackholes, and they are in use. Please exercise
extra caution when trusting the results, look into the generated code to check the benchmark still
works, and factor in a small probability of new VM bugs. Additionally, while comparisons between
different JVMs are already problematic, the performance difference caused by different Blackhole
modes can be very significant. Please make sure you use the consistent Blackhole mode for comparisons.

Benchmark                                                           (hotKeySpace)  (workloadMode)   Mode  Cnt       Score        Error  Units
SegmentIndexMixedDrainBenchmark.partitionedIngestMixed                        256      splitHeavy  thrpt    5  936072.873 ± 227902.350  ops/s
SegmentIndexMixedDrainBenchmark.partitionedIngestMixed:getWorkload            256      splitHeavy  thrpt    5  918267.884 ± 229295.139  ops/s
SegmentIndexMixedDrainBenchmark.partitionedIngestMixed:putWorkload            256      splitHeavy  thrpt    5   17804.989 ±   3131.584  ops/s

Benchmark result is saved to /home/runner/work/_temp/benchmark-results/candidate/raw/segment-index-mixed-split-heavy.json
