# JMH version: 1.37
# VM version: JDK 21.0.11, OpenJDK 64-Bit Server VM, 21.0.11+10-LTS
# VM invoker: /usr/lib/jvm/temurin-21-jdk-amd64/bin/java
# VM options: <none>
# Blackhole mode: compiler (auto-detected, use -Djmh.blackhole.autoDetect=false to disable)
# Warmup: 2 iterations, 2 s each
# Measurement: 5 iterations, 2 s each
# Timeout: 10 min per iteration
# Threads: 20 threads (1 group; 4x "getWorkload", 16x "putWorkload" in each group), will synchronize iterations
# Benchmark mode: Throughput, ops/time
# Benchmark: org.hestiastore.benchmark.segmentindex.SegmentIndexMixedDrainBenchmark.partitionedIngestMixed
# Parameters: (hotKeySpace = 256, workloadMode = drainOnly)

# Run progress: 0.00% complete, ETA 00:00:14
# Fork: 1 of 1
# Warmup Iteration   1: SLF4J(W): No SLF4J providers were found.
SLF4J(W): Defaulting to no-operation (NOP) logger implementation
SLF4J(W): See https://www.slf4j.org/codes.html#noProviders for further details.
404337.131 ops/s
# Warmup Iteration   2: 422001.903 ops/s
Iteration   1: 459057.551 ops/s
                 getWorkload: 236699.103 ops/s
                 putWorkload: 222358.448 ops/s

Iteration   2: 436405.742 ops/s
                 getWorkload: 201230.460 ops/s
                 putWorkload: 235175.282 ops/s

Iteration   3: 442752.254 ops/s
                 getWorkload: 202256.652 ops/s
                 putWorkload: 240495.602 ops/s

Iteration   4: 429518.781 ops/s
                 getWorkload: 184157.564 ops/s
                 putWorkload: 245361.217 ops/s

Iteration   5: 438865.740 ops/s
                 getWorkload: 191208.626 ops/s
                 putWorkload: 247657.114 ops/s



Result "org.hestiastore.benchmark.segmentindex.SegmentIndexMixedDrainBenchmark.partitionedIngestMixed":
  441320.014 ±(99.9%) 42449.493 ops/s [Average]
  (min, avg, max) = (429518.781, 441320.014, 459057.551), stdev = 11023.999
  CI (99.9%): [398870.521, 483769.507] (assumes normal distribution)

Secondary result "org.hestiastore.benchmark.segmentindex.SegmentIndexMixedDrainBenchmark.partitionedIngestMixed:getWorkload":
  203110.481 ±(99.9%) 77810.793 ops/s [Average]
  (min, avg, max) = (184157.564, 203110.481, 236699.103), stdev = 20207.216
  CI (99.9%): [125299.688, 280921.274] (assumes normal distribution)

Secondary result "org.hestiastore.benchmark.segmentindex.SegmentIndexMixedDrainBenchmark.partitionedIngestMixed:putWorkload":
  238209.533 ±(99.9%) 38798.608 ops/s [Average]
  (min, avg, max) = (222358.448, 238209.533, 247657.114), stdev = 10075.875
  CI (99.9%): [199410.924, 277008.141] (assumes normal distribution)


# Run complete. Total time: 00:00:15

REMEMBER: The numbers below are just data. To gain reusable insights, you need to follow up on
why the numbers are the way they are. Use profilers (see -prof, -lprof), design factorial
experiments, perform baseline and negative tests that provide experimental control, make sure
the benchmarking environment is safe on JVM/OS/HW level, ask for reviews from the domain experts.
Do not assume the numbers tell you what you want them to tell.

NOTE: Current JVM experimentally supports Compiler Blackholes, and they are in use. Please exercise
extra caution when trusting the results, look into the generated code to check the benchmark still
works, and factor in a small probability of new VM bugs. Additionally, while comparisons between
different JVMs are already problematic, the performance difference caused by different Blackhole
modes can be very significant. Please make sure you use the consistent Blackhole mode for comparisons.

Benchmark                                                           (hotKeySpace)  (workloadMode)   Mode  Cnt       Score       Error  Units
SegmentIndexMixedDrainBenchmark.partitionedIngestMixed                        256       drainOnly  thrpt    5  441320.014 ± 42449.493  ops/s
SegmentIndexMixedDrainBenchmark.partitionedIngestMixed:getWorkload            256       drainOnly  thrpt    5  203110.481 ± 77810.793  ops/s
SegmentIndexMixedDrainBenchmark.partitionedIngestMixed:putWorkload            256       drainOnly  thrpt    5  238209.533 ± 38798.608  ops/s

Benchmark result is saved to /home/runner/work/_temp/benchmark-results/candidate/raw/segment-index-mixed-drain.json
