# JMH version: 1.37
# VM version: JDK 21.0.10, OpenJDK 64-Bit Server VM, 21.0.10+7-LTS
# VM invoker: /usr/lib/jvm/temurin-21-jdk-amd64/bin/java
# VM options: <none>
# Blackhole mode: compiler (auto-detected, use -Djmh.blackhole.autoDetect=false to disable)
# Warmup: 2 iterations, 2 s each
# Measurement: 5 iterations, 2 s each
# Timeout: 10 min per iteration
# Threads: 20 threads (1 group; 4x "getWorkload", 16x "putWorkload" in each group), will synchronize iterations
# Benchmark mode: Throughput, ops/time
# Benchmark: org.hestiastore.benchmark.segmentindex.SegmentIndexMixedDrainBenchmark.partitionedIngestMixed
# Parameters: (hotKeySpace = 256, workloadMode = splitHeavy)

# Run progress: 0.00% complete, ETA 00:00:14
# Fork: 1 of 1
# Warmup Iteration   1: SLF4J(W): No SLF4J providers were found.
SLF4J(W): Defaulting to no-operation (NOP) logger implementation
SLF4J(W): See https://www.slf4j.org/codes.html#noProviders for further details.
87711.114 ops/s
# Warmup Iteration   2: 195840.293 ops/s
Iteration   1: 246363.286 ops/s
                 getWorkload: 244472.159 ops/s
                 putWorkload: 1891.127 ops/s

Iteration   2: 251492.128 ops/s
                 getWorkload: 249981.802 ops/s
                 putWorkload: 1510.326 ops/s

Iteration   3: 271740.038 ops/s
                 getWorkload: 270229.545 ops/s
                 putWorkload: 1510.493 ops/s

Iteration   4: 270618.777 ops/s
                 getWorkload: 269266.371 ops/s
                 putWorkload: 1352.407 ops/s

Iteration   5: 282005.236 ops/s
                 getWorkload: 280931.339 ops/s
                 putWorkload: 1073.896 ops/s



Result "org.hestiastore.benchmark.segmentindex.SegmentIndexMixedDrainBenchmark.partitionedIngestMixed":
  264443.893 ±(99.9%) 57580.334 ops/s [Average]
  (min, avg, max) = (246363.286, 264443.893, 282005.236), stdev = 14953.430
  CI (99.9%): [206863.559, 322024.227] (assumes normal distribution)

Secondary result "org.hestiastore.benchmark.segmentindex.SegmentIndexMixedDrainBenchmark.partitionedIngestMixed:getWorkload":
  262976.243 ±(99.9%) 58582.273 ops/s [Average]
  (min, avg, max) = (244472.159, 262976.243, 280931.339), stdev = 15213.630
  CI (99.9%): [204393.970, 321558.517] (assumes normal distribution)

Secondary result "org.hestiastore.benchmark.segmentindex.SegmentIndexMixedDrainBenchmark.partitionedIngestMixed:putWorkload":
  1467.650 ±(99.9%) 1141.169 ops/s [Average]
  (min, avg, max) = (1073.896, 1467.650, 1891.127), stdev = 296.358
  CI (99.9%): [326.481, 2608.818] (assumes normal distribution)


# Run complete. Total time: 00:00:27

REMEMBER: The numbers below are just data. To gain reusable insights, you need to follow up on
why the numbers are the way they are. Use profilers (see -prof, -lprof), design factorial
experiments, perform baseline and negative tests that provide experimental control, make sure
the benchmarking environment is safe on JVM/OS/HW level, ask for reviews from the domain experts.
Do not assume the numbers tell you what you want them to tell.

NOTE: Current JVM experimentally supports Compiler Blackholes, and they are in use. Please exercise
extra caution when trusting the results, look into the generated code to check the benchmark still
works, and factor in a small probability of new VM bugs. Additionally, while comparisons between
different JVMs are already problematic, the performance difference caused by different Blackhole
modes can be very significant. Please make sure you use the consistent Blackhole mode for comparisons.

Benchmark                                                           (hotKeySpace)  (workloadMode)   Mode  Cnt       Score       Error  Units
SegmentIndexMixedDrainBenchmark.partitionedIngestMixed                        256      splitHeavy  thrpt    5  264443.893 ± 57580.334  ops/s
SegmentIndexMixedDrainBenchmark.partitionedIngestMixed:getWorkload            256      splitHeavy  thrpt    5  262976.243 ± 58582.273  ops/s
SegmentIndexMixedDrainBenchmark.partitionedIngestMixed:putWorkload            256      splitHeavy  thrpt    5    1467.650 ±  1141.169  ops/s

Benchmark result is saved to /home/runner/work/_temp/benchmark-results/candidate/raw/segment-index-mixed-split-heavy.json
