# JMH version: 1.37
# VM version: JDK 21.0.10, OpenJDK 64-Bit Server VM, 21.0.10+7-LTS
# VM invoker: /usr/lib/jvm/temurin-21-jdk-amd64/bin/java
# VM options: <none>
# Blackhole mode: compiler (auto-detected, use -Djmh.blackhole.autoDetect=false to disable)
# Warmup: 2 iterations, 2 s each
# Measurement: 5 iterations, 2 s each
# Timeout: 10 min per iteration
# Threads: 20 threads (1 group; 4x "getWorkload", 16x "putWorkload" in each group), will synchronize iterations
# Benchmark mode: Throughput, ops/time
# Benchmark: org.hestiastore.benchmark.segmentindex.SegmentIndexMixedDrainBenchmark.partitionedIngestMixed
# Parameters: (hotKeySpace = 256, workloadMode = drainOnly)

# Run progress: 0.00% complete, ETA 00:00:14
# Fork: 1 of 1
# Warmup Iteration   1: SLF4J(W): No SLF4J providers were found.
SLF4J(W): Defaulting to no-operation (NOP) logger implementation
SLF4J(W): See https://www.slf4j.org/codes.html#noProviders for further details.
211842.021 ops/s
# Warmup Iteration   2: 481817.502 ops/s
Iteration   1: 511674.577 ops/s
                 getWorkload: 506411.208 ops/s
                 putWorkload: 5263.369 ops/s

Iteration   2: 508787.499 ops/s
                 getWorkload: 503435.591 ops/s
                 putWorkload: 5351.907 ops/s

Iteration   3: 537708.121 ops/s
                 getWorkload: 532397.331 ops/s
                 putWorkload: 5310.791 ops/s

Iteration   4: 515865.214 ops/s
                 getWorkload: 510602.540 ops/s
                 putWorkload: 5262.674 ops/s

Iteration   5: 527174.169 ops/s
                 getWorkload: 521845.713 ops/s
                 putWorkload: 5328.456 ops/s



Result "org.hestiastore.benchmark.segmentindex.SegmentIndexMixedDrainBenchmark.partitionedIngestMixed":
  520241.916 ±(99.9%) 46243.130 ops/s [Average]
  (min, avg, max) = (508787.499, 520241.916, 537708.121), stdev = 12009.194
  CI (99.9%): [473998.786, 566485.046] (assumes normal distribution)

Secondary result "org.hestiastore.benchmark.segmentindex.SegmentIndexMixedDrainBenchmark.partitionedIngestMixed:getWorkload":
  514938.477 ±(99.9%) 46221.866 ops/s [Average]
  (min, avg, max) = (503435.591, 514938.477, 532397.331), stdev = 12003.672
  CI (99.9%): [468716.611, 561160.342] (assumes normal distribution)

Secondary result "org.hestiastore.benchmark.segmentindex.SegmentIndexMixedDrainBenchmark.partitionedIngestMixed:putWorkload":
  5303.439 ±(99.9%) 152.774 ops/s [Average]
  (min, avg, max) = (5262.674, 5303.439, 5351.907), stdev = 39.675
  CI (99.9%): [5150.665, 5456.214] (assumes normal distribution)


# Run complete. Total time: 00:00:16

REMEMBER: The numbers below are just data. To gain reusable insights, you need to follow up on
why the numbers are the way they are. Use profilers (see -prof, -lprof), design factorial
experiments, perform baseline and negative tests that provide experimental control, make sure
the benchmarking environment is safe on JVM/OS/HW level, ask for reviews from the domain experts.
Do not assume the numbers tell you what you want them to tell.

NOTE: Current JVM experimentally supports Compiler Blackholes, and they are in use. Please exercise
extra caution when trusting the results, look into the generated code to check the benchmark still
works, and factor in a small probability of new VM bugs. Additionally, while comparisons between
different JVMs are already problematic, the performance difference caused by different Blackhole
modes can be very significant. Please make sure you use the consistent Blackhole mode for comparisons.

Benchmark                                                           (hotKeySpace)  (workloadMode)   Mode  Cnt       Score       Error  Units
SegmentIndexMixedDrainBenchmark.partitionedIngestMixed                        256       drainOnly  thrpt    5  520241.916 ± 46243.130  ops/s
SegmentIndexMixedDrainBenchmark.partitionedIngestMixed:getWorkload            256       drainOnly  thrpt    5  514938.477 ± 46221.866  ops/s
SegmentIndexMixedDrainBenchmark.partitionedIngestMixed:putWorkload            256       drainOnly  thrpt    5    5303.439 ±   152.774  ops/s

Benchmark result is saved to /home/runner/work/_temp/benchmark-results/candidate/raw/segment-index-mixed-drain.json
