# JMH version: 1.37
# VM version: JDK 21.0.11, OpenJDK 64-Bit Server VM, 21.0.11+10-LTS
# VM invoker: /usr/lib/jvm/temurin-21-jdk-amd64/bin/java
# VM options: <none>
# Blackhole mode: compiler (auto-detected, use -Djmh.blackhole.autoDetect=false to disable)
# Warmup: 2 iterations, 2 s each
# Measurement: 5 iterations, 2 s each
# Timeout: 10 min per iteration
# Threads: 20 threads (1 group; 4x "getWorkload", 16x "putWorkload" in each group), will synchronize iterations
# Benchmark mode: Throughput, ops/time
# Benchmark: org.hestiastore.benchmark.segmentindex.SegmentIndexMixedDrainBenchmark.partitionedIngestMixed
# Parameters: (hotKeySpace = 256, workloadMode = splitHeavy)

# Run progress: 0.00% complete, ETA 00:00:14
# Fork: 1 of 1
# Warmup Iteration   1: SLF4J(W): No SLF4J providers were found.
SLF4J(W): Defaulting to no-operation (NOP) logger implementation
SLF4J(W): See https://www.slf4j.org/codes.html#noProviders for further details.
92691.153 ops/s
# Warmup Iteration   2: 196774.843 ops/s
Iteration   1: 237566.405 ops/s
                 getWorkload: 235582.583 ops/s
                 putWorkload: 1983.822 ops/s

Iteration   2: 256500.922 ops/s
                 getWorkload: 254933.879 ops/s
                 putWorkload: 1567.042 ops/s

Iteration   3: 252377.916 ops/s
                 getWorkload: 250787.282 ops/s
                 putWorkload: 1590.635 ops/s

Iteration   4: 266748.333 ops/s
                 getWorkload: 265619.348 ops/s
                 putWorkload: 1128.984 ops/s

Iteration   5: 270085.239 ops/s
                 getWorkload: 268819.017 ops/s
                 putWorkload: 1266.221 ops/s



Result "org.hestiastore.benchmark.segmentindex.SegmentIndexMixedDrainBenchmark.partitionedIngestMixed":
  256655.763 ±(99.9%) 49647.118 ops/s [Average]
  (min, avg, max) = (237566.405, 256655.763, 270085.239), stdev = 12893.199
  CI (99.9%): [207008.645, 306302.881] (assumes normal distribution)

Secondary result "org.hestiastore.benchmark.segmentindex.SegmentIndexMixedDrainBenchmark.partitionedIngestMixed:getWorkload":
  255148.422 ±(99.9%) 50881.459 ops/s [Average]
  (min, avg, max) = (235582.583, 255148.422, 268819.017), stdev = 13213.753
  CI (99.9%): [204266.963, 306029.881] (assumes normal distribution)

Secondary result "org.hestiastore.benchmark.segmentindex.SegmentIndexMixedDrainBenchmark.partitionedIngestMixed:putWorkload":
  1507.341 ±(99.9%) 1275.413 ops/s [Average]
  (min, avg, max) = (1128.984, 1507.341, 1983.822), stdev = 331.221
  CI (99.9%): [231.927, 2782.754] (assumes normal distribution)


# Run complete. Total time: 00:00:28

REMEMBER: The numbers below are just data. To gain reusable insights, you need to follow up on
why the numbers are the way they are. Use profilers (see -prof, -lprof), design factorial
experiments, perform baseline and negative tests that provide experimental control, make sure
the benchmarking environment is safe on JVM/OS/HW level, ask for reviews from the domain experts.
Do not assume the numbers tell you what you want them to tell.

NOTE: Current JVM experimentally supports Compiler Blackholes, and they are in use. Please exercise
extra caution when trusting the results, look into the generated code to check the benchmark still
works, and factor in a small probability of new VM bugs. Additionally, while comparisons between
different JVMs are already problematic, the performance difference caused by different Blackhole
modes can be very significant. Please make sure you use the consistent Blackhole mode for comparisons.

Benchmark                                                           (hotKeySpace)  (workloadMode)   Mode  Cnt       Score       Error  Units
SegmentIndexMixedDrainBenchmark.partitionedIngestMixed                        256      splitHeavy  thrpt    5  256655.763 ± 49647.118  ops/s
SegmentIndexMixedDrainBenchmark.partitionedIngestMixed:getWorkload            256      splitHeavy  thrpt    5  255148.422 ± 50881.459  ops/s
SegmentIndexMixedDrainBenchmark.partitionedIngestMixed:putWorkload            256      splitHeavy  thrpt    5    1507.341 ±  1275.413  ops/s

Benchmark result is saved to /home/runner/work/_temp/benchmark-results/candidate/raw/segment-index-mixed-split-heavy.json
