# JMH version: 1.37
# VM version: JDK 21.0.11, OpenJDK 64-Bit Server VM, 21.0.11+10-LTS
# VM invoker: /usr/lib/jvm/temurin-21-jdk-amd64/bin/java
# VM options: <none>
# Blackhole mode: compiler (auto-detected, use -Djmh.blackhole.autoDetect=false to disable)
# Warmup: 2 iterations, 2 s each
# Measurement: 5 iterations, 2 s each
# Timeout: 10 min per iteration
# Threads: 20 threads (1 group; 4x "getWorkload", 16x "putWorkload" in each group), will synchronize iterations
# Benchmark mode: Throughput, ops/time
# Benchmark: org.hestiastore.benchmark.segmentindex.SegmentIndexMixedDrainBenchmark.partitionedIngestMixed
# Parameters: (hotKeySpace = 256, workloadMode = drainOnly)

# Run progress: 0.00% complete, ETA 00:00:14
# Fork: 1 of 1
# Warmup Iteration   1: SLF4J(W): No SLF4J providers were found.
SLF4J(W): Defaulting to no-operation (NOP) logger implementation
SLF4J(W): See https://www.slf4j.org/codes.html#noProviders for further details.
205360.410 ops/s
# Warmup Iteration   2: 449174.617 ops/s
Iteration   1: 512588.602 ops/s
                 getWorkload: 507235.846 ops/s
                 putWorkload: 5352.756 ops/s

Iteration   2: 527278.398 ops/s
                 getWorkload: 521913.031 ops/s
                 putWorkload: 5365.368 ops/s

Iteration   3: 523926.750 ops/s
                 getWorkload: 518593.581 ops/s
                 putWorkload: 5333.169 ops/s

Iteration   4: 529987.619 ops/s
                 getWorkload: 524669.409 ops/s
                 putWorkload: 5318.210 ops/s

Iteration   5: 491981.585 ops/s
                 getWorkload: 486616.264 ops/s
                 putWorkload: 5365.321 ops/s



Result "org.hestiastore.benchmark.segmentindex.SegmentIndexMixedDrainBenchmark.partitionedIngestMixed":
  517152.591 ±(99.9%) 59888.614 ops/s [Average]
  (min, avg, max) = (491981.585, 517152.591, 529987.619), stdev = 15552.883
  CI (99.9%): [457263.976, 577041.205] (assumes normal distribution)

Secondary result "org.hestiastore.benchmark.segmentindex.SegmentIndexMixedDrainBenchmark.partitionedIngestMixed:getWorkload":
  511805.626 ±(99.9%) 59935.979 ops/s [Average]
  (min, avg, max) = (486616.264, 511805.626, 524669.409), stdev = 15565.183
  CI (99.9%): [451869.648, 571741.605] (assumes normal distribution)

Secondary result "org.hestiastore.benchmark.segmentindex.SegmentIndexMixedDrainBenchmark.partitionedIngestMixed:putWorkload":
  5346.965 ±(99.9%) 79.996 ops/s [Average]
  (min, avg, max) = (5318.210, 5346.965, 5365.368), stdev = 20.775
  CI (99.9%): [5266.969, 5426.960] (assumes normal distribution)


# Run complete. Total time: 00:00:16

REMEMBER: The numbers below are just data. To gain reusable insights, you need to follow up on
why the numbers are the way they are. Use profilers (see -prof, -lprof), design factorial
experiments, perform baseline and negative tests that provide experimental control, make sure
the benchmarking environment is safe on JVM/OS/HW level, ask for reviews from the domain experts.
Do not assume the numbers tell you what you want them to tell.

NOTE: Current JVM experimentally supports Compiler Blackholes, and they are in use. Please exercise
extra caution when trusting the results, look into the generated code to check the benchmark still
works, and factor in a small probability of new VM bugs. Additionally, while comparisons between
different JVMs are already problematic, the performance difference caused by different Blackhole
modes can be very significant. Please make sure you use the consistent Blackhole mode for comparisons.

Benchmark                                                           (hotKeySpace)  (workloadMode)   Mode  Cnt       Score       Error  Units
SegmentIndexMixedDrainBenchmark.partitionedIngestMixed                        256       drainOnly  thrpt    5  517152.591 ± 59888.614  ops/s
SegmentIndexMixedDrainBenchmark.partitionedIngestMixed:getWorkload            256       drainOnly  thrpt    5  511805.626 ± 59935.979  ops/s
SegmentIndexMixedDrainBenchmark.partitionedIngestMixed:putWorkload            256       drainOnly  thrpt    5    5346.965 ±    79.996  ops/s

Benchmark result is saved to /home/runner/work/_temp/benchmark-results/candidate/raw/segment-index-mixed-drain.json
