# JMH version: 1.37
# VM version: JDK 21.0.11, OpenJDK 64-Bit Server VM, 21.0.11+10-LTS
# VM invoker: /usr/lib/jvm/temurin-21-jdk-amd64/bin/java
# VM options: <none>
# Blackhole mode: compiler (auto-detected, use -Djmh.blackhole.autoDetect=false to disable)
# Warmup: 2 iterations, 2 s each
# Measurement: 5 iterations, 2 s each
# Timeout: 10 min per iteration
# Threads: 20 threads (1 group; 4x "getWorkload", 16x "putWorkload" in each group), will synchronize iterations
# Benchmark mode: Throughput, ops/time
# Benchmark: org.hestiastore.benchmark.segmentindex.SegmentIndexMixedDrainBenchmark.partitionedIngestMixed
# Parameters: (hotKeySpace = 256, workloadMode = drainOnly)

# Run progress: 0.00% complete, ETA 00:00:14
# Fork: 1 of 1
# Warmup Iteration   1: SLF4J(W): No SLF4J providers were found.
SLF4J(W): Defaulting to no-operation (NOP) logger implementation
SLF4J(W): See https://www.slf4j.org/codes.html#noProviders for further details.
253180.317 ops/s
# Warmup Iteration   2: 478763.034 ops/s
Iteration   1: 500889.026 ops/s
                 getWorkload: 495638.545 ops/s
                 putWorkload: 5250.482 ops/s

Iteration   2: 494197.315 ops/s
                 getWorkload: 488924.765 ops/s
                 putWorkload: 5272.550 ops/s

Iteration   3: 509951.318 ops/s
                 getWorkload: 504668.288 ops/s
                 putWorkload: 5283.029 ops/s

Iteration   4: 514060.514 ops/s
                 getWorkload: 508672.668 ops/s
                 putWorkload: 5387.847 ops/s

Iteration   5: 543361.169 ops/s
                 getWorkload: 537983.346 ops/s
                 putWorkload: 5377.823 ops/s



Result "org.hestiastore.benchmark.segmentindex.SegmentIndexMixedDrainBenchmark.partitionedIngestMixed":
  512491.868 ±(99.9%) 72835.859 ops/s [Average]
  (min, avg, max) = (494197.315, 512491.868, 543361.169), stdev = 18915.241
  CI (99.9%): [439656.010, 585327.727] (assumes normal distribution)

Secondary result "org.hestiastore.benchmark.segmentindex.SegmentIndexMixedDrainBenchmark.partitionedIngestMixed:getWorkload":
  507177.522 ±(99.9%) 72649.764 ops/s [Average]
  (min, avg, max) = (488924.765, 507177.522, 537983.346), stdev = 18866.913
  CI (99.9%): [434527.758, 579827.286] (assumes normal distribution)

Secondary result "org.hestiastore.benchmark.segmentindex.SegmentIndexMixedDrainBenchmark.partitionedIngestMixed:putWorkload":
  5314.346 ±(99.9%) 245.341 ops/s [Average]
  (min, avg, max) = (5250.482, 5314.346, 5387.847), stdev = 63.714
  CI (99.9%): [5069.006, 5559.687] (assumes normal distribution)


# Run complete. Total time: 00:00:16

REMEMBER: The numbers below are just data. To gain reusable insights, you need to follow up on
why the numbers are the way they are. Use profilers (see -prof, -lprof), design factorial
experiments, perform baseline and negative tests that provide experimental control, make sure
the benchmarking environment is safe on JVM/OS/HW level, ask for reviews from the domain experts.
Do not assume the numbers tell you what you want them to tell.

NOTE: Current JVM experimentally supports Compiler Blackholes, and they are in use. Please exercise
extra caution when trusting the results, look into the generated code to check the benchmark still
works, and factor in a small probability of new VM bugs. Additionally, while comparisons between
different JVMs are already problematic, the performance difference caused by different Blackhole
modes can be very significant. Please make sure you use the consistent Blackhole mode for comparisons.

Benchmark                                                           (hotKeySpace)  (workloadMode)   Mode  Cnt       Score       Error  Units
SegmentIndexMixedDrainBenchmark.partitionedIngestMixed                        256       drainOnly  thrpt    5  512491.868 ± 72835.859  ops/s
SegmentIndexMixedDrainBenchmark.partitionedIngestMixed:getWorkload            256       drainOnly  thrpt    5  507177.522 ± 72649.764  ops/s
SegmentIndexMixedDrainBenchmark.partitionedIngestMixed:putWorkload            256       drainOnly  thrpt    5    5314.346 ±   245.341  ops/s

Benchmark result is saved to /home/runner/work/_temp/benchmark-results/candidate/raw/segment-index-mixed-drain.json
