# JMH version: 1.37
# VM version: JDK 21.0.10, OpenJDK 64-Bit Server VM, 21.0.10+7-LTS
# VM invoker: /usr/lib/jvm/temurin-21-jdk-amd64/bin/java
# VM options: <none>
# Blackhole mode: compiler (auto-detected, use -Djmh.blackhole.autoDetect=false to disable)
# Warmup: 2 iterations, 2 s each
# Measurement: 5 iterations, 2 s each
# Timeout: 10 min per iteration
# Threads: 4 threads, will synchronize iterations
# Benchmark mode: Throughput, ops/time
# Benchmark: org.hestiastore.benchmark.segmentindex.SegmentIndexMultiSegmentGetBenchmark.getHitAsyncJoin
# Parameters: (keyCount = 32768, maxKeysInSegment = 1024, maxSegmentsInCache = 3, snappy = true, valueLength = 64, workingSetMode = hot)

# Run progress: 0.00% complete, ETA 00:00:56
# Fork: 1 of 1
# Warmup Iteration   1: SLF4J(W): No SLF4J providers were found.
SLF4J(W): Defaulting to no-operation (NOP) logger implementation
SLF4J(W): See https://www.slf4j.org/codes.html#noProviders for further details.
95.731 ops/s
# Warmup Iteration   2: 114.022 ops/s
Iteration   1: 76.239 ops/s
Iteration   2: 77.566 ops/s
Iteration   3: 77.695 ops/s
Iteration   4: 76.878 ops/s
Iteration   5: 89.782 ops/s


Result "org.hestiastore.benchmark.segmentindex.SegmentIndexMultiSegmentGetBenchmark.getHitAsyncJoin":
  79.632 ±(99.9%) 21.965 ops/s [Average]
  (min, avg, max) = (76.239, 79.632, 89.782), stdev = 5.704
  CI (99.9%): [57.667, 101.597] (assumes normal distribution)


# JMH version: 1.37
# VM version: JDK 21.0.10, OpenJDK 64-Bit Server VM, 21.0.10+7-LTS
# VM invoker: /usr/lib/jvm/temurin-21-jdk-amd64/bin/java
# VM options: <none>
# Blackhole mode: compiler (auto-detected, use -Djmh.blackhole.autoDetect=false to disable)
# Warmup: 2 iterations, 2 s each
# Measurement: 5 iterations, 2 s each
# Timeout: 10 min per iteration
# Threads: 4 threads, will synchronize iterations
# Benchmark mode: Throughput, ops/time
# Benchmark: org.hestiastore.benchmark.segmentindex.SegmentIndexMultiSegmentGetBenchmark.getHitSync
# Parameters: (keyCount = 32768, maxKeysInSegment = 1024, maxSegmentsInCache = 3, snappy = true, valueLength = 64, workingSetMode = hot)

# Run progress: 25.00% complete, ETA 00:02:44
# Fork: 1 of 1
# Warmup Iteration   1: SLF4J(W): No SLF4J providers were found.
SLF4J(W): Defaulting to no-operation (NOP) logger implementation
SLF4J(W): See https://www.slf4j.org/codes.html#noProviders for further details.
78.656 ops/s
# Warmup Iteration   2: 113.240 ops/s
Iteration   1: 77.193 ops/s
Iteration   2: 72.388 ops/s
Iteration   3: 72.416 ops/s
Iteration   4: 89.760 ops/s
Iteration   5: 78.685 ops/s


Result "org.hestiastore.benchmark.segmentindex.SegmentIndexMultiSegmentGetBenchmark.getHitSync":
  78.088 ±(99.9%) 27.368 ops/s [Average]
  (min, avg, max) = (72.388, 78.088, 89.760), stdev = 7.107
  CI (99.9%): [50.720, 105.456] (assumes normal distribution)


# JMH version: 1.37
# VM version: JDK 21.0.10, OpenJDK 64-Bit Server VM, 21.0.10+7-LTS
# VM invoker: /usr/lib/jvm/temurin-21-jdk-amd64/bin/java
# VM options: <none>
# Blackhole mode: compiler (auto-detected, use -Djmh.blackhole.autoDetect=false to disable)
# Warmup: 2 iterations, 2 s each
# Measurement: 5 iterations, 2 s each
# Timeout: 10 min per iteration
# Threads: 4 threads, will synchronize iterations
# Benchmark mode: Throughput, ops/time
# Benchmark: org.hestiastore.benchmark.segmentindex.SegmentIndexMultiSegmentGetBenchmark.getMissAsyncJoin
# Parameters: (keyCount = 32768, maxKeysInSegment = 1024, maxSegmentsInCache = 3, snappy = true, valueLength = 64, workingSetMode = hot)

# Run progress: 50.00% complete, ETA 00:01:49
# Fork: 1 of 1
# Warmup Iteration   1: SLF4J(W): No SLF4J providers were found.
SLF4J(W): Defaulting to no-operation (NOP) logger implementation
SLF4J(W): See https://www.slf4j.org/codes.html#noProviders for further details.
236076.978 ops/s
# Warmup Iteration   2: 242053.314 ops/s
Iteration   1: 241851.194 ops/s
Iteration   2: 243611.084 ops/s
Iteration   3: 242110.374 ops/s
Iteration   4: 240330.573 ops/s
Iteration   5: 242956.854 ops/s


Result "org.hestiastore.benchmark.segmentindex.SegmentIndexMultiSegmentGetBenchmark.getMissAsyncJoin":
  242172.016 ±(99.9%) 4788.028 ops/s [Average]
  (min, avg, max) = (240330.573, 242172.016, 243611.084), stdev = 1243.436
  CI (99.9%): [237383.988, 246960.043] (assumes normal distribution)


# JMH version: 1.37
# VM version: JDK 21.0.10, OpenJDK 64-Bit Server VM, 21.0.10+7-LTS
# VM invoker: /usr/lib/jvm/temurin-21-jdk-amd64/bin/java
# VM options: <none>
# Blackhole mode: compiler (auto-detected, use -Djmh.blackhole.autoDetect=false to disable)
# Warmup: 2 iterations, 2 s each
# Measurement: 5 iterations, 2 s each
# Timeout: 10 min per iteration
# Threads: 4 threads, will synchronize iterations
# Benchmark mode: Throughput, ops/time
# Benchmark: org.hestiastore.benchmark.segmentindex.SegmentIndexMultiSegmentGetBenchmark.getMissSync
# Parameters: (keyCount = 32768, maxKeysInSegment = 1024, maxSegmentsInCache = 3, snappy = true, valueLength = 64, workingSetMode = hot)

# Run progress: 75.00% complete, ETA 00:00:54
# Fork: 1 of 1
# Warmup Iteration   1: SLF4J(W): No SLF4J providers were found.
SLF4J(W): Defaulting to no-operation (NOP) logger implementation
SLF4J(W): See https://www.slf4j.org/codes.html#noProviders for further details.
2113712.857 ops/s
# Warmup Iteration   2: 2432068.621 ops/s
Iteration   1: 2402505.580 ops/s
Iteration   2: 2554691.952 ops/s
Iteration   3: 2604612.439 ops/s
Iteration   4: 2620971.463 ops/s
Iteration   5: 2616302.005 ops/s


Result "org.hestiastore.benchmark.segmentindex.SegmentIndexMultiSegmentGetBenchmark.getMissSync":
  2559816.688 ±(99.9%) 353495.638 ops/s [Average]
  (min, avg, max) = (2402505.580, 2559816.688, 2620971.463), stdev = 91801.695
  CI (99.9%): [2206321.050, 2913312.326] (assumes normal distribution)


# Run complete. Total time: 00:03:38

REMEMBER: The numbers below are just data. To gain reusable insights, you need to follow up on
why the numbers are the way they are. Use profilers (see -prof, -lprof), design factorial
experiments, perform baseline and negative tests that provide experimental control, make sure
the benchmarking environment is safe on JVM/OS/HW level, ask for reviews from the domain experts.
Do not assume the numbers tell you what you want them to tell.

NOTE: Current JVM experimentally supports Compiler Blackholes, and they are in use. Please exercise
extra caution when trusting the results, look into the generated code to check the benchmark still
works, and factor in a small probability of new VM bugs. Additionally, while comparisons between
different JVMs are already problematic, the performance difference caused by different Blackhole
modes can be very significant. Please make sure you use the consistent Blackhole mode for comparisons.

Benchmark                                              (keyCount)  (maxKeysInSegment)  (maxSegmentsInCache)  (snappy)  (valueLength)  (workingSetMode)   Mode  Cnt        Score        Error  Units
SegmentIndexMultiSegmentGetBenchmark.getHitAsyncJoin        32768                1024                     3      true             64               hot  thrpt    5       79.632 ±     21.965  ops/s
SegmentIndexMultiSegmentGetBenchmark.getHitSync             32768                1024                     3      true             64               hot  thrpt    5       78.088 ±     27.368  ops/s
SegmentIndexMultiSegmentGetBenchmark.getMissAsyncJoin       32768                1024                     3      true             64               hot  thrpt    5   242172.016 ±   4788.028  ops/s
SegmentIndexMultiSegmentGetBenchmark.getMissSync            32768                1024                     3      true             64               hot  thrpt    5  2559816.688 ± 353495.638  ops/s

Benchmark result is saved to /home/runner/work/_temp/benchmark-results/candidate/reruns/run-3/raw/segment-index-get-multisegment-hot.json
