# JMH version: 1.37
# VM version: JDK 21.0.11, OpenJDK 64-Bit Server VM, 21.0.11+10-LTS
# VM invoker: /usr/lib/jvm/temurin-21-jdk-amd64/bin/java
# VM options: <none>
# Blackhole mode: compiler (auto-detected, use -Djmh.blackhole.autoDetect=false to disable)
# Warmup: 1 iterations, 1 s each
# Measurement: 3 iterations, 1 s each
# Timeout: 10 min per iteration
# Threads: 20 threads (1 group; 4x "getWorkload", 16x "putWorkload" in each group), will synchronize iterations
# Benchmark mode: Throughput, ops/time
# Benchmark: org.hestiastore.benchmark.segmentindex.SegmentIndexMixedDrainBenchmark.partitionedIngestMixed
# Parameters: (hotKeySpace = 256, workloadMode = drainOnly)

# Run progress: 0.00% complete, ETA 00:00:04
# Fork: 1 of 1
# Warmup Iteration   1: SLF4J(W): No SLF4J providers were found.
SLF4J(W): Defaulting to no-operation (NOP) logger implementation
SLF4J(W): See https://www.slf4j.org/codes.html#noProviders for further details.
420977.129 ops/s
Iteration   1: 611041.782 ops/s
                 getWorkload: 474598.776 ops/s
                 putWorkload: 136443.006 ops/s

Iteration   2: 575548.059 ops/s
                 getWorkload: 400959.368 ops/s
                 putWorkload: 174588.691 ops/s

Iteration   3: 468633.713 ops/s
                 getWorkload: 247822.432 ops/s
                 putWorkload: 220811.281 ops/s



Result "org.hestiastore.benchmark.segmentindex.SegmentIndexMixedDrainBenchmark.partitionedIngestMixed":
  551741.185 ±(99.9%) 1352386.626 ops/s [Average]
  (min, avg, max) = (468633.713, 551741.185, 611041.782), stdev = 74128.874
  CI (99.9%): [≈ 0, 1904127.811] (assumes normal distribution)

Secondary result "org.hestiastore.benchmark.segmentindex.SegmentIndexMixedDrainBenchmark.partitionedIngestMixed:getWorkload":
  374460.192 ±(99.9%) 2110565.518 ops/s [Average]
  (min, avg, max) = (247822.432, 374460.192, 474598.776), stdev = 115687.218
  CI (99.9%): [≈ 0, 2485025.710] (assumes normal distribution)

Secondary result "org.hestiastore.benchmark.segmentindex.SegmentIndexMixedDrainBenchmark.partitionedIngestMixed:putWorkload":
  177280.993 ±(99.9%) 770770.365 ops/s [Average]
  (min, avg, max) = (136443.006, 177280.993, 220811.281), stdev = 42248.525
  CI (99.9%): [≈ 0, 948051.358] (assumes normal distribution)


# Run complete. Total time: 00:00:05

REMEMBER: The numbers below are just data. To gain reusable insights, you need to follow up on
why the numbers are the way they are. Use profilers (see -prof, -lprof), design factorial
experiments, perform baseline and negative tests that provide experimental control, make sure
the benchmarking environment is safe on JVM/OS/HW level, ask for reviews from the domain experts.
Do not assume the numbers tell you what you want them to tell.

NOTE: Current JVM experimentally supports Compiler Blackholes, and they are in use. Please exercise
extra caution when trusting the results, look into the generated code to check the benchmark still
works, and factor in a small probability of new VM bugs. Additionally, while comparisons between
different JVMs are already problematic, the performance difference caused by different Blackhole
modes can be very significant. Please make sure you use the consistent Blackhole mode for comparisons.

Benchmark                                                           (hotKeySpace)  (workloadMode)   Mode  Cnt       Score         Error  Units
SegmentIndexMixedDrainBenchmark.partitionedIngestMixed                        256       drainOnly  thrpt    3  551741.185 ± 1352386.626  ops/s
SegmentIndexMixedDrainBenchmark.partitionedIngestMixed:getWorkload            256       drainOnly  thrpt    3  374460.192 ± 2110565.518  ops/s
SegmentIndexMixedDrainBenchmark.partitionedIngestMixed:putWorkload            256       drainOnly  thrpt    3  177280.993 ±  770770.365  ops/s

Benchmark result is saved to /home/runner/work/_temp/benchmark-results/candidate/raw/segment-index-mixed-drain.json
