# JMH version: 1.37
# VM version: JDK 21.0.11, OpenJDK 64-Bit Server VM, 21.0.11+10-LTS
# VM invoker: /usr/lib/jvm/temurin-21-jdk-amd64/bin/java
# VM options: <none>
# Blackhole mode: compiler (auto-detected, use -Djmh.blackhole.autoDetect=false to disable)
# Warmup: 2 iterations, 2 s each
# Measurement: 5 iterations, 2 s each
# Timeout: 10 min per iteration
# Threads: 20 threads (1 group; 4x "getWorkload", 16x "putWorkload" in each group), will synchronize iterations
# Benchmark mode: Throughput, ops/time
# Benchmark: org.hestiastore.benchmark.segmentindex.SegmentIndexMixedDrainBenchmark.partitionedIngestMixed
# Parameters: (hotKeySpace = 256, workloadMode = splitHeavy)

# Run progress: 0.00% complete, ETA 00:00:14
# Fork: 1 of 1
# Warmup Iteration   1: SLF4J(W): No SLF4J providers were found.
SLF4J(W): Defaulting to no-operation (NOP) logger implementation
SLF4J(W): See https://www.slf4j.org/codes.html#noProviders for further details.
99125.212 ops/s
# Warmup Iteration   2: 196813.188 ops/s
Iteration   1: 224626.761 ops/s
                 getWorkload: 222747.917 ops/s
                 putWorkload: 1878.844 ops/s

Iteration   2: 246174.169 ops/s
                 getWorkload: 244814.816 ops/s
                 putWorkload: 1359.353 ops/s

Iteration   3: 268693.391 ops/s
                 getWorkload: 267460.067 ops/s
                 putWorkload: 1233.324 ops/s

Iteration   4: 277674.890 ops/s
                 getWorkload: 276580.589 ops/s
                 putWorkload: 1094.302 ops/s

Iteration   5: 273308.432 ops/s
                 getWorkload: 272246.721 ops/s
                 putWorkload: 1061.711 ops/s



Result "org.hestiastore.benchmark.segmentindex.SegmentIndexMixedDrainBenchmark.partitionedIngestMixed":
  258095.529 ±(99.9%) 85874.016 ops/s [Average]
  (min, avg, max) = (224626.761, 258095.529, 277674.890), stdev = 22301.209
  CI (99.9%): [172221.513, 343969.544] (assumes normal distribution)

Secondary result "org.hestiastore.benchmark.segmentindex.SegmentIndexMixedDrainBenchmark.partitionedIngestMixed:getWorkload":
  256770.022 ±(99.9%) 87102.349 ops/s [Average]
  (min, avg, max) = (222747.917, 256770.022, 276580.589), stdev = 22620.203
  CI (99.9%): [169667.674, 343872.371] (assumes normal distribution)

Secondary result "org.hestiastore.benchmark.segmentindex.SegmentIndexMixedDrainBenchmark.partitionedIngestMixed:putWorkload":
  1325.507 ±(99.9%) 1275.473 ops/s [Average]
  (min, avg, max) = (1061.711, 1325.507, 1878.844), stdev = 331.236
  CI (99.9%): [50.034, 2600.979] (assumes normal distribution)


# Run complete. Total time: 00:00:31

REMEMBER: The numbers below are just data. To gain reusable insights, you need to follow up on
why the numbers are the way they are. Use profilers (see -prof, -lprof), design factorial
experiments, perform baseline and negative tests that provide experimental control, make sure
the benchmarking environment is safe on JVM/OS/HW level, ask for reviews from the domain experts.
Do not assume the numbers tell you what you want them to tell.

NOTE: Current JVM experimentally supports Compiler Blackholes, and they are in use. Please exercise
extra caution when trusting the results, look into the generated code to check the benchmark still
works, and factor in a small probability of new VM bugs. Additionally, while comparisons between
different JVMs are already problematic, the performance difference caused by different Blackhole
modes can be very significant. Please make sure you use the consistent Blackhole mode for comparisons.

Benchmark                                                           (hotKeySpace)  (workloadMode)   Mode  Cnt       Score       Error  Units
SegmentIndexMixedDrainBenchmark.partitionedIngestMixed                        256      splitHeavy  thrpt    5  258095.529 ± 85874.016  ops/s
SegmentIndexMixedDrainBenchmark.partitionedIngestMixed:getWorkload            256      splitHeavy  thrpt    5  256770.022 ± 87102.349  ops/s
SegmentIndexMixedDrainBenchmark.partitionedIngestMixed:putWorkload            256      splitHeavy  thrpt    5    1325.507 ±  1275.473  ops/s

Benchmark result is saved to /home/runner/work/_temp/benchmark-results/candidate/reruns/run-3/raw/segment-index-mixed-split-heavy.json
