# JMH version: 1.37
# VM version: JDK 21.0.10, OpenJDK 64-Bit Server VM, 21.0.10+7-LTS
# VM invoker: /usr/lib/jvm/temurin-21-jdk-amd64/bin/java
# VM options: <none>
# Blackhole mode: compiler (auto-detected, use -Djmh.blackhole.autoDetect=false to disable)
# Warmup: 1 iterations, 1 s each
# Measurement: 3 iterations, 1 s each
# Timeout: 10 min per iteration
# Threads: 4 threads, will synchronize iterations
# Benchmark mode: Throughput, ops/time
# Benchmark: org.hestiastore.benchmark.segmentindex.SegmentIndexMultiSegmentGetBenchmark.getHitAsyncJoin
# Parameters: (keyCount = 32768, maxKeysInSegment = 1024, maxSegmentsInCache = 3, snappy = true, valueLength = 64, workingSetMode = hot)

# Run progress: 0.00% complete, ETA 00:00:16
# Fork: 1 of 1
# Warmup Iteration   1: SLF4J(W): No SLF4J providers were found.
SLF4J(W): Defaulting to no-operation (NOP) logger implementation
SLF4J(W): See https://www.slf4j.org/codes.html#noProviders for further details.
84.304 ops/s
Iteration   1: 87.561 ops/s
Iteration   2: 100.937 ops/s
Iteration   3: 90.176 ops/s


Result "org.hestiastore.benchmark.segmentindex.SegmentIndexMultiSegmentGetBenchmark.getHitAsyncJoin":
  92.892 ±(99.9%) 129.337 ops/s [Average]
  (min, avg, max) = (87.561, 92.892, 100.937), stdev = 7.089
  CI (99.9%): [≈ 0, 222.229] (assumes normal distribution)


# JMH version: 1.37
# VM version: JDK 21.0.10, OpenJDK 64-Bit Server VM, 21.0.10+7-LTS
# VM invoker: /usr/lib/jvm/temurin-21-jdk-amd64/bin/java
# VM options: <none>
# Blackhole mode: compiler (auto-detected, use -Djmh.blackhole.autoDetect=false to disable)
# Warmup: 1 iterations, 1 s each
# Measurement: 3 iterations, 1 s each
# Timeout: 10 min per iteration
# Threads: 4 threads, will synchronize iterations
# Benchmark mode: Throughput, ops/time
# Benchmark: org.hestiastore.benchmark.segmentindex.SegmentIndexMultiSegmentGetBenchmark.getHitSync
# Parameters: (keyCount = 32768, maxKeysInSegment = 1024, maxSegmentsInCache = 3, snappy = true, valueLength = 64, workingSetMode = hot)

# Run progress: 25.00% complete, ETA 00:02:14
# Fork: 1 of 1
# Warmup Iteration   1: SLF4J(W): No SLF4J providers were found.
SLF4J(W): Defaulting to no-operation (NOP) logger implementation
SLF4J(W): See https://www.slf4j.org/codes.html#noProviders for further details.
77.695 ops/s
Iteration   1: 92.185 ops/s
Iteration   2: 96.551 ops/s
Iteration   3: 87.795 ops/s


Result "org.hestiastore.benchmark.segmentindex.SegmentIndexMultiSegmentGetBenchmark.getHitSync":
  92.177 ±(99.9%) 79.873 ops/s [Average]
  (min, avg, max) = (87.795, 92.177, 96.551), stdev = 4.378
  CI (99.9%): [12.304, 172.050] (assumes normal distribution)


# JMH version: 1.37
# VM version: JDK 21.0.10, OpenJDK 64-Bit Server VM, 21.0.10+7-LTS
# VM invoker: /usr/lib/jvm/temurin-21-jdk-amd64/bin/java
# VM options: <none>
# Blackhole mode: compiler (auto-detected, use -Djmh.blackhole.autoDetect=false to disable)
# Warmup: 1 iterations, 1 s each
# Measurement: 3 iterations, 1 s each
# Timeout: 10 min per iteration
# Threads: 4 threads, will synchronize iterations
# Benchmark mode: Throughput, ops/time
# Benchmark: org.hestiastore.benchmark.segmentindex.SegmentIndexMultiSegmentGetBenchmark.getMissAsyncJoin
# Parameters: (keyCount = 32768, maxKeysInSegment = 1024, maxSegmentsInCache = 3, snappy = true, valueLength = 64, workingSetMode = hot)

# Run progress: 50.00% complete, ETA 00:01:28
# Fork: 1 of 1
# Warmup Iteration   1: SLF4J(W): No SLF4J providers were found.
SLF4J(W): Defaulting to no-operation (NOP) logger implementation
SLF4J(W): See https://www.slf4j.org/codes.html#noProviders for further details.
143135.252 ops/s
Iteration   1: 165041.699 ops/s
Iteration   2: 164879.271 ops/s
Iteration   3: 165373.290 ops/s


Result "org.hestiastore.benchmark.segmentindex.SegmentIndexMultiSegmentGetBenchmark.getMissAsyncJoin":
  165098.087 ±(99.9%) 4593.593 ops/s [Average]
  (min, avg, max) = (164879.271, 165098.087, 165373.290), stdev = 251.790
  CI (99.9%): [160504.494, 169691.679] (assumes normal distribution)


# JMH version: 1.37
# VM version: JDK 21.0.10, OpenJDK 64-Bit Server VM, 21.0.10+7-LTS
# VM invoker: /usr/lib/jvm/temurin-21-jdk-amd64/bin/java
# VM options: <none>
# Blackhole mode: compiler (auto-detected, use -Djmh.blackhole.autoDetect=false to disable)
# Warmup: 1 iterations, 1 s each
# Measurement: 3 iterations, 1 s each
# Timeout: 10 min per iteration
# Threads: 4 threads, will synchronize iterations
# Benchmark mode: Throughput, ops/time
# Benchmark: org.hestiastore.benchmark.segmentindex.SegmentIndexMultiSegmentGetBenchmark.getMissSync
# Parameters: (keyCount = 32768, maxKeysInSegment = 1024, maxSegmentsInCache = 3, snappy = true, valueLength = 64, workingSetMode = hot)

# Run progress: 75.00% complete, ETA 00:00:43
# Fork: 1 of 1
# Warmup Iteration   1: SLF4J(W): No SLF4J providers were found.
SLF4J(W): Defaulting to no-operation (NOP) logger implementation
SLF4J(W): See https://www.slf4j.org/codes.html#noProviders for further details.
3032500.647 ops/s
Iteration   1: 3741768.428 ops/s
Iteration   2: 3869477.510 ops/s
Iteration   3: 3774212.817 ops/s


Result "org.hestiastore.benchmark.segmentindex.SegmentIndexMultiSegmentGetBenchmark.getMissSync":
  3795152.918 ±(99.9%) 1211013.344 ops/s [Average]
  (min, avg, max) = (3741768.428, 3795152.918, 3869477.510), stdev = 66379.728
  CI (99.9%): [2584139.575, 5006166.262] (assumes normal distribution)


# Run complete. Total time: 00:02:57

REMEMBER: The numbers below are just data. To gain reusable insights, you need to follow up on
why the numbers are the way they are. Use profilers (see -prof, -lprof), design factorial
experiments, perform baseline and negative tests that provide experimental control, make sure
the benchmarking environment is safe on JVM/OS/HW level, ask for reviews from the domain experts.
Do not assume the numbers tell you what you want them to tell.

NOTE: Current JVM experimentally supports Compiler Blackholes, and they are in use. Please exercise
extra caution when trusting the results, look into the generated code to check the benchmark still
works, and factor in a small probability of new VM bugs. Additionally, while comparisons between
different JVMs are already problematic, the performance difference caused by different Blackhole
modes can be very significant. Please make sure you use the consistent Blackhole mode for comparisons.

Benchmark                                              (keyCount)  (maxKeysInSegment)  (maxSegmentsInCache)  (snappy)  (valueLength)  (workingSetMode)   Mode  Cnt        Score         Error  Units
SegmentIndexMultiSegmentGetBenchmark.getHitAsyncJoin        32768                1024                     3      true             64               hot  thrpt    3       92.892 ±     129.337  ops/s
SegmentIndexMultiSegmentGetBenchmark.getHitSync             32768                1024                     3      true             64               hot  thrpt    3       92.177 ±      79.873  ops/s
SegmentIndexMultiSegmentGetBenchmark.getMissAsyncJoin       32768                1024                     3      true             64               hot  thrpt    3   165098.087 ±    4593.593  ops/s
SegmentIndexMultiSegmentGetBenchmark.getMissSync            32768                1024                     3      true             64               hot  thrpt    3  3795152.918 ± 1211013.344  ops/s

Benchmark result is saved to /home/runner/work/_temp/benchmark-results/candidate/reruns/run-3/raw/segment-index-get-multisegment-hot.json
