# JMH version: 1.37
# VM version: JDK 21.0.10, OpenJDK 64-Bit Server VM, 21.0.10+7-LTS
# VM invoker: /usr/lib/jvm/temurin-21-jdk-amd64/bin/java
# VM options: <none>
# Blackhole mode: compiler (auto-detected, use -Djmh.blackhole.autoDetect=false to disable)
# Warmup: 2 iterations, 2 s each
# Measurement: 5 iterations, 2 s each
# Timeout: 10 min per iteration
# Threads: 4 threads, will synchronize iterations
# Benchmark mode: Throughput, ops/time
# Benchmark: org.hestiastore.benchmark.segmentindex.SegmentIndexGetBenchmark.getHitAsyncJoin
# Parameters: (keyCount = 12000, maxKeysInChunk = 256, readPathMode = overlay, snappy = true, valueLength = 64)

# Run progress: 0.00% complete, ETA 00:00:56
# Fork: 1 of 1
# Warmup Iteration   1: SLF4J(W): No SLF4J providers were found.
SLF4J(W): Defaulting to no-operation (NOP) logger implementation
SLF4J(W): See https://www.slf4j.org/codes.html#noProviders for further details.
162052.826 ops/s
# Warmup Iteration   2: 177030.659 ops/s
Iteration   1: 178316.761 ops/s
Iteration   2: 179380.072 ops/s
Iteration   3: 179524.289 ops/s
Iteration   4: 179236.993 ops/s
Iteration   5: 178663.643 ops/s


Result "org.hestiastore.benchmark.segmentindex.SegmentIndexGetBenchmark.getHitAsyncJoin":
  179024.352 ±(99.9%) 1975.203 ops/s [Average]
  (min, avg, max) = (178316.761, 179024.352, 179524.289), stdev = 512.954
  CI (99.9%): [177049.148, 180999.555] (assumes normal distribution)


# JMH version: 1.37
# VM version: JDK 21.0.10, OpenJDK 64-Bit Server VM, 21.0.10+7-LTS
# VM invoker: /usr/lib/jvm/temurin-21-jdk-amd64/bin/java
# VM options: <none>
# Blackhole mode: compiler (auto-detected, use -Djmh.blackhole.autoDetect=false to disable)
# Warmup: 2 iterations, 2 s each
# Measurement: 5 iterations, 2 s each
# Timeout: 10 min per iteration
# Threads: 4 threads, will synchronize iterations
# Benchmark mode: Throughput, ops/time
# Benchmark: org.hestiastore.benchmark.segmentindex.SegmentIndexGetBenchmark.getHitSync
# Parameters: (keyCount = 12000, maxKeysInChunk = 256, readPathMode = overlay, snappy = true, valueLength = 64)

# Run progress: 25.00% complete, ETA 00:00:47
# Fork: 1 of 1
# Warmup Iteration   1: SLF4J(W): No SLF4J providers were found.
SLF4J(W): Defaulting to no-operation (NOP) logger implementation
SLF4J(W): See https://www.slf4j.org/codes.html#noProviders for further details.
3579355.641 ops/s
# Warmup Iteration   2: 4052815.128 ops/s
Iteration   1: 3657159.179 ops/s
Iteration   2: 3653470.145 ops/s
Iteration   3: 3637748.190 ops/s
Iteration   4: 3648585.484 ops/s
Iteration   5: 3606554.847 ops/s


Result "org.hestiastore.benchmark.segmentindex.SegmentIndexGetBenchmark.getHitSync":
  3640703.569 ±(99.9%) 78697.560 ops/s [Average]
  (min, avg, max) = (3606554.847, 3640703.569, 3657159.179), stdev = 20437.506
  CI (99.9%): [3562006.009, 3719401.129] (assumes normal distribution)


# JMH version: 1.37
# VM version: JDK 21.0.10, OpenJDK 64-Bit Server VM, 21.0.10+7-LTS
# VM invoker: /usr/lib/jvm/temurin-21-jdk-amd64/bin/java
# VM options: <none>
# Blackhole mode: compiler (auto-detected, use -Djmh.blackhole.autoDetect=false to disable)
# Warmup: 2 iterations, 2 s each
# Measurement: 5 iterations, 2 s each
# Timeout: 10 min per iteration
# Threads: 4 threads, will synchronize iterations
# Benchmark mode: Throughput, ops/time
# Benchmark: org.hestiastore.benchmark.segmentindex.SegmentIndexGetBenchmark.getMissAsyncJoin
# Parameters: (keyCount = 12000, maxKeysInChunk = 256, readPathMode = overlay, snappy = true, valueLength = 64)

# Run progress: 50.00% complete, ETA 00:00:31
# Fork: 1 of 1
# Warmup Iteration   1: SLF4J(W): No SLF4J providers were found.
SLF4J(W): Defaulting to no-operation (NOP) logger implementation
SLF4J(W): See https://www.slf4j.org/codes.html#noProviders for further details.
153717.891 ops/s
# Warmup Iteration   2: 179437.983 ops/s
Iteration   1: 180611.235 ops/s
Iteration   2: 180457.640 ops/s
Iteration   3: 180193.255 ops/s
Iteration   4: 179253.755 ops/s
Iteration   5: 179121.554 ops/s


Result "org.hestiastore.benchmark.segmentindex.SegmentIndexGetBenchmark.getMissAsyncJoin":
  179927.488 ±(99.9%) 2669.644 ops/s [Average]
  (min, avg, max) = (179121.554, 179927.488, 180611.235), stdev = 693.298
  CI (99.9%): [177257.844, 182597.132] (assumes normal distribution)


# JMH version: 1.37
# VM version: JDK 21.0.10, OpenJDK 64-Bit Server VM, 21.0.10+7-LTS
# VM invoker: /usr/lib/jvm/temurin-21-jdk-amd64/bin/java
# VM options: <none>
# Blackhole mode: compiler (auto-detected, use -Djmh.blackhole.autoDetect=false to disable)
# Warmup: 2 iterations, 2 s each
# Measurement: 5 iterations, 2 s each
# Timeout: 10 min per iteration
# Threads: 4 threads, will synchronize iterations
# Benchmark mode: Throughput, ops/time
# Benchmark: org.hestiastore.benchmark.segmentindex.SegmentIndexGetBenchmark.getMissSync
# Parameters: (keyCount = 12000, maxKeysInChunk = 256, readPathMode = overlay, snappy = true, valueLength = 64)

# Run progress: 75.00% complete, ETA 00:00:15
# Fork: 1 of 1
# Warmup Iteration   1: SLF4J(W): No SLF4J providers were found.
SLF4J(W): Defaulting to no-operation (NOP) logger implementation
SLF4J(W): See https://www.slf4j.org/codes.html#noProviders for further details.
3387957.111 ops/s
# Warmup Iteration   2: 3927141.796 ops/s
Iteration   1: 4148292.458 ops/s
Iteration   2: 4196769.471 ops/s
Iteration   3: 4236008.742 ops/s
Iteration   4: 4228259.950 ops/s
Iteration   5: 4225871.729 ops/s


Result "org.hestiastore.benchmark.segmentindex.SegmentIndexGetBenchmark.getMissSync":
  4207040.470 ±(99.9%) 138848.498 ops/s [Average]
  (min, avg, max) = (4148292.458, 4207040.470, 4236008.742), stdev = 36058.514
  CI (99.9%): [4068191.972, 4345888.968] (assumes normal distribution)


# Run complete. Total time: 00:01:03

REMEMBER: The numbers below are just data. To gain reusable insights, you need to follow up on
why the numbers are the way they are. Use profilers (see -prof, -lprof), design factorial
experiments, perform baseline and negative tests that provide experimental control, make sure
the benchmarking environment is safe on JVM/OS/HW level, ask for reviews from the domain experts.
Do not assume the numbers tell you what you want them to tell.

NOTE: Current JVM experimentally supports Compiler Blackholes, and they are in use. Please exercise
extra caution when trusting the results, look into the generated code to check the benchmark still
works, and factor in a small probability of new VM bugs. Additionally, while comparisons between
different JVMs are already problematic, the performance difference caused by different Blackhole
modes can be very significant. Please make sure you use the consistent Blackhole mode for comparisons.

Benchmark                                  (keyCount)  (maxKeysInChunk)  (readPathMode)  (snappy)  (valueLength)   Mode  Cnt        Score        Error  Units
SegmentIndexGetBenchmark.getHitAsyncJoin        12000               256         overlay      true             64  thrpt    5   179024.352 ±   1975.203  ops/s
SegmentIndexGetBenchmark.getHitSync             12000               256         overlay      true             64  thrpt    5  3640703.569 ±  78697.560  ops/s
SegmentIndexGetBenchmark.getMissAsyncJoin       12000               256         overlay      true             64  thrpt    5   179927.488 ±   2669.644  ops/s
SegmentIndexGetBenchmark.getMissSync            12000               256         overlay      true             64  thrpt    5  4207040.470 ± 138848.498  ops/s

Benchmark result is saved to /home/runner/work/_temp/benchmark-results/candidate/raw/segment-index-get-overlay.json
